[0.104s] Invoking command in '/home/levi/tut_interface/build/cpp04_param': CMAKE_PREFIX_PATH=${CMAKE_PREFIX_PATH}:/opt/ros/humble /usr/bin/cmake --build /home/levi/tut_interface/build/cpp04_param -- -j6 -l6
[0.438s] [35m[1mConsolidate compiler generated dependencies of target demo01_param_server[0m
[0.444s] [35m[1mConsolidate compiler generated dependencies of target demo02_param_client[0m
[0.612s] [ 33%] Built target demo00_param
[0.635s] [ 66%] Built target demo01_param_server
[0.650s] [ 83%] [32mBuilding CXX object CMakeFiles/demo02_param_client.dir/src/demo02_param_client.cpp.o[0m
[11.386s] In file included from [01m[K/opt/ros/humble/include/rclcpp/rclcpp/logging.hpp:24[m[K,
[11.386s]                  from [01m[K/opt/ros/humble/include/rclcpp/rclcpp/client.hpp:40[m[K,
[11.387s]                  from [01m[K/opt/ros/humble/include/rclcpp/rclcpp/callback_group.hpp:24[m[K,
[11.387s]                  from [01m[K/opt/ros/humble/include/rclcpp/rclcpp/any_executable.hpp:20[m[K,
[11.388s]                  from [01m[K/opt/ros/humble/include/rclcpp/rclcpp/memory_strategy.hpp:25[m[K,
[11.388s]                  from [01m[K/opt/ros/humble/include/rclcpp/rclcpp/memory_strategies.hpp:18[m[K,
[11.388s]                  from [01m[K/opt/ros/humble/include/rclcpp/rclcpp/executor_options.hpp:20[m[K,
[11.388s]                  from [01m[K/opt/ros/humble/include/rclcpp/rclcpp/executor.hpp:37[m[K,
[11.389s]                  from [01m[K/opt/ros/humble/include/rclcpp/rclcpp/executors/multi_threaded_executor.hpp:25[m[K,
[11.389s]                  from [01m[K/opt/ros/humble/include/rclcpp/rclcpp/executors.hpp:21[m[K,
[11.389s]                  from [01m[K/opt/ros/humble/include/rclcpp/rclcpp/rclcpp.hpp:155[m[K,
[11.390s]                  from [01m[K/home/levi/tut_interface/src/cpp04_param/src/demo02_param_client.cpp:1[m[K:
[11.390s] [01m[K/home/levi/tut_interface/src/cpp04_param/src/demo02_param_client.cpp:[m[K In member function ‘[01m[Kvoid MinimalParamClient::get_param()[m[K’:
[11.390s] [01m[K/home/levi/tut_interface/src/cpp04_param/src/demo02_param_client.cpp:25:41:[m[K [01;35m[Kwarning: [m[Kformat ‘[01m[K%d[m[K’ expects argument of type ‘[01m[Kint[m[K’, but argument 5 has type ‘[01m[Kdouble[m[K’ [[01;35m[K]8;;https://gcc.gnu.org/onlinedocs/gcc/Warning-Options.html#index-Wformat=-Wformat=]8;;[m[K]
[11.390s]    25 |         RCLCPP_INFO(this->get_logger(), [01;35m[K"car wieght is %d"[m[K,[32m[Kweight[m[K);
[11.391s]       |                                         [01;35m[K^~~~~~~~~~~~~~~~~~[m[K [32m[K~~~~~~[m[K
[11.391s]       |                                                            [32m[K|[m[K
[11.391s]       |                                                            [32m[Kdouble[m[K
[11.391s] [01m[K/home/levi/tut_interface/src/cpp04_param/src/demo02_param_client.cpp:25:57:[m[K [01;36m[Knote: [m[Kformat string is defined here
[11.392s]    25 |         RCLCPP_INFO(this->get_logger(), "car wieght is [01;36m[K%d[m[K",weight);
[11.392s]       |                                                        [01;36m[K~^[m[K
[11.393s]       |                                                         [01;36m[K|[m[K
[11.393s]       |                                                         [01;36m[Kint[m[K
[11.395s]       |                                                        [32m[K%f[m[K
[13.713s] [100%] [32m[1mLinking CXX executable demo02_param_client[0m
[14.564s] [100%] Built target demo02_param_client
[14.672s] Invoked command in '/home/levi/tut_interface/build/cpp04_param' returned '0': CMAKE_PREFIX_PATH=${CMAKE_PREFIX_PATH}:/opt/ros/humble /usr/bin/cmake --build /home/levi/tut_interface/build/cpp04_param -- -j6 -l6
[15.173s] Invoking command in '/home/levi/tut_interface/build/cpp04_param': CMAKE_PREFIX_PATH=${CMAKE_PREFIX_PATH}:/opt/ros/humble /usr/bin/cmake --install /home/levi/tut_interface/build/cpp04_param
[15.240s] -- Install configuration: ""
[15.246s] -- Up-to-date: /home/levi/tut_interface/install/cpp04_param/lib/cpp04_param/demo00_param
[15.256s] -- Up-to-date: /home/levi/tut_interface/install/cpp04_param/lib/cpp04_param/demo01_param_server
[15.266s] -- Installing: /home/levi/tut_interface/install/cpp04_param/lib/cpp04_param/demo02_param_client
[15.282s] -- Set runtime path of "/home/levi/tut_interface/install/cpp04_param/lib/cpp04_param/demo02_param_client" to ""
[15.283s] -- Up-to-date: /home/levi/tut_interface/install/cpp04_param/share/ament_index/resource_index/package_run_dependencies/cpp04_param
[15.286s] -- Up-to-date: /home/levi/tut_interface/install/cpp04_param/share/ament_index/resource_index/parent_prefix_path/cpp04_param
[15.286s] -- Up-to-date: /home/levi/tut_interface/install/cpp04_param/share/cpp04_param/environment/ament_prefix_path.sh
[15.288s] -- Up-to-date: /home/levi/tut_interface/install/cpp04_param/share/cpp04_param/environment/ament_prefix_path.dsv
[15.289s] -- Up-to-date: /home/levi/tut_interface/install/cpp04_param/share/cpp04_param/environment/path.sh
[15.290s] -- Up-to-date: /home/levi/tut_interface/install/cpp04_param/share/cpp04_param/environment/path.dsv
[15.290s] -- Up-to-date: /home/levi/tut_interface/install/cpp04_param/share/cpp04_param/local_setup.bash
[15.291s] -- Up-to-date: /home/levi/tut_interface/install/cpp04_param/share/cpp04_param/local_setup.sh
[15.292s] -- Up-to-date: /home/levi/tut_interface/install/cpp04_param/share/cpp04_param/local_setup.zsh
[15.301s] -- Up-to-date: /home/levi/tut_interface/install/cpp04_param/share/cpp04_param/local_setup.dsv
[15.302s] -- Installing: /home/levi/tut_interface/install/cpp04_param/share/cpp04_param/package.dsv
[15.303s] -- Up-to-date: /home/levi/tut_interface/install/cpp04_param/share/ament_index/resource_index/packages/cpp04_param
[15.305s] -- Up-to-date: /home/levi/tut_interface/install/cpp04_param/share/cpp04_param/cmake/cpp04_paramConfig.cmake
[15.306s] -- Up-to-date: /home/levi/tut_interface/install/cpp04_param/share/cpp04_param/cmake/cpp04_paramConfig-version.cmake
[15.306s] -- Up-to-date: /home/levi/tut_interface/install/cpp04_param/share/cpp04_param/package.xml
[15.306s] Invoked command in '/home/levi/tut_interface/build/cpp04_param' returned '0': CMAKE_PREFIX_PATH=${CMAKE_PREFIX_PATH}:/opt/ros/humble /usr/bin/cmake --install /home/levi/tut_interface/build/cpp04_param
