[0.135s] Invoking command in '/home/levi/tut_interface/build/cpp03_action': CMAKE_PREFIX_PATH=/home/levi/tut_interface/install/base_interfaces_demo:/home/levi/tut_interface/install/cpp03_action:/home/levi/tut_interface/install/cpp02_srv:/home/levi/tut_interface/install/cpp01_topic:/home/levi/tut_helloworld/install/helloworld_vscode_pkg:/home/levi/tut_helloworld/install/cpp_helloworld:/opt/ros/humble /usr/bin/cmake --build /home/levi/tut_interface/build/cpp03_action -- -j6 -l6
[0.590s] [ 50%] Built target demo01_action_server
[0.606s] [ 75%] [32mBuilding CXX object CMakeFiles/demo02_action_client.dir/src/demo02_action_client.cpp.o[0m
[17.493s] [32m[1mLinking CXX executable demo02_action_client[0m
[18.628s] Built target demo02_action_client
[18.712s] Invoked command in '/home/levi/tut_interface/build/cpp03_action' returned '0': CMAKE_PREFIX_PATH=/home/levi/tut_interface/install/base_interfaces_demo:/home/levi/tut_interface/install/cpp03_action:/home/levi/tut_interface/install/cpp02_srv:/home/levi/tut_interface/install/cpp01_topic:/home/levi/tut_helloworld/install/helloworld_vscode_pkg:/home/levi/tut_helloworld/install/cpp_helloworld:/opt/ros/humble /usr/bin/cmake --build /home/levi/tut_interface/build/cpp03_action -- -j6 -l6
[19.118s] Invoking command in '/home/levi/tut_interface/build/cpp03_action': CMAKE_PREFIX_PATH=/home/levi/tut_interface/install/base_interfaces_demo:/home/levi/tut_interface/install/cpp03_action:/home/levi/tut_interface/install/cpp02_srv:/home/levi/tut_interface/install/cpp01_topic:/home/levi/tut_helloworld/install/helloworld_vscode_pkg:/home/levi/tut_helloworld/install/cpp_helloworld:/opt/ros/humble /usr/bin/cmake --install /home/levi/tut_interface/build/cpp03_action
[19.195s] -- Install configuration: ""
[19.201s] -- Up-to-date: /home/levi/tut_interface/install/cpp03_action/lib/cpp03_action/demo01_action_server
[19.215s] -- Installing: /home/levi/tut_interface/install/cpp03_action/lib/cpp03_action/demo02_action_client
[19.229s] -- Set runtime path of "/home/levi/tut_interface/install/cpp03_action/lib/cpp03_action/demo02_action_client" to ""
[19.232s] -- Up-to-date: /home/levi/tut_interface/install/cpp03_action/share/ament_index/resource_index/package_run_dependencies/cpp03_action
[19.233s] -- Up-to-date: /home/levi/tut_interface/install/cpp03_action/share/ament_index/resource_index/parent_prefix_path/cpp03_action
[19.233s] -- Up-to-date: /home/levi/tut_interface/install/cpp03_action/share/cpp03_action/environment/ament_prefix_path.sh
[19.234s] -- Up-to-date: /home/levi/tut_interface/install/cpp03_action/share/cpp03_action/environment/ament_prefix_path.dsv
[19.235s] -- Up-to-date: /home/levi/tut_interface/install/cpp03_action/share/cpp03_action/environment/path.sh
[19.235s] -- Up-to-date: /home/levi/tut_interface/install/cpp03_action/share/cpp03_action/environment/path.dsv
[19.236s] -- Up-to-date: /home/levi/tut_interface/install/cpp03_action/share/cpp03_action/local_setup.bash
[19.236s] -- Up-to-date: /home/levi/tut_interface/install/cpp03_action/share/cpp03_action/local_setup.sh
[19.237s] -- Up-to-date: /home/levi/tut_interface/install/cpp03_action/share/cpp03_action/local_setup.zsh
[19.237s] -- Up-to-date: /home/levi/tut_interface/install/cpp03_action/share/cpp03_action/local_setup.dsv
[19.238s] -- Installing: /home/levi/tut_interface/install/cpp03_action/share/cpp03_action/package.dsv
[19.238s] -- Up-to-date: /home/levi/tut_interface/install/cpp03_action/share/ament_index/resource_index/packages/cpp03_action
[19.238s] -- Up-to-date: /home/levi/tut_interface/install/cpp03_action/share/cpp03_action/cmake/cpp03_actionConfig.cmake
[19.239s] -- Up-to-date: /home/levi/tut_interface/install/cpp03_action/share/cpp03_action/cmake/cpp03_actionConfig-version.cmake
[19.239s] -- Up-to-date: /home/levi/tut_interface/install/cpp03_action/share/cpp03_action/package.xml
[19.250s] Invoked command in '/home/levi/tut_interface/build/cpp03_action' returned '0': CMAKE_PREFIX_PATH=/home/levi/tut_interface/install/base_interfaces_demo:/home/levi/tut_interface/install/cpp03_action:/home/levi/tut_interface/install/cpp02_srv:/home/levi/tut_interface/install/cpp01_topic:/home/levi/tut_helloworld/install/helloworld_vscode_pkg:/home/levi/tut_helloworld/install/cpp_helloworld:/opt/ros/humble /usr/bin/cmake --install /home/levi/tut_interface/build/cpp03_action
