[1.400s] DEBUG:colcon:Command line arguments: ['/usr/bin/colcon', 'build', '--packages-select', 'topic_test']
[1.400s] DEBUG:colcon:Parsed command line arguments: Namespace(log_base=None, log_level=None, verb_name='build', build_base='build', install_base='install', merge_install=False, symlink_install=False, test_result_base=None, continue_on_error=False, executor='parallel', parallel_workers=6, event_handlers=None, ignore_user_meta=False, metas=['./colcon.meta'], base_paths=['.'], packages_ignore=None, packages_ignore_regex=None, paths=None, packages_up_to=None, packages_up_to_regex=None, packages_above=None, packages_above_and_dependencies=None, packages_above_depth=None, packages_select_by_dep=None, packages_skip_by_dep=None, packages_skip_up_to=None, packages_select_build_failed=False, packages_skip_build_finished=False, packages_select_test_failures=False, packages_skip_test_passed=False, packages_select=['topic_test'], packages_skip=None, packages_select_regex=None, packages_skip_regex=None, packages_start=None, packages_end=None, allow_overriding=[], cmake_args=None, cmake_target=None, cmake_target_skip_unavailable=False, cmake_clean_cache=False, cmake_clean_first=False, cmake_force_configure=False, ament_cmake_args=None, catkin_cmake_args=None, catkin_skip_building_tests=False, verb_parser=<colcon_defaults.argument_parser.defaults.DefaultArgumentsDecorator object at 0x7fb569c98a00>, verb_extension=<colcon_core.verb.build.BuildVerb object at 0x7fb56a44dba0>, main=<bound method BuildVerb.main of <colcon_core.verb.build.BuildVerb object at 0x7fb56a44dba0>>)
[1.507s] Level 1:colcon.colcon_core.package_discovery:discover_packages(colcon_meta) check parameters
[1.507s] Level 1:colcon.colcon_core.package_discovery:discover_packages(recursive) check parameters
[1.508s] Level 1:colcon.colcon_core.package_discovery:discover_packages(ignore) check parameters
[1.508s] Level 1:colcon.colcon_core.package_discovery:discover_packages(path) check parameters
[1.508s] Level 1:colcon.colcon_core.package_discovery:discover_packages(colcon_meta) discover
[1.508s] Level 1:colcon.colcon_core.package_discovery:discover_packages(recursive) discover
[1.508s] INFO:colcon.colcon_core.package_discovery:Crawling recursively for packages in '/home/levi/tut_interface'
[1.509s] Level 1:colcon.colcon_core.package_identification:_identify(.) by extensions ['ignore', 'ignore_ament_install']
[1.509s] Level 1:colcon.colcon_core.package_identification:_identify(.) by extension 'ignore'
[1.509s] Level 1:colcon.colcon_core.package_identification:_identify(.) by extension 'ignore_ament_install'
[1.510s] Level 1:colcon.colcon_core.package_identification:_identify(.) by extensions ['colcon_pkg']
[1.510s] Level 1:colcon.colcon_core.package_identification:_identify(.) by extension 'colcon_pkg'
[1.510s] Level 1:colcon.colcon_core.package_identification:_identify(.) by extensions ['colcon_meta']
[1.510s] Level 1:colcon.colcon_core.package_identification:_identify(.) by extension 'colcon_meta'
[1.510s] Level 1:colcon.colcon_core.package_identification:_identify(.) by extensions ['ros']
[1.510s] Level 1:colcon.colcon_core.package_identification:_identify(.) by extension 'ros'
[1.528s] Level 1:colcon.colcon_core.package_identification:_identify(.) by extensions ['cmake', 'python']
[1.528s] Level 1:colcon.colcon_core.package_identification:_identify(.) by extension 'cmake'
[1.528s] Level 1:colcon.colcon_core.package_identification:_identify(.) by extension 'python'
[1.528s] Level 1:colcon.colcon_core.package_identification:_identify(.) by extensions ['python_setup_py']
[1.528s] Level 1:colcon.colcon_core.package_identification:_identify(.) by extension 'python_setup_py'
[1.528s] Level 1:colcon.colcon_core.package_identification:_identify(build) by extensions ['ignore', 'ignore_ament_install']
[1.528s] Level 1:colcon.colcon_core.package_identification:_identify(build) by extension 'ignore'
[1.528s] Level 1:colcon.colcon_core.package_identification:_identify(build) ignored
[1.529s] Level 1:colcon.colcon_core.package_identification:_identify(install) by extensions ['ignore', 'ignore_ament_install']
[1.529s] Level 1:colcon.colcon_core.package_identification:_identify(install) by extension 'ignore'
[1.529s] Level 1:colcon.colcon_core.package_identification:_identify(install) ignored
[1.529s] Level 1:colcon.colcon_core.package_identification:_identify(log) by extensions ['ignore', 'ignore_ament_install']
[1.529s] Level 1:colcon.colcon_core.package_identification:_identify(log) by extension 'ignore'
[1.529s] Level 1:colcon.colcon_core.package_identification:_identify(log) ignored
[1.530s] Level 1:colcon.colcon_core.package_identification:_identify(src) by extensions ['ignore', 'ignore_ament_install']
[1.530s] Level 1:colcon.colcon_core.package_identification:_identify(src) by extension 'ignore'
[1.530s] Level 1:colcon.colcon_core.package_identification:_identify(src) by extension 'ignore_ament_install'
[1.530s] Level 1:colcon.colcon_core.package_identification:_identify(src) by extensions ['colcon_pkg']
[1.530s] Level 1:colcon.colcon_core.package_identification:_identify(src) by extension 'colcon_pkg'
[1.530s] Level 1:colcon.colcon_core.package_identification:_identify(src) by extensions ['colcon_meta']
[1.530s] Level 1:colcon.colcon_core.package_identification:_identify(src) by extension 'colcon_meta'
[1.530s] Level 1:colcon.colcon_core.package_identification:_identify(src) by extensions ['ros']
[1.530s] Level 1:colcon.colcon_core.package_identification:_identify(src) by extension 'ros'
[1.530s] Level 1:colcon.colcon_core.package_identification:_identify(src) by extensions ['cmake', 'python']
[1.530s] Level 1:colcon.colcon_core.package_identification:_identify(src) by extension 'cmake'
[1.530s] Level 1:colcon.colcon_core.package_identification:_identify(src) by extension 'python'
[1.531s] Level 1:colcon.colcon_core.package_identification:_identify(src) by extensions ['python_setup_py']
[1.531s] Level 1:colcon.colcon_core.package_identification:_identify(src) by extension 'python_setup_py'
[1.531s] Level 1:colcon.colcon_core.package_identification:_identify(src/base_interfaces_demo) by extensions ['ignore', 'ignore_ament_install']
[1.531s] Level 1:colcon.colcon_core.package_identification:_identify(src/base_interfaces_demo) by extension 'ignore'
[1.531s] Level 1:colcon.colcon_core.package_identification:_identify(src/base_interfaces_demo) by extension 'ignore_ament_install'
[1.531s] Level 1:colcon.colcon_core.package_identification:_identify(src/base_interfaces_demo) by extensions ['colcon_pkg']
[1.531s] Level 1:colcon.colcon_core.package_identification:_identify(src/base_interfaces_demo) by extension 'colcon_pkg'
[1.531s] Level 1:colcon.colcon_core.package_identification:_identify(src/base_interfaces_demo) by extensions ['colcon_meta']
[1.531s] Level 1:colcon.colcon_core.package_identification:_identify(src/base_interfaces_demo) by extension 'colcon_meta'
[1.531s] Level 1:colcon.colcon_core.package_identification:_identify(src/base_interfaces_demo) by extensions ['ros']
[1.531s] Level 1:colcon.colcon_core.package_identification:_identify(src/base_interfaces_demo) by extension 'ros'
[1.535s] DEBUG:colcon.colcon_core.package_identification:Package 'src/base_interfaces_demo' with type 'ros.ament_cmake' and name 'base_interfaces_demo'
[1.535s] Level 1:colcon.colcon_core.package_identification:_identify(src/cpp01_topic) by extensions ['ignore', 'ignore_ament_install']
[1.535s] Level 1:colcon.colcon_core.package_identification:_identify(src/cpp01_topic) by extension 'ignore'
[1.536s] Level 1:colcon.colcon_core.package_identification:_identify(src/cpp01_topic) by extension 'ignore_ament_install'
[1.536s] Level 1:colcon.colcon_core.package_identification:_identify(src/cpp01_topic) by extensions ['colcon_pkg']
[1.536s] Level 1:colcon.colcon_core.package_identification:_identify(src/cpp01_topic) by extension 'colcon_pkg'
[1.536s] Level 1:colcon.colcon_core.package_identification:_identify(src/cpp01_topic) by extensions ['colcon_meta']
[1.536s] Level 1:colcon.colcon_core.package_identification:_identify(src/cpp01_topic) by extension 'colcon_meta'
[1.536s] Level 1:colcon.colcon_core.package_identification:_identify(src/cpp01_topic) by extensions ['ros']
[1.536s] Level 1:colcon.colcon_core.package_identification:_identify(src/cpp01_topic) by extension 'ros'
[1.537s] DEBUG:colcon.colcon_core.package_identification:Package 'src/cpp01_topic' with type 'ros.ament_cmake' and name 'cpp01_topic'
[1.537s] Level 1:colcon.colcon_core.package_identification:_identify(src/cpp02_srv) by extensions ['ignore', 'ignore_ament_install']
[1.537s] Level 1:colcon.colcon_core.package_identification:_identify(src/cpp02_srv) by extension 'ignore'
[1.537s] Level 1:colcon.colcon_core.package_identification:_identify(src/cpp02_srv) by extension 'ignore_ament_install'
[1.537s] Level 1:colcon.colcon_core.package_identification:_identify(src/cpp02_srv) by extensions ['colcon_pkg']
[1.537s] Level 1:colcon.colcon_core.package_identification:_identify(src/cpp02_srv) by extension 'colcon_pkg'
[1.537s] Level 1:colcon.colcon_core.package_identification:_identify(src/cpp02_srv) by extensions ['colcon_meta']
[1.538s] Level 1:colcon.colcon_core.package_identification:_identify(src/cpp02_srv) by extension 'colcon_meta'
[1.538s] Level 1:colcon.colcon_core.package_identification:_identify(src/cpp02_srv) by extensions ['ros']
[1.538s] Level 1:colcon.colcon_core.package_identification:_identify(src/cpp02_srv) by extension 'ros'
[1.539s] DEBUG:colcon.colcon_core.package_identification:Package 'src/cpp02_srv' with type 'ros.ament_cmake' and name 'cpp02_srv'
[1.539s] Level 1:colcon.colcon_core.package_identification:_identify(src/cpp03_action) by extensions ['ignore', 'ignore_ament_install']
[1.539s] Level 1:colcon.colcon_core.package_identification:_identify(src/cpp03_action) by extension 'ignore'
[1.540s] Level 1:colcon.colcon_core.package_identification:_identify(src/cpp03_action) by extension 'ignore_ament_install'
[1.540s] Level 1:colcon.colcon_core.package_identification:_identify(src/cpp03_action) by extensions ['colcon_pkg']
[1.540s] Level 1:colcon.colcon_core.package_identification:_identify(src/cpp03_action) by extension 'colcon_pkg'
[1.540s] Level 1:colcon.colcon_core.package_identification:_identify(src/cpp03_action) by extensions ['colcon_meta']
[1.541s] Level 1:colcon.colcon_core.package_identification:_identify(src/cpp03_action) by extension 'colcon_meta'
[1.541s] Level 1:colcon.colcon_core.package_identification:_identify(src/cpp03_action) by extensions ['ros']
[1.541s] Level 1:colcon.colcon_core.package_identification:_identify(src/cpp03_action) by extension 'ros'
[1.544s] DEBUG:colcon.colcon_core.package_identification:Package 'src/cpp03_action' with type 'ros.ament_cmake' and name 'cpp03_action'
[1.545s] Level 1:colcon.colcon_core.package_identification:_identify(src/cpp04_param) by extensions ['ignore', 'ignore_ament_install']
[1.545s] Level 1:colcon.colcon_core.package_identification:_identify(src/cpp04_param) by extension 'ignore'
[1.546s] Level 1:colcon.colcon_core.package_identification:_identify(src/cpp04_param) by extension 'ignore_ament_install'
[1.546s] Level 1:colcon.colcon_core.package_identification:_identify(src/cpp04_param) by extensions ['colcon_pkg']
[1.546s] Level 1:colcon.colcon_core.package_identification:_identify(src/cpp04_param) by extension 'colcon_pkg'
[1.547s] Level 1:colcon.colcon_core.package_identification:_identify(src/cpp04_param) by extensions ['colcon_meta']
[1.547s] Level 1:colcon.colcon_core.package_identification:_identify(src/cpp04_param) by extension 'colcon_meta'
[1.547s] Level 1:colcon.colcon_core.package_identification:_identify(src/cpp04_param) by extensions ['ros']
[1.548s] Level 1:colcon.colcon_core.package_identification:_identify(src/cpp04_param) by extension 'ros'
[1.550s] DEBUG:colcon.colcon_core.package_identification:Package 'src/cpp04_param' with type 'ros.ament_cmake' and name 'cpp04_param'
[1.551s] Level 1:colcon.colcon_core.package_identification:_identify(src/meta_pkg) by extensions ['ignore', 'ignore_ament_install']
[1.551s] Level 1:colcon.colcon_core.package_identification:_identify(src/meta_pkg) by extension 'ignore'
[1.552s] Level 1:colcon.colcon_core.package_identification:_identify(src/meta_pkg) by extension 'ignore_ament_install'
[1.552s] Level 1:colcon.colcon_core.package_identification:_identify(src/meta_pkg) by extensions ['colcon_pkg']
[1.552s] Level 1:colcon.colcon_core.package_identification:_identify(src/meta_pkg) by extension 'colcon_pkg'
[1.553s] Level 1:colcon.colcon_core.package_identification:_identify(src/meta_pkg) by extensions ['colcon_meta']
[1.553s] Level 1:colcon.colcon_core.package_identification:_identify(src/meta_pkg) by extension 'colcon_meta'
[1.553s] Level 1:colcon.colcon_core.package_identification:_identify(src/meta_pkg) by extensions ['ros']
[1.553s] Level 1:colcon.colcon_core.package_identification:_identify(src/meta_pkg) by extension 'ros'
[1.555s] DEBUG:colcon.colcon_core.package_identification:Package 'src/meta_pkg' with type 'ros.ament_cmake' and name 'meta_pkg'
[1.556s] Level 1:colcon.colcon_core.package_identification:_identify(src/topic_test) by extensions ['ignore', 'ignore_ament_install']
[1.557s] Level 1:colcon.colcon_core.package_identification:_identify(src/topic_test) by extension 'ignore'
[1.557s] Level 1:colcon.colcon_core.package_identification:_identify(src/topic_test) by extension 'ignore_ament_install'
[1.558s] Level 1:colcon.colcon_core.package_identification:_identify(src/topic_test) by extensions ['colcon_pkg']
[1.558s] Level 1:colcon.colcon_core.package_identification:_identify(src/topic_test) by extension 'colcon_pkg'
[1.558s] Level 1:colcon.colcon_core.package_identification:_identify(src/topic_test) by extensions ['colcon_meta']
[1.558s] Level 1:colcon.colcon_core.package_identification:_identify(src/topic_test) by extension 'colcon_meta'
[1.558s] Level 1:colcon.colcon_core.package_identification:_identify(src/topic_test) by extensions ['ros']
[1.558s] Level 1:colcon.colcon_core.package_identification:_identify(src/topic_test) by extension 'ros'
[1.559s] DEBUG:colcon.colcon_core.package_identification:Package 'src/topic_test' with type 'ros.ament_cmake' and name 'topic_test'
[1.560s] Level 1:colcon.colcon_core.package_discovery:discover_packages(recursive) using defaults
[1.560s] Level 1:colcon.colcon_core.package_discovery:discover_packages(ignore) discover
[1.560s] Level 1:colcon.colcon_core.package_discovery:discover_packages(ignore) using defaults
[1.560s] Level 1:colcon.colcon_core.package_discovery:discover_packages(path) discover
[1.560s] Level 1:colcon.colcon_core.package_discovery:discover_packages(path) using defaults
[1.648s] INFO:colcon.colcon_core.package_selection:Skipping not selected package 'base_interfaces_demo' in 'src/base_interfaces_demo'
[1.649s] INFO:colcon.colcon_core.package_selection:Skipping not selected package 'cpp04_param' in 'src/cpp04_param'
[1.649s] INFO:colcon.colcon_core.package_selection:Skipping not selected package 'cpp01_topic' in 'src/cpp01_topic'
[1.649s] INFO:colcon.colcon_core.package_selection:Skipping not selected package 'cpp02_srv' in 'src/cpp02_srv'
[1.649s] INFO:colcon.colcon_core.package_selection:Skipping not selected package 'cpp03_action' in 'src/cpp03_action'
[1.649s] INFO:colcon.colcon_core.package_selection:Skipping not selected package 'meta_pkg' in 'src/meta_pkg'
[1.651s] Level 1:colcon.colcon_core.package_discovery:discover_packages(prefix_path) check parameters
[1.651s] Level 1:colcon.colcon_core.package_discovery:discover_packages(prefix_path) discover
[1.654s] WARNING:colcon.colcon_core.prefix_path.colcon:The path '/home/levi/tut_interface/src/install' in the environment variable COLCON_PREFIX_PATH doesn't exist
[1.654s] WARNING:colcon.colcon_ros.prefix_path.ament:The path '/home/levi/tut_interface/src/install/meta_pkg' in the environment variable AMENT_PREFIX_PATH doesn't exist
[1.655s] WARNING:colcon.colcon_ros.prefix_path.ament:The path '/home/levi/tut_interface/src/install/cpp04_param' in the environment variable AMENT_PREFIX_PATH doesn't exist
[1.655s] WARNING:colcon.colcon_ros.prefix_path.ament:The path '/home/levi/tut_interface/src/install/cpp03_action' in the environment variable AMENT_PREFIX_PATH doesn't exist
[1.655s] WARNING:colcon.colcon_ros.prefix_path.ament:The path '/home/levi/tut_interface/src/install/cpp02_srv' in the environment variable AMENT_PREFIX_PATH doesn't exist
[1.655s] WARNING:colcon.colcon_ros.prefix_path.ament:The path '/home/levi/tut_interface/src/install/cpp01_topic' in the environment variable AMENT_PREFIX_PATH doesn't exist
[1.656s] WARNING:colcon.colcon_ros.prefix_path.ament:The path '/home/levi/tut_interface/src/install/base_interfaces_demo' in the environment variable AMENT_PREFIX_PATH doesn't exist
[1.656s] WARNING:colcon.colcon_ros.prefix_path.catkin:The path '/home/levi/tut_interface/src/install/meta_pkg' in the environment variable CMAKE_PREFIX_PATH doesn't exist
[1.656s] WARNING:colcon.colcon_ros.prefix_path.catkin:The path '/home/levi/tut_interface/src/install/cpp04_param' in the environment variable CMAKE_PREFIX_PATH doesn't exist
[1.657s] WARNING:colcon.colcon_ros.prefix_path.catkin:The path '/home/levi/tut_interface/src/install/cpp03_action' in the environment variable CMAKE_PREFIX_PATH doesn't exist
[1.657s] WARNING:colcon.colcon_ros.prefix_path.catkin:The path '/home/levi/tut_interface/src/install/cpp02_srv' in the environment variable CMAKE_PREFIX_PATH doesn't exist
[1.657s] WARNING:colcon.colcon_ros.prefix_path.catkin:The path '/home/levi/tut_interface/src/install/cpp01_topic' in the environment variable CMAKE_PREFIX_PATH doesn't exist
[1.657s] WARNING:colcon.colcon_ros.prefix_path.catkin:The path '/home/levi/tut_interface/src/install/base_interfaces_demo' in the environment variable CMAKE_PREFIX_PATH doesn't exist
[1.668s] DEBUG:colcon.colcon_installed_package_information.package_discovery:Found 283 installed packages in /opt/ros/humble
[1.674s] Level 1:colcon.colcon_core.package_discovery:discover_packages(prefix_path) using defaults
[1.978s] Level 5:colcon.colcon_core.verb:set package 'topic_test' build argument 'cmake_args' from command line to 'None'
[1.978s] Level 5:colcon.colcon_core.verb:set package 'topic_test' build argument 'cmake_target' from command line to 'None'
[1.978s] Level 5:colcon.colcon_core.verb:set package 'topic_test' build argument 'cmake_target_skip_unavailable' from command line to 'False'
[1.978s] Level 5:colcon.colcon_core.verb:set package 'topic_test' build argument 'cmake_clean_cache' from command line to 'False'
[1.979s] Level 5:colcon.colcon_core.verb:set package 'topic_test' build argument 'cmake_clean_first' from command line to 'False'
[1.979s] Level 5:colcon.colcon_core.verb:set package 'topic_test' build argument 'cmake_force_configure' from command line to 'False'
[1.979s] Level 5:colcon.colcon_core.verb:set package 'topic_test' build argument 'ament_cmake_args' from command line to 'None'
[1.979s] Level 5:colcon.colcon_core.verb:set package 'topic_test' build argument 'catkin_cmake_args' from command line to 'None'
[1.980s] Level 5:colcon.colcon_core.verb:set package 'topic_test' build argument 'catkin_skip_building_tests' from command line to 'False'
[1.980s] DEBUG:colcon.colcon_core.verb:Building package 'topic_test' with the following arguments: {'ament_cmake_args': None, 'build_base': '/home/levi/tut_interface/build/topic_test', 'catkin_cmake_args': None, 'catkin_skip_building_tests': False, 'cmake_args': None, 'cmake_clean_cache': False, 'cmake_clean_first': False, 'cmake_force_configure': False, 'cmake_target': None, 'cmake_target_skip_unavailable': False, 'install_base': '/home/levi/tut_interface/install/topic_test', 'merge_install': False, 'path': '/home/levi/tut_interface/src/topic_test', 'symlink_install': False, 'test_result_base': None}
[1.982s] INFO:colcon.colcon_core.executor:Executing jobs using 'parallel' executor
[1.994s] DEBUG:colcon.colcon_parallel_executor.executor.parallel:run_until_complete
[1.996s] INFO:colcon.colcon_ros.task.ament_cmake.build:Building ROS package in '/home/levi/tut_interface/src/topic_test' with build type 'ament_cmake'
[1.996s] INFO:colcon.colcon_cmake.task.cmake.build:Building CMake package in '/home/levi/tut_interface/src/topic_test'
[2.022s] INFO:colcon.colcon_core.plugin_system:Skipping extension 'colcon_core.shell.bat': Not used on non-Windows systems
[2.022s] INFO:colcon.colcon_core.shell:Skip shell extension 'powershell' for command environment: Not usable outside of PowerShell
[2.022s] DEBUG:colcon.colcon_core.shell:Skip shell extension 'dsv' for command environment
[2.084s] DEBUG:colcon.colcon_core.event_handler.log_command:Invoking command in '/home/levi/tut_interface/build/topic_test': CMAKE_PREFIX_PATH=${CMAKE_PREFIX_PATH}:/opt/ros/humble /usr/bin/cmake --build /home/levi/tut_interface/build/topic_test -- -j6 -l6
[23.044s] DEBUG:colcon.colcon_core.event_handler.log_command:Invoked command in '/home/levi/tut_interface/build/topic_test' returned '0': CMAKE_PREFIX_PATH=${CMAKE_PREFIX_PATH}:/opt/ros/humble /usr/bin/cmake --build /home/levi/tut_interface/build/topic_test -- -j6 -l6
[23.430s] DEBUG:colcon.colcon_core.event_handler.log_command:Invoking command in '/home/levi/tut_interface/build/topic_test': CMAKE_PREFIX_PATH=${CMAKE_PREFIX_PATH}:/opt/ros/humble /usr/bin/cmake --install /home/levi/tut_interface/build/topic_test
[23.545s] Level 1:colcon.colcon_core.environment:create_environment_scripts_only(topic_test)
[23.555s] DEBUG:colcon.colcon_core.event_handler.log_command:Invoked command in '/home/levi/tut_interface/build/topic_test' returned '0': CMAKE_PREFIX_PATH=${CMAKE_PREFIX_PATH}:/opt/ros/humble /usr/bin/cmake --install /home/levi/tut_interface/build/topic_test
[23.568s] Level 1:colcon.colcon_core.environment:checking '/home/levi/tut_interface/install/topic_test' for CMake module files
[23.569s] Level 1:colcon.colcon_core.environment:checking '/home/levi/tut_interface/install/topic_test' for CMake config files
[23.569s] Level 1:colcon.colcon_core.shell:create_environment_hook('topic_test', 'cmake_prefix_path')
[23.570s] INFO:colcon.colcon_core.shell:Creating environment hook '/home/levi/tut_interface/install/topic_test/share/topic_test/hook/cmake_prefix_path.ps1'
[23.571s] INFO:colcon.colcon_core.shell:Creating environment descriptor '/home/levi/tut_interface/install/topic_test/share/topic_test/hook/cmake_prefix_path.dsv'
[23.573s] INFO:colcon.colcon_core.shell:Creating environment hook '/home/levi/tut_interface/install/topic_test/share/topic_test/hook/cmake_prefix_path.sh'
[23.577s] Level 1:colcon.colcon_core.environment:checking '/home/levi/tut_interface/install/topic_test/lib'
[23.578s] Level 1:colcon.colcon_core.environment:checking '/home/levi/tut_interface/install/topic_test/bin'
[23.579s] Level 1:colcon.colcon_core.environment:checking '/home/levi/tut_interface/install/topic_test/lib/pkgconfig/topic_test.pc'
[23.580s] Level 1:colcon.colcon_core.environment:checking '/home/levi/tut_interface/install/topic_test/lib/python3.10/site-packages'
[23.581s] Level 1:colcon.colcon_core.environment:checking '/home/levi/tut_interface/install/topic_test/bin'
[23.585s] INFO:colcon.colcon_core.shell:Creating package script '/home/levi/tut_interface/install/topic_test/share/topic_test/package.ps1'
[23.588s] INFO:colcon.colcon_core.shell:Creating package descriptor '/home/levi/tut_interface/install/topic_test/share/topic_test/package.dsv'
[23.589s] INFO:colcon.colcon_core.shell:Creating package script '/home/levi/tut_interface/install/topic_test/share/topic_test/package.sh'
[23.589s] INFO:colcon.colcon_core.shell:Creating package script '/home/levi/tut_interface/install/topic_test/share/topic_test/package.bash'
[23.590s] INFO:colcon.colcon_core.shell:Creating package script '/home/levi/tut_interface/install/topic_test/share/topic_test/package.zsh'
[23.591s] Level 1:colcon.colcon_core.environment:create_file_with_runtime_dependencies(/home/levi/tut_interface/install/topic_test/share/colcon-core/packages/topic_test)
[23.862s] Level 1:colcon.colcon_core.environment:create_environment_scripts_only(topic_test)
[23.867s] Level 1:colcon.colcon_core.environment:checking '/home/levi/tut_interface/install/topic_test' for CMake module files
[23.870s] Level 1:colcon.colcon_core.environment:checking '/home/levi/tut_interface/install/topic_test' for CMake config files
[23.871s] Level 1:colcon.colcon_core.shell:create_environment_hook('topic_test', 'cmake_prefix_path')
[23.872s] INFO:colcon.colcon_core.shell:Creating environment hook '/home/levi/tut_interface/install/topic_test/share/topic_test/hook/cmake_prefix_path.ps1'
[23.873s] INFO:colcon.colcon_core.shell:Creating environment descriptor '/home/levi/tut_interface/install/topic_test/share/topic_test/hook/cmake_prefix_path.dsv'
[23.876s] INFO:colcon.colcon_core.shell:Creating environment hook '/home/levi/tut_interface/install/topic_test/share/topic_test/hook/cmake_prefix_path.sh'
[23.879s] Level 1:colcon.colcon_core.environment:checking '/home/levi/tut_interface/install/topic_test/lib'
[23.880s] Level 1:colcon.colcon_core.environment:checking '/home/levi/tut_interface/install/topic_test/bin'
[23.880s] Level 1:colcon.colcon_core.environment:checking '/home/levi/tut_interface/install/topic_test/lib/pkgconfig/topic_test.pc'
[23.881s] Level 1:colcon.colcon_core.environment:checking '/home/levi/tut_interface/install/topic_test/lib/python3.10/site-packages'
[23.882s] Level 1:colcon.colcon_core.environment:checking '/home/levi/tut_interface/install/topic_test/bin'
[23.885s] INFO:colcon.colcon_core.shell:Creating package script '/home/levi/tut_interface/install/topic_test/share/topic_test/package.ps1'
[23.887s] INFO:colcon.colcon_core.shell:Creating package descriptor '/home/levi/tut_interface/install/topic_test/share/topic_test/package.dsv'
[23.887s] INFO:colcon.colcon_core.shell:Creating package script '/home/levi/tut_interface/install/topic_test/share/topic_test/package.sh'
[23.888s] INFO:colcon.colcon_core.shell:Creating package script '/home/levi/tut_interface/install/topic_test/share/topic_test/package.bash'
[23.889s] INFO:colcon.colcon_core.shell:Creating package script '/home/levi/tut_interface/install/topic_test/share/topic_test/package.zsh'
[23.889s] Level 1:colcon.colcon_core.environment:create_file_with_runtime_dependencies(/home/levi/tut_interface/install/topic_test/share/colcon-core/packages/topic_test)
[23.893s] DEBUG:colcon.colcon_parallel_executor.executor.parallel:closing loop
[23.895s] DEBUG:colcon.colcon_parallel_executor.executor.parallel:loop closed
[23.896s] DEBUG:colcon.colcon_parallel_executor.executor.parallel:run_until_complete finished with '0'
[23.896s] DEBUG:colcon.colcon_core.event_reactor:joining thread
[23.929s] INFO:colcon.colcon_core.plugin_system:Skipping extension 'colcon_notification.desktop_notification.terminal_notifier': Not used on non-Darwin systems
[23.930s] INFO:colcon.colcon_core.plugin_system:Skipping extension 'colcon_notification.desktop_notification.win32': Not used on non-Windows systems
[23.930s] INFO:colcon.colcon_notification.desktop_notification:Sending desktop notification using 'notify2'
[23.993s] DEBUG:colcon.colcon_core.event_reactor:joined thread
[23.995s] INFO:colcon.colcon_core.shell:Creating prefix script '/home/levi/tut_interface/install/local_setup.ps1'
[23.998s] INFO:colcon.colcon_core.shell:Creating prefix util module '/home/levi/tut_interface/install/_local_setup_util_ps1.py'
[24.002s] INFO:colcon.colcon_core.shell:Creating prefix chain script '/home/levi/tut_interface/install/setup.ps1'
[24.008s] INFO:colcon.colcon_core.shell:Creating prefix script '/home/levi/tut_interface/install/local_setup.sh'
[24.010s] INFO:colcon.colcon_core.shell:Creating prefix util module '/home/levi/tut_interface/install/_local_setup_util_sh.py'
[24.013s] INFO:colcon.colcon_core.shell:Creating prefix chain script '/home/levi/tut_interface/install/setup.sh'
[24.019s] INFO:colcon.colcon_core.shell:Creating prefix script '/home/levi/tut_interface/install/local_setup.bash'
[24.021s] INFO:colcon.colcon_core.shell:Creating prefix chain script '/home/levi/tut_interface/install/setup.bash'
[24.027s] INFO:colcon.colcon_core.shell:Creating prefix script '/home/levi/tut_interface/install/local_setup.zsh'
[24.030s] INFO:colcon.colcon_core.shell:Creating prefix chain script '/home/levi/tut_interface/install/setup.zsh'
