[0.121s] Invoking command in '/home/levi/tut_interface/build/cpp07_exercise': CMAKE_PREFIX_PATH=/home/levi/tut_interface/install/base_interfaces_demo:/home/levi/tut_interface/install/topic_test:/home/levi/tut_interface/install/meta_pkg:/home/levi/tut_interface/install/cpp07_exercise:/home/levi/tut_interface/install/cpp05_time:/home/levi/tut_interface/install/cpp04_param:/home/levi/tut_interface/install/cpp03_action:/home/levi/tut_interface/install/cpp02_srv:/home/levi/tut_interface/install/cpp01_topic:/opt/ros/humble /usr/bin/cmake --build /home/levi/tut_interface/build/cpp07_exercise -- -j6 -l6
[0.511s] [35m[1mConsolidate compiler generated dependencies of target exe01_pub_sub[0m
[0.650s] [ 50%] Built target basic_node
[0.828s] [ 75%] [32mBuilding CXX object CMakeFiles/exe01_pub_sub.dir/src/exe01_pub_sub.cpp.o[0m
[31.792s] [100%] [32m[1mLinking CXX executable exe01_pub_sub[0m
[34.451s] [100%] Built target exe01_pub_sub
[34.550s] Invoked command in '/home/levi/tut_interface/build/cpp07_exercise' returned '0': CMAKE_PREFIX_PATH=/home/levi/tut_interface/install/base_interfaces_demo:/home/levi/tut_interface/install/topic_test:/home/levi/tut_interface/install/meta_pkg:/home/levi/tut_interface/install/cpp07_exercise:/home/levi/tut_interface/install/cpp05_time:/home/levi/tut_interface/install/cpp04_param:/home/levi/tut_interface/install/cpp03_action:/home/levi/tut_interface/install/cpp02_srv:/home/levi/tut_interface/install/cpp01_topic:/opt/ros/humble /usr/bin/cmake --build /home/levi/tut_interface/build/cpp07_exercise -- -j6 -l6
[35.036s] Invoking command in '/home/levi/tut_interface/build/cpp07_exercise': CMAKE_PREFIX_PATH=/home/levi/tut_interface/install/base_interfaces_demo:/home/levi/tut_interface/install/topic_test:/home/levi/tut_interface/install/meta_pkg:/home/levi/tut_interface/install/cpp07_exercise:/home/levi/tut_interface/install/cpp05_time:/home/levi/tut_interface/install/cpp04_param:/home/levi/tut_interface/install/cpp03_action:/home/levi/tut_interface/install/cpp02_srv:/home/levi/tut_interface/install/cpp01_topic:/opt/ros/humble /usr/bin/cmake --install /home/levi/tut_interface/build/cpp07_exercise
[35.160s] -- Install configuration: ""
[35.160s] -- Up-to-date: /home/levi/tut_interface/install/cpp07_exercise/share/cpp07_exercise//launch
[35.161s] -- Installing: /home/levi/tut_interface/install/cpp07_exercise/share/cpp07_exercise//launch/exe01_pub_sub_launch.py
[35.177s] -- Up-to-date: /home/levi/tut_interface/install/cpp07_exercise/lib/cpp07_exercise/basic_node
[35.196s] -- Installing: /home/levi/tut_interface/install/cpp07_exercise/lib/cpp07_exercise/exe01_pub_sub
[35.282s] -- Set runtime path of "/home/levi/tut_interface/install/cpp07_exercise/lib/cpp07_exercise/exe01_pub_sub" to ""
[35.289s] -- Up-to-date: /home/levi/tut_interface/install/cpp07_exercise/share/ament_index/resource_index/package_run_dependencies/cpp07_exercise
[35.292s] -- Up-to-date: /home/levi/tut_interface/install/cpp07_exercise/share/ament_index/resource_index/parent_prefix_path/cpp07_exercise
[35.293s] -- Up-to-date: /home/levi/tut_interface/install/cpp07_exercise/share/cpp07_exercise/environment/ament_prefix_path.sh
[35.307s] -- Up-to-date: /home/levi/tut_interface/install/cpp07_exercise/share/cpp07_exercise/environment/ament_prefix_path.dsv
[35.308s] -- Up-to-date: /home/levi/tut_interface/install/cpp07_exercise/share/cpp07_exercise/environment/path.sh
[35.309s] -- Up-to-date: /home/levi/tut_interface/install/cpp07_exercise/share/cpp07_exercise/environment/path.dsv
[35.309s] -- Up-to-date: /home/levi/tut_interface/install/cpp07_exercise/share/cpp07_exercise/local_setup.bash
[35.309s] -- Up-to-date: /home/levi/tut_interface/install/cpp07_exercise/share/cpp07_exercise/local_setup.sh
[35.310s] -- Up-to-date: /home/levi/tut_interface/install/cpp07_exercise/share/cpp07_exercise/local_setup.zsh
[35.317s] -- Up-to-date: /home/levi/tut_interface/install/cpp07_exercise/share/cpp07_exercise/local_setup.dsv
[35.317s] -- Installing: /home/levi/tut_interface/install/cpp07_exercise/share/cpp07_exercise/package.dsv
[35.318s] -- Up-to-date: /home/levi/tut_interface/install/cpp07_exercise/share/ament_index/resource_index/packages/cpp07_exercise
[35.319s] -- Up-to-date: /home/levi/tut_interface/install/cpp07_exercise/share/cpp07_exercise/cmake/cpp07_exerciseConfig.cmake
[35.319s] -- Up-to-date: /home/levi/tut_interface/install/cpp07_exercise/share/cpp07_exercise/cmake/cpp07_exerciseConfig-version.cmake
[35.320s] -- Up-to-date: /home/levi/tut_interface/install/cpp07_exercise/share/cpp07_exercise/package.xml
[35.328s] Invoked command in '/home/levi/tut_interface/build/cpp07_exercise' returned '0': CMAKE_PREFIX_PATH=/home/levi/tut_interface/install/base_interfaces_demo:/home/levi/tut_interface/install/topic_test:/home/levi/tut_interface/install/meta_pkg:/home/levi/tut_interface/install/cpp07_exercise:/home/levi/tut_interface/install/cpp05_time:/home/levi/tut_interface/install/cpp04_param:/home/levi/tut_interface/install/cpp03_action:/home/levi/tut_interface/install/cpp02_srv:/home/levi/tut_interface/install/cpp01_topic:/opt/ros/humble /usr/bin/cmake --install /home/levi/tut_interface/build/cpp07_exercise
