[0.095s] Invoking command in '/home/levi/tut_interface/build/cpp02_srv': CMAKE_PREFIX_PATH=/home/levi/tut_interface/install/base_interfaces_demo:/home/levi/tut_interface/install/cpp02_srv:/home/levi/tut_interface/install/cpp01_topic:/opt/ros/humble /usr/bin/cmake --build /home/levi/tut_interface/build/cpp02_srv -- -j6 -l6
[0.427s] [35m[1mConsolidate compiler generated dependencies of target demo01_client[0m
[0.527s] [ 50%] Built target demo01_server
[0.586s] [100%] Built target demo01_client
[0.658s] Invoked command in '/home/levi/tut_interface/build/cpp02_srv' returned '0': CMAKE_PREFIX_PATH=/home/levi/tut_interface/install/base_interfaces_demo:/home/levi/tut_interface/install/cpp02_srv:/home/levi/tut_interface/install/cpp01_topic:/opt/ros/humble /usr/bin/cmake --build /home/levi/tut_interface/build/cpp02_srv -- -j6 -l6
[1.006s] Invoking command in '/home/levi/tut_interface/build/cpp02_srv': CMAKE_PREFIX_PATH=/home/levi/tut_interface/install/base_interfaces_demo:/home/levi/tut_interface/install/cpp02_srv:/home/levi/tut_interface/install/cpp01_topic:/opt/ros/humble /usr/bin/cmake --install /home/levi/tut_interface/build/cpp02_srv
[1.057s] -- Install configuration: ""
[1.060s] -- Up-to-date: /home/levi/tut_interface/install/cpp02_srv/lib/cpp02_srv/demo01_server
[1.066s] -- Up-to-date: /home/levi/tut_interface/install/cpp02_srv/lib/cpp02_srv/demo01_client
[1.069s] -- Up-to-date: /home/levi/tut_interface/install/cpp02_srv/share/ament_index/resource_index/package_run_dependencies/cpp02_srv
[1.069s] -- Up-to-date: /home/levi/tut_interface/install/cpp02_srv/share/ament_index/resource_index/parent_prefix_path/cpp02_srv
[1.070s] -- Up-to-date: /home/levi/tut_interface/install/cpp02_srv/share/cpp02_srv/environment/ament_prefix_path.sh
[1.070s] -- Up-to-date: /home/levi/tut_interface/install/cpp02_srv/share/cpp02_srv/environment/ament_prefix_path.dsv
[1.071s] -- Up-to-date: /home/levi/tut_interface/install/cpp02_srv/share/cpp02_srv/environment/path.sh
[1.071s] -- Up-to-date: /home/levi/tut_interface/install/cpp02_srv/share/cpp02_srv/environment/path.dsv
[1.071s] -- Up-to-date: /home/levi/tut_interface/install/cpp02_srv/share/cpp02_srv/local_setup.bash
[1.072s] -- Up-to-date: /home/levi/tut_interface/install/cpp02_srv/share/cpp02_srv/local_setup.sh
[1.072s] -- Up-to-date: /home/levi/tut_interface/install/cpp02_srv/share/cpp02_srv/local_setup.zsh
[1.073s] -- Up-to-date: /home/levi/tut_interface/install/cpp02_srv/share/cpp02_srv/local_setup.dsv
[1.075s] -- Installing: /home/levi/tut_interface/install/cpp02_srv/share/cpp02_srv/package.dsv
[1.076s] -- Up-to-date: /home/levi/tut_interface/install/cpp02_srv/share/ament_index/resource_index/packages/cpp02_srv
[1.077s] -- Up-to-date: /home/levi/tut_interface/install/cpp02_srv/share/cpp02_srv/cmake/cpp02_srvConfig.cmake
[1.078s] -- Up-to-date: /home/levi/tut_interface/install/cpp02_srv/share/cpp02_srv/cmake/cpp02_srvConfig-version.cmake
[1.079s] -- Up-to-date: /home/levi/tut_interface/install/cpp02_srv/share/cpp02_srv/package.xml
[1.085s] Invoked command in '/home/levi/tut_interface/build/cpp02_srv' returned '0': CMAKE_PREFIX_PATH=/home/levi/tut_interface/install/base_interfaces_demo:/home/levi/tut_interface/install/cpp02_srv:/home/levi/tut_interface/install/cpp01_topic:/opt/ros/humble /usr/bin/cmake --install /home/levi/tut_interface/build/cpp02_srv
