[1.485s] DEBUG:colcon:Command line arguments: ['/usr/bin/colcon', 'build', '--packages-select', 'cpp07_exercise']
[1.485s] DEBUG:colcon:Parsed command line arguments: Namespace(log_base=None, log_level=None, verb_name='build', build_base='build', install_base='install', merge_install=False, symlink_install=False, test_result_base=None, continue_on_error=False, executor='parallel', parallel_workers=6, event_handlers=None, ignore_user_meta=False, metas=['./colcon.meta'], base_paths=['.'], packages_ignore=None, packages_ignore_regex=None, paths=None, packages_up_to=None, packages_up_to_regex=None, packages_above=None, packages_above_and_dependencies=None, packages_above_depth=None, packages_select_by_dep=None, packages_skip_by_dep=None, packages_skip_up_to=None, packages_select_build_failed=False, packages_skip_build_finished=False, packages_select_test_failures=False, packages_skip_test_passed=False, packages_select=['cpp07_exercise'], packages_skip=None, packages_select_regex=None, packages_skip_regex=None, packages_start=None, packages_end=None, allow_overriding=[], cmake_args=None, cmake_target=None, cmake_target_skip_unavailable=False, cmake_clean_cache=False, cmake_clean_first=False, cmake_force_configure=False, ament_cmake_args=None, catkin_cmake_args=None, catkin_skip_building_tests=False, verb_parser=<colcon_defaults.argument_parser.defaults.DefaultArgumentsDecorator object at 0x7f73166da740>, verb_extension=<colcon_core.verb.build.BuildVerb object at 0x7f73167b9810>, main=<bound method BuildVerb.main of <colcon_core.verb.build.BuildVerb object at 0x7f73167b9810>>)
[1.623s] Level 1:colcon.colcon_core.package_discovery:discover_packages(colcon_meta) check parameters
[1.624s] Level 1:colcon.colcon_core.package_discovery:discover_packages(recursive) check parameters
[1.624s] Level 1:colcon.colcon_core.package_discovery:discover_packages(ignore) check parameters
[1.625s] Level 1:colcon.colcon_core.package_discovery:discover_packages(path) check parameters
[1.625s] Level 1:colcon.colcon_core.package_discovery:discover_packages(colcon_meta) discover
[1.625s] Level 1:colcon.colcon_core.package_discovery:discover_packages(recursive) discover
[1.625s] INFO:colcon.colcon_core.package_discovery:Crawling recursively for packages in '/home/levi/tut_interface'
[1.626s] Level 1:colcon.colcon_core.package_identification:_identify(.) by extensions ['ignore', 'ignore_ament_install']
[1.627s] Level 1:colcon.colcon_core.package_identification:_identify(.) by extension 'ignore'
[1.627s] Level 1:colcon.colcon_core.package_identification:_identify(.) by extension 'ignore_ament_install'
[1.628s] Level 1:colcon.colcon_core.package_identification:_identify(.) by extensions ['colcon_pkg']
[1.628s] Level 1:colcon.colcon_core.package_identification:_identify(.) by extension 'colcon_pkg'
[1.628s] Level 1:colcon.colcon_core.package_identification:_identify(.) by extensions ['colcon_meta']
[1.628s] Level 1:colcon.colcon_core.package_identification:_identify(.) by extension 'colcon_meta'
[1.628s] Level 1:colcon.colcon_core.package_identification:_identify(.) by extensions ['ros']
[1.629s] Level 1:colcon.colcon_core.package_identification:_identify(.) by extension 'ros'
[1.681s] Level 1:colcon.colcon_core.package_identification:_identify(.) by extensions ['cmake', 'python']
[1.681s] Level 1:colcon.colcon_core.package_identification:_identify(.) by extension 'cmake'
[1.681s] Level 1:colcon.colcon_core.package_identification:_identify(.) by extension 'python'
[1.681s] Level 1:colcon.colcon_core.package_identification:_identify(.) by extensions ['python_setup_py']
[1.681s] Level 1:colcon.colcon_core.package_identification:_identify(.) by extension 'python_setup_py'
[1.682s] Level 1:colcon.colcon_core.package_identification:_identify(build) by extensions ['ignore', 'ignore_ament_install']
[1.682s] Level 1:colcon.colcon_core.package_identification:_identify(build) by extension 'ignore'
[1.682s] Level 1:colcon.colcon_core.package_identification:_identify(build) ignored
[1.683s] Level 1:colcon.colcon_core.package_identification:_identify(install) by extensions ['ignore', 'ignore_ament_install']
[1.683s] Level 1:colcon.colcon_core.package_identification:_identify(install) by extension 'ignore'
[1.683s] Level 1:colcon.colcon_core.package_identification:_identify(install) ignored
[1.684s] Level 1:colcon.colcon_core.package_identification:_identify(log) by extensions ['ignore', 'ignore_ament_install']
[1.684s] Level 1:colcon.colcon_core.package_identification:_identify(log) by extension 'ignore'
[1.684s] Level 1:colcon.colcon_core.package_identification:_identify(log) ignored
[1.684s] Level 1:colcon.colcon_core.package_identification:_identify(src) by extensions ['ignore', 'ignore_ament_install']
[1.685s] Level 1:colcon.colcon_core.package_identification:_identify(src) by extension 'ignore'
[1.685s] Level 1:colcon.colcon_core.package_identification:_identify(src) by extension 'ignore_ament_install'
[1.685s] Level 1:colcon.colcon_core.package_identification:_identify(src) by extensions ['colcon_pkg']
[1.685s] Level 1:colcon.colcon_core.package_identification:_identify(src) by extension 'colcon_pkg'
[1.685s] Level 1:colcon.colcon_core.package_identification:_identify(src) by extensions ['colcon_meta']
[1.685s] Level 1:colcon.colcon_core.package_identification:_identify(src) by extension 'colcon_meta'
[1.686s] Level 1:colcon.colcon_core.package_identification:_identify(src) by extensions ['ros']
[1.686s] Level 1:colcon.colcon_core.package_identification:_identify(src) by extension 'ros'
[1.686s] Level 1:colcon.colcon_core.package_identification:_identify(src) by extensions ['cmake', 'python']
[1.687s] Level 1:colcon.colcon_core.package_identification:_identify(src) by extension 'cmake'
[1.687s] Level 1:colcon.colcon_core.package_identification:_identify(src) by extension 'python'
[1.687s] Level 1:colcon.colcon_core.package_identification:_identify(src) by extensions ['python_setup_py']
[1.688s] Level 1:colcon.colcon_core.package_identification:_identify(src) by extension 'python_setup_py'
[1.688s] Level 1:colcon.colcon_core.package_identification:_identify(src/base_interfaces_demo) by extensions ['ignore', 'ignore_ament_install']
[1.689s] Level 1:colcon.colcon_core.package_identification:_identify(src/base_interfaces_demo) by extension 'ignore'
[1.689s] Level 1:colcon.colcon_core.package_identification:_identify(src/base_interfaces_demo) by extension 'ignore_ament_install'
[1.690s] Level 1:colcon.colcon_core.package_identification:_identify(src/base_interfaces_demo) by extensions ['colcon_pkg']
[1.690s] Level 1:colcon.colcon_core.package_identification:_identify(src/base_interfaces_demo) by extension 'colcon_pkg'
[1.690s] Level 1:colcon.colcon_core.package_identification:_identify(src/base_interfaces_demo) by extensions ['colcon_meta']
[1.690s] Level 1:colcon.colcon_core.package_identification:_identify(src/base_interfaces_demo) by extension 'colcon_meta'
[1.691s] Level 1:colcon.colcon_core.package_identification:_identify(src/base_interfaces_demo) by extensions ['ros']
[1.691s] Level 1:colcon.colcon_core.package_identification:_identify(src/base_interfaces_demo) by extension 'ros'
[1.700s] DEBUG:colcon.colcon_core.package_identification:Package 'src/base_interfaces_demo' with type 'ros.ament_cmake' and name 'base_interfaces_demo'
[1.701s] Level 1:colcon.colcon_core.package_identification:_identify(src/cpp01_topic) by extensions ['ignore', 'ignore_ament_install']
[1.702s] Level 1:colcon.colcon_core.package_identification:_identify(src/cpp01_topic) by extension 'ignore'
[1.703s] Level 1:colcon.colcon_core.package_identification:_identify(src/cpp01_topic) by extension 'ignore_ament_install'
[1.703s] Level 1:colcon.colcon_core.package_identification:_identify(src/cpp01_topic) by extensions ['colcon_pkg']
[1.704s] Level 1:colcon.colcon_core.package_identification:_identify(src/cpp01_topic) by extension 'colcon_pkg'
[1.704s] Level 1:colcon.colcon_core.package_identification:_identify(src/cpp01_topic) by extensions ['colcon_meta']
[1.704s] Level 1:colcon.colcon_core.package_identification:_identify(src/cpp01_topic) by extension 'colcon_meta'
[1.705s] Level 1:colcon.colcon_core.package_identification:_identify(src/cpp01_topic) by extensions ['ros']
[1.705s] Level 1:colcon.colcon_core.package_identification:_identify(src/cpp01_topic) by extension 'ros'
[1.710s] DEBUG:colcon.colcon_core.package_identification:Package 'src/cpp01_topic' with type 'ros.ament_cmake' and name 'cpp01_topic'
[1.711s] Level 1:colcon.colcon_core.package_identification:_identify(src/cpp02_srv) by extensions ['ignore', 'ignore_ament_install']
[1.711s] Level 1:colcon.colcon_core.package_identification:_identify(src/cpp02_srv) by extension 'ignore'
[1.711s] Level 1:colcon.colcon_core.package_identification:_identify(src/cpp02_srv) by extension 'ignore_ament_install'
[1.712s] Level 1:colcon.colcon_core.package_identification:_identify(src/cpp02_srv) by extensions ['colcon_pkg']
[1.712s] Level 1:colcon.colcon_core.package_identification:_identify(src/cpp02_srv) by extension 'colcon_pkg'
[1.713s] Level 1:colcon.colcon_core.package_identification:_identify(src/cpp02_srv) by extensions ['colcon_meta']
[1.713s] Level 1:colcon.colcon_core.package_identification:_identify(src/cpp02_srv) by extension 'colcon_meta'
[1.713s] Level 1:colcon.colcon_core.package_identification:_identify(src/cpp02_srv) by extensions ['ros']
[1.713s] Level 1:colcon.colcon_core.package_identification:_identify(src/cpp02_srv) by extension 'ros'
[1.716s] DEBUG:colcon.colcon_core.package_identification:Package 'src/cpp02_srv' with type 'ros.ament_cmake' and name 'cpp02_srv'
[1.717s] Level 1:colcon.colcon_core.package_identification:_identify(src/cpp03_action) by extensions ['ignore', 'ignore_ament_install']
[1.717s] Level 1:colcon.colcon_core.package_identification:_identify(src/cpp03_action) by extension 'ignore'
[1.717s] Level 1:colcon.colcon_core.package_identification:_identify(src/cpp03_action) by extension 'ignore_ament_install'
[1.718s] Level 1:colcon.colcon_core.package_identification:_identify(src/cpp03_action) by extensions ['colcon_pkg']
[1.718s] Level 1:colcon.colcon_core.package_identification:_identify(src/cpp03_action) by extension 'colcon_pkg'
[1.718s] Level 1:colcon.colcon_core.package_identification:_identify(src/cpp03_action) by extensions ['colcon_meta']
[1.718s] Level 1:colcon.colcon_core.package_identification:_identify(src/cpp03_action) by extension 'colcon_meta'
[1.719s] Level 1:colcon.colcon_core.package_identification:_identify(src/cpp03_action) by extensions ['ros']
[1.719s] Level 1:colcon.colcon_core.package_identification:_identify(src/cpp03_action) by extension 'ros'
[1.722s] DEBUG:colcon.colcon_core.package_identification:Package 'src/cpp03_action' with type 'ros.ament_cmake' and name 'cpp03_action'
[1.723s] Level 1:colcon.colcon_core.package_identification:_identify(src/cpp04_param) by extensions ['ignore', 'ignore_ament_install']
[1.723s] Level 1:colcon.colcon_core.package_identification:_identify(src/cpp04_param) by extension 'ignore'
[1.724s] Level 1:colcon.colcon_core.package_identification:_identify(src/cpp04_param) by extension 'ignore_ament_install'
[1.724s] Level 1:colcon.colcon_core.package_identification:_identify(src/cpp04_param) by extensions ['colcon_pkg']
[1.724s] Level 1:colcon.colcon_core.package_identification:_identify(src/cpp04_param) by extension 'colcon_pkg'
[1.725s] Level 1:colcon.colcon_core.package_identification:_identify(src/cpp04_param) by extensions ['colcon_meta']
[1.725s] Level 1:colcon.colcon_core.package_identification:_identify(src/cpp04_param) by extension 'colcon_meta'
[1.725s] Level 1:colcon.colcon_core.package_identification:_identify(src/cpp04_param) by extensions ['ros']
[1.725s] Level 1:colcon.colcon_core.package_identification:_identify(src/cpp04_param) by extension 'ros'
[1.728s] DEBUG:colcon.colcon_core.package_identification:Package 'src/cpp04_param' with type 'ros.ament_cmake' and name 'cpp04_param'
[1.729s] Level 1:colcon.colcon_core.package_identification:_identify(src/cpp05_time) by extensions ['ignore', 'ignore_ament_install']
[1.729s] Level 1:colcon.colcon_core.package_identification:_identify(src/cpp05_time) by extension 'ignore'
[1.730s] Level 1:colcon.colcon_core.package_identification:_identify(src/cpp05_time) by extension 'ignore_ament_install'
[1.730s] Level 1:colcon.colcon_core.package_identification:_identify(src/cpp05_time) by extensions ['colcon_pkg']
[1.730s] Level 1:colcon.colcon_core.package_identification:_identify(src/cpp05_time) by extension 'colcon_pkg'
[1.730s] Level 1:colcon.colcon_core.package_identification:_identify(src/cpp05_time) by extensions ['colcon_meta']
[1.731s] Level 1:colcon.colcon_core.package_identification:_identify(src/cpp05_time) by extension 'colcon_meta'
[1.731s] Level 1:colcon.colcon_core.package_identification:_identify(src/cpp05_time) by extensions ['ros']
[1.731s] Level 1:colcon.colcon_core.package_identification:_identify(src/cpp05_time) by extension 'ros'
[1.733s] DEBUG:colcon.colcon_core.package_identification:Package 'src/cpp05_time' with type 'ros.ament_cmake' and name 'cpp05_time'
[1.734s] Level 1:colcon.colcon_core.package_identification:_identify(src/cpp07_exercise) by extensions ['ignore', 'ignore_ament_install']
[1.734s] Level 1:colcon.colcon_core.package_identification:_identify(src/cpp07_exercise) by extension 'ignore'
[1.734s] Level 1:colcon.colcon_core.package_identification:_identify(src/cpp07_exercise) by extension 'ignore_ament_install'
[1.734s] Level 1:colcon.colcon_core.package_identification:_identify(src/cpp07_exercise) by extensions ['colcon_pkg']
[1.734s] Level 1:colcon.colcon_core.package_identification:_identify(src/cpp07_exercise) by extension 'colcon_pkg'
[1.734s] Level 1:colcon.colcon_core.package_identification:_identify(src/cpp07_exercise) by extensions ['colcon_meta']
[1.735s] Level 1:colcon.colcon_core.package_identification:_identify(src/cpp07_exercise) by extension 'colcon_meta'
[1.735s] Level 1:colcon.colcon_core.package_identification:_identify(src/cpp07_exercise) by extensions ['ros']
[1.735s] Level 1:colcon.colcon_core.package_identification:_identify(src/cpp07_exercise) by extension 'ros'
[1.738s] DEBUG:colcon.colcon_core.package_identification:Package 'src/cpp07_exercise' with type 'ros.ament_cmake' and name 'cpp07_exercise'
[1.739s] Level 1:colcon.colcon_core.package_identification:_identify(src/meta_pkg) by extensions ['ignore', 'ignore_ament_install']
[1.739s] Level 1:colcon.colcon_core.package_identification:_identify(src/meta_pkg) by extension 'ignore'
[1.739s] Level 1:colcon.colcon_core.package_identification:_identify(src/meta_pkg) by extension 'ignore_ament_install'
[1.740s] Level 1:colcon.colcon_core.package_identification:_identify(src/meta_pkg) by extensions ['colcon_pkg']
[1.740s] Level 1:colcon.colcon_core.package_identification:_identify(src/meta_pkg) by extension 'colcon_pkg'
[1.740s] Level 1:colcon.colcon_core.package_identification:_identify(src/meta_pkg) by extensions ['colcon_meta']
[1.740s] Level 1:colcon.colcon_core.package_identification:_identify(src/meta_pkg) by extension 'colcon_meta'
[1.741s] Level 1:colcon.colcon_core.package_identification:_identify(src/meta_pkg) by extensions ['ros']
[1.741s] Level 1:colcon.colcon_core.package_identification:_identify(src/meta_pkg) by extension 'ros'
[1.743s] DEBUG:colcon.colcon_core.package_identification:Package 'src/meta_pkg' with type 'ros.ament_cmake' and name 'meta_pkg'
[1.744s] Level 1:colcon.colcon_core.package_identification:_identify(src/topic_test) by extensions ['ignore', 'ignore_ament_install']
[1.744s] Level 1:colcon.colcon_core.package_identification:_identify(src/topic_test) by extension 'ignore'
[1.745s] Level 1:colcon.colcon_core.package_identification:_identify(src/topic_test) by extension 'ignore_ament_install'
[1.745s] Level 1:colcon.colcon_core.package_identification:_identify(src/topic_test) by extensions ['colcon_pkg']
[1.745s] Level 1:colcon.colcon_core.package_identification:_identify(src/topic_test) by extension 'colcon_pkg'
[1.746s] Level 1:colcon.colcon_core.package_identification:_identify(src/topic_test) by extensions ['colcon_meta']
[1.746s] Level 1:colcon.colcon_core.package_identification:_identify(src/topic_test) by extension 'colcon_meta'
[1.746s] Level 1:colcon.colcon_core.package_identification:_identify(src/topic_test) by extensions ['ros']
[1.747s] Level 1:colcon.colcon_core.package_identification:_identify(src/topic_test) by extension 'ros'
[1.749s] DEBUG:colcon.colcon_core.package_identification:Package 'src/topic_test' with type 'ros.ament_cmake' and name 'topic_test'
[1.749s] Level 1:colcon.colcon_core.package_discovery:discover_packages(recursive) using defaults
[1.749s] Level 1:colcon.colcon_core.package_discovery:discover_packages(ignore) discover
[1.749s] Level 1:colcon.colcon_core.package_discovery:discover_packages(ignore) using defaults
[1.750s] Level 1:colcon.colcon_core.package_discovery:discover_packages(path) discover
[1.750s] Level 1:colcon.colcon_core.package_discovery:discover_packages(path) using defaults
[1.852s] INFO:colcon.colcon_core.package_selection:Skipping not selected package 'base_interfaces_demo' in 'src/base_interfaces_demo'
[1.853s] INFO:colcon.colcon_core.package_selection:Skipping not selected package 'cpp04_param' in 'src/cpp04_param'
[1.853s] INFO:colcon.colcon_core.package_selection:Skipping not selected package 'cpp05_time' in 'src/cpp05_time'
[1.853s] INFO:colcon.colcon_core.package_selection:Skipping not selected package 'topic_test' in 'src/topic_test'
[1.853s] INFO:colcon.colcon_core.package_selection:Skipping not selected package 'cpp01_topic' in 'src/cpp01_topic'
[1.853s] INFO:colcon.colcon_core.package_selection:Skipping not selected package 'cpp02_srv' in 'src/cpp02_srv'
[1.854s] INFO:colcon.colcon_core.package_selection:Skipping not selected package 'cpp03_action' in 'src/cpp03_action'
[1.854s] INFO:colcon.colcon_core.package_selection:Skipping not selected package 'meta_pkg' in 'src/meta_pkg'
[1.856s] Level 1:colcon.colcon_core.package_discovery:discover_packages(prefix_path) check parameters
[1.857s] Level 1:colcon.colcon_core.package_discovery:discover_packages(prefix_path) discover
[1.877s] DEBUG:colcon.colcon_installed_package_information.package_discovery:Found 9 installed packages in /home/levi/tut_interface/install
[1.894s] DEBUG:colcon.colcon_installed_package_information.package_discovery:Found 283 installed packages in /opt/ros/humble
[1.898s] Level 1:colcon.colcon_core.package_discovery:discover_packages(prefix_path) using defaults
[2.187s] Level 5:colcon.colcon_core.verb:set package 'cpp07_exercise' build argument 'cmake_args' from command line to 'None'
[2.187s] Level 5:colcon.colcon_core.verb:set package 'cpp07_exercise' build argument 'cmake_target' from command line to 'None'
[2.188s] Level 5:colcon.colcon_core.verb:set package 'cpp07_exercise' build argument 'cmake_target_skip_unavailable' from command line to 'False'
[2.188s] Level 5:colcon.colcon_core.verb:set package 'cpp07_exercise' build argument 'cmake_clean_cache' from command line to 'False'
[2.188s] Level 5:colcon.colcon_core.verb:set package 'cpp07_exercise' build argument 'cmake_clean_first' from command line to 'False'
[2.188s] Level 5:colcon.colcon_core.verb:set package 'cpp07_exercise' build argument 'cmake_force_configure' from command line to 'False'
[2.189s] Level 5:colcon.colcon_core.verb:set package 'cpp07_exercise' build argument 'ament_cmake_args' from command line to 'None'
[2.189s] Level 5:colcon.colcon_core.verb:set package 'cpp07_exercise' build argument 'catkin_cmake_args' from command line to 'None'
[2.189s] Level 5:colcon.colcon_core.verb:set package 'cpp07_exercise' build argument 'catkin_skip_building_tests' from command line to 'False'
[2.189s] DEBUG:colcon.colcon_core.verb:Building package 'cpp07_exercise' with the following arguments: {'ament_cmake_args': None, 'build_base': '/home/levi/tut_interface/build/cpp07_exercise', 'catkin_cmake_args': None, 'catkin_skip_building_tests': False, 'cmake_args': None, 'cmake_clean_cache': False, 'cmake_clean_first': False, 'cmake_force_configure': False, 'cmake_target': None, 'cmake_target_skip_unavailable': False, 'install_base': '/home/levi/tut_interface/install/cpp07_exercise', 'merge_install': False, 'path': '/home/levi/tut_interface/src/cpp07_exercise', 'symlink_install': False, 'test_result_base': None}
[2.191s] INFO:colcon.colcon_core.executor:Executing jobs using 'parallel' executor
[2.199s] DEBUG:colcon.colcon_parallel_executor.executor.parallel:run_until_complete
[2.200s] INFO:colcon.colcon_ros.task.ament_cmake.build:Building ROS package in '/home/levi/tut_interface/src/cpp07_exercise' with build type 'ament_cmake'
[2.200s] INFO:colcon.colcon_cmake.task.cmake.build:Building CMake package in '/home/levi/tut_interface/src/cpp07_exercise'
[2.221s] INFO:colcon.colcon_core.plugin_system:Skipping extension 'colcon_core.shell.bat': Not used on non-Windows systems
[2.222s] INFO:colcon.colcon_core.shell:Skip shell extension 'powershell' for command environment: Not usable outside of PowerShell
[2.222s] DEBUG:colcon.colcon_core.shell:Skip shell extension 'dsv' for command environment
[2.336s] DEBUG:colcon.colcon_core.event_handler.log_command:Invoking command in '/home/levi/tut_interface/build/cpp07_exercise': CMAKE_PREFIX_PATH=/home/levi/tut_interface/install/base_interfaces_demo:/home/levi/tut_interface/install/topic_test:/home/levi/tut_interface/install/meta_pkg:/home/levi/tut_interface/install/cpp07_exercise:/home/levi/tut_interface/install/cpp05_time:/home/levi/tut_interface/install/cpp04_param:/home/levi/tut_interface/install/cpp03_action:/home/levi/tut_interface/install/cpp02_srv:/home/levi/tut_interface/install/cpp01_topic:/opt/ros/humble /usr/bin/cmake --build /home/levi/tut_interface/build/cpp07_exercise -- -j6 -l6
[3.191s] DEBUG:colcon.colcon_core.event_handler.log_command:Invoked command in '/home/levi/tut_interface/build/cpp07_exercise' returned '0': CMAKE_PREFIX_PATH=/home/levi/tut_interface/install/base_interfaces_demo:/home/levi/tut_interface/install/topic_test:/home/levi/tut_interface/install/meta_pkg:/home/levi/tut_interface/install/cpp07_exercise:/home/levi/tut_interface/install/cpp05_time:/home/levi/tut_interface/install/cpp04_param:/home/levi/tut_interface/install/cpp03_action:/home/levi/tut_interface/install/cpp02_srv:/home/levi/tut_interface/install/cpp01_topic:/opt/ros/humble /usr/bin/cmake --build /home/levi/tut_interface/build/cpp07_exercise -- -j6 -l6
[3.875s] DEBUG:colcon.colcon_core.event_handler.log_command:Invoking command in '/home/levi/tut_interface/build/cpp07_exercise': CMAKE_PREFIX_PATH=/home/levi/tut_interface/install/base_interfaces_demo:/home/levi/tut_interface/install/topic_test:/home/levi/tut_interface/install/meta_pkg:/home/levi/tut_interface/install/cpp07_exercise:/home/levi/tut_interface/install/cpp05_time:/home/levi/tut_interface/install/cpp04_param:/home/levi/tut_interface/install/cpp03_action:/home/levi/tut_interface/install/cpp02_srv:/home/levi/tut_interface/install/cpp01_topic:/opt/ros/humble /usr/bin/cmake --install /home/levi/tut_interface/build/cpp07_exercise
[4.031s] Level 1:colcon.colcon_core.environment:create_environment_scripts_only(cpp07_exercise)
[4.059s] DEBUG:colcon.colcon_core.event_handler.log_command:Invoked command in '/home/levi/tut_interface/build/cpp07_exercise' returned '0': CMAKE_PREFIX_PATH=/home/levi/tut_interface/install/base_interfaces_demo:/home/levi/tut_interface/install/topic_test:/home/levi/tut_interface/install/meta_pkg:/home/levi/tut_interface/install/cpp07_exercise:/home/levi/tut_interface/install/cpp05_time:/home/levi/tut_interface/install/cpp04_param:/home/levi/tut_interface/install/cpp03_action:/home/levi/tut_interface/install/cpp02_srv:/home/levi/tut_interface/install/cpp01_topic:/opt/ros/humble /usr/bin/cmake --install /home/levi/tut_interface/build/cpp07_exercise
[4.064s] Level 1:colcon.colcon_core.environment:checking '/home/levi/tut_interface/install/cpp07_exercise' for CMake module files
[4.065s] Level 1:colcon.colcon_core.environment:checking '/home/levi/tut_interface/install/cpp07_exercise' for CMake config files
[4.065s] Level 1:colcon.colcon_core.shell:create_environment_hook('cpp07_exercise', 'cmake_prefix_path')
[4.066s] INFO:colcon.colcon_core.shell:Creating environment hook '/home/levi/tut_interface/install/cpp07_exercise/share/cpp07_exercise/hook/cmake_prefix_path.ps1'
[4.067s] INFO:colcon.colcon_core.shell:Creating environment descriptor '/home/levi/tut_interface/install/cpp07_exercise/share/cpp07_exercise/hook/cmake_prefix_path.dsv'
[4.067s] INFO:colcon.colcon_core.shell:Creating environment hook '/home/levi/tut_interface/install/cpp07_exercise/share/cpp07_exercise/hook/cmake_prefix_path.sh'
[4.068s] Level 1:colcon.colcon_core.environment:checking '/home/levi/tut_interface/install/cpp07_exercise/lib'
[4.068s] Level 1:colcon.colcon_core.environment:checking '/home/levi/tut_interface/install/cpp07_exercise/bin'
[4.068s] Level 1:colcon.colcon_core.environment:checking '/home/levi/tut_interface/install/cpp07_exercise/lib/pkgconfig/cpp07_exercise.pc'
[4.069s] Level 1:colcon.colcon_core.environment:checking '/home/levi/tut_interface/install/cpp07_exercise/lib/python3.10/site-packages'
[4.070s] Level 1:colcon.colcon_core.environment:checking '/home/levi/tut_interface/install/cpp07_exercise/bin'
[4.073s] INFO:colcon.colcon_core.shell:Creating package script '/home/levi/tut_interface/install/cpp07_exercise/share/cpp07_exercise/package.ps1'
[4.075s] INFO:colcon.colcon_core.shell:Creating package descriptor '/home/levi/tut_interface/install/cpp07_exercise/share/cpp07_exercise/package.dsv'
[4.077s] INFO:colcon.colcon_core.shell:Creating package script '/home/levi/tut_interface/install/cpp07_exercise/share/cpp07_exercise/package.sh'
[4.079s] INFO:colcon.colcon_core.shell:Creating package script '/home/levi/tut_interface/install/cpp07_exercise/share/cpp07_exercise/package.bash'
[4.082s] INFO:colcon.colcon_core.shell:Creating package script '/home/levi/tut_interface/install/cpp07_exercise/share/cpp07_exercise/package.zsh'
[4.085s] Level 1:colcon.colcon_core.environment:create_file_with_runtime_dependencies(/home/levi/tut_interface/install/cpp07_exercise/share/colcon-core/packages/cpp07_exercise)
[4.677s] Level 1:colcon.colcon_core.environment:create_environment_scripts_only(cpp07_exercise)
[4.682s] Level 1:colcon.colcon_core.environment:checking '/home/levi/tut_interface/install/cpp07_exercise' for CMake module files
[4.689s] Level 1:colcon.colcon_core.environment:checking '/home/levi/tut_interface/install/cpp07_exercise' for CMake config files
[4.692s] Level 1:colcon.colcon_core.shell:create_environment_hook('cpp07_exercise', 'cmake_prefix_path')
[4.697s] INFO:colcon.colcon_core.shell:Creating environment hook '/home/levi/tut_interface/install/cpp07_exercise/share/cpp07_exercise/hook/cmake_prefix_path.ps1'
[4.699s] INFO:colcon.colcon_core.shell:Creating environment descriptor '/home/levi/tut_interface/install/cpp07_exercise/share/cpp07_exercise/hook/cmake_prefix_path.dsv'
[4.702s] INFO:colcon.colcon_core.shell:Creating environment hook '/home/levi/tut_interface/install/cpp07_exercise/share/cpp07_exercise/hook/cmake_prefix_path.sh'
[4.706s] Level 1:colcon.colcon_core.environment:checking '/home/levi/tut_interface/install/cpp07_exercise/lib'
[4.707s] Level 1:colcon.colcon_core.environment:checking '/home/levi/tut_interface/install/cpp07_exercise/bin'
[4.707s] Level 1:colcon.colcon_core.environment:checking '/home/levi/tut_interface/install/cpp07_exercise/lib/pkgconfig/cpp07_exercise.pc'
[4.708s] Level 1:colcon.colcon_core.environment:checking '/home/levi/tut_interface/install/cpp07_exercise/lib/python3.10/site-packages'
[4.710s] Level 1:colcon.colcon_core.environment:checking '/home/levi/tut_interface/install/cpp07_exercise/bin'
[4.713s] INFO:colcon.colcon_core.shell:Creating package script '/home/levi/tut_interface/install/cpp07_exercise/share/cpp07_exercise/package.ps1'
[4.716s] INFO:colcon.colcon_core.shell:Creating package descriptor '/home/levi/tut_interface/install/cpp07_exercise/share/cpp07_exercise/package.dsv'
[4.718s] INFO:colcon.colcon_core.shell:Creating package script '/home/levi/tut_interface/install/cpp07_exercise/share/cpp07_exercise/package.sh'
[4.720s] INFO:colcon.colcon_core.shell:Creating package script '/home/levi/tut_interface/install/cpp07_exercise/share/cpp07_exercise/package.bash'
[4.723s] INFO:colcon.colcon_core.shell:Creating package script '/home/levi/tut_interface/install/cpp07_exercise/share/cpp07_exercise/package.zsh'
[4.727s] Level 1:colcon.colcon_core.environment:create_file_with_runtime_dependencies(/home/levi/tut_interface/install/cpp07_exercise/share/colcon-core/packages/cpp07_exercise)
[4.728s] DEBUG:colcon.colcon_parallel_executor.executor.parallel:closing loop
[4.734s] DEBUG:colcon.colcon_parallel_executor.executor.parallel:loop closed
[4.735s] DEBUG:colcon.colcon_parallel_executor.executor.parallel:run_until_complete finished with '0'
[4.735s] DEBUG:colcon.colcon_core.event_reactor:joining thread
[4.764s] INFO:colcon.colcon_core.plugin_system:Skipping extension 'colcon_notification.desktop_notification.terminal_notifier': Not used on non-Darwin systems
[4.765s] INFO:colcon.colcon_core.plugin_system:Skipping extension 'colcon_notification.desktop_notification.win32': Not used on non-Windows systems
[4.765s] INFO:colcon.colcon_notification.desktop_notification:Sending desktop notification using 'notify2'
[4.846s] DEBUG:colcon.colcon_core.event_reactor:joined thread
[4.848s] INFO:colcon.colcon_core.shell:Creating prefix script '/home/levi/tut_interface/install/local_setup.ps1'
[4.850s] INFO:colcon.colcon_core.shell:Creating prefix util module '/home/levi/tut_interface/install/_local_setup_util_ps1.py'
[4.852s] INFO:colcon.colcon_core.shell:Creating prefix chain script '/home/levi/tut_interface/install/setup.ps1'
[4.860s] INFO:colcon.colcon_core.shell:Creating prefix script '/home/levi/tut_interface/install/local_setup.sh'
[4.863s] INFO:colcon.colcon_core.shell:Creating prefix util module '/home/levi/tut_interface/install/_local_setup_util_sh.py'
[4.865s] INFO:colcon.colcon_core.shell:Creating prefix chain script '/home/levi/tut_interface/install/setup.sh'
[4.869s] INFO:colcon.colcon_core.shell:Creating prefix script '/home/levi/tut_interface/install/local_setup.bash'
[4.870s] INFO:colcon.colcon_core.shell:Creating prefix chain script '/home/levi/tut_interface/install/setup.bash'
[4.877s] INFO:colcon.colcon_core.shell:Creating prefix script '/home/levi/tut_interface/install/local_setup.zsh'
[4.880s] INFO:colcon.colcon_core.shell:Creating prefix chain script '/home/levi/tut_interface/install/setup.zsh'
