[1.655s] DEBUG:colcon:Command line arguments: ['/usr/bin/colcon', 'build', '--packages-select', 'cpp07_exercise']
[1.655s] DEBUG:colcon:Parsed command line arguments: Namespace(log_base=None, log_level=None, verb_name='build', build_base='build', install_base='install', merge_install=False, symlink_install=False, test_result_base=None, continue_on_error=False, executor='parallel', parallel_workers=6, event_handlers=None, ignore_user_meta=False, metas=['./colcon.meta'], base_paths=['.'], packages_ignore=None, packages_ignore_regex=None, paths=None, packages_up_to=None, packages_up_to_regex=None, packages_above=None, packages_above_and_dependencies=None, packages_above_depth=None, packages_select_by_dep=None, packages_skip_by_dep=None, packages_skip_up_to=None, packages_select_build_failed=False, packages_skip_build_finished=False, packages_select_test_failures=False, packages_skip_test_passed=False, packages_select=['cpp07_exercise'], packages_skip=None, packages_select_regex=None, packages_skip_regex=None, packages_start=None, packages_end=None, allow_overriding=[], cmake_args=None, cmake_target=None, cmake_target_skip_unavailable=False, cmake_clean_cache=False, cmake_clean_first=False, cmake_force_configure=False, ament_cmake_args=None, catkin_cmake_args=None, catkin_skip_building_tests=False, verb_parser=<colcon_defaults.argument_parser.defaults.DefaultArgumentsDecorator object at 0x7f5086ace680>, verb_extension=<colcon_core.verb.build.BuildVerb object at 0x7f5086bc3a30>, main=<bound method BuildVerb.main of <colcon_core.verb.build.BuildVerb object at 0x7f5086bc3a30>>)
[1.795s] Level 1:colcon.colcon_core.package_discovery:discover_packages(colcon_meta) check parameters
[1.796s] Level 1:colcon.colcon_core.package_discovery:discover_packages(recursive) check parameters
[1.796s] Level 1:colcon.colcon_core.package_discovery:discover_packages(ignore) check parameters
[1.796s] Level 1:colcon.colcon_core.package_discovery:discover_packages(path) check parameters
[1.797s] Level 1:colcon.colcon_core.package_discovery:discover_packages(colcon_meta) discover
[1.797s] Level 1:colcon.colcon_core.package_discovery:discover_packages(recursive) discover
[1.797s] INFO:colcon.colcon_core.package_discovery:Crawling recursively for packages in '/home/levi/tut_interface'
[1.798s] Level 1:colcon.colcon_core.package_identification:_identify(.) by extensions ['ignore', 'ignore_ament_install']
[1.799s] Level 1:colcon.colcon_core.package_identification:_identify(.) by extension 'ignore'
[1.799s] Level 1:colcon.colcon_core.package_identification:_identify(.) by extension 'ignore_ament_install'
[1.800s] Level 1:colcon.colcon_core.package_identification:_identify(.) by extensions ['colcon_pkg']
[1.800s] Level 1:colcon.colcon_core.package_identification:_identify(.) by extension 'colcon_pkg'
[1.800s] Level 1:colcon.colcon_core.package_identification:_identify(.) by extensions ['colcon_meta']
[1.800s] Level 1:colcon.colcon_core.package_identification:_identify(.) by extension 'colcon_meta'
[1.801s] Level 1:colcon.colcon_core.package_identification:_identify(.) by extensions ['ros']
[1.801s] Level 1:colcon.colcon_core.package_identification:_identify(.) by extension 'ros'
[1.872s] Level 1:colcon.colcon_core.package_identification:_identify(.) by extensions ['cmake', 'python']
[1.872s] Level 1:colcon.colcon_core.package_identification:_identify(.) by extension 'cmake'
[1.872s] Level 1:colcon.colcon_core.package_identification:_identify(.) by extension 'python'
[1.873s] Level 1:colcon.colcon_core.package_identification:_identify(.) by extensions ['python_setup_py']
[1.873s] Level 1:colcon.colcon_core.package_identification:_identify(.) by extension 'python_setup_py'
[1.874s] Level 1:colcon.colcon_core.package_identification:_identify(build) by extensions ['ignore', 'ignore_ament_install']
[1.874s] Level 1:colcon.colcon_core.package_identification:_identify(build) by extension 'ignore'
[1.875s] Level 1:colcon.colcon_core.package_identification:_identify(build) ignored
[1.876s] Level 1:colcon.colcon_core.package_identification:_identify(install) by extensions ['ignore', 'ignore_ament_install']
[1.876s] Level 1:colcon.colcon_core.package_identification:_identify(install) by extension 'ignore'
[1.876s] Level 1:colcon.colcon_core.package_identification:_identify(install) ignored
[1.878s] Level 1:colcon.colcon_core.package_identification:_identify(log) by extensions ['ignore', 'ignore_ament_install']
[1.878s] Level 1:colcon.colcon_core.package_identification:_identify(log) by extension 'ignore'
[1.878s] Level 1:colcon.colcon_core.package_identification:_identify(log) ignored
[1.879s] Level 1:colcon.colcon_core.package_identification:_identify(src) by extensions ['ignore', 'ignore_ament_install']
[1.880s] Level 1:colcon.colcon_core.package_identification:_identify(src) by extension 'ignore'
[1.880s] Level 1:colcon.colcon_core.package_identification:_identify(src) by extension 'ignore_ament_install'
[1.880s] Level 1:colcon.colcon_core.package_identification:_identify(src) by extensions ['colcon_pkg']
[1.881s] Level 1:colcon.colcon_core.package_identification:_identify(src) by extension 'colcon_pkg'
[1.881s] Level 1:colcon.colcon_core.package_identification:_identify(src) by extensions ['colcon_meta']
[1.881s] Level 1:colcon.colcon_core.package_identification:_identify(src) by extension 'colcon_meta'
[1.881s] Level 1:colcon.colcon_core.package_identification:_identify(src) by extensions ['ros']
[1.882s] Level 1:colcon.colcon_core.package_identification:_identify(src) by extension 'ros'
[1.882s] Level 1:colcon.colcon_core.package_identification:_identify(src) by extensions ['cmake', 'python']
[1.882s] Level 1:colcon.colcon_core.package_identification:_identify(src) by extension 'cmake'
[1.883s] Level 1:colcon.colcon_core.package_identification:_identify(src) by extension 'python'
[1.883s] Level 1:colcon.colcon_core.package_identification:_identify(src) by extensions ['python_setup_py']
[1.883s] Level 1:colcon.colcon_core.package_identification:_identify(src) by extension 'python_setup_py'
[1.884s] Level 1:colcon.colcon_core.package_identification:_identify(src/base_interfaces_demo) by extensions ['ignore', 'ignore_ament_install']
[1.885s] Level 1:colcon.colcon_core.package_identification:_identify(src/base_interfaces_demo) by extension 'ignore'
[1.885s] Level 1:colcon.colcon_core.package_identification:_identify(src/base_interfaces_demo) by extension 'ignore_ament_install'
[1.885s] Level 1:colcon.colcon_core.package_identification:_identify(src/base_interfaces_demo) by extensions ['colcon_pkg']
[1.886s] Level 1:colcon.colcon_core.package_identification:_identify(src/base_interfaces_demo) by extension 'colcon_pkg'
[1.886s] Level 1:colcon.colcon_core.package_identification:_identify(src/base_interfaces_demo) by extensions ['colcon_meta']
[1.886s] Level 1:colcon.colcon_core.package_identification:_identify(src/base_interfaces_demo) by extension 'colcon_meta'
[1.886s] Level 1:colcon.colcon_core.package_identification:_identify(src/base_interfaces_demo) by extensions ['ros']
[1.887s] Level 1:colcon.colcon_core.package_identification:_identify(src/base_interfaces_demo) by extension 'ros'
[1.894s] DEBUG:colcon.colcon_core.package_identification:Package 'src/base_interfaces_demo' with type 'ros.ament_cmake' and name 'base_interfaces_demo'
[1.895s] Level 1:colcon.colcon_core.package_identification:_identify(src/cpp01_topic) by extensions ['ignore', 'ignore_ament_install']
[1.895s] Level 1:colcon.colcon_core.package_identification:_identify(src/cpp01_topic) by extension 'ignore'
[1.896s] Level 1:colcon.colcon_core.package_identification:_identify(src/cpp01_topic) by extension 'ignore_ament_install'
[1.896s] Level 1:colcon.colcon_core.package_identification:_identify(src/cpp01_topic) by extensions ['colcon_pkg']
[1.896s] Level 1:colcon.colcon_core.package_identification:_identify(src/cpp01_topic) by extension 'colcon_pkg'
[1.896s] Level 1:colcon.colcon_core.package_identification:_identify(src/cpp01_topic) by extensions ['colcon_meta']
[1.896s] Level 1:colcon.colcon_core.package_identification:_identify(src/cpp01_topic) by extension 'colcon_meta'
[1.897s] Level 1:colcon.colcon_core.package_identification:_identify(src/cpp01_topic) by extensions ['ros']
[1.897s] Level 1:colcon.colcon_core.package_identification:_identify(src/cpp01_topic) by extension 'ros'
[1.899s] DEBUG:colcon.colcon_core.package_identification:Package 'src/cpp01_topic' with type 'ros.ament_cmake' and name 'cpp01_topic'
[1.899s] Level 1:colcon.colcon_core.package_identification:_identify(src/cpp02_srv) by extensions ['ignore', 'ignore_ament_install']
[1.900s] Level 1:colcon.colcon_core.package_identification:_identify(src/cpp02_srv) by extension 'ignore'
[1.900s] Level 1:colcon.colcon_core.package_identification:_identify(src/cpp02_srv) by extension 'ignore_ament_install'
[1.900s] Level 1:colcon.colcon_core.package_identification:_identify(src/cpp02_srv) by extensions ['colcon_pkg']
[1.901s] Level 1:colcon.colcon_core.package_identification:_identify(src/cpp02_srv) by extension 'colcon_pkg'
[1.901s] Level 1:colcon.colcon_core.package_identification:_identify(src/cpp02_srv) by extensions ['colcon_meta']
[1.901s] Level 1:colcon.colcon_core.package_identification:_identify(src/cpp02_srv) by extension 'colcon_meta'
[1.902s] Level 1:colcon.colcon_core.package_identification:_identify(src/cpp02_srv) by extensions ['ros']
[1.902s] Level 1:colcon.colcon_core.package_identification:_identify(src/cpp02_srv) by extension 'ros'
[1.904s] DEBUG:colcon.colcon_core.package_identification:Package 'src/cpp02_srv' with type 'ros.ament_cmake' and name 'cpp02_srv'
[1.905s] Level 1:colcon.colcon_core.package_identification:_identify(src/cpp03_action) by extensions ['ignore', 'ignore_ament_install']
[1.905s] Level 1:colcon.colcon_core.package_identification:_identify(src/cpp03_action) by extension 'ignore'
[1.905s] Level 1:colcon.colcon_core.package_identification:_identify(src/cpp03_action) by extension 'ignore_ament_install'
[1.905s] Level 1:colcon.colcon_core.package_identification:_identify(src/cpp03_action) by extensions ['colcon_pkg']
[1.905s] Level 1:colcon.colcon_core.package_identification:_identify(src/cpp03_action) by extension 'colcon_pkg'
[1.906s] Level 1:colcon.colcon_core.package_identification:_identify(src/cpp03_action) by extensions ['colcon_meta']
[1.906s] Level 1:colcon.colcon_core.package_identification:_identify(src/cpp03_action) by extension 'colcon_meta'
[1.906s] Level 1:colcon.colcon_core.package_identification:_identify(src/cpp03_action) by extensions ['ros']
[1.906s] Level 1:colcon.colcon_core.package_identification:_identify(src/cpp03_action) by extension 'ros'
[1.911s] DEBUG:colcon.colcon_core.package_identification:Package 'src/cpp03_action' with type 'ros.ament_cmake' and name 'cpp03_action'
[1.913s] Level 1:colcon.colcon_core.package_identification:_identify(src/cpp04_param) by extensions ['ignore', 'ignore_ament_install']
[1.914s] Level 1:colcon.colcon_core.package_identification:_identify(src/cpp04_param) by extension 'ignore'
[1.914s] Level 1:colcon.colcon_core.package_identification:_identify(src/cpp04_param) by extension 'ignore_ament_install'
[1.915s] Level 1:colcon.colcon_core.package_identification:_identify(src/cpp04_param) by extensions ['colcon_pkg']
[1.915s] Level 1:colcon.colcon_core.package_identification:_identify(src/cpp04_param) by extension 'colcon_pkg'
[1.915s] Level 1:colcon.colcon_core.package_identification:_identify(src/cpp04_param) by extensions ['colcon_meta']
[1.916s] Level 1:colcon.colcon_core.package_identification:_identify(src/cpp04_param) by extension 'colcon_meta'
[1.916s] Level 1:colcon.colcon_core.package_identification:_identify(src/cpp04_param) by extensions ['ros']
[1.916s] Level 1:colcon.colcon_core.package_identification:_identify(src/cpp04_param) by extension 'ros'
[1.919s] DEBUG:colcon.colcon_core.package_identification:Package 'src/cpp04_param' with type 'ros.ament_cmake' and name 'cpp04_param'
[1.920s] Level 1:colcon.colcon_core.package_identification:_identify(src/cpp05_time) by extensions ['ignore', 'ignore_ament_install']
[1.920s] Level 1:colcon.colcon_core.package_identification:_identify(src/cpp05_time) by extension 'ignore'
[1.920s] Level 1:colcon.colcon_core.package_identification:_identify(src/cpp05_time) by extension 'ignore_ament_install'
[1.921s] Level 1:colcon.colcon_core.package_identification:_identify(src/cpp05_time) by extensions ['colcon_pkg']
[1.921s] Level 1:colcon.colcon_core.package_identification:_identify(src/cpp05_time) by extension 'colcon_pkg'
[1.921s] Level 1:colcon.colcon_core.package_identification:_identify(src/cpp05_time) by extensions ['colcon_meta']
[1.922s] Level 1:colcon.colcon_core.package_identification:_identify(src/cpp05_time) by extension 'colcon_meta'
[1.922s] Level 1:colcon.colcon_core.package_identification:_identify(src/cpp05_time) by extensions ['ros']
[1.922s] Level 1:colcon.colcon_core.package_identification:_identify(src/cpp05_time) by extension 'ros'
[1.925s] DEBUG:colcon.colcon_core.package_identification:Package 'src/cpp05_time' with type 'ros.ament_cmake' and name 'cpp05_time'
[1.926s] Level 1:colcon.colcon_core.package_identification:_identify(src/cpp07_exercise) by extensions ['ignore', 'ignore_ament_install']
[1.926s] Level 1:colcon.colcon_core.package_identification:_identify(src/cpp07_exercise) by extension 'ignore'
[1.926s] Level 1:colcon.colcon_core.package_identification:_identify(src/cpp07_exercise) by extension 'ignore_ament_install'
[1.926s] Level 1:colcon.colcon_core.package_identification:_identify(src/cpp07_exercise) by extensions ['colcon_pkg']
[1.926s] Level 1:colcon.colcon_core.package_identification:_identify(src/cpp07_exercise) by extension 'colcon_pkg'
[1.927s] Level 1:colcon.colcon_core.package_identification:_identify(src/cpp07_exercise) by extensions ['colcon_meta']
[1.927s] Level 1:colcon.colcon_core.package_identification:_identify(src/cpp07_exercise) by extension 'colcon_meta'
[1.927s] Level 1:colcon.colcon_core.package_identification:_identify(src/cpp07_exercise) by extensions ['ros']
[1.927s] Level 1:colcon.colcon_core.package_identification:_identify(src/cpp07_exercise) by extension 'ros'
[1.929s] DEBUG:colcon.colcon_core.package_identification:Package 'src/cpp07_exercise' with type 'ros.ament_cmake' and name 'cpp07_exercise'
[1.930s] Level 1:colcon.colcon_core.package_identification:_identify(src/meta_pkg) by extensions ['ignore', 'ignore_ament_install']
[1.930s] Level 1:colcon.colcon_core.package_identification:_identify(src/meta_pkg) by extension 'ignore'
[1.930s] Level 1:colcon.colcon_core.package_identification:_identify(src/meta_pkg) by extension 'ignore_ament_install'
[1.931s] Level 1:colcon.colcon_core.package_identification:_identify(src/meta_pkg) by extensions ['colcon_pkg']
[1.931s] Level 1:colcon.colcon_core.package_identification:_identify(src/meta_pkg) by extension 'colcon_pkg'
[1.931s] Level 1:colcon.colcon_core.package_identification:_identify(src/meta_pkg) by extensions ['colcon_meta']
[1.931s] Level 1:colcon.colcon_core.package_identification:_identify(src/meta_pkg) by extension 'colcon_meta'
[1.931s] Level 1:colcon.colcon_core.package_identification:_identify(src/meta_pkg) by extensions ['ros']
[1.931s] Level 1:colcon.colcon_core.package_identification:_identify(src/meta_pkg) by extension 'ros'
[1.933s] DEBUG:colcon.colcon_core.package_identification:Package 'src/meta_pkg' with type 'ros.ament_cmake' and name 'meta_pkg'
[1.933s] Level 1:colcon.colcon_core.package_identification:_identify(src/topic_test) by extensions ['ignore', 'ignore_ament_install']
[1.933s] Level 1:colcon.colcon_core.package_identification:_identify(src/topic_test) by extension 'ignore'
[1.934s] Level 1:colcon.colcon_core.package_identification:_identify(src/topic_test) by extension 'ignore_ament_install'
[1.934s] Level 1:colcon.colcon_core.package_identification:_identify(src/topic_test) by extensions ['colcon_pkg']
[1.934s] Level 1:colcon.colcon_core.package_identification:_identify(src/topic_test) by extension 'colcon_pkg'
[1.934s] Level 1:colcon.colcon_core.package_identification:_identify(src/topic_test) by extensions ['colcon_meta']
[1.934s] Level 1:colcon.colcon_core.package_identification:_identify(src/topic_test) by extension 'colcon_meta'
[1.934s] Level 1:colcon.colcon_core.package_identification:_identify(src/topic_test) by extensions ['ros']
[1.935s] Level 1:colcon.colcon_core.package_identification:_identify(src/topic_test) by extension 'ros'
[1.936s] DEBUG:colcon.colcon_core.package_identification:Package 'src/topic_test' with type 'ros.ament_cmake' and name 'topic_test'
[1.936s] Level 1:colcon.colcon_core.package_discovery:discover_packages(recursive) using defaults
[1.937s] Level 1:colcon.colcon_core.package_discovery:discover_packages(ignore) discover
[1.937s] Level 1:colcon.colcon_core.package_discovery:discover_packages(ignore) using defaults
[1.937s] Level 1:colcon.colcon_core.package_discovery:discover_packages(path) discover
[1.937s] Level 1:colcon.colcon_core.package_discovery:discover_packages(path) using defaults
[2.031s] INFO:colcon.colcon_core.package_selection:Skipping not selected package 'base_interfaces_demo' in 'src/base_interfaces_demo'
[2.031s] INFO:colcon.colcon_core.package_selection:Skipping not selected package 'cpp04_param' in 'src/cpp04_param'
[2.031s] INFO:colcon.colcon_core.package_selection:Skipping not selected package 'cpp05_time' in 'src/cpp05_time'
[2.032s] INFO:colcon.colcon_core.package_selection:Skipping not selected package 'topic_test' in 'src/topic_test'
[2.032s] INFO:colcon.colcon_core.package_selection:Skipping not selected package 'cpp01_topic' in 'src/cpp01_topic'
[2.032s] INFO:colcon.colcon_core.package_selection:Skipping not selected package 'cpp02_srv' in 'src/cpp02_srv'
[2.032s] INFO:colcon.colcon_core.package_selection:Skipping not selected package 'cpp03_action' in 'src/cpp03_action'
[2.032s] INFO:colcon.colcon_core.package_selection:Skipping not selected package 'meta_pkg' in 'src/meta_pkg'
[2.035s] Level 1:colcon.colcon_core.package_discovery:discover_packages(prefix_path) check parameters
[2.035s] Level 1:colcon.colcon_core.package_discovery:discover_packages(prefix_path) discover
[2.063s] DEBUG:colcon.colcon_installed_package_information.package_discovery:Found 283 installed packages in /opt/ros/humble
[2.067s] Level 1:colcon.colcon_core.package_discovery:discover_packages(prefix_path) using defaults
[2.402s] Level 5:colcon.colcon_core.verb:set package 'cpp07_exercise' build argument 'cmake_args' from command line to 'None'
[2.402s] Level 5:colcon.colcon_core.verb:set package 'cpp07_exercise' build argument 'cmake_target' from command line to 'None'
[2.402s] Level 5:colcon.colcon_core.verb:set package 'cpp07_exercise' build argument 'cmake_target_skip_unavailable' from command line to 'False'
[2.402s] Level 5:colcon.colcon_core.verb:set package 'cpp07_exercise' build argument 'cmake_clean_cache' from command line to 'False'
[2.403s] Level 5:colcon.colcon_core.verb:set package 'cpp07_exercise' build argument 'cmake_clean_first' from command line to 'False'
[2.403s] Level 5:colcon.colcon_core.verb:set package 'cpp07_exercise' build argument 'cmake_force_configure' from command line to 'False'
[2.403s] Level 5:colcon.colcon_core.verb:set package 'cpp07_exercise' build argument 'ament_cmake_args' from command line to 'None'
[2.403s] Level 5:colcon.colcon_core.verb:set package 'cpp07_exercise' build argument 'catkin_cmake_args' from command line to 'None'
[2.404s] Level 5:colcon.colcon_core.verb:set package 'cpp07_exercise' build argument 'catkin_skip_building_tests' from command line to 'False'
[2.404s] DEBUG:colcon.colcon_core.verb:Building package 'cpp07_exercise' with the following arguments: {'ament_cmake_args': None, 'build_base': '/home/levi/tut_interface/build/cpp07_exercise', 'catkin_cmake_args': None, 'catkin_skip_building_tests': False, 'cmake_args': None, 'cmake_clean_cache': False, 'cmake_clean_first': False, 'cmake_force_configure': False, 'cmake_target': None, 'cmake_target_skip_unavailable': False, 'install_base': '/home/levi/tut_interface/install/cpp07_exercise', 'merge_install': False, 'path': '/home/levi/tut_interface/src/cpp07_exercise', 'symlink_install': False, 'test_result_base': None}
[2.405s] INFO:colcon.colcon_core.executor:Executing jobs using 'parallel' executor
[2.418s] DEBUG:colcon.colcon_parallel_executor.executor.parallel:run_until_complete
[2.420s] INFO:colcon.colcon_ros.task.ament_cmake.build:Building ROS package in '/home/levi/tut_interface/src/cpp07_exercise' with build type 'ament_cmake'
[2.421s] INFO:colcon.colcon_cmake.task.cmake.build:Building CMake package in '/home/levi/tut_interface/src/cpp07_exercise'
[2.445s] INFO:colcon.colcon_core.plugin_system:Skipping extension 'colcon_core.shell.bat': Not used on non-Windows systems
[2.446s] INFO:colcon.colcon_core.shell:Skip shell extension 'powershell' for command environment: Not usable outside of PowerShell
[2.447s] DEBUG:colcon.colcon_core.shell:Skip shell extension 'dsv' for command environment
[2.547s] DEBUG:colcon.colcon_core.event_handler.log_command:Invoking command in '/home/levi/tut_interface/build/cpp07_exercise': AMENT_PREFIX_PATH=/home/levi/tut_interface/install/base_interfaces_demo:${AMENT_PREFIX_PATH} CMAKE_PREFIX_PATH=/home/levi/tut_interface/install/base_interfaces_demo:/opt/ros/humble LD_LIBRARY_PATH=/home/levi/tut_interface/install/base_interfaces_demo/lib:${LD_LIBRARY_PATH} PYTHONPATH=/home/levi/tut_interface/install/base_interfaces_demo/local/lib/python3.10/dist-packages:${PYTHONPATH} /usr/bin/cmake --build /home/levi/tut_interface/build/cpp07_exercise -- -j6 -l6
[9.346s] DEBUG:colcon.colcon_core.event_handler.log_command:Invoked command in '/home/levi/tut_interface/build/cpp07_exercise' returned '2': AMENT_PREFIX_PATH=/home/levi/tut_interface/install/base_interfaces_demo:${AMENT_PREFIX_PATH} CMAKE_PREFIX_PATH=/home/levi/tut_interface/install/base_interfaces_demo:/opt/ros/humble LD_LIBRARY_PATH=/home/levi/tut_interface/install/base_interfaces_demo/lib:${LD_LIBRARY_PATH} PYTHONPATH=/home/levi/tut_interface/install/base_interfaces_demo/local/lib/python3.10/dist-packages:${PYTHONPATH} /usr/bin/cmake --build /home/levi/tut_interface/build/cpp07_exercise -- -j6 -l6
[10.012s] Level 1:colcon.colcon_core.environment:create_environment_scripts_only(cpp07_exercise)
[10.041s] Level 1:colcon.colcon_core.environment:checking '/home/levi/tut_interface/install/cpp07_exercise' for CMake module files
[10.048s] Level 1:colcon.colcon_core.environment:checking '/home/levi/tut_interface/install/cpp07_exercise' for CMake config files
[10.052s] Level 1:colcon.colcon_core.shell:create_environment_hook('cpp07_exercise', 'cmake_prefix_path')
[10.056s] INFO:colcon.colcon_core.shell:Creating environment hook '/home/levi/tut_interface/install/cpp07_exercise/share/cpp07_exercise/hook/cmake_prefix_path.ps1'
[10.062s] INFO:colcon.colcon_core.shell:Creating environment descriptor '/home/levi/tut_interface/install/cpp07_exercise/share/cpp07_exercise/hook/cmake_prefix_path.dsv'
[10.065s] INFO:colcon.colcon_core.shell:Creating environment hook '/home/levi/tut_interface/install/cpp07_exercise/share/cpp07_exercise/hook/cmake_prefix_path.sh'
[10.072s] Level 1:colcon.colcon_core.environment:checking '/home/levi/tut_interface/install/cpp07_exercise/lib'
[10.074s] Level 1:colcon.colcon_core.environment:checking '/home/levi/tut_interface/install/cpp07_exercise/bin'
[10.074s] Level 1:colcon.colcon_core.environment:checking '/home/levi/tut_interface/install/cpp07_exercise/lib/pkgconfig/cpp07_exercise.pc'
[10.077s] Level 1:colcon.colcon_core.environment:checking '/home/levi/tut_interface/install/cpp07_exercise/lib/python3.10/site-packages'
[10.078s] Level 1:colcon.colcon_core.environment:checking '/home/levi/tut_interface/install/cpp07_exercise/bin'
[10.083s] INFO:colcon.colcon_core.shell:Creating package script '/home/levi/tut_interface/install/cpp07_exercise/share/cpp07_exercise/package.ps1'
[10.089s] INFO:colcon.colcon_core.shell:Creating package descriptor '/home/levi/tut_interface/install/cpp07_exercise/share/cpp07_exercise/package.dsv'
[10.091s] INFO:colcon.colcon_core.shell:Creating package script '/home/levi/tut_interface/install/cpp07_exercise/share/cpp07_exercise/package.sh'
[10.093s] INFO:colcon.colcon_core.shell:Creating package script '/home/levi/tut_interface/install/cpp07_exercise/share/cpp07_exercise/package.bash'
[10.096s] INFO:colcon.colcon_core.shell:Creating package script '/home/levi/tut_interface/install/cpp07_exercise/share/cpp07_exercise/package.zsh'
[10.100s] Level 1:colcon.colcon_core.environment:create_file_with_runtime_dependencies(/home/levi/tut_interface/install/cpp07_exercise/share/colcon-core/packages/cpp07_exercise)
[10.113s] DEBUG:colcon.colcon_parallel_executor.executor.parallel:closing loop
[10.115s] DEBUG:colcon.colcon_parallel_executor.executor.parallel:loop closed
[10.116s] DEBUG:colcon.colcon_parallel_executor.executor.parallel:run_until_complete finished with '2'
[10.117s] DEBUG:colcon.colcon_core.event_reactor:joining thread
[10.158s] INFO:colcon.colcon_core.plugin_system:Skipping extension 'colcon_notification.desktop_notification.terminal_notifier': Not used on non-Darwin systems
[10.159s] INFO:colcon.colcon_core.plugin_system:Skipping extension 'colcon_notification.desktop_notification.win32': Not used on non-Windows systems
[10.159s] INFO:colcon.colcon_notification.desktop_notification:Sending desktop notification using 'notify2'
[10.392s] DEBUG:colcon.colcon_core.event_reactor:joined thread
[10.394s] INFO:colcon.colcon_core.shell:Creating prefix script '/home/levi/tut_interface/install/local_setup.ps1'
[10.397s] INFO:colcon.colcon_core.shell:Creating prefix util module '/home/levi/tut_interface/install/_local_setup_util_ps1.py'
[10.401s] INFO:colcon.colcon_core.shell:Creating prefix chain script '/home/levi/tut_interface/install/setup.ps1'
[10.407s] INFO:colcon.colcon_core.shell:Creating prefix script '/home/levi/tut_interface/install/local_setup.sh'
[10.410s] INFO:colcon.colcon_core.shell:Creating prefix util module '/home/levi/tut_interface/install/_local_setup_util_sh.py'
[10.415s] INFO:colcon.colcon_core.shell:Creating prefix chain script '/home/levi/tut_interface/install/setup.sh'
[10.422s] INFO:colcon.colcon_core.shell:Creating prefix script '/home/levi/tut_interface/install/local_setup.bash'
[10.426s] INFO:colcon.colcon_core.shell:Creating prefix chain script '/home/levi/tut_interface/install/setup.bash'
[10.434s] INFO:colcon.colcon_core.shell:Creating prefix script '/home/levi/tut_interface/install/local_setup.zsh'
[10.437s] INFO:colcon.colcon_core.shell:Creating prefix chain script '/home/levi/tut_interface/install/setup.zsh'
