[1.444s] DEBUG:colcon:Command line arguments: ['/usr/bin/colcon', 'build', '--packages-select', 'cpp05_time']
[1.444s] DEBUG:colcon:Parsed command line arguments: Namespace(log_base=None, log_level=None, verb_name='build', build_base='build', install_base='install', merge_install=False, symlink_install=False, test_result_base=None, continue_on_error=False, executor='parallel', parallel_workers=6, event_handlers=None, ignore_user_meta=False, metas=['./colcon.meta'], base_paths=['.'], packages_ignore=None, packages_ignore_regex=None, paths=None, packages_up_to=None, packages_up_to_regex=None, packages_above=None, packages_above_and_dependencies=None, packages_above_depth=None, packages_select_by_dep=None, packages_skip_by_dep=None, packages_skip_up_to=None, packages_select_build_failed=False, packages_skip_build_finished=False, packages_select_test_failures=False, packages_skip_test_passed=False, packages_select=['cpp05_time'], packages_skip=None, packages_select_regex=None, packages_skip_regex=None, packages_start=None, packages_end=None, allow_overriding=[], cmake_args=None, cmake_target=None, cmake_target_skip_unavailable=False, cmake_clean_cache=False, cmake_clean_first=False, cmake_force_configure=False, ament_cmake_args=None, catkin_cmake_args=None, catkin_skip_building_tests=False, verb_parser=<colcon_defaults.argument_parser.defaults.DefaultArgumentsDecorator object at 0x7f57784b49a0>, verb_extension=<colcon_core.verb.build.BuildVerb object at 0x7f5778ccb040>, main=<bound method BuildVerb.main of <colcon_core.verb.build.BuildVerb object at 0x7f5778ccb040>>)
[1.576s] Level 1:colcon.colcon_core.package_discovery:discover_packages(colcon_meta) check parameters
[1.576s] Level 1:colcon.colcon_core.package_discovery:discover_packages(recursive) check parameters
[1.577s] Level 1:colcon.colcon_core.package_discovery:discover_packages(ignore) check parameters
[1.577s] Level 1:colcon.colcon_core.package_discovery:discover_packages(path) check parameters
[1.577s] Level 1:colcon.colcon_core.package_discovery:discover_packages(colcon_meta) discover
[1.578s] Level 1:colcon.colcon_core.package_discovery:discover_packages(recursive) discover
[1.578s] INFO:colcon.colcon_core.package_discovery:Crawling recursively for packages in '/home/levi/tut_interface'
[1.579s] Level 1:colcon.colcon_core.package_identification:_identify(.) by extensions ['ignore', 'ignore_ament_install']
[1.579s] Level 1:colcon.colcon_core.package_identification:_identify(.) by extension 'ignore'
[1.579s] Level 1:colcon.colcon_core.package_identification:_identify(.) by extension 'ignore_ament_install'
[1.580s] Level 1:colcon.colcon_core.package_identification:_identify(.) by extensions ['colcon_pkg']
[1.580s] Level 1:colcon.colcon_core.package_identification:_identify(.) by extension 'colcon_pkg'
[1.580s] Level 1:colcon.colcon_core.package_identification:_identify(.) by extensions ['colcon_meta']
[1.581s] Level 1:colcon.colcon_core.package_identification:_identify(.) by extension 'colcon_meta'
[1.581s] Level 1:colcon.colcon_core.package_identification:_identify(.) by extensions ['ros']
[1.581s] Level 1:colcon.colcon_core.package_identification:_identify(.) by extension 'ros'
[1.644s] Level 1:colcon.colcon_core.package_identification:_identify(.) by extensions ['cmake', 'python']
[1.644s] Level 1:colcon.colcon_core.package_identification:_identify(.) by extension 'cmake'
[1.645s] Level 1:colcon.colcon_core.package_identification:_identify(.) by extension 'python'
[1.645s] Level 1:colcon.colcon_core.package_identification:_identify(.) by extensions ['python_setup_py']
[1.645s] Level 1:colcon.colcon_core.package_identification:_identify(.) by extension 'python_setup_py'
[1.646s] Level 1:colcon.colcon_core.package_identification:_identify(build) by extensions ['ignore', 'ignore_ament_install']
[1.646s] Level 1:colcon.colcon_core.package_identification:_identify(build) by extension 'ignore'
[1.646s] Level 1:colcon.colcon_core.package_identification:_identify(build) ignored
[1.646s] Level 1:colcon.colcon_core.package_identification:_identify(install) by extensions ['ignore', 'ignore_ament_install']
[1.647s] Level 1:colcon.colcon_core.package_identification:_identify(install) by extension 'ignore'
[1.647s] Level 1:colcon.colcon_core.package_identification:_identify(install) ignored
[1.648s] Level 1:colcon.colcon_core.package_identification:_identify(log) by extensions ['ignore', 'ignore_ament_install']
[1.648s] Level 1:colcon.colcon_core.package_identification:_identify(log) by extension 'ignore'
[1.648s] Level 1:colcon.colcon_core.package_identification:_identify(log) ignored
[1.649s] Level 1:colcon.colcon_core.package_identification:_identify(src) by extensions ['ignore', 'ignore_ament_install']
[1.649s] Level 1:colcon.colcon_core.package_identification:_identify(src) by extension 'ignore'
[1.649s] Level 1:colcon.colcon_core.package_identification:_identify(src) by extension 'ignore_ament_install'
[1.649s] Level 1:colcon.colcon_core.package_identification:_identify(src) by extensions ['colcon_pkg']
[1.649s] Level 1:colcon.colcon_core.package_identification:_identify(src) by extension 'colcon_pkg'
[1.650s] Level 1:colcon.colcon_core.package_identification:_identify(src) by extensions ['colcon_meta']
[1.650s] Level 1:colcon.colcon_core.package_identification:_identify(src) by extension 'colcon_meta'
[1.650s] Level 1:colcon.colcon_core.package_identification:_identify(src) by extensions ['ros']
[1.650s] Level 1:colcon.colcon_core.package_identification:_identify(src) by extension 'ros'
[1.650s] Level 1:colcon.colcon_core.package_identification:_identify(src) by extensions ['cmake', 'python']
[1.650s] Level 1:colcon.colcon_core.package_identification:_identify(src) by extension 'cmake'
[1.650s] Level 1:colcon.colcon_core.package_identification:_identify(src) by extension 'python'
[1.651s] Level 1:colcon.colcon_core.package_identification:_identify(src) by extensions ['python_setup_py']
[1.651s] Level 1:colcon.colcon_core.package_identification:_identify(src) by extension 'python_setup_py'
[1.651s] Level 1:colcon.colcon_core.package_identification:_identify(src/base_interfaces_demo) by extensions ['ignore', 'ignore_ament_install']
[1.652s] Level 1:colcon.colcon_core.package_identification:_identify(src/base_interfaces_demo) by extension 'ignore'
[1.652s] Level 1:colcon.colcon_core.package_identification:_identify(src/base_interfaces_demo) by extension 'ignore_ament_install'
[1.652s] Level 1:colcon.colcon_core.package_identification:_identify(src/base_interfaces_demo) by extensions ['colcon_pkg']
[1.652s] Level 1:colcon.colcon_core.package_identification:_identify(src/base_interfaces_demo) by extension 'colcon_pkg'
[1.652s] Level 1:colcon.colcon_core.package_identification:_identify(src/base_interfaces_demo) by extensions ['colcon_meta']
[1.653s] Level 1:colcon.colcon_core.package_identification:_identify(src/base_interfaces_demo) by extension 'colcon_meta'
[1.653s] Level 1:colcon.colcon_core.package_identification:_identify(src/base_interfaces_demo) by extensions ['ros']
[1.653s] Level 1:colcon.colcon_core.package_identification:_identify(src/base_interfaces_demo) by extension 'ros'
[1.660s] DEBUG:colcon.colcon_core.package_identification:Package 'src/base_interfaces_demo' with type 'ros.ament_cmake' and name 'base_interfaces_demo'
[1.661s] Level 1:colcon.colcon_core.package_identification:_identify(src/cpp01_topic) by extensions ['ignore', 'ignore_ament_install']
[1.661s] Level 1:colcon.colcon_core.package_identification:_identify(src/cpp01_topic) by extension 'ignore'
[1.662s] Level 1:colcon.colcon_core.package_identification:_identify(src/cpp01_topic) by extension 'ignore_ament_install'
[1.662s] Level 1:colcon.colcon_core.package_identification:_identify(src/cpp01_topic) by extensions ['colcon_pkg']
[1.662s] Level 1:colcon.colcon_core.package_identification:_identify(src/cpp01_topic) by extension 'colcon_pkg'
[1.662s] Level 1:colcon.colcon_core.package_identification:_identify(src/cpp01_topic) by extensions ['colcon_meta']
[1.662s] Level 1:colcon.colcon_core.package_identification:_identify(src/cpp01_topic) by extension 'colcon_meta'
[1.662s] Level 1:colcon.colcon_core.package_identification:_identify(src/cpp01_topic) by extensions ['ros']
[1.663s] Level 1:colcon.colcon_core.package_identification:_identify(src/cpp01_topic) by extension 'ros'
[1.665s] DEBUG:colcon.colcon_core.package_identification:Package 'src/cpp01_topic' with type 'ros.ament_cmake' and name 'cpp01_topic'
[1.665s] Level 1:colcon.colcon_core.package_identification:_identify(src/cpp02_srv) by extensions ['ignore', 'ignore_ament_install']
[1.665s] Level 1:colcon.colcon_core.package_identification:_identify(src/cpp02_srv) by extension 'ignore'
[1.665s] Level 1:colcon.colcon_core.package_identification:_identify(src/cpp02_srv) by extension 'ignore_ament_install'
[1.665s] Level 1:colcon.colcon_core.package_identification:_identify(src/cpp02_srv) by extensions ['colcon_pkg']
[1.665s] Level 1:colcon.colcon_core.package_identification:_identify(src/cpp02_srv) by extension 'colcon_pkg'
[1.665s] Level 1:colcon.colcon_core.package_identification:_identify(src/cpp02_srv) by extensions ['colcon_meta']
[1.665s] Level 1:colcon.colcon_core.package_identification:_identify(src/cpp02_srv) by extension 'colcon_meta'
[1.665s] Level 1:colcon.colcon_core.package_identification:_identify(src/cpp02_srv) by extensions ['ros']
[1.665s] Level 1:colcon.colcon_core.package_identification:_identify(src/cpp02_srv) by extension 'ros'
[1.666s] DEBUG:colcon.colcon_core.package_identification:Package 'src/cpp02_srv' with type 'ros.ament_cmake' and name 'cpp02_srv'
[1.666s] Level 1:colcon.colcon_core.package_identification:_identify(src/cpp03_action) by extensions ['ignore', 'ignore_ament_install']
[1.666s] Level 1:colcon.colcon_core.package_identification:_identify(src/cpp03_action) by extension 'ignore'
[1.666s] Level 1:colcon.colcon_core.package_identification:_identify(src/cpp03_action) by extension 'ignore_ament_install'
[1.666s] Level 1:colcon.colcon_core.package_identification:_identify(src/cpp03_action) by extensions ['colcon_pkg']
[1.666s] Level 1:colcon.colcon_core.package_identification:_identify(src/cpp03_action) by extension 'colcon_pkg'
[1.666s] Level 1:colcon.colcon_core.package_identification:_identify(src/cpp03_action) by extensions ['colcon_meta']
[1.666s] Level 1:colcon.colcon_core.package_identification:_identify(src/cpp03_action) by extension 'colcon_meta'
[1.666s] Level 1:colcon.colcon_core.package_identification:_identify(src/cpp03_action) by extensions ['ros']
[1.666s] Level 1:colcon.colcon_core.package_identification:_identify(src/cpp03_action) by extension 'ros'
[1.667s] DEBUG:colcon.colcon_core.package_identification:Package 'src/cpp03_action' with type 'ros.ament_cmake' and name 'cpp03_action'
[1.667s] Level 1:colcon.colcon_core.package_identification:_identify(src/cpp04_param) by extensions ['ignore', 'ignore_ament_install']
[1.667s] Level 1:colcon.colcon_core.package_identification:_identify(src/cpp04_param) by extension 'ignore'
[1.668s] Level 1:colcon.colcon_core.package_identification:_identify(src/cpp04_param) by extension 'ignore_ament_install'
[1.668s] Level 1:colcon.colcon_core.package_identification:_identify(src/cpp04_param) by extensions ['colcon_pkg']
[1.668s] Level 1:colcon.colcon_core.package_identification:_identify(src/cpp04_param) by extension 'colcon_pkg'
[1.669s] Level 1:colcon.colcon_core.package_identification:_identify(src/cpp04_param) by extensions ['colcon_meta']
[1.669s] Level 1:colcon.colcon_core.package_identification:_identify(src/cpp04_param) by extension 'colcon_meta'
[1.669s] Level 1:colcon.colcon_core.package_identification:_identify(src/cpp04_param) by extensions ['ros']
[1.670s] Level 1:colcon.colcon_core.package_identification:_identify(src/cpp04_param) by extension 'ros'
[1.672s] DEBUG:colcon.colcon_core.package_identification:Package 'src/cpp04_param' with type 'ros.ament_cmake' and name 'cpp04_param'
[1.673s] Level 1:colcon.colcon_core.package_identification:_identify(src/cpp05_time) by extensions ['ignore', 'ignore_ament_install']
[1.673s] Level 1:colcon.colcon_core.package_identification:_identify(src/cpp05_time) by extension 'ignore'
[1.674s] Level 1:colcon.colcon_core.package_identification:_identify(src/cpp05_time) by extension 'ignore_ament_install'
[1.674s] Level 1:colcon.colcon_core.package_identification:_identify(src/cpp05_time) by extensions ['colcon_pkg']
[1.674s] Level 1:colcon.colcon_core.package_identification:_identify(src/cpp05_time) by extension 'colcon_pkg'
[1.675s] Level 1:colcon.colcon_core.package_identification:_identify(src/cpp05_time) by extensions ['colcon_meta']
[1.675s] Level 1:colcon.colcon_core.package_identification:_identify(src/cpp05_time) by extension 'colcon_meta'
[1.675s] Level 1:colcon.colcon_core.package_identification:_identify(src/cpp05_time) by extensions ['ros']
[1.676s] Level 1:colcon.colcon_core.package_identification:_identify(src/cpp05_time) by extension 'ros'
[1.679s] DEBUG:colcon.colcon_core.package_identification:Package 'src/cpp05_time' with type 'ros.ament_cmake' and name 'cpp05_time'
[1.681s] Level 1:colcon.colcon_core.package_identification:_identify(src/meta_pkg) by extensions ['ignore', 'ignore_ament_install']
[1.682s] Level 1:colcon.colcon_core.package_identification:_identify(src/meta_pkg) by extension 'ignore'
[1.682s] Level 1:colcon.colcon_core.package_identification:_identify(src/meta_pkg) by extension 'ignore_ament_install'
[1.683s] Level 1:colcon.colcon_core.package_identification:_identify(src/meta_pkg) by extensions ['colcon_pkg']
[1.683s] Level 1:colcon.colcon_core.package_identification:_identify(src/meta_pkg) by extension 'colcon_pkg'
[1.683s] Level 1:colcon.colcon_core.package_identification:_identify(src/meta_pkg) by extensions ['colcon_meta']
[1.684s] Level 1:colcon.colcon_core.package_identification:_identify(src/meta_pkg) by extension 'colcon_meta'
[1.684s] Level 1:colcon.colcon_core.package_identification:_identify(src/meta_pkg) by extensions ['ros']
[1.684s] Level 1:colcon.colcon_core.package_identification:_identify(src/meta_pkg) by extension 'ros'
[1.687s] DEBUG:colcon.colcon_core.package_identification:Package 'src/meta_pkg' with type 'ros.ament_cmake' and name 'meta_pkg'
[1.688s] Level 1:colcon.colcon_core.package_identification:_identify(src/topic_test) by extensions ['ignore', 'ignore_ament_install']
[1.688s] Level 1:colcon.colcon_core.package_identification:_identify(src/topic_test) by extension 'ignore'
[1.689s] Level 1:colcon.colcon_core.package_identification:_identify(src/topic_test) by extension 'ignore_ament_install'
[1.689s] Level 1:colcon.colcon_core.package_identification:_identify(src/topic_test) by extensions ['colcon_pkg']
[1.690s] Level 1:colcon.colcon_core.package_identification:_identify(src/topic_test) by extension 'colcon_pkg'
[1.690s] Level 1:colcon.colcon_core.package_identification:_identify(src/topic_test) by extensions ['colcon_meta']
[1.690s] Level 1:colcon.colcon_core.package_identification:_identify(src/topic_test) by extension 'colcon_meta'
[1.691s] Level 1:colcon.colcon_core.package_identification:_identify(src/topic_test) by extensions ['ros']
[1.691s] Level 1:colcon.colcon_core.package_identification:_identify(src/topic_test) by extension 'ros'
[1.694s] DEBUG:colcon.colcon_core.package_identification:Package 'src/topic_test' with type 'ros.ament_cmake' and name 'topic_test'
[1.694s] Level 1:colcon.colcon_core.package_discovery:discover_packages(recursive) using defaults
[1.694s] Level 1:colcon.colcon_core.package_discovery:discover_packages(ignore) discover
[1.695s] Level 1:colcon.colcon_core.package_discovery:discover_packages(ignore) using defaults
[1.695s] Level 1:colcon.colcon_core.package_discovery:discover_packages(path) discover
[1.695s] Level 1:colcon.colcon_core.package_discovery:discover_packages(path) using defaults
[1.802s] INFO:colcon.colcon_core.package_selection:Skipping not selected package 'base_interfaces_demo' in 'src/base_interfaces_demo'
[1.803s] INFO:colcon.colcon_core.package_selection:Skipping not selected package 'cpp04_param' in 'src/cpp04_param'
[1.803s] INFO:colcon.colcon_core.package_selection:Skipping not selected package 'topic_test' in 'src/topic_test'
[1.803s] INFO:colcon.colcon_core.package_selection:Skipping not selected package 'cpp01_topic' in 'src/cpp01_topic'
[1.803s] INFO:colcon.colcon_core.package_selection:Skipping not selected package 'cpp02_srv' in 'src/cpp02_srv'
[1.803s] INFO:colcon.colcon_core.package_selection:Skipping not selected package 'cpp03_action' in 'src/cpp03_action'
[1.804s] INFO:colcon.colcon_core.package_selection:Skipping not selected package 'meta_pkg' in 'src/meta_pkg'
[1.807s] Level 1:colcon.colcon_core.package_discovery:discover_packages(prefix_path) check parameters
[1.807s] Level 1:colcon.colcon_core.package_discovery:discover_packages(prefix_path) discover
[1.827s] DEBUG:colcon.colcon_installed_package_information.package_discovery:Found 7 installed packages in /home/levi/tut_interface/install
[1.846s] DEBUG:colcon.colcon_installed_package_information.package_discovery:Found 283 installed packages in /opt/ros/humble
[1.853s] Level 1:colcon.colcon_core.package_discovery:discover_packages(prefix_path) using defaults
[2.179s] Level 5:colcon.colcon_core.verb:set package 'cpp05_time' build argument 'cmake_args' from command line to 'None'
[2.180s] Level 5:colcon.colcon_core.verb:set package 'cpp05_time' build argument 'cmake_target' from command line to 'None'
[2.180s] Level 5:colcon.colcon_core.verb:set package 'cpp05_time' build argument 'cmake_target_skip_unavailable' from command line to 'False'
[2.180s] Level 5:colcon.colcon_core.verb:set package 'cpp05_time' build argument 'cmake_clean_cache' from command line to 'False'
[2.180s] Level 5:colcon.colcon_core.verb:set package 'cpp05_time' build argument 'cmake_clean_first' from command line to 'False'
[2.180s] Level 5:colcon.colcon_core.verb:set package 'cpp05_time' build argument 'cmake_force_configure' from command line to 'False'
[2.181s] Level 5:colcon.colcon_core.verb:set package 'cpp05_time' build argument 'ament_cmake_args' from command line to 'None'
[2.182s] Level 5:colcon.colcon_core.verb:set package 'cpp05_time' build argument 'catkin_cmake_args' from command line to 'None'
[2.183s] Level 5:colcon.colcon_core.verb:set package 'cpp05_time' build argument 'catkin_skip_building_tests' from command line to 'False'
[2.183s] DEBUG:colcon.colcon_core.verb:Building package 'cpp05_time' with the following arguments: {'ament_cmake_args': None, 'build_base': '/home/levi/tut_interface/build/cpp05_time', 'catkin_cmake_args': None, 'catkin_skip_building_tests': False, 'cmake_args': None, 'cmake_clean_cache': False, 'cmake_clean_first': False, 'cmake_force_configure': False, 'cmake_target': None, 'cmake_target_skip_unavailable': False, 'install_base': '/home/levi/tut_interface/install/cpp05_time', 'merge_install': False, 'path': '/home/levi/tut_interface/src/cpp05_time', 'symlink_install': False, 'test_result_base': None}
[2.184s] INFO:colcon.colcon_core.executor:Executing jobs using 'parallel' executor
[2.195s] DEBUG:colcon.colcon_parallel_executor.executor.parallel:run_until_complete
[2.195s] INFO:colcon.colcon_ros.task.ament_cmake.build:Building ROS package in '/home/levi/tut_interface/src/cpp05_time' with build type 'ament_cmake'
[2.195s] INFO:colcon.colcon_cmake.task.cmake.build:Building CMake package in '/home/levi/tut_interface/src/cpp05_time'
[2.211s] INFO:colcon.colcon_core.plugin_system:Skipping extension 'colcon_core.shell.bat': Not used on non-Windows systems
[2.212s] INFO:colcon.colcon_core.shell:Skip shell extension 'powershell' for command environment: Not usable outside of PowerShell
[2.213s] DEBUG:colcon.colcon_core.shell:Skip shell extension 'dsv' for command environment
[2.272s] DEBUG:colcon.colcon_core.event_handler.log_command:Invoking command in '/home/levi/tut_interface/build/cpp05_time': CMAKE_PREFIX_PATH=${CMAKE_PREFIX_PATH}:/opt/ros/humble /usr/bin/cmake /home/levi/tut_interface/src/cpp05_time -DCMAKE_INSTALL_PREFIX=/home/levi/tut_interface/install/cpp05_time
[12.868s] DEBUG:colcon.colcon_core.event_handler.log_command:Invoked command in '/home/levi/tut_interface/build/cpp05_time' returned '0': CMAKE_PREFIX_PATH=${CMAKE_PREFIX_PATH}:/opt/ros/humble /usr/bin/cmake /home/levi/tut_interface/src/cpp05_time -DCMAKE_INSTALL_PREFIX=/home/levi/tut_interface/install/cpp05_time
[12.874s] DEBUG:colcon.colcon_core.event_handler.log_command:Invoking command in '/home/levi/tut_interface/build/cpp05_time': CMAKE_PREFIX_PATH=${CMAKE_PREFIX_PATH}:/opt/ros/humble /usr/bin/cmake --build /home/levi/tut_interface/build/cpp05_time -- -j6 -l6
[28.455s] DEBUG:colcon.colcon_core.event_handler.log_command:Invoked command in '/home/levi/tut_interface/build/cpp05_time' returned '0': CMAKE_PREFIX_PATH=${CMAKE_PREFIX_PATH}:/opt/ros/humble /usr/bin/cmake --build /home/levi/tut_interface/build/cpp05_time -- -j6 -l6
[28.867s] DEBUG:colcon.colcon_core.event_handler.log_command:Invoking command in '/home/levi/tut_interface/build/cpp05_time': CMAKE_PREFIX_PATH=${CMAKE_PREFIX_PATH}:/opt/ros/humble /usr/bin/cmake --install /home/levi/tut_interface/build/cpp05_time
[28.946s] Level 1:colcon.colcon_core.environment:create_environment_scripts_only(cpp05_time)
[28.950s] DEBUG:colcon.colcon_core.event_handler.log_command:Invoked command in '/home/levi/tut_interface/build/cpp05_time' returned '0': CMAKE_PREFIX_PATH=${CMAKE_PREFIX_PATH}:/opt/ros/humble /usr/bin/cmake --install /home/levi/tut_interface/build/cpp05_time
[28.973s] Level 1:colcon.colcon_core.environment:checking '/home/levi/tut_interface/install/cpp05_time' for CMake module files
[28.976s] Level 1:colcon.colcon_core.environment:checking '/home/levi/tut_interface/install/cpp05_time' for CMake config files
[28.981s] Level 1:colcon.colcon_core.shell:create_environment_hook('cpp05_time', 'cmake_prefix_path')
[28.985s] INFO:colcon.colcon_core.shell:Creating environment hook '/home/levi/tut_interface/install/cpp05_time/share/cpp05_time/hook/cmake_prefix_path.ps1'
[28.988s] INFO:colcon.colcon_core.shell:Creating environment descriptor '/home/levi/tut_interface/install/cpp05_time/share/cpp05_time/hook/cmake_prefix_path.dsv'
[28.994s] INFO:colcon.colcon_core.shell:Creating environment hook '/home/levi/tut_interface/install/cpp05_time/share/cpp05_time/hook/cmake_prefix_path.sh'
[28.998s] Level 1:colcon.colcon_core.environment:checking '/home/levi/tut_interface/install/cpp05_time/lib'
[28.999s] Level 1:colcon.colcon_core.environment:checking '/home/levi/tut_interface/install/cpp05_time/bin'
[28.999s] Level 1:colcon.colcon_core.environment:checking '/home/levi/tut_interface/install/cpp05_time/lib/pkgconfig/cpp05_time.pc'
[29.001s] Level 1:colcon.colcon_core.environment:checking '/home/levi/tut_interface/install/cpp05_time/lib/python3.10/site-packages'
[29.002s] Level 1:colcon.colcon_core.environment:checking '/home/levi/tut_interface/install/cpp05_time/bin'
[29.004s] INFO:colcon.colcon_core.shell:Creating package script '/home/levi/tut_interface/install/cpp05_time/share/cpp05_time/package.ps1'
[29.006s] INFO:colcon.colcon_core.shell:Creating package descriptor '/home/levi/tut_interface/install/cpp05_time/share/cpp05_time/package.dsv'
[29.007s] INFO:colcon.colcon_core.shell:Creating package script '/home/levi/tut_interface/install/cpp05_time/share/cpp05_time/package.sh'
[29.008s] INFO:colcon.colcon_core.shell:Creating package script '/home/levi/tut_interface/install/cpp05_time/share/cpp05_time/package.bash'
[29.014s] INFO:colcon.colcon_core.shell:Creating package script '/home/levi/tut_interface/install/cpp05_time/share/cpp05_time/package.zsh'
[29.017s] Level 1:colcon.colcon_core.environment:create_file_with_runtime_dependencies(/home/levi/tut_interface/install/cpp05_time/share/colcon-core/packages/cpp05_time)
[29.374s] Level 1:colcon.colcon_core.environment:create_environment_scripts_only(cpp05_time)
[29.379s] Level 1:colcon.colcon_core.environment:checking '/home/levi/tut_interface/install/cpp05_time' for CMake module files
[29.383s] Level 1:colcon.colcon_core.environment:checking '/home/levi/tut_interface/install/cpp05_time' for CMake config files
[29.387s] Level 1:colcon.colcon_core.shell:create_environment_hook('cpp05_time', 'cmake_prefix_path')
[29.391s] INFO:colcon.colcon_core.shell:Creating environment hook '/home/levi/tut_interface/install/cpp05_time/share/cpp05_time/hook/cmake_prefix_path.ps1'
[29.394s] INFO:colcon.colcon_core.shell:Creating environment descriptor '/home/levi/tut_interface/install/cpp05_time/share/cpp05_time/hook/cmake_prefix_path.dsv'
[29.396s] INFO:colcon.colcon_core.shell:Creating environment hook '/home/levi/tut_interface/install/cpp05_time/share/cpp05_time/hook/cmake_prefix_path.sh'
[29.399s] Level 1:colcon.colcon_core.environment:checking '/home/levi/tut_interface/install/cpp05_time/lib'
[29.400s] Level 1:colcon.colcon_core.environment:checking '/home/levi/tut_interface/install/cpp05_time/bin'
[29.400s] Level 1:colcon.colcon_core.environment:checking '/home/levi/tut_interface/install/cpp05_time/lib/pkgconfig/cpp05_time.pc'
[29.402s] Level 1:colcon.colcon_core.environment:checking '/home/levi/tut_interface/install/cpp05_time/lib/python3.10/site-packages'
[29.402s] Level 1:colcon.colcon_core.environment:checking '/home/levi/tut_interface/install/cpp05_time/bin'
[29.406s] INFO:colcon.colcon_core.shell:Creating package script '/home/levi/tut_interface/install/cpp05_time/share/cpp05_time/package.ps1'
[29.409s] INFO:colcon.colcon_core.shell:Creating package descriptor '/home/levi/tut_interface/install/cpp05_time/share/cpp05_time/package.dsv'
[29.412s] INFO:colcon.colcon_core.shell:Creating package script '/home/levi/tut_interface/install/cpp05_time/share/cpp05_time/package.sh'
[29.417s] INFO:colcon.colcon_core.shell:Creating package script '/home/levi/tut_interface/install/cpp05_time/share/cpp05_time/package.bash'
[29.420s] INFO:colcon.colcon_core.shell:Creating package script '/home/levi/tut_interface/install/cpp05_time/share/cpp05_time/package.zsh'
[29.423s] Level 1:colcon.colcon_core.environment:create_file_with_runtime_dependencies(/home/levi/tut_interface/install/cpp05_time/share/colcon-core/packages/cpp05_time)
[29.430s] DEBUG:colcon.colcon_parallel_executor.executor.parallel:closing loop
[29.433s] DEBUG:colcon.colcon_parallel_executor.executor.parallel:loop closed
[29.434s] DEBUG:colcon.colcon_parallel_executor.executor.parallel:run_until_complete finished with '0'
[29.434s] DEBUG:colcon.colcon_core.event_reactor:joining thread
[29.448s] INFO:colcon.colcon_core.plugin_system:Skipping extension 'colcon_notification.desktop_notification.terminal_notifier': Not used on non-Darwin systems
[29.449s] INFO:colcon.colcon_core.plugin_system:Skipping extension 'colcon_notification.desktop_notification.win32': Not used on non-Windows systems
[29.449s] INFO:colcon.colcon_notification.desktop_notification:Sending desktop notification using 'notify2'
[29.527s] DEBUG:colcon.colcon_core.event_reactor:joined thread
[29.530s] INFO:colcon.colcon_core.shell:Creating prefix script '/home/levi/tut_interface/install/local_setup.ps1'
[29.533s] INFO:colcon.colcon_core.shell:Creating prefix util module '/home/levi/tut_interface/install/_local_setup_util_ps1.py'
[29.539s] INFO:colcon.colcon_core.shell:Creating prefix chain script '/home/levi/tut_interface/install/setup.ps1'
[29.545s] INFO:colcon.colcon_core.shell:Creating prefix script '/home/levi/tut_interface/install/local_setup.sh'
[29.547s] INFO:colcon.colcon_core.shell:Creating prefix util module '/home/levi/tut_interface/install/_local_setup_util_sh.py'
[29.549s] INFO:colcon.colcon_core.shell:Creating prefix chain script '/home/levi/tut_interface/install/setup.sh'
[29.562s] INFO:colcon.colcon_core.shell:Creating prefix script '/home/levi/tut_interface/install/local_setup.bash'
[29.565s] INFO:colcon.colcon_core.shell:Creating prefix chain script '/home/levi/tut_interface/install/setup.bash'
[29.574s] INFO:colcon.colcon_core.shell:Creating prefix script '/home/levi/tut_interface/install/local_setup.zsh'
[29.576s] INFO:colcon.colcon_core.shell:Creating prefix chain script '/home/levi/tut_interface/install/setup.zsh'
