[0.084s] Invoking command in '/home/levi/tut_interface/build/base_interfaces_demo': CMAKE_PREFIX_PATH=${CMAKE_PREFIX_PATH}:/opt/ros/humble /usr/bin/cmake --build /home/levi/tut_interface/build/base_interfaces_demo -- -j6 -l6
[0.450s] -- Found ament_cmake: 1.3.3 (/opt/ros/humble/share/ament_cmake/cmake)
[1.319s] -- Found rosidl_default_generators: 1.2.0 (/opt/ros/humble/share/rosidl_default_generators/cmake)
[1.332s] -- Using all available rosidl_typesupport_c: rosidl_typesupport_fastrtps_c;rosidl_typesupport_introspection_c
[1.354s] -- Found rosidl_adapter: 3.1.4 (/opt/ros/humble/share/rosidl_adapter/cmake)
[1.603s] -- Using all available rosidl_typesupport_cpp: rosidl_typesupport_fastrtps_cpp;rosidl_typesupport_introspection_cpp
[4.012s] -- Found ament_cmake_ros: 0.10.0 (/opt/ros/humble/share/ament_cmake_ros/cmake)
[5.378s] -- Using all available rosidl_typesupport_c: rosidl_typesupport_fastrtps_c;rosidl_typesupport_introspection_c
[7.286s] -- Using all available rosidl_typesupport_cpp: rosidl_typesupport_fastrtps_cpp;rosidl_typesupport_introspection_cpp
[7.441s] -- Found python_cmake_module: 0.10.0 (/opt/ros/humble/share/python_cmake_module/cmake)
[7.603s] -- Using PYTHON_EXECUTABLE: /usr/bin/python3
[7.612s] -- Using PYTHON_INCLUDE_DIRS: /usr/include/python3.10
[7.613s] -- Using PYTHON_LIBRARIES: /usr/lib/x86_64-linux-gnu/libpython3.10.so
[7.756s] -- Found ament_lint_auto: 0.12.5 (/opt/ros/humble/share/ament_lint_auto/cmake)
[7.826s] -- Configuring done
[8.417s] -- Generating done
[8.454s] -- Build files have been written to: /home/levi/tut_interface/build/base_interfaces_demo
[8.733s] [  1%] [34m[1mGenerating C code for ROS interfaces[0m
[8.834s] [  3%] [34m[1mGenerating C++ code for ROS interfaces[0m
[9.014s] [  3%] Built target ament_cmake_python_copy_base_interfaces_demo
[11.056s] running egg_info
[11.063s] writing base_interfaces_demo.egg-info/PKG-INFO
[11.067s] writing dependency_links to base_interfaces_demo.egg-info/dependency_links.txt
[11.074s] writing top-level names to base_interfaces_demo.egg-info/top_level.txt
[11.100s] reading manifest file 'base_interfaces_demo.egg-info/SOURCES.txt'
[11.106s] writing manifest file 'base_interfaces_demo.egg-info/SOURCES.txt'
[11.330s] [  3%] Built target ament_cmake_python_build_base_interfaces_demo_egg
[12.284s] [35m[1mConsolidate compiler generated dependencies of target base_interfaces_demo__rosidl_generator_c[0m
[12.616s] [  4%] [32mBuilding C object CMakeFiles/base_interfaces_demo__rosidl_generator_c.dir/rosidl_generator_c/base_interfaces_demo/srv/detail/add_ints__functions.c.o[0m
[12.661s] [  6%] [32mBuilding C object CMakeFiles/base_interfaces_demo__rosidl_generator_c.dir/rosidl_generator_c/base_interfaces_demo/msg/detail/student__functions.c.o[0m
[12.678s] [  7%] [32mBuilding C object CMakeFiles/base_interfaces_demo__rosidl_generator_c.dir/rosidl_generator_c/base_interfaces_demo/action/detail/progress__functions.c.o[0m
[12.752s] [  9%] [32mBuilding C object CMakeFiles/base_interfaces_demo__rosidl_generator_c.dir/rosidl_generator_c/base_interfaces_demo/srv/detail/distance__functions.c.o[0m
[12.826s] [ 11%] [32mBuilding C object CMakeFiles/base_interfaces_demo__rosidl_generator_c.dir/rosidl_generator_c/base_interfaces_demo/action/detail/nav__functions.c.o[0m
[12.962s] [ 11%] Built target base_interfaces_demo__cpp
[13.301s] [ 12%] [34m[1mGenerating C++ type support for eProsima Fast-RTPS[0m
[13.709s] [ 14%] [34m[1mGenerating C++ introspection for ROS interfaces[0m
[13.796s] [ 15%] [34m[1mGenerating C++ type support dispatch for ROS interfaces[0m
[14.391s] [ 17%] [32m[1mLinking C shared library libbase_interfaces_demo__rosidl_generator_c.so[0m
[15.244s] [ 17%] Built target base_interfaces_demo__rosidl_generator_c
[15.542s] [ 19%] [34m[1mGenerating C introspection for ROS interfaces[0m
[15.569s] [ 20%] [34m[1mGenerating C type support for eProsima Fast-RTPS[0m
[15.619s] [ 22%] [34m[1mGenerating C type support dispatch for ROS interfaces[0m
[17.245s] [35m[1mConsolidate compiler generated dependencies of target base_interfaces_demo__rosidl_typesupport_cpp[0m
[17.808s] [ 23%] [32mBuilding CXX object CMakeFiles/base_interfaces_demo__rosidl_typesupport_cpp.dir/rosidl_typesupport_cpp/base_interfaces_demo/msg/student__type_support.cpp.o[0m
[18.542s] [35m[1mConsolidate compiler generated dependencies of target base_interfaces_demo__rosidl_typesupport_introspection_cpp[0m
[18.850s] [ 25%] [32mBuilding CXX object CMakeFiles/base_interfaces_demo__rosidl_typesupport_introspection_cpp.dir/rosidl_typesupport_introspection_cpp/base_interfaces_demo/msg/detail/student__type_support.cpp.o[0m
[19.264s] [35m[1mConsolidate compiler generated dependencies of target base_interfaces_demo__rosidl_typesupport_fastrtps_cpp[0m
[19.519s] [35m[1mConsolidate compiler generated dependencies of target base_interfaces_demo__rosidl_typesupport_c[0m
[19.740s] [ 26%] [32mBuilding CXX object CMakeFiles/base_interfaces_demo__rosidl_typesupport_fastrtps_cpp.dir/rosidl_typesupport_fastrtps_cpp/base_interfaces_demo/msg/detail/dds_fastrtps/student__type_support.cpp.o[0m
[19.749s] [ 28%] [32mBuilding CXX object CMakeFiles/base_interfaces_demo__rosidl_typesupport_c.dir/rosidl_typesupport_c/base_interfaces_demo/msg/student__type_support.cpp.o[0m
[20.053s] [35m[1mConsolidate compiler generated dependencies of target base_interfaces_demo__rosidl_typesupport_introspection_c[0m
[20.377s] [ 30%] [32mBuilding CXX object CMakeFiles/base_interfaces_demo__rosidl_typesupport_c.dir/rosidl_typesupport_c/base_interfaces_demo/srv/add_ints__type_support.cpp.o[0m
[20.456s] [ 31%] [32mBuilding C object CMakeFiles/base_interfaces_demo__rosidl_typesupport_introspection_c.dir/rosidl_typesupport_introspection_c/base_interfaces_demo/msg/detail/student__type_support.c.o[0m
[21.143s] [ 33%] [32mBuilding CXX object CMakeFiles/base_interfaces_demo__rosidl_typesupport_c.dir/rosidl_typesupport_c/base_interfaces_demo/action/progress__type_support.cpp.o[0m
[21.450s] [ 34%] [32mBuilding C object CMakeFiles/base_interfaces_demo__rosidl_typesupport_introspection_c.dir/rosidl_typesupport_introspection_c/base_interfaces_demo/srv/detail/add_ints__type_support.c.o[0m
[21.737s] [35m[1mConsolidate compiler generated dependencies of target base_interfaces_demo__rosidl_typesupport_fastrtps_c[0m
[22.108s] [ 36%] [32mBuilding C object CMakeFiles/base_interfaces_demo__rosidl_typesupport_introspection_c.dir/rosidl_typesupport_introspection_c/base_interfaces_demo/action/detail/progress__type_support.c.o[0m
[22.167s] [ 38%] [32mBuilding CXX object CMakeFiles/base_interfaces_demo__rosidl_typesupport_fastrtps_c.dir/rosidl_typesupport_fastrtps_c/base_interfaces_demo/msg/detail/student__type_support_c.cpp.o[0m
[22.352s] [ 39%] [32mBuilding CXX object CMakeFiles/base_interfaces_demo__rosidl_typesupport_c.dir/rosidl_typesupport_c/base_interfaces_demo/srv/distance__type_support.cpp.o[0m
[22.479s] [ 41%] [32mBuilding CXX object CMakeFiles/base_interfaces_demo__rosidl_typesupport_cpp.dir/rosidl_typesupport_cpp/base_interfaces_demo/srv/add_ints__type_support.cpp.o[0m
[23.018s] [ 44%] [32mBuilding CXX object CMakeFiles/base_interfaces_demo__rosidl_typesupport_c.dir/rosidl_typesupport_c/base_interfaces_demo/action/nav__type_support.cpp.o[0m
[23.028s] [ 42%] [32mBuilding C object CMakeFiles/base_interfaces_demo__rosidl_typesupport_introspection_c.dir/rosidl_typesupport_introspection_c/base_interfaces_demo/srv/detail/distance__type_support.c.o[0m
[23.722s] [ 46%] [32mBuilding C object CMakeFiles/base_interfaces_demo__rosidl_typesupport_introspection_c.dir/rosidl_typesupport_introspection_c/base_interfaces_demo/action/detail/nav__type_support.c.o[0m
[23.916s] [ 47%] [32m[1mLinking CXX shared library libbase_interfaces_demo__rosidl_typesupport_c.so[0m
[24.251s] [ 49%] [32mBuilding CXX object CMakeFiles/base_interfaces_demo__rosidl_typesupport_introspection_cpp.dir/rosidl_typesupport_introspection_cpp/base_interfaces_demo/srv/detail/add_ints__type_support.cpp.o[0m
[24.321s] [ 50%] [32m[1mLinking C shared library libbase_interfaces_demo__rosidl_typesupport_introspection_c.so[0m
[24.665s] [ 50%] Built target base_interfaces_demo__rosidl_typesupport_c
[24.802s] [ 52%] [32mBuilding CXX object CMakeFiles/base_interfaces_demo__rosidl_typesupport_fastrtps_cpp.dir/rosidl_typesupport_fastrtps_cpp/base_interfaces_demo/srv/detail/dds_fastrtps/add_ints__type_support.cpp.o[0m
[24.931s] [ 53%] [32mBuilding CXX object CMakeFiles/base_interfaces_demo__rosidl_typesupport_introspection_cpp.dir/rosidl_typesupport_introspection_cpp/base_interfaces_demo/action/detail/progress__type_support.cpp.o[0m
[25.187s] [ 53%] Built target base_interfaces_demo__rosidl_typesupport_introspection_c
[25.379s] [ 55%] [32mBuilding CXX object CMakeFiles/base_interfaces_demo__rosidl_typesupport_introspection_cpp.dir/rosidl_typesupport_introspection_cpp/base_interfaces_demo/srv/detail/distance__type_support.cpp.o[0m
[26.143s] [ 57%] [32mBuilding CXX object CMakeFiles/base_interfaces_demo__rosidl_typesupport_cpp.dir/rosidl_typesupport_cpp/base_interfaces_demo/action/progress__type_support.cpp.o[0m
[26.806s] [ 58%] [32mBuilding CXX object CMakeFiles/base_interfaces_demo__rosidl_typesupport_fastrtps_c.dir/rosidl_typesupport_fastrtps_c/base_interfaces_demo/srv/detail/add_ints__type_support_c.cpp.o[0m
[30.236s] [ 60%] [32mBuilding CXX object CMakeFiles/base_interfaces_demo__rosidl_typesupport_fastrtps_cpp.dir/rosidl_typesupport_fastrtps_cpp/base_interfaces_demo/action/detail/dds_fastrtps/progress__type_support.cpp.o[0m
[31.032s] [ 61%] [32mBuilding CXX object CMakeFiles/base_interfaces_demo__rosidl_typesupport_cpp.dir/rosidl_typesupport_cpp/base_interfaces_demo/srv/distance__type_support.cpp.o[0m
[31.038s] [ 63%] [32mBuilding CXX object CMakeFiles/base_interfaces_demo__rosidl_typesupport_fastrtps_c.dir/rosidl_typesupport_fastrtps_c/base_interfaces_demo/action/detail/progress__type_support_c.cpp.o[0m
[31.104s] [ 65%] [32mBuilding CXX object CMakeFiles/base_interfaces_demo__rosidl_typesupport_introspection_cpp.dir/rosidl_typesupport_introspection_cpp/base_interfaces_demo/action/detail/nav__type_support.cpp.o[0m
[33.732s] [ 66%] [32mBuilding CXX object CMakeFiles/base_interfaces_demo__rosidl_typesupport_cpp.dir/rosidl_typesupport_cpp/base_interfaces_demo/action/nav__type_support.cpp.o[0m
[35.037s] [ 68%] [32mBuilding CXX object CMakeFiles/base_interfaces_demo__rosidl_typesupport_fastrtps_c.dir/rosidl_typesupport_fastrtps_c/base_interfaces_demo/srv/detail/distance__type_support_c.cpp.o[0m
[35.260s] [ 69%] [32mBuilding CXX object CMakeFiles/base_interfaces_demo__rosidl_typesupport_fastrtps_cpp.dir/rosidl_typesupport_fastrtps_cpp/base_interfaces_demo/action/detail/dds_fastrtps/nav__type_support.cpp.o[0m
[36.088s] [ 71%] [32m[1mLinking CXX shared library libbase_interfaces_demo__rosidl_typesupport_introspection_cpp.so[0m
[37.063s] [ 71%] Built target base_interfaces_demo__rosidl_typesupport_introspection_cpp
[37.592s] [ 73%] [32m[1mLinking CXX shared library libbase_interfaces_demo__rosidl_typesupport_cpp.so[0m
[38.212s] [ 73%] Built target base_interfaces_demo__rosidl_typesupport_cpp
[38.368s] [ 74%] [32mBuilding CXX object CMakeFiles/base_interfaces_demo__rosidl_typesupport_fastrtps_c.dir/rosidl_typesupport_fastrtps_c/base_interfaces_demo/action/detail/nav__type_support_c.cpp.o[0m
[39.537s] [ 76%] [32mBuilding CXX object CMakeFiles/base_interfaces_demo__rosidl_typesupport_fastrtps_cpp.dir/rosidl_typesupport_fastrtps_cpp/base_interfaces_demo/srv/detail/dds_fastrtps/distance__type_support.cpp.o[0m
[41.176s] [ 77%] [32m[1mLinking CXX shared library libbase_interfaces_demo__rosidl_typesupport_fastrtps_c.so[0m
[41.946s] [ 77%] Built target base_interfaces_demo__rosidl_typesupport_fastrtps_c
[42.665s] [ 79%] [32m[1mLinking CXX shared library libbase_interfaces_demo__rosidl_typesupport_fastrtps_cpp.so[0m
[43.436s] [ 79%] Built target base_interfaces_demo__rosidl_typesupport_fastrtps_cpp
[43.680s] [ 79%] Built target base_interfaces_demo
[43.957s] [ 80%] [34m[1mGenerating Python code for ROS interfaces[0m
[49.696s] [ 80%] Built target base_interfaces_demo__py
[49.786s] [35m[1mConsolidate compiler generated dependencies of target base_interfaces_demo__rosidl_generator_py[0m
[50.008s] [ 82%] [32mBuilding C object CMakeFiles/base_interfaces_demo__rosidl_generator_py.dir/rosidl_generator_py/base_interfaces_demo/msg/_student_s.c.o[0m
[51.014s] [ 84%] [32mBuilding C object CMakeFiles/base_interfaces_demo__rosidl_generator_py.dir/rosidl_generator_py/base_interfaces_demo/action/_nav_s.c.o[0m
[52.060s] [ 85%] [32mBuilding C object CMakeFiles/base_interfaces_demo__rosidl_generator_py.dir/rosidl_generator_py/base_interfaces_demo/srv/_distance_s.c.o[0m
[52.970s] [ 87%] [32mBuilding C object CMakeFiles/base_interfaces_demo__rosidl_generator_py.dir/rosidl_generator_py/base_interfaces_demo/action/_progress_s.c.o[0m
[54.049s] [ 88%] [32mBuilding C object CMakeFiles/base_interfaces_demo__rosidl_generator_py.dir/rosidl_generator_py/base_interfaces_demo/srv/_add_ints_s.c.o[0m
[54.952s] [ 90%] [32m[1mLinking C shared library rosidl_generator_py/base_interfaces_demo/libbase_interfaces_demo__rosidl_generator_py.so[0m
[55.416s] [ 90%] Built target base_interfaces_demo__rosidl_generator_py
[55.558s] [35m[1mConsolidate compiler generated dependencies of target base_interfaces_demo__rosidl_typesupport_fastrtps_c__pyext[0m
[55.662s] [ 92%] [32mBuilding C object CMakeFiles/base_interfaces_demo__rosidl_typesupport_fastrtps_c__pyext.dir/rosidl_generator_py/base_interfaces_demo/_base_interfaces_demo_s.ep.rosidl_typesupport_fastrtps_c.c.o[0m
[56.991s] [ 93%] [32m[1mLinking C shared library rosidl_generator_py/base_interfaces_demo/base_interfaces_demo_s__rosidl_typesupport_fastrtps_c.cpython-310-x86_64-linux-gnu.so[0m
[57.499s] [ 93%] Built target base_interfaces_demo__rosidl_typesupport_fastrtps_c__pyext
[57.623s] [35m[1mConsolidate compiler generated dependencies of target base_interfaces_demo__rosidl_typesupport_c__pyext[0m
[57.801s] [ 95%] [32mBuilding C object CMakeFiles/base_interfaces_demo__rosidl_typesupport_c__pyext.dir/rosidl_generator_py/base_interfaces_demo/_base_interfaces_demo_s.ep.rosidl_typesupport_c.c.o[0m
[59.004s] [ 96%] [32m[1mLinking C shared library rosidl_generator_py/base_interfaces_demo/base_interfaces_demo_s__rosidl_typesupport_c.cpython-310-x86_64-linux-gnu.so[0m
[59.435s] [ 96%] Built target base_interfaces_demo__rosidl_typesupport_c__pyext
[59.558s] [35m[1mConsolidate compiler generated dependencies of target base_interfaces_demo__rosidl_typesupport_introspection_c__pyext[0m
[59.721s] [ 98%] [32mBuilding C object CMakeFiles/base_interfaces_demo__rosidl_typesupport_introspection_c__pyext.dir/rosidl_generator_py/base_interfaces_demo/_base_interfaces_demo_s.ep.rosidl_typesupport_introspection_c.c.o[0m
[61.002s] [100%] [32m[1mLinking C shared library rosidl_generator_py/base_interfaces_demo/base_interfaces_demo_s__rosidl_typesupport_introspection_c.cpython-310-x86_64-linux-gnu.so[0m
[61.523s] [100%] Built target base_interfaces_demo__rosidl_typesupport_introspection_c__pyext
[61.661s] Invoked command in '/home/levi/tut_interface/build/base_interfaces_demo' returned '0': CMAKE_PREFIX_PATH=${CMAKE_PREFIX_PATH}:/opt/ros/humble /usr/bin/cmake --build /home/levi/tut_interface/build/base_interfaces_demo -- -j6 -l6
[64.376s] Invoking command in '/home/levi/tut_interface/build/base_interfaces_demo': CMAKE_PREFIX_PATH=${CMAKE_PREFIX_PATH}:/opt/ros/humble /usr/bin/cmake --install /home/levi/tut_interface/build/base_interfaces_demo
[64.425s] -- Install configuration: ""
[64.426s] -- Installing: /home/levi/tut_interface/install/base_interfaces_demo/share/ament_index/resource_index/rosidl_interfaces/base_interfaces_demo
[64.429s] -- Up-to-date: /home/levi/tut_interface/install/base_interfaces_demo/include/base_interfaces_demo/base_interfaces_demo
[64.429s] -- Up-to-date: /home/levi/tut_interface/install/base_interfaces_demo/include/base_interfaces_demo/base_interfaces_demo/msg
[64.430s] -- Up-to-date: /home/levi/tut_interface/install/base_interfaces_demo/include/base_interfaces_demo/base_interfaces_demo/msg/detail
[64.430s] -- Installing: /home/levi/tut_interface/install/base_interfaces_demo/include/base_interfaces_demo/base_interfaces_demo/msg/detail/student__struct.h
[64.431s] -- Installing: /home/levi/tut_interface/install/base_interfaces_demo/include/base_interfaces_demo/base_interfaces_demo/msg/detail/student__functions.c
[64.432s] -- Installing: /home/levi/tut_interface/install/base_interfaces_demo/include/base_interfaces_demo/base_interfaces_demo/msg/detail/student__type_support.h
[64.434s] -- Installing: /home/levi/tut_interface/install/base_interfaces_demo/include/base_interfaces_demo/base_interfaces_demo/msg/detail/student__functions.h
[64.435s] -- Installing: /home/levi/tut_interface/install/base_interfaces_demo/include/base_interfaces_demo/base_interfaces_demo/msg/student.h
[64.436s] -- Up-to-date: /home/levi/tut_interface/install/base_interfaces_demo/include/base_interfaces_demo/base_interfaces_demo/msg/rosidl_generator_c__visibility_control.h
[64.437s] -- Up-to-date: /home/levi/tut_interface/install/base_interfaces_demo/include/base_interfaces_demo/base_interfaces_demo/srv
[64.438s] -- Up-to-date: /home/levi/tut_interface/install/base_interfaces_demo/include/base_interfaces_demo/base_interfaces_demo/srv/detail
[64.440s] -- Installing: /home/levi/tut_interface/install/base_interfaces_demo/include/base_interfaces_demo/base_interfaces_demo/srv/detail/add_ints__struct.h
[64.440s] -- Installing: /home/levi/tut_interface/install/base_interfaces_demo/include/base_interfaces_demo/base_interfaces_demo/srv/detail/distance__functions.c
[64.441s] -- Installing: /home/levi/tut_interface/install/base_interfaces_demo/include/base_interfaces_demo/base_interfaces_demo/srv/detail/add_ints__type_support.h
[64.443s] -- Installing: /home/levi/tut_interface/install/base_interfaces_demo/include/base_interfaces_demo/base_interfaces_demo/srv/detail/distance__functions.h
[64.446s] -- Installing: /home/levi/tut_interface/install/base_interfaces_demo/include/base_interfaces_demo/base_interfaces_demo/srv/detail/distance__type_support.h
[64.447s] -- Installing: /home/levi/tut_interface/install/base_interfaces_demo/include/base_interfaces_demo/base_interfaces_demo/srv/detail/add_ints__functions.h
[64.449s] -- Installing: /home/levi/tut_interface/install/base_interfaces_demo/include/base_interfaces_demo/base_interfaces_demo/srv/detail/add_ints__functions.c
[64.451s] -- Installing: /home/levi/tut_interface/install/base_interfaces_demo/include/base_interfaces_demo/base_interfaces_demo/srv/detail/distance__struct.h
[64.454s] -- Installing: /home/levi/tut_interface/install/base_interfaces_demo/include/base_interfaces_demo/base_interfaces_demo/srv/add_ints.h
[64.459s] -- Installing: /home/levi/tut_interface/install/base_interfaces_demo/include/base_interfaces_demo/base_interfaces_demo/srv/distance.h
[64.460s] -- Up-to-date: /home/levi/tut_interface/install/base_interfaces_demo/include/base_interfaces_demo/base_interfaces_demo/action
[64.461s] -- Up-to-date: /home/levi/tut_interface/install/base_interfaces_demo/include/base_interfaces_demo/base_interfaces_demo/action/detail
[64.461s] -- Installing: /home/levi/tut_interface/install/base_interfaces_demo/include/base_interfaces_demo/base_interfaces_demo/action/detail/progress__struct.h
[64.464s] -- Installing: /home/levi/tut_interface/install/base_interfaces_demo/include/base_interfaces_demo/base_interfaces_demo/action/detail/nav__type_support.h
[64.464s] -- Installing: /home/levi/tut_interface/install/base_interfaces_demo/include/base_interfaces_demo/base_interfaces_demo/action/detail/progress__type_support.h
[64.465s] -- Installing: /home/levi/tut_interface/install/base_interfaces_demo/include/base_interfaces_demo/base_interfaces_demo/action/detail/nav__struct.h
[64.466s] -- Installing: /home/levi/tut_interface/install/base_interfaces_demo/include/base_interfaces_demo/base_interfaces_demo/action/detail/nav__functions.h
[64.466s] -- Installing: /home/levi/tut_interface/install/base_interfaces_demo/include/base_interfaces_demo/base_interfaces_demo/action/detail/nav__functions.c
[64.467s] -- Installing: /home/levi/tut_interface/install/base_interfaces_demo/include/base_interfaces_demo/base_interfaces_demo/action/detail/progress__functions.h
[64.473s] -- Installing: /home/levi/tut_interface/install/base_interfaces_demo/include/base_interfaces_demo/base_interfaces_demo/action/detail/progress__functions.c
[64.475s] -- Installing: /home/levi/tut_interface/install/base_interfaces_demo/include/base_interfaces_demo/base_interfaces_demo/action/progress.h
[64.477s] -- Installing: /home/levi/tut_interface/install/base_interfaces_demo/include/base_interfaces_demo/base_interfaces_demo/action/nav.h
[64.478s] -- Up-to-date: /home/levi/tut_interface/install/base_interfaces_demo/share/base_interfaces_demo/environment/library_path.sh
[64.480s] -- Installing: /home/levi/tut_interface/install/base_interfaces_demo/share/base_interfaces_demo/environment/library_path.dsv
[64.484s] -- Installing: /home/levi/tut_interface/install/base_interfaces_demo/lib/libbase_interfaces_demo__rosidl_generator_c.so
[64.499s] -- Set runtime path of "/home/levi/tut_interface/install/base_interfaces_demo/lib/libbase_interfaces_demo__rosidl_generator_c.so" to ""
[64.500s] -- Up-to-date: /home/levi/tut_interface/install/base_interfaces_demo/include/base_interfaces_demo/base_interfaces_demo
[64.501s] -- Up-to-date: /home/levi/tut_interface/install/base_interfaces_demo/include/base_interfaces_demo/base_interfaces_demo/msg
[64.508s] -- Up-to-date: /home/levi/tut_interface/install/base_interfaces_demo/include/base_interfaces_demo/base_interfaces_demo/msg/detail
[64.509s] -- Installing: /home/levi/tut_interface/install/base_interfaces_demo/include/base_interfaces_demo/base_interfaces_demo/msg/detail/student__rosidl_typesupport_fastrtps_c.h
[64.514s] -- Up-to-date: /home/levi/tut_interface/install/base_interfaces_demo/include/base_interfaces_demo/base_interfaces_demo/msg/rosidl_typesupport_fastrtps_c__visibility_control.h
[64.515s] -- Up-to-date: /home/levi/tut_interface/install/base_interfaces_demo/include/base_interfaces_demo/base_interfaces_demo/srv
[64.518s] -- Up-to-date: /home/levi/tut_interface/install/base_interfaces_demo/include/base_interfaces_demo/base_interfaces_demo/srv/detail
[64.521s] -- Installing: /home/levi/tut_interface/install/base_interfaces_demo/include/base_interfaces_demo/base_interfaces_demo/srv/detail/add_ints__rosidl_typesupport_fastrtps_c.h
[64.527s] -- Installing: /home/levi/tut_interface/install/base_interfaces_demo/include/base_interfaces_demo/base_interfaces_demo/srv/detail/distance__rosidl_typesupport_fastrtps_c.h
[64.529s] -- Up-to-date: /home/levi/tut_interface/install/base_interfaces_demo/include/base_interfaces_demo/base_interfaces_demo/action
[64.530s] -- Up-to-date: /home/levi/tut_interface/install/base_interfaces_demo/include/base_interfaces_demo/base_interfaces_demo/action/detail
[64.531s] -- Installing: /home/levi/tut_interface/install/base_interfaces_demo/include/base_interfaces_demo/base_interfaces_demo/action/detail/nav__rosidl_typesupport_fastrtps_c.h
[64.532s] -- Installing: /home/levi/tut_interface/install/base_interfaces_demo/include/base_interfaces_demo/base_interfaces_demo/action/detail/progress__rosidl_typesupport_fastrtps_c.h
[64.537s] -- Installing: /home/levi/tut_interface/install/base_interfaces_demo/lib/libbase_interfaces_demo__rosidl_typesupport_fastrtps_c.so
[64.547s] -- Set runtime path of "/home/levi/tut_interface/install/base_interfaces_demo/lib/libbase_interfaces_demo__rosidl_typesupport_fastrtps_c.so" to ""
[64.548s] -- Up-to-date: /home/levi/tut_interface/install/base_interfaces_demo/include/base_interfaces_demo/base_interfaces_demo
[64.549s] -- Up-to-date: /home/levi/tut_interface/install/base_interfaces_demo/include/base_interfaces_demo/base_interfaces_demo/msg
[64.550s] -- Up-to-date: /home/levi/tut_interface/install/base_interfaces_demo/include/base_interfaces_demo/base_interfaces_demo/msg/detail
[64.551s] -- Installing: /home/levi/tut_interface/install/base_interfaces_demo/include/base_interfaces_demo/base_interfaces_demo/msg/detail/student__type_support.c
[64.553s] -- Installing: /home/levi/tut_interface/install/base_interfaces_demo/include/base_interfaces_demo/base_interfaces_demo/msg/detail/student__rosidl_typesupport_introspection_c.h
[64.553s] -- Up-to-date: /home/levi/tut_interface/install/base_interfaces_demo/include/base_interfaces_demo/base_interfaces_demo/msg/rosidl_typesupport_introspection_c__visibility_control.h
[64.555s] -- Up-to-date: /home/levi/tut_interface/install/base_interfaces_demo/include/base_interfaces_demo/base_interfaces_demo/srv
[64.555s] -- Up-to-date: /home/levi/tut_interface/install/base_interfaces_demo/include/base_interfaces_demo/base_interfaces_demo/srv/detail
[64.556s] -- Installing: /home/levi/tut_interface/install/base_interfaces_demo/include/base_interfaces_demo/base_interfaces_demo/srv/detail/distance__rosidl_typesupport_introspection_c.h
[64.562s] -- Installing: /home/levi/tut_interface/install/base_interfaces_demo/include/base_interfaces_demo/base_interfaces_demo/srv/detail/distance__type_support.c
[64.562s] -- Installing: /home/levi/tut_interface/install/base_interfaces_demo/include/base_interfaces_demo/base_interfaces_demo/srv/detail/add_ints__type_support.c
[64.563s] -- Installing: /home/levi/tut_interface/install/base_interfaces_demo/include/base_interfaces_demo/base_interfaces_demo/srv/detail/add_ints__rosidl_typesupport_introspection_c.h
[64.563s] -- Up-to-date: /home/levi/tut_interface/install/base_interfaces_demo/include/base_interfaces_demo/base_interfaces_demo/action
[64.564s] -- Up-to-date: /home/levi/tut_interface/install/base_interfaces_demo/include/base_interfaces_demo/base_interfaces_demo/action/detail
[64.564s] -- Installing: /home/levi/tut_interface/install/base_interfaces_demo/include/base_interfaces_demo/base_interfaces_demo/action/detail/nav__type_support.c
[64.565s] -- Installing: /home/levi/tut_interface/install/base_interfaces_demo/include/base_interfaces_demo/base_interfaces_demo/action/detail/progress__rosidl_typesupport_introspection_c.h
[64.568s] -- Installing: /home/levi/tut_interface/install/base_interfaces_demo/include/base_interfaces_demo/base_interfaces_demo/action/detail/progress__type_support.c
[64.570s] -- Installing: /home/levi/tut_interface/install/base_interfaces_demo/include/base_interfaces_demo/base_interfaces_demo/action/detail/nav__rosidl_typesupport_introspection_c.h
[64.570s] -- Installing: /home/levi/tut_interface/install/base_interfaces_demo/lib/libbase_interfaces_demo__rosidl_typesupport_introspection_c.so
[64.570s] -- Set runtime path of "/home/levi/tut_interface/install/base_interfaces_demo/lib/libbase_interfaces_demo__rosidl_typesupport_introspection_c.so" to ""
[64.574s] -- Installing: /home/levi/tut_interface/install/base_interfaces_demo/lib/libbase_interfaces_demo__rosidl_typesupport_c.so
[64.596s] -- Set runtime path of "/home/levi/tut_interface/install/base_interfaces_demo/lib/libbase_interfaces_demo__rosidl_typesupport_c.so" to ""
[64.597s] -- Up-to-date: /home/levi/tut_interface/install/base_interfaces_demo/include/base_interfaces_demo/base_interfaces_demo
[64.599s] -- Up-to-date: /home/levi/tut_interface/install/base_interfaces_demo/include/base_interfaces_demo/base_interfaces_demo/msg
[64.600s] -- Up-to-date: /home/levi/tut_interface/install/base_interfaces_demo/include/base_interfaces_demo/base_interfaces_demo/msg/detail
[64.602s] -- Installing: /home/levi/tut_interface/install/base_interfaces_demo/include/base_interfaces_demo/base_interfaces_demo/msg/detail/student__builder.hpp
[64.616s] -- Installing: /home/levi/tut_interface/install/base_interfaces_demo/include/base_interfaces_demo/base_interfaces_demo/msg/detail/student__struct.hpp
[64.616s] -- Installing: /home/levi/tut_interface/install/base_interfaces_demo/include/base_interfaces_demo/base_interfaces_demo/msg/detail/student__traits.hpp
[64.617s] -- Installing: /home/levi/tut_interface/install/base_interfaces_demo/include/base_interfaces_demo/base_interfaces_demo/msg/student.hpp
[64.623s] -- Up-to-date: /home/levi/tut_interface/install/base_interfaces_demo/include/base_interfaces_demo/base_interfaces_demo/srv
[64.623s] -- Up-to-date: /home/levi/tut_interface/install/base_interfaces_demo/include/base_interfaces_demo/base_interfaces_demo/srv/detail
[64.624s] -- Installing: /home/levi/tut_interface/install/base_interfaces_demo/include/base_interfaces_demo/base_interfaces_demo/srv/detail/add_ints__traits.hpp
[64.628s] -- Installing: /home/levi/tut_interface/install/base_interfaces_demo/include/base_interfaces_demo/base_interfaces_demo/srv/detail/add_ints__struct.hpp
[64.632s] -- Installing: /home/levi/tut_interface/install/base_interfaces_demo/include/base_interfaces_demo/base_interfaces_demo/srv/detail/distance__builder.hpp
[64.637s] -- Installing: /home/levi/tut_interface/install/base_interfaces_demo/include/base_interfaces_demo/base_interfaces_demo/srv/detail/add_ints__builder.hpp
[64.640s] -- Installing: /home/levi/tut_interface/install/base_interfaces_demo/include/base_interfaces_demo/base_interfaces_demo/srv/detail/distance__traits.hpp
[64.646s] -- Installing: /home/levi/tut_interface/install/base_interfaces_demo/include/base_interfaces_demo/base_interfaces_demo/srv/detail/distance__struct.hpp
[64.650s] -- Installing: /home/levi/tut_interface/install/base_interfaces_demo/include/base_interfaces_demo/base_interfaces_demo/srv/add_ints.hpp
[64.652s] -- Installing: /home/levi/tut_interface/install/base_interfaces_demo/include/base_interfaces_demo/base_interfaces_demo/srv/distance.hpp
[64.653s] -- Up-to-date: /home/levi/tut_interface/install/base_interfaces_demo/include/base_interfaces_demo/base_interfaces_demo/action
[64.654s] -- Up-to-date: /home/levi/tut_interface/install/base_interfaces_demo/include/base_interfaces_demo/base_interfaces_demo/action/detail
[64.655s] -- Installing: /home/levi/tut_interface/install/base_interfaces_demo/include/base_interfaces_demo/base_interfaces_demo/action/detail/progress__builder.hpp
[64.657s] -- Installing: /home/levi/tut_interface/install/base_interfaces_demo/include/base_interfaces_demo/base_interfaces_demo/action/detail/progress__struct.hpp
[64.660s] -- Installing: /home/levi/tut_interface/install/base_interfaces_demo/include/base_interfaces_demo/base_interfaces_demo/action/detail/nav__traits.hpp
[64.662s] -- Installing: /home/levi/tut_interface/install/base_interfaces_demo/include/base_interfaces_demo/base_interfaces_demo/action/detail/nav__struct.hpp
[64.664s] -- Installing: /home/levi/tut_interface/install/base_interfaces_demo/include/base_interfaces_demo/base_interfaces_demo/action/detail/progress__traits.hpp
[64.668s] -- Installing: /home/levi/tut_interface/install/base_interfaces_demo/include/base_interfaces_demo/base_interfaces_demo/action/detail/nav__builder.hpp
[64.669s] -- Installing: /home/levi/tut_interface/install/base_interfaces_demo/include/base_interfaces_demo/base_interfaces_demo/action/progress.hpp
[64.672s] -- Installing: /home/levi/tut_interface/install/base_interfaces_demo/include/base_interfaces_demo/base_interfaces_demo/action/nav.hpp
[64.674s] -- Up-to-date: /home/levi/tut_interface/install/base_interfaces_demo/include/base_interfaces_demo/base_interfaces_demo
[64.677s] -- Up-to-date: /home/levi/tut_interface/install/base_interfaces_demo/include/base_interfaces_demo/base_interfaces_demo/msg
[64.682s] -- Up-to-date: /home/levi/tut_interface/install/base_interfaces_demo/include/base_interfaces_demo/base_interfaces_demo/msg/detail
[64.684s] -- Up-to-date: /home/levi/tut_interface/install/base_interfaces_demo/include/base_interfaces_demo/base_interfaces_demo/msg/detail/dds_fastrtps
[64.684s] -- Installing: /home/levi/tut_interface/install/base_interfaces_demo/include/base_interfaces_demo/base_interfaces_demo/msg/detail/student__rosidl_typesupport_fastrtps_cpp.hpp
[64.684s] -- Up-to-date: /home/levi/tut_interface/install/base_interfaces_demo/include/base_interfaces_demo/base_interfaces_demo/msg/rosidl_typesupport_fastrtps_cpp__visibility_control.h
[64.687s] -- Up-to-date: /home/levi/tut_interface/install/base_interfaces_demo/include/base_interfaces_demo/base_interfaces_demo/srv
[64.688s] -- Up-to-date: /home/levi/tut_interface/install/base_interfaces_demo/include/base_interfaces_demo/base_interfaces_demo/srv/detail
[64.688s] -- Up-to-date: /home/levi/tut_interface/install/base_interfaces_demo/include/base_interfaces_demo/base_interfaces_demo/srv/detail/dds_fastrtps
[64.689s] -- Installing: /home/levi/tut_interface/install/base_interfaces_demo/include/base_interfaces_demo/base_interfaces_demo/srv/detail/add_ints__rosidl_typesupport_fastrtps_cpp.hpp
[64.689s] -- Installing: /home/levi/tut_interface/install/base_interfaces_demo/include/base_interfaces_demo/base_interfaces_demo/srv/detail/distance__rosidl_typesupport_fastrtps_cpp.hpp
[64.689s] -- Up-to-date: /home/levi/tut_interface/install/base_interfaces_demo/include/base_interfaces_demo/base_interfaces_demo/action
[64.690s] -- Up-to-date: /home/levi/tut_interface/install/base_interfaces_demo/include/base_interfaces_demo/base_interfaces_demo/action/detail
[64.690s] -- Installing: /home/levi/tut_interface/install/base_interfaces_demo/include/base_interfaces_demo/base_interfaces_demo/action/detail/nav__rosidl_typesupport_fastrtps_cpp.hpp
[64.690s] -- Up-to-date: /home/levi/tut_interface/install/base_interfaces_demo/include/base_interfaces_demo/base_interfaces_demo/action/detail/dds_fastrtps
[64.691s] -- Installing: /home/levi/tut_interface/install/base_interfaces_demo/include/base_interfaces_demo/base_interfaces_demo/action/detail/progress__rosidl_typesupport_fastrtps_cpp.hpp
[64.694s] -- Installing: /home/levi/tut_interface/install/base_interfaces_demo/lib/libbase_interfaces_demo__rosidl_typesupport_fastrtps_cpp.so
[64.695s] -- Set runtime path of "/home/levi/tut_interface/install/base_interfaces_demo/lib/libbase_interfaces_demo__rosidl_typesupport_fastrtps_cpp.so" to ""
[64.695s] -- Up-to-date: /home/levi/tut_interface/install/base_interfaces_demo/include/base_interfaces_demo/base_interfaces_demo
[64.698s] -- Up-to-date: /home/levi/tut_interface/install/base_interfaces_demo/include/base_interfaces_demo/base_interfaces_demo/msg
[64.703s] -- Up-to-date: /home/levi/tut_interface/install/base_interfaces_demo/include/base_interfaces_demo/base_interfaces_demo/msg/detail
[64.711s] -- Installing: /home/levi/tut_interface/install/base_interfaces_demo/include/base_interfaces_demo/base_interfaces_demo/msg/detail/student__type_support.cpp
[64.712s] -- Installing: /home/levi/tut_interface/install/base_interfaces_demo/include/base_interfaces_demo/base_interfaces_demo/msg/detail/student__rosidl_typesupport_introspection_cpp.hpp
[64.713s] -- Up-to-date: /home/levi/tut_interface/install/base_interfaces_demo/include/base_interfaces_demo/base_interfaces_demo/srv
[64.713s] -- Up-to-date: /home/levi/tut_interface/install/base_interfaces_demo/include/base_interfaces_demo/base_interfaces_demo/srv/detail
[64.717s] -- Installing: /home/levi/tut_interface/install/base_interfaces_demo/include/base_interfaces_demo/base_interfaces_demo/srv/detail/add_ints__rosidl_typesupport_introspection_cpp.hpp
[64.721s] -- Installing: /home/levi/tut_interface/install/base_interfaces_demo/include/base_interfaces_demo/base_interfaces_demo/srv/detail/add_ints__type_support.cpp
[64.723s] -- Installing: /home/levi/tut_interface/install/base_interfaces_demo/include/base_interfaces_demo/base_interfaces_demo/srv/detail/distance__rosidl_typesupport_introspection_cpp.hpp
[64.723s] -- Installing: /home/levi/tut_interface/install/base_interfaces_demo/include/base_interfaces_demo/base_interfaces_demo/srv/detail/distance__type_support.cpp
[64.724s] -- Up-to-date: /home/levi/tut_interface/install/base_interfaces_demo/include/base_interfaces_demo/base_interfaces_demo/action
[64.730s] -- Up-to-date: /home/levi/tut_interface/install/base_interfaces_demo/include/base_interfaces_demo/base_interfaces_demo/action/detail
[64.734s] -- Installing: /home/levi/tut_interface/install/base_interfaces_demo/include/base_interfaces_demo/base_interfaces_demo/action/detail/progress__rosidl_typesupport_introspection_cpp.hpp
[64.736s] -- Installing: /home/levi/tut_interface/install/base_interfaces_demo/include/base_interfaces_demo/base_interfaces_demo/action/detail/nav__rosidl_typesupport_introspection_cpp.hpp
[64.738s] -- Installing: /home/levi/tut_interface/install/base_interfaces_demo/include/base_interfaces_demo/base_interfaces_demo/action/detail/progress__type_support.cpp
[64.740s] -- Installing: /home/levi/tut_interface/install/base_interfaces_demo/include/base_interfaces_demo/base_interfaces_demo/action/detail/nav__type_support.cpp
[64.741s] -- Installing: /home/levi/tut_interface/install/base_interfaces_demo/lib/libbase_interfaces_demo__rosidl_typesupport_introspection_cpp.so
[64.746s] -- Set runtime path of "/home/levi/tut_interface/install/base_interfaces_demo/lib/libbase_interfaces_demo__rosidl_typesupport_introspection_cpp.so" to ""
[64.746s] -- Installing: /home/levi/tut_interface/install/base_interfaces_demo/lib/libbase_interfaces_demo__rosidl_typesupport_cpp.so
[64.748s] -- Set runtime path of "/home/levi/tut_interface/install/base_interfaces_demo/lib/libbase_interfaces_demo__rosidl_typesupport_cpp.so" to ""
[64.749s] -- Up-to-date: /home/levi/tut_interface/install/base_interfaces_demo/share/base_interfaces_demo/environment/pythonpath.sh
[64.749s] -- Installing: /home/levi/tut_interface/install/base_interfaces_demo/share/base_interfaces_demo/environment/pythonpath.dsv
[64.750s] -- Up-to-date: /home/levi/tut_interface/install/base_interfaces_demo/local/lib/python3.10/dist-packages/base_interfaces_demo-0.0.0-py3.10.egg-info
[64.750s] -- Installing: /home/levi/tut_interface/install/base_interfaces_demo/local/lib/python3.10/dist-packages/base_interfaces_demo-0.0.0-py3.10.egg-info/SOURCES.txt
[64.750s] -- Installing: /home/levi/tut_interface/install/base_interfaces_demo/local/lib/python3.10/dist-packages/base_interfaces_demo-0.0.0-py3.10.egg-info/dependency_links.txt
[64.751s] -- Installing: /home/levi/tut_interface/install/base_interfaces_demo/local/lib/python3.10/dist-packages/base_interfaces_demo-0.0.0-py3.10.egg-info/PKG-INFO
[64.756s] -- Installing: /home/levi/tut_interface/install/base_interfaces_demo/local/lib/python3.10/dist-packages/base_interfaces_demo-0.0.0-py3.10.egg-info/top_level.txt
[64.757s] -- Up-to-date: /home/levi/tut_interface/install/base_interfaces_demo/local/lib/python3.10/dist-packages/base_interfaces_demo
[64.757s] -- Up-to-date: /home/levi/tut_interface/install/base_interfaces_demo/local/lib/python3.10/dist-packages/base_interfaces_demo/msg
[64.757s] -- Installing: /home/levi/tut_interface/install/base_interfaces_demo/local/lib/python3.10/dist-packages/base_interfaces_demo/msg/_student_s.c
[64.759s] -- Installing: /home/levi/tut_interface/install/base_interfaces_demo/local/lib/python3.10/dist-packages/base_interfaces_demo/msg/_student.py
[64.759s] -- Installing: /home/levi/tut_interface/install/base_interfaces_demo/local/lib/python3.10/dist-packages/base_interfaces_demo/msg/__init__.py
[64.760s] -- Installing: /home/levi/tut_interface/install/base_interfaces_demo/local/lib/python3.10/dist-packages/base_interfaces_demo/_base_interfaces_demo_s.ep.rosidl_typesupport_c.c
[64.760s] -- Installing: /home/levi/tut_interface/install/base_interfaces_demo/local/lib/python3.10/dist-packages/base_interfaces_demo/libbase_interfaces_demo__rosidl_generator_py.so
[64.765s] -- Installing: /home/levi/tut_interface/install/base_interfaces_demo/local/lib/python3.10/dist-packages/base_interfaces_demo/_base_interfaces_demo_s.ep.rosidl_typesupport_fastrtps_c.c
[64.767s] -- Installing: /home/levi/tut_interface/install/base_interfaces_demo/local/lib/python3.10/dist-packages/base_interfaces_demo/base_interfaces_demo_s__rosidl_typesupport_fastrtps_c.cpython-310-x86_64-linux-gnu.so
[64.769s] -- Up-to-date: /home/levi/tut_interface/install/base_interfaces_demo/local/lib/python3.10/dist-packages/base_interfaces_demo/srv
[64.770s] -- Installing: /home/levi/tut_interface/install/base_interfaces_demo/local/lib/python3.10/dist-packages/base_interfaces_demo/srv/_add_ints_s.c
[64.774s] -- Installing: /home/levi/tut_interface/install/base_interfaces_demo/local/lib/python3.10/dist-packages/base_interfaces_demo/srv/_distance_s.c
[64.775s] -- Installing: /home/levi/tut_interface/install/base_interfaces_demo/local/lib/python3.10/dist-packages/base_interfaces_demo/srv/_add_ints.py
[64.775s] -- Installing: /home/levi/tut_interface/install/base_interfaces_demo/local/lib/python3.10/dist-packages/base_interfaces_demo/srv/__init__.py
[64.778s] -- Installing: /home/levi/tut_interface/install/base_interfaces_demo/local/lib/python3.10/dist-packages/base_interfaces_demo/srv/_distance.py
[64.780s] -- Installing: /home/levi/tut_interface/install/base_interfaces_demo/local/lib/python3.10/dist-packages/base_interfaces_demo/base_interfaces_demo_s__rosidl_typesupport_c.cpython-310-x86_64-linux-gnu.so
[64.780s] -- Up-to-date: /home/levi/tut_interface/install/base_interfaces_demo/local/lib/python3.10/dist-packages/base_interfaces_demo/action
[64.781s] -- Installing: /home/levi/tut_interface/install/base_interfaces_demo/local/lib/python3.10/dist-packages/base_interfaces_demo/action/_nav_s.c
[64.781s] -- Installing: /home/levi/tut_interface/install/base_interfaces_demo/local/lib/python3.10/dist-packages/base_interfaces_demo/action/_progress.py
[64.782s] -- Installing: /home/levi/tut_interface/install/base_interfaces_demo/local/lib/python3.10/dist-packages/base_interfaces_demo/action/_progress_s.c
[64.782s] -- Installing: /home/levi/tut_interface/install/base_interfaces_demo/local/lib/python3.10/dist-packages/base_interfaces_demo/action/_nav.py
[64.783s] -- Installing: /home/levi/tut_interface/install/base_interfaces_demo/local/lib/python3.10/dist-packages/base_interfaces_demo/action/__init__.py
[64.788s] -- Installing: /home/levi/tut_interface/install/base_interfaces_demo/local/lib/python3.10/dist-packages/base_interfaces_demo/__init__.py
[64.789s] -- Installing: /home/levi/tut_interface/install/base_interfaces_demo/local/lib/python3.10/dist-packages/base_interfaces_demo/_base_interfaces_demo_s.ep.rosidl_typesupport_introspection_c.c
[64.792s] -- Installing: /home/levi/tut_interface/install/base_interfaces_demo/local/lib/python3.10/dist-packages/base_interfaces_demo/base_interfaces_demo_s__rosidl_typesupport_introspection_c.cpython-310-x86_64-linux-gnu.so
[65.148s] Listing '/home/levi/tut_interface/install/base_interfaces_demo/local/lib/python3.10/dist-packages/base_interfaces_demo'...
[65.148s] Compiling '/home/levi/tut_interface/install/base_interfaces_demo/local/lib/python3.10/dist-packages/base_interfaces_demo/__init__.py'...
[65.149s] Listing '/home/levi/tut_interface/install/base_interfaces_demo/local/lib/python3.10/dist-packages/base_interfaces_demo/action'...
[65.149s] Compiling '/home/levi/tut_interface/install/base_interfaces_demo/local/lib/python3.10/dist-packages/base_interfaces_demo/action/__init__.py'...
[65.150s] Compiling '/home/levi/tut_interface/install/base_interfaces_demo/local/lib/python3.10/dist-packages/base_interfaces_demo/action/_nav.py'...
[65.150s] Compiling '/home/levi/tut_interface/install/base_interfaces_demo/local/lib/python3.10/dist-packages/base_interfaces_demo/action/_progress.py'...
[65.151s] Listing '/home/levi/tut_interface/install/base_interfaces_demo/local/lib/python3.10/dist-packages/base_interfaces_demo/msg'...
[65.151s] Compiling '/home/levi/tut_interface/install/base_interfaces_demo/local/lib/python3.10/dist-packages/base_interfaces_demo/msg/__init__.py'...
[65.152s] Compiling '/home/levi/tut_interface/install/base_interfaces_demo/local/lib/python3.10/dist-packages/base_interfaces_demo/msg/_student.py'...
[65.152s] Listing '/home/levi/tut_interface/install/base_interfaces_demo/local/lib/python3.10/dist-packages/base_interfaces_demo/srv'...
[65.152s] Compiling '/home/levi/tut_interface/install/base_interfaces_demo/local/lib/python3.10/dist-packages/base_interfaces_demo/srv/__init__.py'...
[65.153s] Compiling '/home/levi/tut_interface/install/base_interfaces_demo/local/lib/python3.10/dist-packages/base_interfaces_demo/srv/_add_ints.py'...
[65.153s] Compiling '/home/levi/tut_interface/install/base_interfaces_demo/local/lib/python3.10/dist-packages/base_interfaces_demo/srv/_distance.py'...
[65.168s] -- Installing: /home/levi/tut_interface/install/base_interfaces_demo/local/lib/python3.10/dist-packages/base_interfaces_demo/base_interfaces_demo_s__rosidl_typesupport_fastrtps_c.cpython-310-x86_64-linux-gnu.so
[65.208s] -- Set runtime path of "/home/levi/tut_interface/install/base_interfaces_demo/local/lib/python3.10/dist-packages/base_interfaces_demo/base_interfaces_demo_s__rosidl_typesupport_fastrtps_c.cpython-310-x86_64-linux-gnu.so" to ""
[65.221s] -- Installing: /home/levi/tut_interface/install/base_interfaces_demo/local/lib/python3.10/dist-packages/base_interfaces_demo/base_interfaces_demo_s__rosidl_typesupport_introspection_c.cpython-310-x86_64-linux-gnu.so
[65.259s] -- Set runtime path of "/home/levi/tut_interface/install/base_interfaces_demo/local/lib/python3.10/dist-packages/base_interfaces_demo/base_interfaces_demo_s__rosidl_typesupport_introspection_c.cpython-310-x86_64-linux-gnu.so" to ""
[65.270s] -- Installing: /home/levi/tut_interface/install/base_interfaces_demo/local/lib/python3.10/dist-packages/base_interfaces_demo/base_interfaces_demo_s__rosidl_typesupport_c.cpython-310-x86_64-linux-gnu.so
[65.301s] -- Set runtime path of "/home/levi/tut_interface/install/base_interfaces_demo/local/lib/python3.10/dist-packages/base_interfaces_demo/base_interfaces_demo_s__rosidl_typesupport_c.cpython-310-x86_64-linux-gnu.so" to ""
[65.319s] -- Installing: /home/levi/tut_interface/install/base_interfaces_demo/lib/libbase_interfaces_demo__rosidl_generator_py.so
[65.336s] -- Set runtime path of "/home/levi/tut_interface/install/base_interfaces_demo/lib/libbase_interfaces_demo__rosidl_generator_py.so" to ""
[65.338s] -- Up-to-date: /home/levi/tut_interface/install/base_interfaces_demo/share/base_interfaces_demo/msg/Student.idl
[65.340s] -- Up-to-date: /home/levi/tut_interface/install/base_interfaces_demo/share/base_interfaces_demo/srv/AddInts.idl
[65.342s] -- Up-to-date: /home/levi/tut_interface/install/base_interfaces_demo/share/base_interfaces_demo/action/Progress.idl
[65.345s] -- Up-to-date: /home/levi/tut_interface/install/base_interfaces_demo/share/base_interfaces_demo/srv/Distance.idl
[65.354s] -- Installing: /home/levi/tut_interface/install/base_interfaces_demo/share/base_interfaces_demo/action/Nav.idl
[65.360s] -- Up-to-date: /home/levi/tut_interface/install/base_interfaces_demo/share/base_interfaces_demo/msg/Student.msg
[65.362s] -- Up-to-date: /home/levi/tut_interface/install/base_interfaces_demo/share/base_interfaces_demo/srv/AddInts.srv
[65.362s] -- Up-to-date: /home/levi/tut_interface/install/base_interfaces_demo/share/base_interfaces_demo/srv/AddInts_Request.msg
[65.366s] -- Up-to-date: /home/levi/tut_interface/install/base_interfaces_demo/share/base_interfaces_demo/srv/AddInts_Response.msg
[65.368s] -- Up-to-date: /home/levi/tut_interface/install/base_interfaces_demo/share/base_interfaces_demo/action/Progress.action
[65.370s] -- Up-to-date: /home/levi/tut_interface/install/base_interfaces_demo/share/base_interfaces_demo/srv/Distance.srv
[65.372s] -- Up-to-date: /home/levi/tut_interface/install/base_interfaces_demo/share/base_interfaces_demo/srv/Distance_Request.msg
[65.374s] -- Up-to-date: /home/levi/tut_interface/install/base_interfaces_demo/share/base_interfaces_demo/srv/Distance_Response.msg
[65.394s] -- Installing: /home/levi/tut_interface/install/base_interfaces_demo/share/base_interfaces_demo/action/Nav.action
[65.405s] -- Up-to-date: /home/levi/tut_interface/install/base_interfaces_demo/share/ament_index/resource_index/package_run_dependencies/base_interfaces_demo
[65.410s] -- Up-to-date: /home/levi/tut_interface/install/base_interfaces_demo/share/ament_index/resource_index/parent_prefix_path/base_interfaces_demo
[65.413s] -- Up-to-date: /home/levi/tut_interface/install/base_interfaces_demo/share/base_interfaces_demo/environment/ament_prefix_path.sh
[65.416s] -- Installing: /home/levi/tut_interface/install/base_interfaces_demo/share/base_interfaces_demo/environment/ament_prefix_path.dsv
[65.417s] -- Up-to-date: /home/levi/tut_interface/install/base_interfaces_demo/share/base_interfaces_demo/environment/path.sh
[65.420s] -- Installing: /home/levi/tut_interface/install/base_interfaces_demo/share/base_interfaces_demo/environment/path.dsv
[65.421s] -- Up-to-date: /home/levi/tut_interface/install/base_interfaces_demo/share/base_interfaces_demo/local_setup.bash
[65.423s] -- Up-to-date: /home/levi/tut_interface/install/base_interfaces_demo/share/base_interfaces_demo/local_setup.sh
[65.426s] -- Up-to-date: /home/levi/tut_interface/install/base_interfaces_demo/share/base_interfaces_demo/local_setup.zsh
[65.427s] -- Installing: /home/levi/tut_interface/install/base_interfaces_demo/share/base_interfaces_demo/local_setup.dsv
[65.428s] -- Installing: /home/levi/tut_interface/install/base_interfaces_demo/share/base_interfaces_demo/package.dsv
[65.428s] -- Up-to-date: /home/levi/tut_interface/install/base_interfaces_demo/share/ament_index/resource_index/packages/base_interfaces_demo
[65.429s] -- Up-to-date: /home/levi/tut_interface/install/base_interfaces_demo/share/base_interfaces_demo/cmake/export_base_interfaces_demo__rosidl_generator_cExport.cmake
[65.429s] -- Up-to-date: /home/levi/tut_interface/install/base_interfaces_demo/share/base_interfaces_demo/cmake/export_base_interfaces_demo__rosidl_generator_cExport-noconfig.cmake
[65.430s] -- Up-to-date: /home/levi/tut_interface/install/base_interfaces_demo/share/base_interfaces_demo/cmake/export_base_interfaces_demo__rosidl_typesupport_fastrtps_cExport.cmake
[65.430s] -- Up-to-date: /home/levi/tut_interface/install/base_interfaces_demo/share/base_interfaces_demo/cmake/export_base_interfaces_demo__rosidl_typesupport_fastrtps_cExport-noconfig.cmake
[65.432s] -- Up-to-date: /home/levi/tut_interface/install/base_interfaces_demo/share/base_interfaces_demo/cmake/base_interfaces_demo__rosidl_typesupport_introspection_cExport.cmake
[65.432s] -- Up-to-date: /home/levi/tut_interface/install/base_interfaces_demo/share/base_interfaces_demo/cmake/base_interfaces_demo__rosidl_typesupport_introspection_cExport-noconfig.cmake
[65.433s] -- Up-to-date: /home/levi/tut_interface/install/base_interfaces_demo/share/base_interfaces_demo/cmake/base_interfaces_demo__rosidl_typesupport_cExport.cmake
[65.435s] -- Up-to-date: /home/levi/tut_interface/install/base_interfaces_demo/share/base_interfaces_demo/cmake/base_interfaces_demo__rosidl_typesupport_cExport-noconfig.cmake
[65.436s] -- Up-to-date: /home/levi/tut_interface/install/base_interfaces_demo/share/base_interfaces_demo/cmake/export_base_interfaces_demo__rosidl_generator_cppExport.cmake
[65.437s] -- Up-to-date: /home/levi/tut_interface/install/base_interfaces_demo/share/base_interfaces_demo/cmake/export_base_interfaces_demo__rosidl_typesupport_fastrtps_cppExport.cmake
[65.438s] -- Up-to-date: /home/levi/tut_interface/install/base_interfaces_demo/share/base_interfaces_demo/cmake/export_base_interfaces_demo__rosidl_typesupport_fastrtps_cppExport-noconfig.cmake
[65.439s] -- Up-to-date: /home/levi/tut_interface/install/base_interfaces_demo/share/base_interfaces_demo/cmake/base_interfaces_demo__rosidl_typesupport_introspection_cppExport.cmake
[65.440s] -- Up-to-date: /home/levi/tut_interface/install/base_interfaces_demo/share/base_interfaces_demo/cmake/base_interfaces_demo__rosidl_typesupport_introspection_cppExport-noconfig.cmake
[65.441s] -- Up-to-date: /home/levi/tut_interface/install/base_interfaces_demo/share/base_interfaces_demo/cmake/base_interfaces_demo__rosidl_typesupport_cppExport.cmake
[65.442s] -- Up-to-date: /home/levi/tut_interface/install/base_interfaces_demo/share/base_interfaces_demo/cmake/base_interfaces_demo__rosidl_typesupport_cppExport-noconfig.cmake
[65.445s] -- Up-to-date: /home/levi/tut_interface/install/base_interfaces_demo/share/base_interfaces_demo/cmake/export_base_interfaces_demo__rosidl_generator_pyExport.cmake
[65.448s] -- Up-to-date: /home/levi/tut_interface/install/base_interfaces_demo/share/base_interfaces_demo/cmake/export_base_interfaces_demo__rosidl_generator_pyExport-noconfig.cmake
[65.453s] -- Installing: /home/levi/tut_interface/install/base_interfaces_demo/share/base_interfaces_demo/cmake/rosidl_cmake-extras.cmake
[65.461s] -- Up-to-date: /home/levi/tut_interface/install/base_interfaces_demo/share/base_interfaces_demo/cmake/ament_cmake_export_dependencies-extras.cmake
[65.464s] -- Up-to-date: /home/levi/tut_interface/install/base_interfaces_demo/share/base_interfaces_demo/cmake/ament_cmake_export_include_directories-extras.cmake
[65.467s] -- Up-to-date: /home/levi/tut_interface/install/base_interfaces_demo/share/base_interfaces_demo/cmake/ament_cmake_export_libraries-extras.cmake
[65.472s] -- Up-to-date: /home/levi/tut_interface/install/base_interfaces_demo/share/base_interfaces_demo/cmake/ament_cmake_export_targets-extras.cmake
[65.483s] -- Up-to-date: /home/levi/tut_interface/install/base_interfaces_demo/share/base_interfaces_demo/cmake/rosidl_cmake_export_typesupport_targets-extras.cmake
[65.484s] -- Up-to-date: /home/levi/tut_interface/install/base_interfaces_demo/share/base_interfaces_demo/cmake/rosidl_cmake_export_typesupport_libraries-extras.cmake
[65.485s] -- Up-to-date: /home/levi/tut_interface/install/base_interfaces_demo/share/base_interfaces_demo/cmake/base_interfaces_demoConfig.cmake
[65.485s] -- Up-to-date: /home/levi/tut_interface/install/base_interfaces_demo/share/base_interfaces_demo/cmake/base_interfaces_demoConfig-version.cmake
[65.486s] -- Up-to-date: /home/levi/tut_interface/install/base_interfaces_demo/share/base_interfaces_demo/package.xml
[65.486s] Invoked command in '/home/levi/tut_interface/build/base_interfaces_demo' returned '0': CMAKE_PREFIX_PATH=${CMAKE_PREFIX_PATH}:/opt/ros/humble /usr/bin/cmake --install /home/levi/tut_interface/build/base_interfaces_demo
