[0.083s] Invoking command in '/home/levi/tut_interface/build/cpp05_time': CMAKE_PREFIX_PATH=${CMAKE_PREFIX_PATH}:/opt/ros/humble /usr/bin/cmake --build /home/levi/tut_interface/build/cpp05_time -- -j6 -l6
[0.564s] [ 50%] [32mBuilding CXX object CMakeFiles/demo_time.dir/src/demo_time.cpp.o[0m
[14.230s] [100%] [32m[1mLinking CXX executable demo_time[0m
[15.129s] [100%] Built target demo_time
[15.203s] Invoked command in '/home/levi/tut_interface/build/cpp05_time' returned '0': CMAKE_PREFIX_PATH=${CMAKE_PREFIX_PATH}:/opt/ros/humble /usr/bin/cmake --build /home/levi/tut_interface/build/cpp05_time -- -j6 -l6
[15.595s] Invoking command in '/home/levi/tut_interface/build/cpp05_time': CMAKE_PREFIX_PATH=${CMAKE_PREFIX_PATH}:/opt/ros/humble /usr/bin/cmake --install /home/levi/tut_interface/build/cpp05_time
[15.669s] -- Install configuration: ""
[15.675s] -- Installing: /home/levi/tut_interface/install/cpp05_time/lib/cpp05_time/demo_time
[15.689s] -- Set runtime path of "/home/levi/tut_interface/install/cpp05_time/lib/cpp05_time/demo_time" to ""
[15.690s] -- Up-to-date: /home/levi/tut_interface/install/cpp05_time/share/ament_index/resource_index/package_run_dependencies/cpp05_time
[15.692s] -- Up-to-date: /home/levi/tut_interface/install/cpp05_time/share/ament_index/resource_index/parent_prefix_path/cpp05_time
[15.692s] -- Up-to-date: /home/levi/tut_interface/install/cpp05_time/share/cpp05_time/environment/ament_prefix_path.sh
[15.694s] -- Up-to-date: /home/levi/tut_interface/install/cpp05_time/share/cpp05_time/environment/ament_prefix_path.dsv
[15.696s] -- Up-to-date: /home/levi/tut_interface/install/cpp05_time/share/cpp05_time/environment/path.sh
[15.697s] -- Up-to-date: /home/levi/tut_interface/install/cpp05_time/share/cpp05_time/environment/path.dsv
[15.698s] -- Up-to-date: /home/levi/tut_interface/install/cpp05_time/share/cpp05_time/local_setup.bash
[15.698s] -- Up-to-date: /home/levi/tut_interface/install/cpp05_time/share/cpp05_time/local_setup.sh
[15.701s] -- Up-to-date: /home/levi/tut_interface/install/cpp05_time/share/cpp05_time/local_setup.zsh
[15.701s] -- Up-to-date: /home/levi/tut_interface/install/cpp05_time/share/cpp05_time/local_setup.dsv
[15.702s] -- Installing: /home/levi/tut_interface/install/cpp05_time/share/cpp05_time/package.dsv
[15.702s] -- Up-to-date: /home/levi/tut_interface/install/cpp05_time/share/ament_index/resource_index/packages/cpp05_time
[15.703s] -- Up-to-date: /home/levi/tut_interface/install/cpp05_time/share/cpp05_time/cmake/cpp05_timeConfig.cmake
[15.704s] -- Up-to-date: /home/levi/tut_interface/install/cpp05_time/share/cpp05_time/cmake/cpp05_timeConfig-version.cmake
[15.704s] -- Up-to-date: /home/levi/tut_interface/install/cpp05_time/share/cpp05_time/package.xml
[15.728s] Invoked command in '/home/levi/tut_interface/build/cpp05_time' returned '0': CMAKE_PREFIX_PATH=${CMAKE_PREFIX_PATH}:/opt/ros/humble /usr/bin/cmake --install /home/levi/tut_interface/build/cpp05_time
