[0.077s] Invoking command in '/home/levi/tut_interface/build/cpp07_exercise': AMENT_PREFIX_PATH=/home/levi/tut_interface/install/base_interfaces_demo:${AMENT_PREFIX_PATH} CMAKE_PREFIX_PATH=/home/levi/tut_interface/install/base_interfaces_demo:/opt/ros/humble LD_LIBRARY_PATH=/home/levi/tut_interface/install/base_interfaces_demo/lib:${LD_LIBRARY_PATH} PYTHONPATH=/home/levi/tut_interface/install/base_interfaces_demo/local/lib/python3.10/dist-packages:${PYTHONPATH} /usr/bin/cmake /home/levi/tut_interface/src/cpp07_exercise -DCMAKE_INSTALL_PREFIX=/home/levi/tut_interface/install/cpp07_exercise
[1.147s] -- The C compiler identification is GNU 11.3.0
[1.815s] -- The CXX compiler identification is GNU 11.3.0
[1.882s] -- Detecting C compiler ABI info
[2.518s] -- Detecting C compiler ABI info - done
[2.532s] -- Check for working C compiler: /usr/bin/cc - skipped
[2.536s] -- Detecting C compile features
[2.539s] -- Detecting C compile features - done
[2.556s] -- Detecting CXX compiler ABI info
[3.278s] -- Detecting CXX compiler ABI info - done
[3.299s] -- Check for working CXX compiler: /usr/bin/c++ - skipped
[3.301s] -- Detecting CXX compile features
[3.304s] -- Detecting CXX compile features - done
[3.345s] -- Found ament_cmake: 1.3.3 (/opt/ros/humble/share/ament_cmake/cmake)
[4.202s] -- Found Python3: /usr/bin/python3.10 (found version "3.10.6") found components: Interpreter 
[4.691s] -- Found rclcpp: 16.0.3 (/opt/ros/humble/share/rclcpp/cmake)
[4.902s] -- Found rosidl_generator_c: 3.1.4 (/opt/ros/humble/share/rosidl_generator_c/cmake)
[4.929s] -- Found rosidl_adapter: 3.1.4 (/opt/ros/humble/share/rosidl_adapter/cmake)
[4.982s] -- Found rosidl_generator_cpp: 3.1.4 (/opt/ros/humble/share/rosidl_generator_cpp/cmake)
[5.043s] -- Using all available rosidl_typesupport_c: rosidl_typesupport_fastrtps_c;rosidl_typesupport_introspection_c
[5.141s] -- Using all available rosidl_typesupport_cpp: rosidl_typesupport_fastrtps_cpp;rosidl_typesupport_introspection_cpp
[5.489s] -- Found rmw_implementation_cmake: 6.1.1 (/opt/ros/humble/share/rmw_implementation_cmake/cmake)
[5.509s] -- Found rmw_fastrtps_cpp: 6.2.2 (/opt/ros/humble/share/rmw_fastrtps_cpp/cmake)
[6.299s] -- Found OpenSSL: /usr/lib/x86_64-linux-gnu/libcrypto.so (found version "3.0.2")  
[6.524s] -- Found FastRTPS: /opt/ros/humble/include  
[6.820s] -- Using RMW implementation 'rmw_fastrtps_cpp' as default
[6.877s] -- Looking for pthread.h
[7.474s] -- Looking for pthread.h - found
[7.481s] -- Performing Test CMAKE_HAVE_LIBC_PTHREAD
[8.097s] -- Performing Test CMAKE_HAVE_LIBC_PTHREAD - Success
[8.113s] -- Found Threads: TRUE  
[8.756s] -- Found turtlesim: 1.4.2 (/opt/ros/humble/share/turtlesim/cmake)
[9.391s] -- Found base_interfaces_demo: 0.0.0 (/home/levi/tut_interface/install/base_interfaces_demo/share/base_interfaces_demo/cmake)
[9.610s] -- Found geometry_msgs: 4.2.3 (/opt/ros/humble/share/geometry_msgs/cmake)
[9.824s] -- Found rclcpp_action: 16.0.3 (/opt/ros/humble/share/rclcpp_action/cmake)
[10.011s] -- Found ament_lint_auto: 0.12.5 (/opt/ros/humble/share/ament_lint_auto/cmake)
[10.421s] -- Added test 'cppcheck' to perform static code analysis on C / C++ code
[10.422s] -- Configured cppcheck include dirs: $<BUILD_INTERFACE:/home/levi/tut_interface/src/cpp07_exercise/include>
[10.423s] -- Configured cppcheck exclude dirs and/or files: 
[10.430s] -- Added test 'lint_cmake' to check CMake code style
[10.438s] -- Added test 'uncrustify' to check C / C++ code style
[10.439s] -- Configured uncrustify additional arguments: 
[10.442s] -- Added test 'xmllint' to check XML markup files
[10.450s] -- Configuring done
[10.540s] -- Generating done
[10.546s] -- Build files have been written to: /home/levi/tut_interface/build/cpp07_exercise
[10.608s] Invoked command in '/home/levi/tut_interface/build/cpp07_exercise' returned '0': AMENT_PREFIX_PATH=/home/levi/tut_interface/install/base_interfaces_demo:${AMENT_PREFIX_PATH} CMAKE_PREFIX_PATH=/home/levi/tut_interface/install/base_interfaces_demo:/opt/ros/humble LD_LIBRARY_PATH=/home/levi/tut_interface/install/base_interfaces_demo/lib:${LD_LIBRARY_PATH} PYTHONPATH=/home/levi/tut_interface/install/base_interfaces_demo/local/lib/python3.10/dist-packages:${PYTHONPATH} /usr/bin/cmake /home/levi/tut_interface/src/cpp07_exercise -DCMAKE_INSTALL_PREFIX=/home/levi/tut_interface/install/cpp07_exercise
[10.617s] Invoking command in '/home/levi/tut_interface/build/cpp07_exercise': AMENT_PREFIX_PATH=/home/levi/tut_interface/install/base_interfaces_demo:${AMENT_PREFIX_PATH} CMAKE_PREFIX_PATH=/home/levi/tut_interface/install/base_interfaces_demo:/opt/ros/humble LD_LIBRARY_PATH=/home/levi/tut_interface/install/base_interfaces_demo/lib:${LD_LIBRARY_PATH} PYTHONPATH=/home/levi/tut_interface/install/base_interfaces_demo/local/lib/python3.10/dist-packages:${PYTHONPATH} /usr/bin/cmake --build /home/levi/tut_interface/build/cpp07_exercise -- -j6 -l6
[10.999s] [ 50%] [32mBuilding CXX object CMakeFiles/basic_node.dir/src/basic_node.cpp.o[0m
[11.505s] [100%] [32m[1mLinking CXX executable basic_node[0m
[12.511s] [100%] Built target basic_node
[12.582s] Invoked command in '/home/levi/tut_interface/build/cpp07_exercise' returned '0': AMENT_PREFIX_PATH=/home/levi/tut_interface/install/base_interfaces_demo:${AMENT_PREFIX_PATH} CMAKE_PREFIX_PATH=/home/levi/tut_interface/install/base_interfaces_demo:/opt/ros/humble LD_LIBRARY_PATH=/home/levi/tut_interface/install/base_interfaces_demo/lib:${LD_LIBRARY_PATH} PYTHONPATH=/home/levi/tut_interface/install/base_interfaces_demo/local/lib/python3.10/dist-packages:${PYTHONPATH} /usr/bin/cmake --build /home/levi/tut_interface/build/cpp07_exercise -- -j6 -l6
[12.935s] Invoking command in '/home/levi/tut_interface/build/cpp07_exercise': AMENT_PREFIX_PATH=/home/levi/tut_interface/install/base_interfaces_demo:${AMENT_PREFIX_PATH} CMAKE_PREFIX_PATH=/home/levi/tut_interface/install/base_interfaces_demo:/opt/ros/humble LD_LIBRARY_PATH=/home/levi/tut_interface/install/base_interfaces_demo/lib:${LD_LIBRARY_PATH} PYTHONPATH=/home/levi/tut_interface/install/base_interfaces_demo/local/lib/python3.10/dist-packages:${PYTHONPATH} /usr/bin/cmake --install /home/levi/tut_interface/build/cpp07_exercise
[12.994s] -- Install configuration: ""
[12.996s] -- Installing: /home/levi/tut_interface/install/cpp07_exercise/lib/cpp07_exercise/basic_node
[13.007s] -- Set runtime path of "/home/levi/tut_interface/install/cpp07_exercise/lib/cpp07_exercise/basic_node" to ""
[13.015s] -- Installing: /home/levi/tut_interface/install/cpp07_exercise/share/ament_index/resource_index/package_run_dependencies/cpp07_exercise
[13.016s] -- Installing: /home/levi/tut_interface/install/cpp07_exercise/share/ament_index/resource_index/parent_prefix_path/cpp07_exercise
[13.017s] -- Installing: /home/levi/tut_interface/install/cpp07_exercise/share/cpp07_exercise/environment/ament_prefix_path.sh
[13.018s] -- Installing: /home/levi/tut_interface/install/cpp07_exercise/share/cpp07_exercise/environment/ament_prefix_path.dsv
[13.020s] -- Installing: /home/levi/tut_interface/install/cpp07_exercise/share/cpp07_exercise/environment/path.sh
[13.021s] -- Installing: /home/levi/tut_interface/install/cpp07_exercise/share/cpp07_exercise/environment/path.dsv
[13.022s] -- Installing: /home/levi/tut_interface/install/cpp07_exercise/share/cpp07_exercise/local_setup.bash
[13.022s] -- Installing: /home/levi/tut_interface/install/cpp07_exercise/share/cpp07_exercise/local_setup.sh
[13.023s] -- Installing: /home/levi/tut_interface/install/cpp07_exercise/share/cpp07_exercise/local_setup.zsh
[13.024s] -- Installing: /home/levi/tut_interface/install/cpp07_exercise/share/cpp07_exercise/local_setup.dsv
[13.025s] -- Installing: /home/levi/tut_interface/install/cpp07_exercise/share/cpp07_exercise/package.dsv
[13.028s] -- Installing: /home/levi/tut_interface/install/cpp07_exercise/share/ament_index/resource_index/packages/cpp07_exercise
[13.029s] -- Installing: /home/levi/tut_interface/install/cpp07_exercise/share/cpp07_exercise/cmake/cpp07_exerciseConfig.cmake
[13.030s] -- Installing: /home/levi/tut_interface/install/cpp07_exercise/share/cpp07_exercise/cmake/cpp07_exerciseConfig-version.cmake
[13.030s] -- Installing: /home/levi/tut_interface/install/cpp07_exercise/share/cpp07_exercise/package.xml
[13.037s] Invoked command in '/home/levi/tut_interface/build/cpp07_exercise' returned '0': AMENT_PREFIX_PATH=/home/levi/tut_interface/install/base_interfaces_demo:${AMENT_PREFIX_PATH} CMAKE_PREFIX_PATH=/home/levi/tut_interface/install/base_interfaces_demo:/opt/ros/humble LD_LIBRARY_PATH=/home/levi/tut_interface/install/base_interfaces_demo/lib:${LD_LIBRARY_PATH} PYTHONPATH=/home/levi/tut_interface/install/base_interfaces_demo/local/lib/python3.10/dist-packages:${PYTHONPATH} /usr/bin/cmake --install /home/levi/tut_interface/build/cpp07_exercise
