[35m[1mConsolidate compiler generated dependencies of target demo01_param_server[0m
[ 16%] [32mBuilding CXX object CMakeFiles/demo02_param_client.dir/src/demo02_param_client.cpp.o[0m
[ 50%] Built target demo00_param
[ 66%] [32mBuilding CXX object CMakeFiles/demo01_param_server.dir/src/demo01_param_server.cpp.o[0m
[01m[K/home/levi/tut_interface/src/cpp04_param/src/demo02_param_client.cpp:[m[K In member function ‘[01m[Kvoid MinimalParamClient::get_param()[m[K’:
[01m[K/home/levi/tut_interface/src/cpp04_param/src/demo02_param_client.cpp:24:16:[m[K [01;35m[Kwarning: [m[Kunused variable ‘[01m[Kweight[m[K’ [[01;35m[K]8;;https://gcc.gnu.org/onlinedocs/gcc/Warning-Options.html#index-Wunused-variable-Wunused-variable]8;;[m[K]
   24 |         double [01;35m[Kweight[m[K = param_client_->get_parameter<double>("car_weight");
      |                [01;35m[K^~~~~~[m[K
[ 83%] [32m[1mLinking CXX executable demo01_param_server[0m
[100%] [32m[1mLinking CXX executable demo02_param_client[0m
[100%] Built target demo01_param_server
[100%] Built target demo02_param_client
-- Install configuration: ""
-- Up-to-date: /home/levi/tut_interface/install/cpp04_param/lib/cpp04_param/demo00_param
-- Installing: /home/levi/tut_interface/install/cpp04_param/lib/cpp04_param/demo01_param_server
-- Set runtime path of "/home/levi/tut_interface/install/cpp04_param/lib/cpp04_param/demo01_param_server" to ""
-- Installing: /home/levi/tut_interface/install/cpp04_param/lib/cpp04_param/demo02_param_client
-- Set runtime path of "/home/levi/tut_interface/install/cpp04_param/lib/cpp04_param/demo02_param_client" to ""
-- Up-to-date: /home/levi/tut_interface/install/cpp04_param/share/ament_index/resource_index/package_run_dependencies/cpp04_param
-- Up-to-date: /home/levi/tut_interface/install/cpp04_param/share/ament_index/resource_index/parent_prefix_path/cpp04_param
-- Up-to-date: /home/levi/tut_interface/install/cpp04_param/share/cpp04_param/environment/ament_prefix_path.sh
-- Up-to-date: /home/levi/tut_interface/install/cpp04_param/share/cpp04_param/environment/ament_prefix_path.dsv
-- Up-to-date: /home/levi/tut_interface/install/cpp04_param/share/cpp04_param/environment/path.sh
-- Up-to-date: /home/levi/tut_interface/install/cpp04_param/share/cpp04_param/environment/path.dsv
-- Up-to-date: /home/levi/tut_interface/install/cpp04_param/share/cpp04_param/local_setup.bash
-- Up-to-date: /home/levi/tut_interface/install/cpp04_param/share/cpp04_param/local_setup.sh
-- Up-to-date: /home/levi/tut_interface/install/cpp04_param/share/cpp04_param/local_setup.zsh
-- Up-to-date: /home/levi/tut_interface/install/cpp04_param/share/cpp04_param/local_setup.dsv
-- Installing: /home/levi/tut_interface/install/cpp04_param/share/cpp04_param/package.dsv
-- Up-to-date: /home/levi/tut_interface/install/cpp04_param/share/ament_index/resource_index/packages/cpp04_param
-- Up-to-date: /home/levi/tut_interface/install/cpp04_param/share/cpp04_param/cmake/cpp04_paramConfig.cmake
-- Up-to-date: /home/levi/tut_interface/install/cpp04_param/share/cpp04_param/cmake/cpp04_paramConfig-version.cmake
-- Up-to-date: /home/levi/tut_interface/install/cpp04_param/share/cpp04_param/package.xml
