[0.110s] Invoking command in '/home/levi/tut_interface/build/cpp03_action': CMAKE_PREFIX_PATH=/home/levi/tut_interface/install/base_interfaces_demo:/home/levi/tut_interface/install/cpp03_action:/home/levi/tut_interface/install/cpp02_srv:/home/levi/tut_interface/install/cpp01_topic:/home/levi/tut_helloworld/install/helloworld_vscode_pkg:/home/levi/tut_helloworld/install/cpp_helloworld:/opt/ros/humble /usr/bin/cmake --build /home/levi/tut_interface/build/cpp03_action -- -j6 -l6
[0.428s] [35m[1mConsolidate compiler generated dependencies of target demo02_action_client[0m
[0.451s] [35m[1mConsolidate compiler generated dependencies of target demo01_action_server[0m
[0.535s] [ 25%] [32mBuilding CXX object CMakeFiles/demo02_action_client.dir/src/demo02_action_client.cpp.o[0m
[0.669s] [ 75%] Built target demo01_action_server
[16.817s] [100%] [32m[1mLinking CXX executable demo02_action_client[0m
[17.997s] [100%] Built target demo02_action_client
[18.082s] Invoked command in '/home/levi/tut_interface/build/cpp03_action' returned '0': CMAKE_PREFIX_PATH=/home/levi/tut_interface/install/base_interfaces_demo:/home/levi/tut_interface/install/cpp03_action:/home/levi/tut_interface/install/cpp02_srv:/home/levi/tut_interface/install/cpp01_topic:/home/levi/tut_helloworld/install/helloworld_vscode_pkg:/home/levi/tut_helloworld/install/cpp_helloworld:/opt/ros/humble /usr/bin/cmake --build /home/levi/tut_interface/build/cpp03_action -- -j6 -l6
[18.502s] Invoking command in '/home/levi/tut_interface/build/cpp03_action': CMAKE_PREFIX_PATH=/home/levi/tut_interface/install/base_interfaces_demo:/home/levi/tut_interface/install/cpp03_action:/home/levi/tut_interface/install/cpp02_srv:/home/levi/tut_interface/install/cpp01_topic:/home/levi/tut_helloworld/install/helloworld_vscode_pkg:/home/levi/tut_helloworld/install/cpp_helloworld:/opt/ros/humble /usr/bin/cmake --install /home/levi/tut_interface/build/cpp03_action
[18.555s] -- Install configuration: ""
[18.561s] -- Up-to-date: /home/levi/tut_interface/install/cpp03_action/lib/cpp03_action/demo01_action_server
[18.571s] -- Installing: /home/levi/tut_interface/install/cpp03_action/lib/cpp03_action/demo02_action_client
[18.584s] -- Set runtime path of "/home/levi/tut_interface/install/cpp03_action/lib/cpp03_action/demo02_action_client" to ""
[18.587s] -- Up-to-date: /home/levi/tut_interface/install/cpp03_action/share/ament_index/resource_index/package_run_dependencies/cpp03_action
[18.587s] -- Up-to-date: /home/levi/tut_interface/install/cpp03_action/share/ament_index/resource_index/parent_prefix_path/cpp03_action
[18.588s] -- Up-to-date: /home/levi/tut_interface/install/cpp03_action/share/cpp03_action/environment/ament_prefix_path.sh
[18.588s] -- Up-to-date: /home/levi/tut_interface/install/cpp03_action/share/cpp03_action/environment/ament_prefix_path.dsv
[18.589s] -- Up-to-date: /home/levi/tut_interface/install/cpp03_action/share/cpp03_action/environment/path.sh
[18.589s] -- Up-to-date: /home/levi/tut_interface/install/cpp03_action/share/cpp03_action/environment/path.dsv
[18.590s] -- Up-to-date: /home/levi/tut_interface/install/cpp03_action/share/cpp03_action/local_setup.bash
[18.590s] -- Up-to-date: /home/levi/tut_interface/install/cpp03_action/share/cpp03_action/local_setup.sh
[18.591s] -- Up-to-date: /home/levi/tut_interface/install/cpp03_action/share/cpp03_action/local_setup.zsh
[18.591s] -- Up-to-date: /home/levi/tut_interface/install/cpp03_action/share/cpp03_action/local_setup.dsv
[18.592s] -- Installing: /home/levi/tut_interface/install/cpp03_action/share/cpp03_action/package.dsv
[18.596s] -- Up-to-date: /home/levi/tut_interface/install/cpp03_action/share/ament_index/resource_index/packages/cpp03_action
[18.596s] -- Up-to-date: /home/levi/tut_interface/install/cpp03_action/share/cpp03_action/cmake/cpp03_actionConfig.cmake
[18.600s] -- Up-to-date: /home/levi/tut_interface/install/cpp03_action/share/cpp03_action/cmake/cpp03_actionConfig-version.cmake
[18.603s] -- Up-to-date: /home/levi/tut_interface/install/cpp03_action/share/cpp03_action/package.xml
[18.610s] Invoked command in '/home/levi/tut_interface/build/cpp03_action' returned '0': CMAKE_PREFIX_PATH=/home/levi/tut_interface/install/base_interfaces_demo:/home/levi/tut_interface/install/cpp03_action:/home/levi/tut_interface/install/cpp02_srv:/home/levi/tut_interface/install/cpp01_topic:/home/levi/tut_helloworld/install/helloworld_vscode_pkg:/home/levi/tut_helloworld/install/cpp_helloworld:/opt/ros/humble /usr/bin/cmake --install /home/levi/tut_interface/build/cpp03_action
