[0.115s] Invoking command in '/home/levi/tut_interface/build/cpp04_param': CMAKE_PREFIX_PATH=${CMAKE_PREFIX_PATH}:/opt/ros/humble /usr/bin/cmake --build /home/levi/tut_interface/build/cpp04_param -- -j6 -l6
[0.507s] [35m[1mConsolidate compiler generated dependencies of target demo01_param_server[0m
[0.610s] [ 33%] Built target demo02_param_client
[0.665s] [ 66%] Built target demo00_param
[0.701s] [ 83%] [32mBuilding CXX object CMakeFiles/demo01_param_server.dir/src/demo01_param_server.cpp.o[0m
[12.727s] [100%] [32m[1mLinking CXX executable demo01_param_server[0m
[13.548s] [100%] Built target demo01_param_server
[13.626s] Invoked command in '/home/levi/tut_interface/build/cpp04_param' returned '0': CMAKE_PREFIX_PATH=${CMAKE_PREFIX_PATH}:/opt/ros/humble /usr/bin/cmake --build /home/levi/tut_interface/build/cpp04_param -- -j6 -l6
[14.118s] Invoking command in '/home/levi/tut_interface/build/cpp04_param': CMAKE_PREFIX_PATH=${CMAKE_PREFIX_PATH}:/opt/ros/humble /usr/bin/cmake --install /home/levi/tut_interface/build/cpp04_param
[14.171s] -- Install configuration: ""
[14.176s] -- Up-to-date: /home/levi/tut_interface/install/cpp04_param/lib/cpp04_param/demo00_param
[14.180s] -- Installing: /home/levi/tut_interface/install/cpp04_param/lib/cpp04_param/demo01_param_server
[14.188s] -- Set runtime path of "/home/levi/tut_interface/install/cpp04_param/lib/cpp04_param/demo01_param_server" to ""
[14.191s] -- Up-to-date: /home/levi/tut_interface/install/cpp04_param/lib/cpp04_param/demo02_param_client
[14.193s] -- Up-to-date: /home/levi/tut_interface/install/cpp04_param/share/ament_index/resource_index/package_run_dependencies/cpp04_param
[14.194s] -- Up-to-date: /home/levi/tut_interface/install/cpp04_param/share/ament_index/resource_index/parent_prefix_path/cpp04_param
[14.195s] -- Up-to-date: /home/levi/tut_interface/install/cpp04_param/share/cpp04_param/environment/ament_prefix_path.sh
[14.196s] -- Up-to-date: /home/levi/tut_interface/install/cpp04_param/share/cpp04_param/environment/ament_prefix_path.dsv
[14.197s] -- Up-to-date: /home/levi/tut_interface/install/cpp04_param/share/cpp04_param/environment/path.sh
[14.199s] -- Up-to-date: /home/levi/tut_interface/install/cpp04_param/share/cpp04_param/environment/path.dsv
[14.199s] -- Up-to-date: /home/levi/tut_interface/install/cpp04_param/share/cpp04_param/local_setup.bash
[14.199s] -- Up-to-date: /home/levi/tut_interface/install/cpp04_param/share/cpp04_param/local_setup.sh
[14.200s] -- Up-to-date: /home/levi/tut_interface/install/cpp04_param/share/cpp04_param/local_setup.zsh
[14.200s] -- Up-to-date: /home/levi/tut_interface/install/cpp04_param/share/cpp04_param/local_setup.dsv
[14.201s] -- Installing: /home/levi/tut_interface/install/cpp04_param/share/cpp04_param/package.dsv
[14.202s] -- Up-to-date: /home/levi/tut_interface/install/cpp04_param/share/ament_index/resource_index/packages/cpp04_param
[14.202s] -- Up-to-date: /home/levi/tut_interface/install/cpp04_param/share/cpp04_param/cmake/cpp04_paramConfig.cmake
[14.204s] -- Up-to-date: /home/levi/tut_interface/install/cpp04_param/share/cpp04_param/cmake/cpp04_paramConfig-version.cmake
[14.205s] -- Up-to-date: /home/levi/tut_interface/install/cpp04_param/share/cpp04_param/package.xml
[14.218s] Invoked command in '/home/levi/tut_interface/build/cpp04_param' returned '0': CMAKE_PREFIX_PATH=${CMAKE_PREFIX_PATH}:/opt/ros/humble /usr/bin/cmake --install /home/levi/tut_interface/build/cpp04_param
