[0.093s] Invoking command in '/home/levi/tut_interface/build/cpp02_srv': CMAKE_PREFIX_PATH=/home/levi/tut_interface/install/base_interfaces_demo:/home/levi/tut_interface/install/cpp02_srv:/home/levi/tut_interface/install/cpp01_topic:/opt/ros/humble /usr/bin/cmake --build /home/levi/tut_interface/build/cpp02_srv -- -j6 -l6
[0.447s] [35m[1mConsolidate compiler generated dependencies of target demo01_client[0m
[0.557s] [ 50%] Built target demo01_server
[0.628s] [ 75%] [32mBuilding CXX object CMakeFiles/demo01_client.dir/src/demo01_client.cpp.o[0m
[15.013s] [100%] [32m[1mLinking CXX executable demo01_client[0m
[15.986s] [100%] Built target demo01_client
[16.060s] Invoked command in '/home/levi/tut_interface/build/cpp02_srv' returned '0': CMAKE_PREFIX_PATH=/home/levi/tut_interface/install/base_interfaces_demo:/home/levi/tut_interface/install/cpp02_srv:/home/levi/tut_interface/install/cpp01_topic:/opt/ros/humble /usr/bin/cmake --build /home/levi/tut_interface/build/cpp02_srv -- -j6 -l6
[16.465s] Invoking command in '/home/levi/tut_interface/build/cpp02_srv': CMAKE_PREFIX_PATH=/home/levi/tut_interface/install/base_interfaces_demo:/home/levi/tut_interface/install/cpp02_srv:/home/levi/tut_interface/install/cpp01_topic:/opt/ros/humble /usr/bin/cmake --install /home/levi/tut_interface/build/cpp02_srv
[16.528s] -- Install configuration: ""
[16.532s] -- Up-to-date: /home/levi/tut_interface/install/cpp02_srv/lib/cpp02_srv/demo01_server
[16.539s] -- Installing: /home/levi/tut_interface/install/cpp02_srv/lib/cpp02_srv/demo01_client
[16.553s] -- Set runtime path of "/home/levi/tut_interface/install/cpp02_srv/lib/cpp02_srv/demo01_client" to ""
[16.555s] -- Up-to-date: /home/levi/tut_interface/install/cpp02_srv/share/ament_index/resource_index/package_run_dependencies/cpp02_srv
[16.556s] -- Up-to-date: /home/levi/tut_interface/install/cpp02_srv/share/ament_index/resource_index/parent_prefix_path/cpp02_srv
[16.558s] -- Up-to-date: /home/levi/tut_interface/install/cpp02_srv/share/cpp02_srv/environment/ament_prefix_path.sh
[16.559s] -- Up-to-date: /home/levi/tut_interface/install/cpp02_srv/share/cpp02_srv/environment/ament_prefix_path.dsv
[16.559s] -- Up-to-date: /home/levi/tut_interface/install/cpp02_srv/share/cpp02_srv/environment/path.sh
[16.560s] -- Up-to-date: /home/levi/tut_interface/install/cpp02_srv/share/cpp02_srv/environment/path.dsv
[16.560s] -- Up-to-date: /home/levi/tut_interface/install/cpp02_srv/share/cpp02_srv/local_setup.bash
[16.560s] -- Up-to-date: /home/levi/tut_interface/install/cpp02_srv/share/cpp02_srv/local_setup.sh
[16.561s] -- Up-to-date: /home/levi/tut_interface/install/cpp02_srv/share/cpp02_srv/local_setup.zsh
[16.561s] -- Up-to-date: /home/levi/tut_interface/install/cpp02_srv/share/cpp02_srv/local_setup.dsv
[16.571s] -- Installing: /home/levi/tut_interface/install/cpp02_srv/share/cpp02_srv/package.dsv
[16.571s] -- Up-to-date: /home/levi/tut_interface/install/cpp02_srv/share/ament_index/resource_index/packages/cpp02_srv
[16.571s] -- Up-to-date: /home/levi/tut_interface/install/cpp02_srv/share/cpp02_srv/cmake/cpp02_srvConfig.cmake
[16.571s] -- Up-to-date: /home/levi/tut_interface/install/cpp02_srv/share/cpp02_srv/cmake/cpp02_srvConfig-version.cmake
[16.572s] -- Up-to-date: /home/levi/tut_interface/install/cpp02_srv/share/cpp02_srv/package.xml
[16.578s] Invoked command in '/home/levi/tut_interface/build/cpp02_srv' returned '0': CMAKE_PREFIX_PATH=/home/levi/tut_interface/install/base_interfaces_demo:/home/levi/tut_interface/install/cpp02_srv:/home/levi/tut_interface/install/cpp01_topic:/opt/ros/humble /usr/bin/cmake --install /home/levi/tut_interface/build/cpp02_srv
