[0.122s] Invoking command in '/home/levi/tut_interface/build/meta_pkg': AMENT_PREFIX_PATH=/home/levi/tut_interface/install/cpp03_action:/home/levi/tut_interface/install/cpp02_srv:/home/levi/tut_interface/install/cpp01_topic:/home/levi/tut_interface/install/cpp04_param:/home/levi/tut_interface/install/base_interfaces_demo:${AMENT_PREFIX_PATH} CMAKE_PREFIX_PATH=/home/levi/tut_interface/install/cpp03_action:/home/levi/tut_interface/install/cpp02_srv:/home/levi/tut_interface/install/cpp01_topic:/home/levi/tut_interface/install/cpp04_param:/home/levi/tut_interface/install/base_interfaces_demo:/home/levi/tut_interface/src/install/meta_pkg:/home/levi/tut_interface/src/install/cpp04_param:/home/levi/tut_interface/src/install/cpp03_action:/home/levi/tut_interface/src/install/cpp02_srv:/home/levi/tut_interface/src/install/cpp01_topic:/home/levi/tut_interface/src/install/base_interfaces_demo:/opt/ros/humble LD_LIBRARY_PATH=/home/levi/tut_interface/install/base_interfaces_demo/lib:${LD_LIBRARY_PATH} PYTHONPATH=/home/levi/tut_interface/install/base_interfaces_demo/local/lib/python3.10/dist-packages:${PYTHONPATH} /usr/bin/cmake --build /home/levi/tut_interface/build/meta_pkg -- -j6 -l6
[0.287s] -- Found ament_cmake: 1.3.3 (/opt/ros/humble/share/ament_cmake/cmake)
[1.163s] -- Found ament_lint_auto: 0.12.5 (/opt/ros/humble/share/ament_lint_auto/cmake)
[1.559s] -- Added test 'lint_cmake' to check CMake code style
[1.573s] -- Added test 'xmllint' to check XML markup files
[1.586s] -- Configuring done
[1.607s] -- Generating done
[1.618s] -- Build files have been written to: /home/levi/tut_interface/build/meta_pkg
[1.788s] Invoked command in '/home/levi/tut_interface/build/meta_pkg' returned '0': AMENT_PREFIX_PATH=/home/levi/tut_interface/install/cpp03_action:/home/levi/tut_interface/install/cpp02_srv:/home/levi/tut_interface/install/cpp01_topic:/home/levi/tut_interface/install/cpp04_param:/home/levi/tut_interface/install/base_interfaces_demo:${AMENT_PREFIX_PATH} CMAKE_PREFIX_PATH=/home/levi/tut_interface/install/cpp03_action:/home/levi/tut_interface/install/cpp02_srv:/home/levi/tut_interface/install/cpp01_topic:/home/levi/tut_interface/install/cpp04_param:/home/levi/tut_interface/install/base_interfaces_demo:/home/levi/tut_interface/src/install/meta_pkg:/home/levi/tut_interface/src/install/cpp04_param:/home/levi/tut_interface/src/install/cpp03_action:/home/levi/tut_interface/src/install/cpp02_srv:/home/levi/tut_interface/src/install/cpp01_topic:/home/levi/tut_interface/src/install/base_interfaces_demo:/opt/ros/humble LD_LIBRARY_PATH=/home/levi/tut_interface/install/base_interfaces_demo/lib:${LD_LIBRARY_PATH} PYTHONPATH=/home/levi/tut_interface/install/base_interfaces_demo/local/lib/python3.10/dist-packages:${PYTHONPATH} /usr/bin/cmake --build /home/levi/tut_interface/build/meta_pkg -- -j6 -l6
[2.101s] Invoking command in '/home/levi/tut_interface/build/meta_pkg': AMENT_PREFIX_PATH=/home/levi/tut_interface/install/cpp03_action:/home/levi/tut_interface/install/cpp02_srv:/home/levi/tut_interface/install/cpp01_topic:/home/levi/tut_interface/install/cpp04_param:/home/levi/tut_interface/install/base_interfaces_demo:${AMENT_PREFIX_PATH} CMAKE_PREFIX_PATH=/home/levi/tut_interface/install/cpp03_action:/home/levi/tut_interface/install/cpp02_srv:/home/levi/tut_interface/install/cpp01_topic:/home/levi/tut_interface/install/cpp04_param:/home/levi/tut_interface/install/base_interfaces_demo:/home/levi/tut_interface/src/install/meta_pkg:/home/levi/tut_interface/src/install/cpp04_param:/home/levi/tut_interface/src/install/cpp03_action:/home/levi/tut_interface/src/install/cpp02_srv:/home/levi/tut_interface/src/install/cpp01_topic:/home/levi/tut_interface/src/install/base_interfaces_demo:/opt/ros/humble LD_LIBRARY_PATH=/home/levi/tut_interface/install/base_interfaces_demo/lib:${LD_LIBRARY_PATH} PYTHONPATH=/home/levi/tut_interface/install/base_interfaces_demo/local/lib/python3.10/dist-packages:${PYTHONPATH} /usr/bin/cmake --install /home/levi/tut_interface/build/meta_pkg
[2.196s] -- Install configuration: ""
[2.198s] -- Up-to-date: /home/levi/tut_interface/install/meta_pkg/share/ament_index/resource_index/package_run_dependencies/meta_pkg
[2.199s] -- Installing: /home/levi/tut_interface/install/meta_pkg/share/ament_index/resource_index/parent_prefix_path/meta_pkg
[2.200s] -- Up-to-date: /home/levi/tut_interface/install/meta_pkg/share/meta_pkg/environment/ament_prefix_path.sh
[2.201s] -- Installing: /home/levi/tut_interface/install/meta_pkg/share/meta_pkg/environment/ament_prefix_path.dsv
[2.204s] -- Up-to-date: /home/levi/tut_interface/install/meta_pkg/share/meta_pkg/environment/path.sh
[2.204s] -- Installing: /home/levi/tut_interface/install/meta_pkg/share/meta_pkg/environment/path.dsv
[2.207s] -- Up-to-date: /home/levi/tut_interface/install/meta_pkg/share/meta_pkg/local_setup.bash
[2.212s] -- Up-to-date: /home/levi/tut_interface/install/meta_pkg/share/meta_pkg/local_setup.sh
[2.212s] -- Up-to-date: /home/levi/tut_interface/install/meta_pkg/share/meta_pkg/local_setup.zsh
[2.213s] -- Installing: /home/levi/tut_interface/install/meta_pkg/share/meta_pkg/local_setup.dsv
[2.213s] -- Installing: /home/levi/tut_interface/install/meta_pkg/share/meta_pkg/package.dsv
[2.213s] -- Up-to-date: /home/levi/tut_interface/install/meta_pkg/share/ament_index/resource_index/packages/meta_pkg
[2.214s] -- Up-to-date: /home/levi/tut_interface/install/meta_pkg/share/meta_pkg/cmake/meta_pkgConfig.cmake
[2.214s] -- Up-to-date: /home/levi/tut_interface/install/meta_pkg/share/meta_pkg/cmake/meta_pkgConfig-version.cmake
[2.214s] -- Up-to-date: /home/levi/tut_interface/install/meta_pkg/share/meta_pkg/package.xml
[2.223s] Invoked command in '/home/levi/tut_interface/build/meta_pkg' returned '0': AMENT_PREFIX_PATH=/home/levi/tut_interface/install/cpp03_action:/home/levi/tut_interface/install/cpp02_srv:/home/levi/tut_interface/install/cpp01_topic:/home/levi/tut_interface/install/cpp04_param:/home/levi/tut_interface/install/base_interfaces_demo:${AMENT_PREFIX_PATH} CMAKE_PREFIX_PATH=/home/levi/tut_interface/install/cpp03_action:/home/levi/tut_interface/install/cpp02_srv:/home/levi/tut_interface/install/cpp01_topic:/home/levi/tut_interface/install/cpp04_param:/home/levi/tut_interface/install/base_interfaces_demo:/home/levi/tut_interface/src/install/meta_pkg:/home/levi/tut_interface/src/install/cpp04_param:/home/levi/tut_interface/src/install/cpp03_action:/home/levi/tut_interface/src/install/cpp02_srv:/home/levi/tut_interface/src/install/cpp01_topic:/home/levi/tut_interface/src/install/base_interfaces_demo:/opt/ros/humble LD_LIBRARY_PATH=/home/levi/tut_interface/install/base_interfaces_demo/lib:${LD_LIBRARY_PATH} PYTHONPATH=/home/levi/tut_interface/install/base_interfaces_demo/local/lib/python3.10/dist-packages:${PYTHONPATH} /usr/bin/cmake --install /home/levi/tut_interface/build/meta_pkg
