[0.081s] Invoking command in '/home/levi/tut_interface/build/cpp07_exercise': AMENT_PREFIX_PATH=/home/levi/tut_interface/install/base_interfaces_demo:${AMENT_PREFIX_PATH} CMAKE_PREFIX_PATH=/home/levi/tut_interface/install/base_interfaces_demo:/opt/ros/humble LD_LIBRARY_PATH=/home/levi/tut_interface/install/base_interfaces_demo/lib:${LD_LIBRARY_PATH} PYTHONPATH=/home/levi/tut_interface/install/base_interfaces_demo/local/lib/python3.10/dist-packages:${PYTHONPATH} /usr/bin/cmake --build /home/levi/tut_interface/build/cpp07_exercise -- -j6 -l6
[0.374s] [35m[1mConsolidate compiler generated dependencies of target basic_node[0m
[0.474s] [100%] Built target basic_node
[0.542s] Invoked command in '/home/levi/tut_interface/build/cpp07_exercise' returned '0': AMENT_PREFIX_PATH=/home/levi/tut_interface/install/base_interfaces_demo:${AMENT_PREFIX_PATH} CMAKE_PREFIX_PATH=/home/levi/tut_interface/install/base_interfaces_demo:/opt/ros/humble LD_LIBRARY_PATH=/home/levi/tut_interface/install/base_interfaces_demo/lib:${LD_LIBRARY_PATH} PYTHONPATH=/home/levi/tut_interface/install/base_interfaces_demo/local/lib/python3.10/dist-packages:${PYTHONPATH} /usr/bin/cmake --build /home/levi/tut_interface/build/cpp07_exercise -- -j6 -l6
[0.935s] Invoking command in '/home/levi/tut_interface/build/cpp07_exercise': AMENT_PREFIX_PATH=/home/levi/tut_interface/install/base_interfaces_demo:${AMENT_PREFIX_PATH} CMAKE_PREFIX_PATH=/home/levi/tut_interface/install/base_interfaces_demo:/opt/ros/humble LD_LIBRARY_PATH=/home/levi/tut_interface/install/base_interfaces_demo/lib:${LD_LIBRARY_PATH} PYTHONPATH=/home/levi/tut_interface/install/base_interfaces_demo/local/lib/python3.10/dist-packages:${PYTHONPATH} /usr/bin/cmake --install /home/levi/tut_interface/build/cpp07_exercise
[0.959s] -- Install configuration: ""
[0.964s] -- Up-to-date: /home/levi/tut_interface/install/cpp07_exercise/lib/cpp07_exercise/basic_node
[0.971s] -- Up-to-date: /home/levi/tut_interface/install/cpp07_exercise/share/ament_index/resource_index/package_run_dependencies/cpp07_exercise
[0.981s] -- Up-to-date: /home/levi/tut_interface/install/cpp07_exercise/share/ament_index/resource_index/parent_prefix_path/cpp07_exercise
[0.981s] -- Up-to-date: /home/levi/tut_interface/install/cpp07_exercise/share/cpp07_exercise/environment/ament_prefix_path.sh
[0.982s] -- Up-to-date: /home/levi/tut_interface/install/cpp07_exercise/share/cpp07_exercise/environment/ament_prefix_path.dsv
[0.982s] -- Up-to-date: /home/levi/tut_interface/install/cpp07_exercise/share/cpp07_exercise/environment/path.sh
[0.983s] -- Up-to-date: /home/levi/tut_interface/install/cpp07_exercise/share/cpp07_exercise/environment/path.dsv
[0.984s] -- Up-to-date: /home/levi/tut_interface/install/cpp07_exercise/share/cpp07_exercise/local_setup.bash
[0.985s] -- Up-to-date: /home/levi/tut_interface/install/cpp07_exercise/share/cpp07_exercise/local_setup.sh
[0.985s] -- Up-to-date: /home/levi/tut_interface/install/cpp07_exercise/share/cpp07_exercise/local_setup.zsh
[0.986s] -- Up-to-date: /home/levi/tut_interface/install/cpp07_exercise/share/cpp07_exercise/local_setup.dsv
[0.987s] -- Installing: /home/levi/tut_interface/install/cpp07_exercise/share/cpp07_exercise/package.dsv
[0.987s] -- Up-to-date: /home/levi/tut_interface/install/cpp07_exercise/share/ament_index/resource_index/packages/cpp07_exercise
[0.988s] -- Up-to-date: /home/levi/tut_interface/install/cpp07_exercise/share/cpp07_exercise/cmake/cpp07_exerciseConfig.cmake
[0.988s] -- Up-to-date: /home/levi/tut_interface/install/cpp07_exercise/share/cpp07_exercise/cmake/cpp07_exerciseConfig-version.cmake
[0.992s] -- Up-to-date: /home/levi/tut_interface/install/cpp07_exercise/share/cpp07_exercise/package.xml
[0.994s] Invoked command in '/home/levi/tut_interface/build/cpp07_exercise' returned '0': AMENT_PREFIX_PATH=/home/levi/tut_interface/install/base_interfaces_demo:${AMENT_PREFIX_PATH} CMAKE_PREFIX_PATH=/home/levi/tut_interface/install/base_interfaces_demo:/opt/ros/humble LD_LIBRARY_PATH=/home/levi/tut_interface/install/base_interfaces_demo/lib:${LD_LIBRARY_PATH} PYTHONPATH=/home/levi/tut_interface/install/base_interfaces_demo/local/lib/python3.10/dist-packages:${PYTHONPATH} /usr/bin/cmake --install /home/levi/tut_interface/build/cpp07_exercise
