[0.069s] Invoking command in '/home/levi/tut_interface/build/cpp01_topic': AMENT_PREFIX_PATH=/home/levi/tut_interface/install/base_interfaces_demo:${AMENT_PREFIX_PATH} CMAKE_PREFIX_PATH=/home/levi/tut_interface/install/base_interfaces_demo:/opt/ros/humble LD_LIBRARY_PATH=/home/levi/tut_interface/install/base_interfaces_demo/lib:${LD_LIBRARY_PATH} PYTHONPATH=/home/levi/tut_interface/install/base_interfaces_demo/local/lib/python3.10/dist-packages:${PYTHONPATH} /usr/bin/cmake /home/levi/tut_interface/src/cpp01_topic -DCMAKE_INSTALL_PREFIX=/home/levi/tut_interface/install/cpp01_topic
[0.149s] -- Found ament_cmake: 1.3.3 (/opt/ros/humble/share/ament_cmake/cmake)
[0.910s] -- Found rclcpp: 16.0.3 (/opt/ros/humble/share/rclcpp/cmake)
[1.072s] -- Found rosidl_generator_c: 3.1.4 (/opt/ros/humble/share/rosidl_generator_c/cmake)
[1.090s] -- Found rosidl_adapter: 3.1.4 (/opt/ros/humble/share/rosidl_adapter/cmake)
[1.140s] -- Found rosidl_generator_cpp: 3.1.4 (/opt/ros/humble/share/rosidl_generator_cpp/cmake)
[1.188s] -- Using all available rosidl_typesupport_c: rosidl_typesupport_fastrtps_c;rosidl_typesupport_introspection_c
[1.271s] -- Using all available rosidl_typesupport_cpp: rosidl_typesupport_fastrtps_cpp;rosidl_typesupport_introspection_cpp
[1.576s] -- Found rmw_implementation_cmake: 6.1.1 (/opt/ros/humble/share/rmw_implementation_cmake/cmake)
[1.582s] -- Found rmw_fastrtps_cpp: 6.2.2 (/opt/ros/humble/share/rmw_fastrtps_cpp/cmake)
[2.202s] -- Using RMW implementation 'rmw_fastrtps_cpp' as default
[2.969s] -- Found base_interfaces_demo: 0.0.0 (/home/levi/tut_interface/install/base_interfaces_demo/share/base_interfaces_demo/cmake)
[3.066s] -- Found ament_lint_auto: 0.12.5 (/opt/ros/humble/share/ament_lint_auto/cmake)
[3.450s] -- Added test 'cppcheck' to perform static code analysis on C / C++ code
[3.451s] -- Configured cppcheck include dirs: $<BUILD_INTERFACE:/home/levi/tut_interface/src/cpp01_topic/include>
[3.452s] -- Configured cppcheck exclude dirs and/or files: 
[3.460s] -- Added test 'lint_cmake' to check CMake code style
[3.468s] -- Added test 'uncrustify' to check C / C++ code style
[3.469s] -- Configured uncrustify additional arguments: 
[3.470s] -- Added test 'xmllint' to check XML markup files
[3.477s] -- Configuring done
[3.548s] -- Generating done
[3.558s] -- Build files have been written to: /home/levi/tut_interface/build/cpp01_topic
[3.609s] Invoked command in '/home/levi/tut_interface/build/cpp01_topic' returned '0': AMENT_PREFIX_PATH=/home/levi/tut_interface/install/base_interfaces_demo:${AMENT_PREFIX_PATH} CMAKE_PREFIX_PATH=/home/levi/tut_interface/install/base_interfaces_demo:/opt/ros/humble LD_LIBRARY_PATH=/home/levi/tut_interface/install/base_interfaces_demo/lib:${LD_LIBRARY_PATH} PYTHONPATH=/home/levi/tut_interface/install/base_interfaces_demo/local/lib/python3.10/dist-packages:${PYTHONPATH} /usr/bin/cmake /home/levi/tut_interface/src/cpp01_topic -DCMAKE_INSTALL_PREFIX=/home/levi/tut_interface/install/cpp01_topic
[3.611s] Invoking command in '/home/levi/tut_interface/build/cpp01_topic': AMENT_PREFIX_PATH=/home/levi/tut_interface/install/base_interfaces_demo:${AMENT_PREFIX_PATH} CMAKE_PREFIX_PATH=/home/levi/tut_interface/install/base_interfaces_demo:/opt/ros/humble LD_LIBRARY_PATH=/home/levi/tut_interface/install/base_interfaces_demo/lib:${LD_LIBRARY_PATH} PYTHONPATH=/home/levi/tut_interface/install/base_interfaces_demo/local/lib/python3.10/dist-packages:${PYTHONPATH} /usr/bin/cmake --build /home/levi/tut_interface/build/cpp01_topic -- -j6 -l6
[4.057s] [ 50%] [32mBuilding CXX object CMakeFiles/demo_stu.dir/src/demo_stu.cpp.o[0m
[4.386s] [100%] [32m[1mLinking CXX executable demo_stu[0m
[5.096s] [100%] Built target demo_stu
[5.165s] Invoked command in '/home/levi/tut_interface/build/cpp01_topic' returned '0': AMENT_PREFIX_PATH=/home/levi/tut_interface/install/base_interfaces_demo:${AMENT_PREFIX_PATH} CMAKE_PREFIX_PATH=/home/levi/tut_interface/install/base_interfaces_demo:/opt/ros/humble LD_LIBRARY_PATH=/home/levi/tut_interface/install/base_interfaces_demo/lib:${LD_LIBRARY_PATH} PYTHONPATH=/home/levi/tut_interface/install/base_interfaces_demo/local/lib/python3.10/dist-packages:${PYTHONPATH} /usr/bin/cmake --build /home/levi/tut_interface/build/cpp01_topic -- -j6 -l6
[5.504s] Invoking command in '/home/levi/tut_interface/build/cpp01_topic': AMENT_PREFIX_PATH=/home/levi/tut_interface/install/base_interfaces_demo:${AMENT_PREFIX_PATH} CMAKE_PREFIX_PATH=/home/levi/tut_interface/install/base_interfaces_demo:/opt/ros/humble LD_LIBRARY_PATH=/home/levi/tut_interface/install/base_interfaces_demo/lib:${LD_LIBRARY_PATH} PYTHONPATH=/home/levi/tut_interface/install/base_interfaces_demo/local/lib/python3.10/dist-packages:${PYTHONPATH} /usr/bin/cmake --install /home/levi/tut_interface/build/cpp01_topic
[5.575s] -- Install configuration: ""
[5.577s] -- Installing: /home/levi/tut_interface/install/cpp01_topic/lib/cpp01_topic/demo_stu
[5.587s] -- Set runtime path of "/home/levi/tut_interface/install/cpp01_topic/lib/cpp01_topic/demo_stu" to ""
[5.591s] -- Installing: /home/levi/tut_interface/install/cpp01_topic/share/ament_index/resource_index/package_run_dependencies/cpp01_topic
[5.592s] -- Installing: /home/levi/tut_interface/install/cpp01_topic/share/ament_index/resource_index/parent_prefix_path/cpp01_topic
[5.594s] -- Installing: /home/levi/tut_interface/install/cpp01_topic/share/cpp01_topic/environment/ament_prefix_path.sh
[5.597s] -- Installing: /home/levi/tut_interface/install/cpp01_topic/share/cpp01_topic/environment/ament_prefix_path.dsv
[5.599s] -- Installing: /home/levi/tut_interface/install/cpp01_topic/share/cpp01_topic/environment/path.sh
[5.601s] -- Installing: /home/levi/tut_interface/install/cpp01_topic/share/cpp01_topic/environment/path.dsv
[5.602s] -- Installing: /home/levi/tut_interface/install/cpp01_topic/share/cpp01_topic/local_setup.bash
[5.605s] -- Installing: /home/levi/tut_interface/install/cpp01_topic/share/cpp01_topic/local_setup.sh
[5.605s] -- Installing: /home/levi/tut_interface/install/cpp01_topic/share/cpp01_topic/local_setup.zsh
[5.608s] -- Installing: /home/levi/tut_interface/install/cpp01_topic/share/cpp01_topic/local_setup.dsv
[5.609s] -- Installing: /home/levi/tut_interface/install/cpp01_topic/share/cpp01_topic/package.dsv
[5.610s] -- Installing: /home/levi/tut_interface/install/cpp01_topic/share/ament_index/resource_index/packages/cpp01_topic
[5.611s] -- Installing: /home/levi/tut_interface/install/cpp01_topic/share/cpp01_topic/cmake/cpp01_topicConfig.cmake
[5.613s] -- Installing: /home/levi/tut_interface/install/cpp01_topic/share/cpp01_topic/cmake/cpp01_topicConfig-version.cmake
[5.616s] -- Installing: /home/levi/tut_interface/install/cpp01_topic/share/cpp01_topic/package.xml
[5.630s] Invoked command in '/home/levi/tut_interface/build/cpp01_topic' returned '0': AMENT_PREFIX_PATH=/home/levi/tut_interface/install/base_interfaces_demo:${AMENT_PREFIX_PATH} CMAKE_PREFIX_PATH=/home/levi/tut_interface/install/base_interfaces_demo:/opt/ros/humble LD_LIBRARY_PATH=/home/levi/tut_interface/install/base_interfaces_demo/lib:${LD_LIBRARY_PATH} PYTHONPATH=/home/levi/tut_interface/install/base_interfaces_demo/local/lib/python3.10/dist-packages:${PYTHONPATH} /usr/bin/cmake --install /home/levi/tut_interface/build/cpp01_topic
