[1.481s] DEBUG:colcon:Command line arguments: ['/usr/bin/colcon', 'build']
[1.481s] DEBUG:colcon:Parsed command line arguments: Namespace(log_base=None, log_level=None, verb_name='build', build_base='build', install_base='install', merge_install=False, symlink_install=False, test_result_base=None, continue_on_error=False, executor='parallel', parallel_workers=6, event_handlers=None, ignore_user_meta=False, metas=['./colcon.meta'], base_paths=['.'], packages_ignore=None, packages_ignore_regex=None, paths=None, packages_up_to=None, packages_up_to_regex=None, packages_above=None, packages_above_and_dependencies=None, packages_above_depth=None, packages_select_by_dep=None, packages_skip_by_dep=None, packages_skip_up_to=None, packages_select_build_failed=False, packages_skip_build_finished=False, packages_select_test_failures=False, packages_skip_test_passed=False, packages_select=None, packages_skip=None, packages_select_regex=None, packages_skip_regex=None, packages_start=None, packages_end=None, allow_overriding=[], cmake_args=None, cmake_target=None, cmake_target_skip_unavailable=False, cmake_clean_cache=False, cmake_clean_first=False, cmake_force_configure=False, ament_cmake_args=None, catkin_cmake_args=None, catkin_skip_building_tests=False, verb_parser=<colcon_defaults.argument_parser.defaults.DefaultArgumentsDecorator object at 0x7f1515c4cc70>, verb_extension=<colcon_core.verb.build.BuildVerb object at 0x7f1516457040>, main=<bound method BuildVerb.main of <colcon_core.verb.build.BuildVerb object at 0x7f1516457040>>)
[1.618s] Level 1:colcon.colcon_core.package_discovery:discover_packages(colcon_meta) check parameters
[1.619s] Level 1:colcon.colcon_core.package_discovery:discover_packages(recursive) check parameters
[1.619s] Level 1:colcon.colcon_core.package_discovery:discover_packages(ignore) check parameters
[1.620s] Level 1:colcon.colcon_core.package_discovery:discover_packages(path) check parameters
[1.620s] Level 1:colcon.colcon_core.package_discovery:discover_packages(colcon_meta) discover
[1.621s] Level 1:colcon.colcon_core.package_discovery:discover_packages(recursive) discover
[1.622s] INFO:colcon.colcon_core.package_discovery:Crawling recursively for packages in '/home/levi/tut_interface'
[1.622s] Level 1:colcon.colcon_core.package_identification:_identify(.) by extensions ['ignore', 'ignore_ament_install']
[1.623s] Level 1:colcon.colcon_core.package_identification:_identify(.) by extension 'ignore'
[1.623s] Level 1:colcon.colcon_core.package_identification:_identify(.) by extension 'ignore_ament_install'
[1.624s] Level 1:colcon.colcon_core.package_identification:_identify(.) by extensions ['colcon_pkg']
[1.624s] Level 1:colcon.colcon_core.package_identification:_identify(.) by extension 'colcon_pkg'
[1.625s] Level 1:colcon.colcon_core.package_identification:_identify(.) by extensions ['colcon_meta']
[1.625s] Level 1:colcon.colcon_core.package_identification:_identify(.) by extension 'colcon_meta'
[1.625s] Level 1:colcon.colcon_core.package_identification:_identify(.) by extensions ['ros']
[1.626s] Level 1:colcon.colcon_core.package_identification:_identify(.) by extension 'ros'
[1.698s] Level 1:colcon.colcon_core.package_identification:_identify(.) by extensions ['cmake', 'python']
[1.698s] Level 1:colcon.colcon_core.package_identification:_identify(.) by extension 'cmake'
[1.699s] Level 1:colcon.colcon_core.package_identification:_identify(.) by extension 'python'
[1.699s] Level 1:colcon.colcon_core.package_identification:_identify(.) by extensions ['python_setup_py']
[1.699s] Level 1:colcon.colcon_core.package_identification:_identify(.) by extension 'python_setup_py'
[1.700s] Level 1:colcon.colcon_core.package_identification:_identify(build) by extensions ['ignore', 'ignore_ament_install']
[1.700s] Level 1:colcon.colcon_core.package_identification:_identify(build) by extension 'ignore'
[1.701s] Level 1:colcon.colcon_core.package_identification:_identify(build) ignored
[1.701s] Level 1:colcon.colcon_core.package_identification:_identify(install) by extensions ['ignore', 'ignore_ament_install']
[1.702s] Level 1:colcon.colcon_core.package_identification:_identify(install) by extension 'ignore'
[1.702s] Level 1:colcon.colcon_core.package_identification:_identify(install) ignored
[1.703s] Level 1:colcon.colcon_core.package_identification:_identify(log) by extensions ['ignore', 'ignore_ament_install']
[1.703s] Level 1:colcon.colcon_core.package_identification:_identify(log) by extension 'ignore'
[1.704s] Level 1:colcon.colcon_core.package_identification:_identify(log) ignored
[1.704s] Level 1:colcon.colcon_core.package_identification:_identify(src) by extensions ['ignore', 'ignore_ament_install']
[1.705s] Level 1:colcon.colcon_core.package_identification:_identify(src) by extension 'ignore'
[1.705s] Level 1:colcon.colcon_core.package_identification:_identify(src) by extension 'ignore_ament_install'
[1.705s] Level 1:colcon.colcon_core.package_identification:_identify(src) by extensions ['colcon_pkg']
[1.706s] Level 1:colcon.colcon_core.package_identification:_identify(src) by extension 'colcon_pkg'
[1.706s] Level 1:colcon.colcon_core.package_identification:_identify(src) by extensions ['colcon_meta']
[1.706s] Level 1:colcon.colcon_core.package_identification:_identify(src) by extension 'colcon_meta'
[1.707s] Level 1:colcon.colcon_core.package_identification:_identify(src) by extensions ['ros']
[1.707s] Level 1:colcon.colcon_core.package_identification:_identify(src) by extension 'ros'
[1.707s] Level 1:colcon.colcon_core.package_identification:_identify(src) by extensions ['cmake', 'python']
[1.707s] Level 1:colcon.colcon_core.package_identification:_identify(src) by extension 'cmake'
[1.707s] Level 1:colcon.colcon_core.package_identification:_identify(src) by extension 'python'
[1.708s] Level 1:colcon.colcon_core.package_identification:_identify(src) by extensions ['python_setup_py']
[1.708s] Level 1:colcon.colcon_core.package_identification:_identify(src) by extension 'python_setup_py'
[1.709s] Level 1:colcon.colcon_core.package_identification:_identify(src/base_interfaces_demo) by extensions ['ignore', 'ignore_ament_install']
[1.709s] Level 1:colcon.colcon_core.package_identification:_identify(src/base_interfaces_demo) by extension 'ignore'
[1.710s] Level 1:colcon.colcon_core.package_identification:_identify(src/base_interfaces_demo) by extension 'ignore_ament_install'
[1.710s] Level 1:colcon.colcon_core.package_identification:_identify(src/base_interfaces_demo) by extensions ['colcon_pkg']
[1.710s] Level 1:colcon.colcon_core.package_identification:_identify(src/base_interfaces_demo) by extension 'colcon_pkg'
[1.711s] Level 1:colcon.colcon_core.package_identification:_identify(src/base_interfaces_demo) by extensions ['colcon_meta']
[1.711s] Level 1:colcon.colcon_core.package_identification:_identify(src/base_interfaces_demo) by extension 'colcon_meta'
[1.711s] Level 1:colcon.colcon_core.package_identification:_identify(src/base_interfaces_demo) by extensions ['ros']
[1.711s] Level 1:colcon.colcon_core.package_identification:_identify(src/base_interfaces_demo) by extension 'ros'
[1.722s] DEBUG:colcon.colcon_core.package_identification:Package 'src/base_interfaces_demo' with type 'ros.ament_cmake' and name 'base_interfaces_demo'
[1.723s] Level 1:colcon.colcon_core.package_identification:_identify(src/cpp01_topic) by extensions ['ignore', 'ignore_ament_install']
[1.724s] Level 1:colcon.colcon_core.package_identification:_identify(src/cpp01_topic) by extension 'ignore'
[1.724s] Level 1:colcon.colcon_core.package_identification:_identify(src/cpp01_topic) by extension 'ignore_ament_install'
[1.725s] Level 1:colcon.colcon_core.package_identification:_identify(src/cpp01_topic) by extensions ['colcon_pkg']
[1.725s] Level 1:colcon.colcon_core.package_identification:_identify(src/cpp01_topic) by extension 'colcon_pkg'
[1.725s] Level 1:colcon.colcon_core.package_identification:_identify(src/cpp01_topic) by extensions ['colcon_meta']
[1.725s] Level 1:colcon.colcon_core.package_identification:_identify(src/cpp01_topic) by extension 'colcon_meta'
[1.726s] Level 1:colcon.colcon_core.package_identification:_identify(src/cpp01_topic) by extensions ['ros']
[1.726s] Level 1:colcon.colcon_core.package_identification:_identify(src/cpp01_topic) by extension 'ros'
[1.729s] DEBUG:colcon.colcon_core.package_identification:Package 'src/cpp01_topic' with type 'ros.ament_cmake' and name 'cpp01_topic'
[1.729s] Level 1:colcon.colcon_core.package_discovery:discover_packages(recursive) using defaults
[1.730s] Level 1:colcon.colcon_core.package_discovery:discover_packages(ignore) discover
[1.730s] Level 1:colcon.colcon_core.package_discovery:discover_packages(ignore) using defaults
[1.730s] Level 1:colcon.colcon_core.package_discovery:discover_packages(path) discover
[1.730s] Level 1:colcon.colcon_core.package_discovery:discover_packages(path) using defaults
[1.841s] Level 1:colcon.colcon_core.package_discovery:discover_packages(prefix_path) check parameters
[1.841s] Level 1:colcon.colcon_core.package_discovery:discover_packages(prefix_path) discover
[1.858s] DEBUG:colcon.colcon_installed_package_information.package_discovery:Found 2 installed packages in /home/levi/tut_interface/install
[1.872s] DEBUG:colcon.colcon_installed_package_information.package_discovery:Found 283 installed packages in /opt/ros/humble
[1.876s] Level 1:colcon.colcon_core.package_discovery:discover_packages(prefix_path) using defaults
[2.213s] Level 5:colcon.colcon_core.verb:set package 'base_interfaces_demo' build argument 'cmake_args' from command line to 'None'
[2.213s] Level 5:colcon.colcon_core.verb:set package 'base_interfaces_demo' build argument 'cmake_target' from command line to 'None'
[2.213s] Level 5:colcon.colcon_core.verb:set package 'base_interfaces_demo' build argument 'cmake_target_skip_unavailable' from command line to 'False'
[2.213s] Level 5:colcon.colcon_core.verb:set package 'base_interfaces_demo' build argument 'cmake_clean_cache' from command line to 'False'
[2.213s] Level 5:colcon.colcon_core.verb:set package 'base_interfaces_demo' build argument 'cmake_clean_first' from command line to 'False'
[2.213s] Level 5:colcon.colcon_core.verb:set package 'base_interfaces_demo' build argument 'cmake_force_configure' from command line to 'False'
[2.214s] Level 5:colcon.colcon_core.verb:set package 'base_interfaces_demo' build argument 'ament_cmake_args' from command line to 'None'
[2.214s] Level 5:colcon.colcon_core.verb:set package 'base_interfaces_demo' build argument 'catkin_cmake_args' from command line to 'None'
[2.214s] Level 5:colcon.colcon_core.verb:set package 'base_interfaces_demo' build argument 'catkin_skip_building_tests' from command line to 'False'
[2.214s] DEBUG:colcon.colcon_core.verb:Building package 'base_interfaces_demo' with the following arguments: {'ament_cmake_args': None, 'build_base': '/home/levi/tut_interface/build/base_interfaces_demo', 'catkin_cmake_args': None, 'catkin_skip_building_tests': False, 'cmake_args': None, 'cmake_clean_cache': False, 'cmake_clean_first': False, 'cmake_force_configure': False, 'cmake_target': None, 'cmake_target_skip_unavailable': False, 'install_base': '/home/levi/tut_interface/install/base_interfaces_demo', 'merge_install': False, 'path': '/home/levi/tut_interface/src/base_interfaces_demo', 'symlink_install': False, 'test_result_base': None}
[2.216s] Level 5:colcon.colcon_core.verb:set package 'cpp01_topic' build argument 'cmake_args' from command line to 'None'
[2.216s] Level 5:colcon.colcon_core.verb:set package 'cpp01_topic' build argument 'cmake_target' from command line to 'None'
[2.216s] Level 5:colcon.colcon_core.verb:set package 'cpp01_topic' build argument 'cmake_target_skip_unavailable' from command line to 'False'
[2.216s] Level 5:colcon.colcon_core.verb:set package 'cpp01_topic' build argument 'cmake_clean_cache' from command line to 'False'
[2.216s] Level 5:colcon.colcon_core.verb:set package 'cpp01_topic' build argument 'cmake_clean_first' from command line to 'False'
[2.216s] Level 5:colcon.colcon_core.verb:set package 'cpp01_topic' build argument 'cmake_force_configure' from command line to 'False'
[2.217s] Level 5:colcon.colcon_core.verb:set package 'cpp01_topic' build argument 'ament_cmake_args' from command line to 'None'
[2.217s] Level 5:colcon.colcon_core.verb:set package 'cpp01_topic' build argument 'catkin_cmake_args' from command line to 'None'
[2.217s] Level 5:colcon.colcon_core.verb:set package 'cpp01_topic' build argument 'catkin_skip_building_tests' from command line to 'False'
[2.217s] DEBUG:colcon.colcon_core.verb:Building package 'cpp01_topic' with the following arguments: {'ament_cmake_args': None, 'build_base': '/home/levi/tut_interface/build/cpp01_topic', 'catkin_cmake_args': None, 'catkin_skip_building_tests': False, 'cmake_args': None, 'cmake_clean_cache': False, 'cmake_clean_first': False, 'cmake_force_configure': False, 'cmake_target': None, 'cmake_target_skip_unavailable': False, 'install_base': '/home/levi/tut_interface/install/cpp01_topic', 'merge_install': False, 'path': '/home/levi/tut_interface/src/cpp01_topic', 'symlink_install': False, 'test_result_base': None}
[2.220s] INFO:colcon.colcon_core.executor:Executing jobs using 'parallel' executor
[2.233s] DEBUG:colcon.colcon_parallel_executor.executor.parallel:run_until_complete
[2.235s] INFO:colcon.colcon_ros.task.ament_cmake.build:Building ROS package in '/home/levi/tut_interface/src/base_interfaces_demo' with build type 'ament_cmake'
[2.235s] INFO:colcon.colcon_cmake.task.cmake.build:Building CMake package in '/home/levi/tut_interface/src/base_interfaces_demo'
[2.259s] INFO:colcon.colcon_core.plugin_system:Skipping extension 'colcon_core.shell.bat': Not used on non-Windows systems
[2.259s] INFO:colcon.colcon_core.shell:Skip shell extension 'powershell' for command environment: Not usable outside of PowerShell
[2.259s] DEBUG:colcon.colcon_core.shell:Skip shell extension 'dsv' for command environment
[2.339s] DEBUG:colcon.colcon_core.event_handler.log_command:Invoking command in '/home/levi/tut_interface/build/base_interfaces_demo': CMAKE_PREFIX_PATH=${CMAKE_PREFIX_PATH}:/opt/ros/humble /usr/bin/cmake --build /home/levi/tut_interface/build/base_interfaces_demo -- -j6 -l6
[5.054s] DEBUG:colcon.colcon_core.event_handler.log_command:Invoked command in '/home/levi/tut_interface/build/base_interfaces_demo' returned '0': CMAKE_PREFIX_PATH=${CMAKE_PREFIX_PATH}:/opt/ros/humble /usr/bin/cmake --build /home/levi/tut_interface/build/base_interfaces_demo -- -j6 -l6
[6.168s] DEBUG:colcon.colcon_core.event_handler.log_command:Invoking command in '/home/levi/tut_interface/build/base_interfaces_demo': CMAKE_PREFIX_PATH=${CMAKE_PREFIX_PATH}:/opt/ros/humble /usr/bin/cmake --install /home/levi/tut_interface/build/base_interfaces_demo
[6.597s] Level 1:colcon.colcon_core.environment:create_environment_scripts_only(base_interfaces_demo)
[6.616s] Level 1:colcon.colcon_core.environment:checking '/home/levi/tut_interface/install/base_interfaces_demo' for CMake module files
[6.620s] Level 1:colcon.colcon_core.environment:checking '/home/levi/tut_interface/install/base_interfaces_demo' for CMake config files
[6.625s] Level 1:colcon.colcon_core.shell:create_environment_hook('base_interfaces_demo', 'cmake_prefix_path')
[6.636s] DEBUG:colcon.colcon_core.event_handler.log_command:Invoked command in '/home/levi/tut_interface/build/base_interfaces_demo' returned '0': CMAKE_PREFIX_PATH=${CMAKE_PREFIX_PATH}:/opt/ros/humble /usr/bin/cmake --install /home/levi/tut_interface/build/base_interfaces_demo
[6.640s] INFO:colcon.colcon_core.shell:Creating environment hook '/home/levi/tut_interface/install/base_interfaces_demo/share/base_interfaces_demo/hook/cmake_prefix_path.ps1'
[6.645s] INFO:colcon.colcon_core.shell:Creating environment descriptor '/home/levi/tut_interface/install/base_interfaces_demo/share/base_interfaces_demo/hook/cmake_prefix_path.dsv'
[6.648s] INFO:colcon.colcon_core.shell:Creating environment hook '/home/levi/tut_interface/install/base_interfaces_demo/share/base_interfaces_demo/hook/cmake_prefix_path.sh'
[6.653s] Level 1:colcon.colcon_core.environment:checking '/home/levi/tut_interface/install/base_interfaces_demo/lib'
[6.654s] Level 1:colcon.colcon_core.shell:create_environment_hook('base_interfaces_demo', 'ld_library_path_lib')
[6.656s] INFO:colcon.colcon_core.shell:Creating environment hook '/home/levi/tut_interface/install/base_interfaces_demo/share/base_interfaces_demo/hook/ld_library_path_lib.ps1'
[6.657s] INFO:colcon.colcon_core.shell:Creating environment descriptor '/home/levi/tut_interface/install/base_interfaces_demo/share/base_interfaces_demo/hook/ld_library_path_lib.dsv'
[6.659s] INFO:colcon.colcon_core.shell:Creating environment hook '/home/levi/tut_interface/install/base_interfaces_demo/share/base_interfaces_demo/hook/ld_library_path_lib.sh'
[6.666s] Level 1:colcon.colcon_core.environment:checking '/home/levi/tut_interface/install/base_interfaces_demo/bin'
[6.666s] Level 1:colcon.colcon_core.environment:checking '/home/levi/tut_interface/install/base_interfaces_demo/lib/pkgconfig/base_interfaces_demo.pc'
[6.667s] Level 1:colcon.colcon_core.environment:checking '/home/levi/tut_interface/install/base_interfaces_demo/lib/python3.10/site-packages'
[6.668s] Level 1:colcon.colcon_core.environment:checking '/home/levi/tut_interface/install/base_interfaces_demo/bin'
[6.672s] INFO:colcon.colcon_core.shell:Creating package script '/home/levi/tut_interface/install/base_interfaces_demo/share/base_interfaces_demo/package.ps1'
[6.676s] INFO:colcon.colcon_core.shell:Creating package descriptor '/home/levi/tut_interface/install/base_interfaces_demo/share/base_interfaces_demo/package.dsv'
[6.679s] INFO:colcon.colcon_core.shell:Creating package script '/home/levi/tut_interface/install/base_interfaces_demo/share/base_interfaces_demo/package.sh'
[6.683s] INFO:colcon.colcon_core.shell:Creating package script '/home/levi/tut_interface/install/base_interfaces_demo/share/base_interfaces_demo/package.bash'
[6.687s] INFO:colcon.colcon_core.shell:Creating package script '/home/levi/tut_interface/install/base_interfaces_demo/share/base_interfaces_demo/package.zsh'
[6.691s] Level 1:colcon.colcon_core.environment:create_file_with_runtime_dependencies(/home/levi/tut_interface/install/base_interfaces_demo/share/colcon-core/packages/base_interfaces_demo)
[7.690s] Level 1:colcon.colcon_core.environment:create_environment_scripts_only(base_interfaces_demo)
[7.696s] Level 1:colcon.colcon_core.environment:checking '/home/levi/tut_interface/install/base_interfaces_demo' for CMake module files
[7.702s] Level 1:colcon.colcon_core.environment:checking '/home/levi/tut_interface/install/base_interfaces_demo' for CMake config files
[7.711s] Level 1:colcon.colcon_core.shell:create_environment_hook('base_interfaces_demo', 'cmake_prefix_path')
[7.715s] INFO:colcon.colcon_core.shell:Creating environment hook '/home/levi/tut_interface/install/base_interfaces_demo/share/base_interfaces_demo/hook/cmake_prefix_path.ps1'
[7.721s] INFO:colcon.colcon_core.shell:Creating environment descriptor '/home/levi/tut_interface/install/base_interfaces_demo/share/base_interfaces_demo/hook/cmake_prefix_path.dsv'
[7.724s] INFO:colcon.colcon_core.shell:Creating environment hook '/home/levi/tut_interface/install/base_interfaces_demo/share/base_interfaces_demo/hook/cmake_prefix_path.sh'
[7.729s] Level 1:colcon.colcon_core.environment:checking '/home/levi/tut_interface/install/base_interfaces_demo/lib'
[7.729s] Level 1:colcon.colcon_core.shell:create_environment_hook('base_interfaces_demo', 'ld_library_path_lib')
[7.733s] INFO:colcon.colcon_core.shell:Creating environment hook '/home/levi/tut_interface/install/base_interfaces_demo/share/base_interfaces_demo/hook/ld_library_path_lib.ps1'
[7.736s] INFO:colcon.colcon_core.shell:Creating environment descriptor '/home/levi/tut_interface/install/base_interfaces_demo/share/base_interfaces_demo/hook/ld_library_path_lib.dsv'
[7.738s] INFO:colcon.colcon_core.shell:Creating environment hook '/home/levi/tut_interface/install/base_interfaces_demo/share/base_interfaces_demo/hook/ld_library_path_lib.sh'
[7.742s] Level 1:colcon.colcon_core.environment:checking '/home/levi/tut_interface/install/base_interfaces_demo/bin'
[7.744s] Level 1:colcon.colcon_core.environment:checking '/home/levi/tut_interface/install/base_interfaces_demo/lib/pkgconfig/base_interfaces_demo.pc'
[7.746s] Level 1:colcon.colcon_core.environment:checking '/home/levi/tut_interface/install/base_interfaces_demo/lib/python3.10/site-packages'
[7.747s] Level 1:colcon.colcon_core.environment:checking '/home/levi/tut_interface/install/base_interfaces_demo/bin'
[7.757s] INFO:colcon.colcon_core.shell:Creating package script '/home/levi/tut_interface/install/base_interfaces_demo/share/base_interfaces_demo/package.ps1'
[7.763s] INFO:colcon.colcon_core.shell:Creating package descriptor '/home/levi/tut_interface/install/base_interfaces_demo/share/base_interfaces_demo/package.dsv'
[7.766s] INFO:colcon.colcon_core.shell:Creating package script '/home/levi/tut_interface/install/base_interfaces_demo/share/base_interfaces_demo/package.sh'
[7.774s] INFO:colcon.colcon_core.shell:Creating package script '/home/levi/tut_interface/install/base_interfaces_demo/share/base_interfaces_demo/package.bash'
[7.780s] INFO:colcon.colcon_core.shell:Creating package script '/home/levi/tut_interface/install/base_interfaces_demo/share/base_interfaces_demo/package.zsh'
[7.786s] Level 1:colcon.colcon_core.environment:create_file_with_runtime_dependencies(/home/levi/tut_interface/install/base_interfaces_demo/share/colcon-core/packages/base_interfaces_demo)
[7.790s] INFO:colcon.colcon_ros.task.ament_cmake.build:Building ROS package in '/home/levi/tut_interface/src/cpp01_topic' with build type 'ament_cmake'
[7.792s] INFO:colcon.colcon_cmake.task.cmake.build:Building CMake package in '/home/levi/tut_interface/src/cpp01_topic'
[7.794s] INFO:colcon.colcon_core.shell:Skip shell extension 'powershell' for command environment: Not usable outside of PowerShell
[7.794s] DEBUG:colcon.colcon_core.shell:Skip shell extension 'dsv' for command environment
[7.872s] DEBUG:colcon.colcon_core.event_handler.log_command:Invoking command in '/home/levi/tut_interface/build/cpp01_topic': CMAKE_PREFIX_PATH=/home/levi/tut_interface/install/base_interfaces_demo:/home/levi/tut_interface/install/cpp01_topic:/opt/ros/humble /usr/bin/cmake --build /home/levi/tut_interface/build/cpp01_topic -- -j6 -l6
[9.598s] DEBUG:colcon.colcon_core.event_handler.log_command:Invoked command in '/home/levi/tut_interface/build/cpp01_topic' returned '0': CMAKE_PREFIX_PATH=/home/levi/tut_interface/install/base_interfaces_demo:/home/levi/tut_interface/install/cpp01_topic:/opt/ros/humble /usr/bin/cmake --build /home/levi/tut_interface/build/cpp01_topic -- -j6 -l6
[10.011s] DEBUG:colcon.colcon_core.event_handler.log_command:Invoking command in '/home/levi/tut_interface/build/cpp01_topic': CMAKE_PREFIX_PATH=/home/levi/tut_interface/install/base_interfaces_demo:/home/levi/tut_interface/install/cpp01_topic:/opt/ros/humble /usr/bin/cmake --install /home/levi/tut_interface/build/cpp01_topic
[10.147s] Level 1:colcon.colcon_core.environment:create_environment_scripts_only(cpp01_topic)
[10.148s] DEBUG:colcon.colcon_core.event_handler.log_command:Invoked command in '/home/levi/tut_interface/build/cpp01_topic' returned '0': CMAKE_PREFIX_PATH=/home/levi/tut_interface/install/base_interfaces_demo:/home/levi/tut_interface/install/cpp01_topic:/opt/ros/humble /usr/bin/cmake --install /home/levi/tut_interface/build/cpp01_topic
[10.151s] Level 1:colcon.colcon_core.environment:checking '/home/levi/tut_interface/install/cpp01_topic' for CMake module files
[10.155s] Level 1:colcon.colcon_core.environment:checking '/home/levi/tut_interface/install/cpp01_topic' for CMake config files
[10.159s] Level 1:colcon.colcon_core.shell:create_environment_hook('cpp01_topic', 'cmake_prefix_path')
[10.170s] INFO:colcon.colcon_core.shell:Creating environment hook '/home/levi/tut_interface/install/cpp01_topic/share/cpp01_topic/hook/cmake_prefix_path.ps1'
[10.176s] INFO:colcon.colcon_core.shell:Creating environment descriptor '/home/levi/tut_interface/install/cpp01_topic/share/cpp01_topic/hook/cmake_prefix_path.dsv'
[10.181s] INFO:colcon.colcon_core.shell:Creating environment hook '/home/levi/tut_interface/install/cpp01_topic/share/cpp01_topic/hook/cmake_prefix_path.sh'
[10.185s] Level 1:colcon.colcon_core.environment:checking '/home/levi/tut_interface/install/cpp01_topic/lib'
[10.188s] Level 1:colcon.colcon_core.environment:checking '/home/levi/tut_interface/install/cpp01_topic/bin'
[10.190s] Level 1:colcon.colcon_core.environment:checking '/home/levi/tut_interface/install/cpp01_topic/lib/pkgconfig/cpp01_topic.pc'
[10.191s] Level 1:colcon.colcon_core.environment:checking '/home/levi/tut_interface/install/cpp01_topic/lib/python3.10/site-packages'
[10.193s] Level 1:colcon.colcon_core.environment:checking '/home/levi/tut_interface/install/cpp01_topic/bin'
[10.195s] INFO:colcon.colcon_core.shell:Creating package script '/home/levi/tut_interface/install/cpp01_topic/share/cpp01_topic/package.ps1'
[10.198s] INFO:colcon.colcon_core.shell:Creating package descriptor '/home/levi/tut_interface/install/cpp01_topic/share/cpp01_topic/package.dsv'
[10.200s] INFO:colcon.colcon_core.shell:Creating package script '/home/levi/tut_interface/install/cpp01_topic/share/cpp01_topic/package.sh'
[10.202s] INFO:colcon.colcon_core.shell:Creating package script '/home/levi/tut_interface/install/cpp01_topic/share/cpp01_topic/package.bash'
[10.204s] INFO:colcon.colcon_core.shell:Creating package script '/home/levi/tut_interface/install/cpp01_topic/share/cpp01_topic/package.zsh'
[10.207s] Level 1:colcon.colcon_core.environment:create_file_with_runtime_dependencies(/home/levi/tut_interface/install/cpp01_topic/share/colcon-core/packages/cpp01_topic)
[10.746s] Level 1:colcon.colcon_core.environment:create_environment_scripts_only(cpp01_topic)
[10.774s] Level 1:colcon.colcon_core.environment:checking '/home/levi/tut_interface/install/cpp01_topic' for CMake module files
[10.786s] Level 1:colcon.colcon_core.environment:checking '/home/levi/tut_interface/install/cpp01_topic' for CMake config files
[10.792s] Level 1:colcon.colcon_core.shell:create_environment_hook('cpp01_topic', 'cmake_prefix_path')
[10.796s] INFO:colcon.colcon_core.shell:Creating environment hook '/home/levi/tut_interface/install/cpp01_topic/share/cpp01_topic/hook/cmake_prefix_path.ps1'
[10.806s] INFO:colcon.colcon_core.shell:Creating environment descriptor '/home/levi/tut_interface/install/cpp01_topic/share/cpp01_topic/hook/cmake_prefix_path.dsv'
[10.811s] INFO:colcon.colcon_core.shell:Creating environment hook '/home/levi/tut_interface/install/cpp01_topic/share/cpp01_topic/hook/cmake_prefix_path.sh'
[10.820s] Level 1:colcon.colcon_core.environment:checking '/home/levi/tut_interface/install/cpp01_topic/lib'
[10.827s] Level 1:colcon.colcon_core.environment:checking '/home/levi/tut_interface/install/cpp01_topic/bin'
[10.828s] Level 1:colcon.colcon_core.environment:checking '/home/levi/tut_interface/install/cpp01_topic/lib/pkgconfig/cpp01_topic.pc'
[10.829s] Level 1:colcon.colcon_core.environment:checking '/home/levi/tut_interface/install/cpp01_topic/lib/python3.10/site-packages'
[10.846s] Level 1:colcon.colcon_core.environment:checking '/home/levi/tut_interface/install/cpp01_topic/bin'
[10.849s] INFO:colcon.colcon_core.shell:Creating package script '/home/levi/tut_interface/install/cpp01_topic/share/cpp01_topic/package.ps1'
[10.854s] INFO:colcon.colcon_core.shell:Creating package descriptor '/home/levi/tut_interface/install/cpp01_topic/share/cpp01_topic/package.dsv'
[10.859s] INFO:colcon.colcon_core.shell:Creating package script '/home/levi/tut_interface/install/cpp01_topic/share/cpp01_topic/package.sh'
[10.864s] INFO:colcon.colcon_core.shell:Creating package script '/home/levi/tut_interface/install/cpp01_topic/share/cpp01_topic/package.bash'
[10.873s] INFO:colcon.colcon_core.shell:Creating package script '/home/levi/tut_interface/install/cpp01_topic/share/cpp01_topic/package.zsh'
[10.878s] Level 1:colcon.colcon_core.environment:create_file_with_runtime_dependencies(/home/levi/tut_interface/install/cpp01_topic/share/colcon-core/packages/cpp01_topic)
[10.883s] DEBUG:colcon.colcon_parallel_executor.executor.parallel:closing loop
[10.884s] DEBUG:colcon.colcon_parallel_executor.executor.parallel:loop closed
[10.884s] DEBUG:colcon.colcon_parallel_executor.executor.parallel:run_until_complete finished with '0'
[10.885s] DEBUG:colcon.colcon_core.event_reactor:joining thread
[10.931s] INFO:colcon.colcon_core.plugin_system:Skipping extension 'colcon_notification.desktop_notification.terminal_notifier': Not used on non-Darwin systems
[10.932s] INFO:colcon.colcon_core.plugin_system:Skipping extension 'colcon_notification.desktop_notification.win32': Not used on non-Windows systems
[10.932s] INFO:colcon.colcon_notification.desktop_notification:Sending desktop notification using 'notify2'
[11.061s] DEBUG:colcon.colcon_core.event_reactor:joined thread
[11.067s] INFO:colcon.colcon_core.shell:Creating prefix script '/home/levi/tut_interface/install/local_setup.ps1'
[11.073s] INFO:colcon.colcon_core.shell:Creating prefix util module '/home/levi/tut_interface/install/_local_setup_util_ps1.py'
[11.077s] INFO:colcon.colcon_core.shell:Creating prefix chain script '/home/levi/tut_interface/install/setup.ps1'
[11.085s] INFO:colcon.colcon_core.shell:Creating prefix script '/home/levi/tut_interface/install/local_setup.sh'
[11.090s] INFO:colcon.colcon_core.shell:Creating prefix util module '/home/levi/tut_interface/install/_local_setup_util_sh.py'
[11.097s] INFO:colcon.colcon_core.shell:Creating prefix chain script '/home/levi/tut_interface/install/setup.sh'
[11.110s] INFO:colcon.colcon_core.shell:Creating prefix script '/home/levi/tut_interface/install/local_setup.bash'
[11.116s] INFO:colcon.colcon_core.shell:Creating prefix chain script '/home/levi/tut_interface/install/setup.bash'
[11.129s] INFO:colcon.colcon_core.shell:Creating prefix script '/home/levi/tut_interface/install/local_setup.zsh'
[11.131s] INFO:colcon.colcon_core.shell:Creating prefix chain script '/home/levi/tut_interface/install/setup.zsh'
