[0.113s] Invoking command in '/home/levi/tut_interface/build/cpp04_param': CMAKE_PREFIX_PATH=${CMAKE_PREFIX_PATH}:/opt/ros/humble /usr/bin/cmake --build /home/levi/tut_interface/build/cpp04_param -- -j6 -l6
[0.490s] [35m[1mConsolidate compiler generated dependencies of target demo00_param[0m
[0.674s] [ 50%] [32mBuilding CXX object CMakeFiles/demo00_param.dir/src/demo00_param.cpp.o[0m
[13.046s] [100%] [32m[1mLinking CXX executable demo00_param[0m
[13.737s] [100%] Built target demo00_param
[13.821s] Invoked command in '/home/levi/tut_interface/build/cpp04_param' returned '0': CMAKE_PREFIX_PATH=${CMAKE_PREFIX_PATH}:/opt/ros/humble /usr/bin/cmake --build /home/levi/tut_interface/build/cpp04_param -- -j6 -l6
[14.194s] Invoking command in '/home/levi/tut_interface/build/cpp04_param': CMAKE_PREFIX_PATH=${CMAKE_PREFIX_PATH}:/opt/ros/humble /usr/bin/cmake --install /home/levi/tut_interface/build/cpp04_param
[14.257s] -- Install configuration: ""
[14.258s] -- Installing: /home/levi/tut_interface/install/cpp04_param/lib/cpp04_param/demo00_param
[14.261s] -- Set runtime path of "/home/levi/tut_interface/install/cpp04_param/lib/cpp04_param/demo00_param" to ""
[14.261s] -- Up-to-date: /home/levi/tut_interface/install/cpp04_param/share/ament_index/resource_index/package_run_dependencies/cpp04_param
[14.262s] -- Up-to-date: /home/levi/tut_interface/install/cpp04_param/share/ament_index/resource_index/parent_prefix_path/cpp04_param
[14.262s] -- Up-to-date: /home/levi/tut_interface/install/cpp04_param/share/cpp04_param/environment/ament_prefix_path.sh
[14.263s] -- Up-to-date: /home/levi/tut_interface/install/cpp04_param/share/cpp04_param/environment/ament_prefix_path.dsv
[14.263s] -- Up-to-date: /home/levi/tut_interface/install/cpp04_param/share/cpp04_param/environment/path.sh
[14.263s] -- Up-to-date: /home/levi/tut_interface/install/cpp04_param/share/cpp04_param/environment/path.dsv
[14.264s] -- Up-to-date: /home/levi/tut_interface/install/cpp04_param/share/cpp04_param/local_setup.bash
[14.264s] -- Up-to-date: /home/levi/tut_interface/install/cpp04_param/share/cpp04_param/local_setup.sh
[14.264s] -- Up-to-date: /home/levi/tut_interface/install/cpp04_param/share/cpp04_param/local_setup.zsh
[14.265s] -- Up-to-date: /home/levi/tut_interface/install/cpp04_param/share/cpp04_param/local_setup.dsv
[14.265s] -- Installing: /home/levi/tut_interface/install/cpp04_param/share/cpp04_param/package.dsv
[14.268s] -- Up-to-date: /home/levi/tut_interface/install/cpp04_param/share/ament_index/resource_index/packages/cpp04_param
[14.269s] -- Up-to-date: /home/levi/tut_interface/install/cpp04_param/share/cpp04_param/cmake/cpp04_paramConfig.cmake
[14.269s] -- Up-to-date: /home/levi/tut_interface/install/cpp04_param/share/cpp04_param/cmake/cpp04_paramConfig-version.cmake
[14.270s] -- Up-to-date: /home/levi/tut_interface/install/cpp04_param/share/cpp04_param/package.xml
[14.277s] Invoked command in '/home/levi/tut_interface/build/cpp04_param' returned '0': CMAKE_PREFIX_PATH=${CMAKE_PREFIX_PATH}:/opt/ros/humble /usr/bin/cmake --install /home/levi/tut_interface/build/cpp04_param
