[0.137s] Invoking command in '/home/levi/tut_interface/build/cpp02_srv': AMENT_PREFIX_PATH=/home/levi/tut_interface/install/base_interfaces_demo:${AMENT_PREFIX_PATH} CMAKE_PREFIX_PATH=/home/levi/tut_interface/install/base_interfaces_demo:/home/levi/tut_interface/src/install/meta_pkg:/home/levi/tut_interface/src/install/cpp04_param:/home/levi/tut_interface/src/install/cpp03_action:/home/levi/tut_interface/src/install/cpp02_srv:/home/levi/tut_interface/src/install/cpp01_topic:/home/levi/tut_interface/src/install/base_interfaces_demo:/opt/ros/humble LD_LIBRARY_PATH=/home/levi/tut_interface/install/base_interfaces_demo/lib:${LD_LIBRARY_PATH} PYTHONPATH=/home/levi/tut_interface/install/base_interfaces_demo/local/lib/python3.10/dist-packages:${PYTHONPATH} /usr/bin/cmake --build /home/levi/tut_interface/build/cpp02_srv -- -j6 -l6
[0.442s] -- Found ament_cmake: 1.3.3 (/opt/ros/humble/share/ament_cmake/cmake)
[1.234s] -- Found rclcpp: 16.0.3 (/opt/ros/humble/share/rclcpp/cmake)
[1.435s] -- Found rosidl_generator_c: 3.1.4 (/opt/ros/humble/share/rosidl_generator_c/cmake)
[1.461s] -- Found rosidl_adapter: 3.1.4 (/opt/ros/humble/share/rosidl_adapter/cmake)
[1.491s] -- Found rosidl_generator_cpp: 3.1.4 (/opt/ros/humble/share/rosidl_generator_cpp/cmake)
[1.569s] -- Using all available rosidl_typesupport_c: rosidl_typesupport_fastrtps_c;rosidl_typesupport_introspection_c
[1.685s] -- Using all available rosidl_typesupport_cpp: rosidl_typesupport_fastrtps_cpp;rosidl_typesupport_introspection_cpp
[2.080s] -- Found rmw_implementation_cmake: 6.1.1 (/opt/ros/humble/share/rmw_implementation_cmake/cmake)
[2.095s] -- Found rmw_fastrtps_cpp: 6.2.2 (/opt/ros/humble/share/rmw_fastrtps_cpp/cmake)
[2.883s] -- Using RMW implementation 'rmw_fastrtps_cpp' as default
[4.406s] -- Found base_interfaces_demo: 0.0.0 (/home/levi/tut_interface/install/base_interfaces_demo/share/base_interfaces_demo/cmake)
[5.447s] -- Found ament_lint_auto: 0.12.5 (/opt/ros/humble/share/ament_lint_auto/cmake)
[6.229s] -- Added test 'cppcheck' to perform static code analysis on C / C++ code
[6.230s] -- Configured cppcheck include dirs: $<BUILD_INTERFACE:/home/levi/tut_interface/src/cpp02_srv/include>
[6.231s] -- Configured cppcheck exclude dirs and/or files: 
[6.235s] -- Added test 'lint_cmake' to check CMake code style
[6.248s] -- Added test 'uncrustify' to check C / C++ code style
[6.250s] -- Configured uncrustify additional arguments: 
[6.251s] -- Added test 'xmllint' to check XML markup files
[6.269s] -- Configuring done
[6.558s] -- Generating done
[6.571s] -- Build files have been written to: /home/levi/tut_interface/build/cpp02_srv
[7.199s] [35m[1mConsolidate compiler generated dependencies of target demo01_server[0m
[7.250s] [35m[1mConsolidate compiler generated dependencies of target demo01_client[0m
[7.651s] [ 25%] [32mBuilding CXX object CMakeFiles/demo01_client.dir/src/demo01_client.cpp.o[0m
[7.655s] [ 50%] [32mBuilding CXX object CMakeFiles/demo01_server.dir/src/demo01_server.cpp.o[0m
[46.970s] [ 75%] [32m[1mLinking CXX executable demo01_server[0m
[47.139s] [100%] [32m[1mLinking CXX executable demo01_client[0m
[48.587s] [100%] Built target demo01_server
[48.616s] [100%] Built target demo01_client
[48.706s] Invoked command in '/home/levi/tut_interface/build/cpp02_srv' returned '0': AMENT_PREFIX_PATH=/home/levi/tut_interface/install/base_interfaces_demo:${AMENT_PREFIX_PATH} CMAKE_PREFIX_PATH=/home/levi/tut_interface/install/base_interfaces_demo:/home/levi/tut_interface/src/install/meta_pkg:/home/levi/tut_interface/src/install/cpp04_param:/home/levi/tut_interface/src/install/cpp03_action:/home/levi/tut_interface/src/install/cpp02_srv:/home/levi/tut_interface/src/install/cpp01_topic:/home/levi/tut_interface/src/install/base_interfaces_demo:/opt/ros/humble LD_LIBRARY_PATH=/home/levi/tut_interface/install/base_interfaces_demo/lib:${LD_LIBRARY_PATH} PYTHONPATH=/home/levi/tut_interface/install/base_interfaces_demo/local/lib/python3.10/dist-packages:${PYTHONPATH} /usr/bin/cmake --build /home/levi/tut_interface/build/cpp02_srv -- -j6 -l6
[49.136s] Invoking command in '/home/levi/tut_interface/build/cpp02_srv': AMENT_PREFIX_PATH=/home/levi/tut_interface/install/base_interfaces_demo:${AMENT_PREFIX_PATH} CMAKE_PREFIX_PATH=/home/levi/tut_interface/install/base_interfaces_demo:/home/levi/tut_interface/src/install/meta_pkg:/home/levi/tut_interface/src/install/cpp04_param:/home/levi/tut_interface/src/install/cpp03_action:/home/levi/tut_interface/src/install/cpp02_srv:/home/levi/tut_interface/src/install/cpp01_topic:/home/levi/tut_interface/src/install/base_interfaces_demo:/opt/ros/humble LD_LIBRARY_PATH=/home/levi/tut_interface/install/base_interfaces_demo/lib:${LD_LIBRARY_PATH} PYTHONPATH=/home/levi/tut_interface/install/base_interfaces_demo/local/lib/python3.10/dist-packages:${PYTHONPATH} /usr/bin/cmake --install /home/levi/tut_interface/build/cpp02_srv
[49.171s] -- Install configuration: ""
[49.186s] -- Installing: /home/levi/tut_interface/install/cpp02_srv/lib/cpp02_srv/demo01_server
[49.208s] -- Set runtime path of "/home/levi/tut_interface/install/cpp02_srv/lib/cpp02_srv/demo01_server" to ""
[49.228s] -- Installing: /home/levi/tut_interface/install/cpp02_srv/lib/cpp02_srv/demo01_client
[49.244s] -- Set runtime path of "/home/levi/tut_interface/install/cpp02_srv/lib/cpp02_srv/demo01_client" to ""
[49.245s] -- Up-to-date: /home/levi/tut_interface/install/cpp02_srv/share/ament_index/resource_index/package_run_dependencies/cpp02_srv
[49.246s] -- Installing: /home/levi/tut_interface/install/cpp02_srv/share/ament_index/resource_index/parent_prefix_path/cpp02_srv
[49.248s] -- Up-to-date: /home/levi/tut_interface/install/cpp02_srv/share/cpp02_srv/environment/ament_prefix_path.sh
[49.249s] -- Installing: /home/levi/tut_interface/install/cpp02_srv/share/cpp02_srv/environment/ament_prefix_path.dsv
[49.250s] -- Up-to-date: /home/levi/tut_interface/install/cpp02_srv/share/cpp02_srv/environment/path.sh
[49.250s] -- Installing: /home/levi/tut_interface/install/cpp02_srv/share/cpp02_srv/environment/path.dsv
[49.252s] -- Up-to-date: /home/levi/tut_interface/install/cpp02_srv/share/cpp02_srv/local_setup.bash
[49.252s] -- Up-to-date: /home/levi/tut_interface/install/cpp02_srv/share/cpp02_srv/local_setup.sh
[49.253s] -- Up-to-date: /home/levi/tut_interface/install/cpp02_srv/share/cpp02_srv/local_setup.zsh
[49.253s] -- Installing: /home/levi/tut_interface/install/cpp02_srv/share/cpp02_srv/local_setup.dsv
[49.256s] -- Installing: /home/levi/tut_interface/install/cpp02_srv/share/cpp02_srv/package.dsv
[49.258s] -- Up-to-date: /home/levi/tut_interface/install/cpp02_srv/share/ament_index/resource_index/packages/cpp02_srv
[49.258s] -- Up-to-date: /home/levi/tut_interface/install/cpp02_srv/share/cpp02_srv/cmake/cpp02_srvConfig.cmake
[49.258s] -- Up-to-date: /home/levi/tut_interface/install/cpp02_srv/share/cpp02_srv/cmake/cpp02_srvConfig-version.cmake
[49.259s] -- Up-to-date: /home/levi/tut_interface/install/cpp02_srv/share/cpp02_srv/package.xml
[49.273s] Invoked command in '/home/levi/tut_interface/build/cpp02_srv' returned '0': AMENT_PREFIX_PATH=/home/levi/tut_interface/install/base_interfaces_demo:${AMENT_PREFIX_PATH} CMAKE_PREFIX_PATH=/home/levi/tut_interface/install/base_interfaces_demo:/home/levi/tut_interface/src/install/meta_pkg:/home/levi/tut_interface/src/install/cpp04_param:/home/levi/tut_interface/src/install/cpp03_action:/home/levi/tut_interface/src/install/cpp02_srv:/home/levi/tut_interface/src/install/cpp01_topic:/home/levi/tut_interface/src/install/base_interfaces_demo:/opt/ros/humble LD_LIBRARY_PATH=/home/levi/tut_interface/install/base_interfaces_demo/lib:${LD_LIBRARY_PATH} PYTHONPATH=/home/levi/tut_interface/install/base_interfaces_demo/local/lib/python3.10/dist-packages:${PYTHONPATH} /usr/bin/cmake --install /home/levi/tut_interface/build/cpp02_srv
