[0.078s] Invoking command in '/home/levi/tut_interface/build/base_interfaces_demo': CMAKE_PREFIX_PATH=/opt/ros/humble /usr/bin/cmake --build /home/levi/tut_interface/build/base_interfaces_demo -- -j6 -l6
[0.418s] [35m[1mConsolidate compiler generated dependencies of target base_interfaces_demo__rosidl_generator_c[0m
[0.458s] [  3%] Built target base_interfaces_demo__cpp
[0.572s] [ 12%] Built target base_interfaces_demo__rosidl_generator_c
[0.575s] [35m[1mConsolidate compiler generated dependencies of target base_interfaces_demo__rosidl_typesupport_introspection_cpp[0m
[0.604s] [35m[1mConsolidate compiler generated dependencies of target base_interfaces_demo__rosidl_typesupport_cpp[0m
[0.605s] [ 12%] Built target ament_cmake_python_copy_base_interfaces_demo
[0.605s] [35m[1mConsolidate compiler generated dependencies of target base_interfaces_demo__rosidl_typesupport_fastrtps_cpp[0m
[0.731s] [35m[1mConsolidate compiler generated dependencies of target base_interfaces_demo__rosidl_typesupport_introspection_c[0m
[0.747s] [35m[1mConsolidate compiler generated dependencies of target base_interfaces_demo__rosidl_typesupport_fastrtps_c[0m
[0.759s] [ 22%] Built target base_interfaces_demo__rosidl_typesupport_introspection_cpp
[0.855s] [ 32%] Built target base_interfaces_demo__rosidl_typesupport_cpp
[0.865s] [35m[1mConsolidate compiler generated dependencies of target base_interfaces_demo__rosidl_typesupport_c[0m
[0.934s] [ 51%] Built target base_interfaces_demo__rosidl_typesupport_fastrtps_cpp
[0.942s] [ 51%] Built target base_interfaces_demo__rosidl_typesupport_fastrtps_c
[0.942s] [ 61%] Built target base_interfaces_demo__rosidl_typesupport_introspection_c
[1.018s] [ 70%] Built target base_interfaces_demo__rosidl_typesupport_c
[1.202s] [ 70%] Built target base_interfaces_demo
[1.382s] [ 74%] Built target base_interfaces_demo__py
[1.492s] [35m[1mConsolidate compiler generated dependencies of target base_interfaces_demo__rosidl_generator_py[0m
[1.625s] [ 80%] Built target base_interfaces_demo__rosidl_generator_py
[1.706s] [35m[1mConsolidate compiler generated dependencies of target base_interfaces_demo__rosidl_typesupport_fastrtps_c__pyext[0m
[1.765s] [35m[1mConsolidate compiler generated dependencies of target base_interfaces_demo__rosidl_typesupport_introspection_c__pyext[0m
[1.771s] [35m[1mConsolidate compiler generated dependencies of target base_interfaces_demo__rosidl_typesupport_c__pyext[0m
[1.851s] [ 87%] Built target base_interfaces_demo__rosidl_typesupport_fastrtps_c__pyext
[1.917s] [ 93%] Built target base_interfaces_demo__rosidl_typesupport_c__pyext
[1.939s] [100%] Built target base_interfaces_demo__rosidl_typesupport_introspection_c__pyext
[2.225s] running egg_info
[2.226s] writing base_interfaces_demo.egg-info/PKG-INFO
[2.228s] writing dependency_links to base_interfaces_demo.egg-info/dependency_links.txt
[2.229s] writing top-level names to base_interfaces_demo.egg-info/top_level.txt
[2.244s] reading manifest file 'base_interfaces_demo.egg-info/SOURCES.txt'
[2.247s] writing manifest file 'base_interfaces_demo.egg-info/SOURCES.txt'
[2.363s] [100%] Built target ament_cmake_python_build_base_interfaces_demo_egg
[2.463s] Invoked command in '/home/levi/tut_interface/build/base_interfaces_demo' returned '0': CMAKE_PREFIX_PATH=/opt/ros/humble /usr/bin/cmake --build /home/levi/tut_interface/build/base_interfaces_demo -- -j6 -l6
[3.387s] Invoking command in '/home/levi/tut_interface/build/base_interfaces_demo': CMAKE_PREFIX_PATH=/opt/ros/humble /usr/bin/cmake --install /home/levi/tut_interface/build/base_interfaces_demo
[3.439s] -- Install configuration: ""
[3.441s] -- Up-to-date: /home/levi/tut_interface/install/base_interfaces_demo/share/ament_index/resource_index/rosidl_interfaces/base_interfaces_demo
[3.441s] -- Up-to-date: /home/levi/tut_interface/install/base_interfaces_demo/include/base_interfaces_demo/base_interfaces_demo
[3.441s] -- Up-to-date: /home/levi/tut_interface/install/base_interfaces_demo/include/base_interfaces_demo/base_interfaces_demo/msg
[3.442s] -- Up-to-date: /home/levi/tut_interface/install/base_interfaces_demo/include/base_interfaces_demo/base_interfaces_demo/msg/detail
[3.443s] -- Up-to-date: /home/levi/tut_interface/install/base_interfaces_demo/include/base_interfaces_demo/base_interfaces_demo/msg/detail/student__struct.h
[3.444s] -- Up-to-date: /home/levi/tut_interface/install/base_interfaces_demo/include/base_interfaces_demo/base_interfaces_demo/msg/detail/student__functions.c
[3.444s] -- Up-to-date: /home/levi/tut_interface/install/base_interfaces_demo/include/base_interfaces_demo/base_interfaces_demo/msg/detail/student__type_support.h
[3.449s] -- Up-to-date: /home/levi/tut_interface/install/base_interfaces_demo/include/base_interfaces_demo/base_interfaces_demo/msg/detail/student__functions.h
[3.450s] -- Up-to-date: /home/levi/tut_interface/install/base_interfaces_demo/include/base_interfaces_demo/base_interfaces_demo/msg/student.h
[3.453s] -- Up-to-date: /home/levi/tut_interface/install/base_interfaces_demo/include/base_interfaces_demo/base_interfaces_demo/msg/rosidl_generator_c__visibility_control.h
[3.453s] -- Up-to-date: /home/levi/tut_interface/install/base_interfaces_demo/share/base_interfaces_demo/environment/library_path.sh
[3.454s] -- Up-to-date: /home/levi/tut_interface/install/base_interfaces_demo/share/base_interfaces_demo/environment/library_path.dsv
[3.454s] -- Up-to-date: /home/levi/tut_interface/install/base_interfaces_demo/lib/libbase_interfaces_demo__rosidl_generator_c.so
[3.460s] -- Up-to-date: /home/levi/tut_interface/install/base_interfaces_demo/include/base_interfaces_demo/base_interfaces_demo
[3.460s] -- Up-to-date: /home/levi/tut_interface/install/base_interfaces_demo/include/base_interfaces_demo/base_interfaces_demo/msg
[3.461s] -- Up-to-date: /home/levi/tut_interface/install/base_interfaces_demo/include/base_interfaces_demo/base_interfaces_demo/msg/detail
[3.461s] -- Up-to-date: /home/levi/tut_interface/install/base_interfaces_demo/include/base_interfaces_demo/base_interfaces_demo/msg/detail/student__rosidl_typesupport_fastrtps_c.h
[3.461s] -- Up-to-date: /home/levi/tut_interface/install/base_interfaces_demo/include/base_interfaces_demo/base_interfaces_demo/msg/rosidl_typesupport_fastrtps_c__visibility_control.h
[3.462s] -- Up-to-date: /home/levi/tut_interface/install/base_interfaces_demo/lib/libbase_interfaces_demo__rosidl_typesupport_fastrtps_c.so
[3.462s] -- Up-to-date: /home/levi/tut_interface/install/base_interfaces_demo/include/base_interfaces_demo/base_interfaces_demo
[3.463s] -- Up-to-date: /home/levi/tut_interface/install/base_interfaces_demo/include/base_interfaces_demo/base_interfaces_demo/msg
[3.464s] -- Up-to-date: /home/levi/tut_interface/install/base_interfaces_demo/include/base_interfaces_demo/base_interfaces_demo/msg/detail
[3.465s] -- Up-to-date: /home/levi/tut_interface/install/base_interfaces_demo/include/base_interfaces_demo/base_interfaces_demo/msg/detail/student__type_support.c
[3.466s] -- Up-to-date: /home/levi/tut_interface/install/base_interfaces_demo/include/base_interfaces_demo/base_interfaces_demo/msg/detail/student__rosidl_typesupport_introspection_c.h
[3.467s] -- Up-to-date: /home/levi/tut_interface/install/base_interfaces_demo/include/base_interfaces_demo/base_interfaces_demo/msg/rosidl_typesupport_introspection_c__visibility_control.h
[3.471s] -- Up-to-date: /home/levi/tut_interface/install/base_interfaces_demo/lib/libbase_interfaces_demo__rosidl_typesupport_introspection_c.so
[3.480s] -- Up-to-date: /home/levi/tut_interface/install/base_interfaces_demo/lib/libbase_interfaces_demo__rosidl_typesupport_c.so
[3.480s] -- Up-to-date: /home/levi/tut_interface/install/base_interfaces_demo/include/base_interfaces_demo/base_interfaces_demo
[3.481s] -- Up-to-date: /home/levi/tut_interface/install/base_interfaces_demo/include/base_interfaces_demo/base_interfaces_demo/msg
[3.481s] -- Up-to-date: /home/levi/tut_interface/install/base_interfaces_demo/include/base_interfaces_demo/base_interfaces_demo/msg/detail
[3.482s] -- Up-to-date: /home/levi/tut_interface/install/base_interfaces_demo/include/base_interfaces_demo/base_interfaces_demo/msg/detail/student__builder.hpp
[3.483s] -- Up-to-date: /home/levi/tut_interface/install/base_interfaces_demo/include/base_interfaces_demo/base_interfaces_demo/msg/detail/student__struct.hpp
[3.483s] -- Up-to-date: /home/levi/tut_interface/install/base_interfaces_demo/include/base_interfaces_demo/base_interfaces_demo/msg/detail/student__traits.hpp
[3.483s] -- Up-to-date: /home/levi/tut_interface/install/base_interfaces_demo/include/base_interfaces_demo/base_interfaces_demo/msg/student.hpp
[3.484s] -- Up-to-date: /home/levi/tut_interface/install/base_interfaces_demo/include/base_interfaces_demo/base_interfaces_demo
[3.484s] -- Up-to-date: /home/levi/tut_interface/install/base_interfaces_demo/include/base_interfaces_demo/base_interfaces_demo/msg
[3.485s] -- Up-to-date: /home/levi/tut_interface/install/base_interfaces_demo/include/base_interfaces_demo/base_interfaces_demo/msg/detail
[3.485s] -- Up-to-date: /home/levi/tut_interface/install/base_interfaces_demo/include/base_interfaces_demo/base_interfaces_demo/msg/detail/dds_fastrtps
[3.486s] -- Up-to-date: /home/levi/tut_interface/install/base_interfaces_demo/include/base_interfaces_demo/base_interfaces_demo/msg/detail/student__rosidl_typesupport_fastrtps_cpp.hpp
[3.486s] -- Up-to-date: /home/levi/tut_interface/install/base_interfaces_demo/include/base_interfaces_demo/base_interfaces_demo/msg/rosidl_typesupport_fastrtps_cpp__visibility_control.h
[3.489s] -- Up-to-date: /home/levi/tut_interface/install/base_interfaces_demo/lib/libbase_interfaces_demo__rosidl_typesupport_fastrtps_cpp.so
[3.490s] -- Up-to-date: /home/levi/tut_interface/install/base_interfaces_demo/include/base_interfaces_demo/base_interfaces_demo
[3.490s] -- Up-to-date: /home/levi/tut_interface/install/base_interfaces_demo/include/base_interfaces_demo/base_interfaces_demo/msg
[3.490s] -- Up-to-date: /home/levi/tut_interface/install/base_interfaces_demo/include/base_interfaces_demo/base_interfaces_demo/msg/detail
[3.490s] -- Up-to-date: /home/levi/tut_interface/install/base_interfaces_demo/include/base_interfaces_demo/base_interfaces_demo/msg/detail/student__type_support.cpp
[3.491s] -- Up-to-date: /home/levi/tut_interface/install/base_interfaces_demo/include/base_interfaces_demo/base_interfaces_demo/msg/detail/student__rosidl_typesupport_introspection_cpp.hpp
[3.496s] -- Up-to-date: /home/levi/tut_interface/install/base_interfaces_demo/lib/libbase_interfaces_demo__rosidl_typesupport_introspection_cpp.so
[3.505s] -- Up-to-date: /home/levi/tut_interface/install/base_interfaces_demo/lib/libbase_interfaces_demo__rosidl_typesupport_cpp.so
[3.511s] -- Up-to-date: /home/levi/tut_interface/install/base_interfaces_demo/share/base_interfaces_demo/environment/pythonpath.sh
[3.512s] -- Up-to-date: /home/levi/tut_interface/install/base_interfaces_demo/share/base_interfaces_demo/environment/pythonpath.dsv
[3.512s] -- Up-to-date: /home/levi/tut_interface/install/base_interfaces_demo/local/lib/python3.10/dist-packages/base_interfaces_demo-0.0.0-py3.10.egg-info
[3.513s] -- Installing: /home/levi/tut_interface/install/base_interfaces_demo/local/lib/python3.10/dist-packages/base_interfaces_demo-0.0.0-py3.10.egg-info/SOURCES.txt
[3.516s] -- Installing: /home/levi/tut_interface/install/base_interfaces_demo/local/lib/python3.10/dist-packages/base_interfaces_demo-0.0.0-py3.10.egg-info/dependency_links.txt
[3.516s] -- Installing: /home/levi/tut_interface/install/base_interfaces_demo/local/lib/python3.10/dist-packages/base_interfaces_demo-0.0.0-py3.10.egg-info/PKG-INFO
[3.517s] -- Installing: /home/levi/tut_interface/install/base_interfaces_demo/local/lib/python3.10/dist-packages/base_interfaces_demo-0.0.0-py3.10.egg-info/top_level.txt
[3.518s] -- Up-to-date: /home/levi/tut_interface/install/base_interfaces_demo/local/lib/python3.10/dist-packages/base_interfaces_demo
[3.519s] -- Up-to-date: /home/levi/tut_interface/install/base_interfaces_demo/local/lib/python3.10/dist-packages/base_interfaces_demo/msg
[3.523s] -- Up-to-date: /home/levi/tut_interface/install/base_interfaces_demo/local/lib/python3.10/dist-packages/base_interfaces_demo/msg/_student_s.c
[3.524s] -- Up-to-date: /home/levi/tut_interface/install/base_interfaces_demo/local/lib/python3.10/dist-packages/base_interfaces_demo/msg/_student.py
[3.524s] -- Up-to-date: /home/levi/tut_interface/install/base_interfaces_demo/local/lib/python3.10/dist-packages/base_interfaces_demo/msg/__init__.py
[3.524s] -- Up-to-date: /home/levi/tut_interface/install/base_interfaces_demo/local/lib/python3.10/dist-packages/base_interfaces_demo/_base_interfaces_demo_s.ep.rosidl_typesupport_c.c
[3.524s] -- Up-to-date: /home/levi/tut_interface/install/base_interfaces_demo/local/lib/python3.10/dist-packages/base_interfaces_demo/libbase_interfaces_demo__rosidl_generator_py.so
[3.525s] -- Up-to-date: /home/levi/tut_interface/install/base_interfaces_demo/local/lib/python3.10/dist-packages/base_interfaces_demo/_base_interfaces_demo_s.ep.rosidl_typesupport_fastrtps_c.c
[3.525s] -- Up-to-date: /home/levi/tut_interface/install/base_interfaces_demo/local/lib/python3.10/dist-packages/base_interfaces_demo/base_interfaces_demo_s__rosidl_typesupport_fastrtps_c.cpython-310-x86_64-linux-gnu.so
[3.526s] -- Up-to-date: /home/levi/tut_interface/install/base_interfaces_demo/local/lib/python3.10/dist-packages/base_interfaces_demo/base_interfaces_demo_s__rosidl_typesupport_c.cpython-310-x86_64-linux-gnu.so
[3.526s] -- Up-to-date: /home/levi/tut_interface/install/base_interfaces_demo/local/lib/python3.10/dist-packages/base_interfaces_demo/__init__.py
[3.526s] -- Up-to-date: /home/levi/tut_interface/install/base_interfaces_demo/local/lib/python3.10/dist-packages/base_interfaces_demo/_base_interfaces_demo_s.ep.rosidl_typesupport_introspection_c.c
[3.527s] -- Up-to-date: /home/levi/tut_interface/install/base_interfaces_demo/local/lib/python3.10/dist-packages/base_interfaces_demo/base_interfaces_demo_s__rosidl_typesupport_introspection_c.cpython-310-x86_64-linux-gnu.so
[3.688s] Listing '/home/levi/tut_interface/install/base_interfaces_demo/local/lib/python3.10/dist-packages/base_interfaces_demo'...
[3.689s] Listing '/home/levi/tut_interface/install/base_interfaces_demo/local/lib/python3.10/dist-packages/base_interfaces_demo/msg'...
[3.697s] -- Up-to-date: /home/levi/tut_interface/install/base_interfaces_demo/local/lib/python3.10/dist-packages/base_interfaces_demo/base_interfaces_demo_s__rosidl_typesupport_fastrtps_c.cpython-310-x86_64-linux-gnu.so
[3.704s] -- Up-to-date: /home/levi/tut_interface/install/base_interfaces_demo/local/lib/python3.10/dist-packages/base_interfaces_demo/base_interfaces_demo_s__rosidl_typesupport_introspection_c.cpython-310-x86_64-linux-gnu.so
[3.717s] -- Up-to-date: /home/levi/tut_interface/install/base_interfaces_demo/local/lib/python3.10/dist-packages/base_interfaces_demo/base_interfaces_demo_s__rosidl_typesupport_c.cpython-310-x86_64-linux-gnu.so
[3.722s] -- Up-to-date: /home/levi/tut_interface/install/base_interfaces_demo/lib/libbase_interfaces_demo__rosidl_generator_py.so
[3.726s] -- Up-to-date: /home/levi/tut_interface/install/base_interfaces_demo/share/base_interfaces_demo/msg/Student.idl
[3.728s] -- Up-to-date: /home/levi/tut_interface/install/base_interfaces_demo/share/base_interfaces_demo/msg/Student.msg
[3.730s] -- Up-to-date: /home/levi/tut_interface/install/base_interfaces_demo/share/ament_index/resource_index/package_run_dependencies/base_interfaces_demo
[3.731s] -- Up-to-date: /home/levi/tut_interface/install/base_interfaces_demo/share/ament_index/resource_index/parent_prefix_path/base_interfaces_demo
[3.732s] -- Up-to-date: /home/levi/tut_interface/install/base_interfaces_demo/share/base_interfaces_demo/environment/ament_prefix_path.sh
[3.733s] -- Up-to-date: /home/levi/tut_interface/install/base_interfaces_demo/share/base_interfaces_demo/environment/ament_prefix_path.dsv
[3.734s] -- Up-to-date: /home/levi/tut_interface/install/base_interfaces_demo/share/base_interfaces_demo/environment/path.sh
[3.736s] -- Up-to-date: /home/levi/tut_interface/install/base_interfaces_demo/share/base_interfaces_demo/environment/path.dsv
[3.737s] -- Up-to-date: /home/levi/tut_interface/install/base_interfaces_demo/share/base_interfaces_demo/local_setup.bash
[3.738s] -- Up-to-date: /home/levi/tut_interface/install/base_interfaces_demo/share/base_interfaces_demo/local_setup.sh
[3.740s] -- Up-to-date: /home/levi/tut_interface/install/base_interfaces_demo/share/base_interfaces_demo/local_setup.zsh
[3.741s] -- Up-to-date: /home/levi/tut_interface/install/base_interfaces_demo/share/base_interfaces_demo/local_setup.dsv
[3.742s] -- Installing: /home/levi/tut_interface/install/base_interfaces_demo/share/base_interfaces_demo/package.dsv
[3.745s] -- Up-to-date: /home/levi/tut_interface/install/base_interfaces_demo/share/ament_index/resource_index/packages/base_interfaces_demo
[3.748s] -- Up-to-date: /home/levi/tut_interface/install/base_interfaces_demo/share/base_interfaces_demo/cmake/export_base_interfaces_demo__rosidl_generator_cExport.cmake
[3.751s] -- Up-to-date: /home/levi/tut_interface/install/base_interfaces_demo/share/base_interfaces_demo/cmake/export_base_interfaces_demo__rosidl_generator_cExport-noconfig.cmake
[3.756s] -- Up-to-date: /home/levi/tut_interface/install/base_interfaces_demo/share/base_interfaces_demo/cmake/export_base_interfaces_demo__rosidl_typesupport_fastrtps_cExport.cmake
[3.756s] -- Up-to-date: /home/levi/tut_interface/install/base_interfaces_demo/share/base_interfaces_demo/cmake/export_base_interfaces_demo__rosidl_typesupport_fastrtps_cExport-noconfig.cmake
[3.758s] -- Up-to-date: /home/levi/tut_interface/install/base_interfaces_demo/share/base_interfaces_demo/cmake/base_interfaces_demo__rosidl_typesupport_introspection_cExport.cmake
[3.758s] -- Up-to-date: /home/levi/tut_interface/install/base_interfaces_demo/share/base_interfaces_demo/cmake/base_interfaces_demo__rosidl_typesupport_introspection_cExport-noconfig.cmake
[3.760s] -- Up-to-date: /home/levi/tut_interface/install/base_interfaces_demo/share/base_interfaces_demo/cmake/base_interfaces_demo__rosidl_typesupport_cExport.cmake
[3.761s] -- Up-to-date: /home/levi/tut_interface/install/base_interfaces_demo/share/base_interfaces_demo/cmake/base_interfaces_demo__rosidl_typesupport_cExport-noconfig.cmake
[3.762s] -- Up-to-date: /home/levi/tut_interface/install/base_interfaces_demo/share/base_interfaces_demo/cmake/export_base_interfaces_demo__rosidl_generator_cppExport.cmake
[3.762s] -- Up-to-date: /home/levi/tut_interface/install/base_interfaces_demo/share/base_interfaces_demo/cmake/export_base_interfaces_demo__rosidl_typesupport_fastrtps_cppExport.cmake
[3.763s] -- Up-to-date: /home/levi/tut_interface/install/base_interfaces_demo/share/base_interfaces_demo/cmake/export_base_interfaces_demo__rosidl_typesupport_fastrtps_cppExport-noconfig.cmake
[3.763s] -- Up-to-date: /home/levi/tut_interface/install/base_interfaces_demo/share/base_interfaces_demo/cmake/base_interfaces_demo__rosidl_typesupport_introspection_cppExport.cmake
[3.764s] -- Up-to-date: /home/levi/tut_interface/install/base_interfaces_demo/share/base_interfaces_demo/cmake/base_interfaces_demo__rosidl_typesupport_introspection_cppExport-noconfig.cmake
[3.765s] -- Up-to-date: /home/levi/tut_interface/install/base_interfaces_demo/share/base_interfaces_demo/cmake/base_interfaces_demo__rosidl_typesupport_cppExport.cmake
[3.765s] -- Up-to-date: /home/levi/tut_interface/install/base_interfaces_demo/share/base_interfaces_demo/cmake/base_interfaces_demo__rosidl_typesupport_cppExport-noconfig.cmake
[3.766s] -- Up-to-date: /home/levi/tut_interface/install/base_interfaces_demo/share/base_interfaces_demo/cmake/export_base_interfaces_demo__rosidl_generator_pyExport.cmake
[3.767s] -- Up-to-date: /home/levi/tut_interface/install/base_interfaces_demo/share/base_interfaces_demo/cmake/export_base_interfaces_demo__rosidl_generator_pyExport-noconfig.cmake
[3.768s] -- Up-to-date: /home/levi/tut_interface/install/base_interfaces_demo/share/base_interfaces_demo/cmake/rosidl_cmake-extras.cmake
[3.769s] -- Up-to-date: /home/levi/tut_interface/install/base_interfaces_demo/share/base_interfaces_demo/cmake/ament_cmake_export_include_directories-extras.cmake
[3.770s] -- Up-to-date: /home/levi/tut_interface/install/base_interfaces_demo/share/base_interfaces_demo/cmake/ament_cmake_export_libraries-extras.cmake
[3.770s] -- Up-to-date: /home/levi/tut_interface/install/base_interfaces_demo/share/base_interfaces_demo/cmake/ament_cmake_export_targets-extras.cmake
[3.771s] -- Up-to-date: /home/levi/tut_interface/install/base_interfaces_demo/share/base_interfaces_demo/cmake/rosidl_cmake_export_typesupport_targets-extras.cmake
[3.771s] -- Up-to-date: /home/levi/tut_interface/install/base_interfaces_demo/share/base_interfaces_demo/cmake/ament_cmake_export_dependencies-extras.cmake
[3.772s] -- Up-to-date: /home/levi/tut_interface/install/base_interfaces_demo/share/base_interfaces_demo/cmake/rosidl_cmake_export_typesupport_libraries-extras.cmake
[3.772s] -- Up-to-date: /home/levi/tut_interface/install/base_interfaces_demo/share/base_interfaces_demo/cmake/base_interfaces_demoConfig.cmake
[3.772s] -- Up-to-date: /home/levi/tut_interface/install/base_interfaces_demo/share/base_interfaces_demo/cmake/base_interfaces_demoConfig-version.cmake
[3.772s] -- Up-to-date: /home/levi/tut_interface/install/base_interfaces_demo/share/base_interfaces_demo/package.xml
[3.791s] Invoked command in '/home/levi/tut_interface/build/base_interfaces_demo' returned '0': CMAKE_PREFIX_PATH=/opt/ros/humble /usr/bin/cmake --install /home/levi/tut_interface/build/base_interfaces_demo
