In file included from [01m[K/opt/ros/humble/include/rclcpp/rclcpp/logging.hpp:24[m[K,
                 from [01m[K/opt/ros/humble/include/rclcpp/rclcpp/client.hpp:40[m[K,
                 from [01m[K/opt/ros/humble/include/rclcpp/rclcpp/callback_group.hpp:24[m[K,
                 from [01m[K/opt/ros/humble/include/rclcpp/rclcpp/any_executable.hpp:20[m[K,
                 from [01m[K/opt/ros/humble/include/rclcpp/rclcpp/memory_strategy.hpp:25[m[K,
                 from [01m[K/opt/ros/humble/include/rclcpp/rclcpp/memory_strategies.hpp:18[m[K,
                 from [01m[K/opt/ros/humble/include/rclcpp/rclcpp/executor_options.hpp:20[m[K,
                 from [01m[K/opt/ros/humble/include/rclcpp/rclcpp/executor.hpp:37[m[K,
                 from [01m[K/opt/ros/humble/include/rclcpp/rclcpp/executors/multi_threaded_executor.hpp:25[m[K,
                 from [01m[K/opt/ros/humble/include/rclcpp/rclcpp/executors.hpp:21[m[K,
                 from [01m[K/opt/ros/humble/include/rclcpp/rclcpp/rclcpp.hpp:155[m[K,
                 from [01m[K/home/levi/tut_interface/src/cpp04_param/src/demo00_param.cpp:1[m[K:
[01m[K/home/levi/tut_interface/src/cpp04_param/src/demo00_param.cpp:[m[K In constructor ‘[01m[KParamIntro::ParamIntro()[m[K’:
[01m[K/home/levi/tut_interface/src/cpp04_param/src/demo00_param.cpp:12:36:[m[K [01;35m[Kwarning: [m[Kformat ‘[01m[K%s[m[K’ expects argument of type ‘[01m[Kchar*[m[K’, but argument 5 has type ‘[01m[Kconst string[m[K’ {aka ‘[01m[Kconst std::__cxx11::basic_string<char>[m[K’} [[01;35m[K]8;;https://gcc.gnu.org/onlinedocs/gcc/Warning-Options.html#index-Wformat=-Wformat=]8;;[m[K]
   12 |     RCLCPP_INFO(this->get_logger(),[01;35m[K"%s = %s"[m[K,p1.get_name(), p2.as_string().c_str());
      |                                    [01;35m[K^~~~~~~~~[m[K
[01m[K/home/levi/tut_interface/src/cpp04_param/src/demo00_param.cpp:12:38:[m[K [01;36m[Knote: [m[Kformat string is defined here
   12 |     RCLCPP_INFO(this->get_logger(),"[01;36m[K%s[m[K = %s",p1.get_name(), p2.as_string().c_str());
      |                                     [01;36m[K~^[m[K
      |                                      [01;36m[K|[m[K
      |                                      [01;36m[Kchar*[m[K
In file included from [01m[K/opt/ros/humble/include/rclcpp/rclcpp/logging.hpp:24[m[K,
                 from [01m[K/opt/ros/humble/include/rclcpp/rclcpp/client.hpp:40[m[K,
                 from [01m[K/opt/ros/humble/include/rclcpp/rclcpp/callback_group.hpp:24[m[K,
                 from [01m[K/opt/ros/humble/include/rclcpp/rclcpp/any_executable.hpp:20[m[K,
                 from [01m[K/opt/ros/humble/include/rclcpp/rclcpp/memory_strategy.hpp:25[m[K,
                 from [01m[K/opt/ros/humble/include/rclcpp/rclcpp/memory_strategies.hpp:18[m[K,
                 from [01m[K/opt/ros/humble/include/rclcpp/rclcpp/executor_options.hpp:20[m[K,
                 from [01m[K/opt/ros/humble/include/rclcpp/rclcpp/executor.hpp:37[m[K,
                 from [01m[K/opt/ros/humble/include/rclcpp/rclcpp/executors/multi_threaded_executor.hpp:25[m[K,
                 from [01m[K/opt/ros/humble/include/rclcpp/rclcpp/executors.hpp:21[m[K,
                 from [01m[K/opt/ros/humble/include/rclcpp/rclcpp/rclcpp.hpp:155[m[K,
                 from [01m[K/home/levi/tut_interface/src/cpp04_param/src/demo00_param.cpp:1[m[K:
[01m[K/home/levi/tut_interface/src/cpp04_param/src/demo00_param.cpp:13:36:[m[K [01;35m[Kwarning: [m[Kformat ‘[01m[K%s[m[K’ expects argument of type ‘[01m[Kchar*[m[K’, but argument 6 has type ‘[01m[Kstd::string[m[K’ {aka ‘[01m[Kstd::__cxx11::basic_string<char>[m[K’} [[01;35m[K]8;;https://gcc.gnu.org/onlinedocs/gcc/Warning-Options.html#index-Wformat=-Wformat=]8;;[m[K]
   13 |     RCLCPP_INFO(this->get_logger(),[01;35m[K"p2 is %.2f, type name is %s"[m[K,p2.as_double(), [32m[Kp2.get_type_name()[m[K);
      |                                    [01;35m[K^~~~~~~~~~~~~~~~~~~~~~~~~~~~~[m[K                 [32m[K~~~~~~~~~~~~~~~~~~[m[K
      |                                                                                                  [32m[K|[m[K
      |                                                                                                  [32m[Kstd::string {aka std::__cxx11::basic_string<char>}[m[K
[01m[K/home/levi/tut_interface/src/cpp04_param/src/demo00_param.cpp:13:63:[m[K [01;36m[Knote: [m[Kformat string is defined here
   13 |     RCLCPP_INFO(this->get_logger(),"p2 is %.2f, type name is [01;36m[K%s[m[K",p2.as_double(), p2.get_type_name());
      |                                                              [01;36m[K~^[m[K
      |                                                               [01;36m[K|[m[K
      |                                                               [01;36m[Kchar*[m[K
