[0.081s] Invoking command in '/home/levi/tut_interface/build/cpp04_param': CMAKE_PREFIX_PATH=${CMAKE_PREFIX_PATH}:/opt/ros/humble /usr/bin/cmake /home/levi/tut_interface/src/cpp04_param -DCMAKE_INSTALL_PREFIX=/home/levi/tut_interface/install/cpp04_param
[0.856s] -- The C compiler identification is GNU 11.3.0
[1.368s] -- The CXX compiler identification is GNU 11.3.0
[1.450s] -- Detecting C compiler ABI info
[2.036s] -- Detecting C compiler ABI info - done
[2.066s] -- Check for working C compiler: /usr/bin/cc - skipped
[2.070s] -- Detecting C compile features
[2.071s] -- Detecting C compile features - done
[2.094s] -- Detecting CXX compiler ABI info
[2.694s] -- Detecting CXX compiler ABI info - done
[2.707s] -- Check for working CXX compiler: /usr/bin/c++ - skipped
[2.708s] -- Detecting CXX compile features
[2.709s] -- Detecting CXX compile features - done
[2.806s] -- Found ament_cmake: 1.3.3 (/opt/ros/humble/share/ament_cmake/cmake)
[3.619s] -- Found Python3: /usr/bin/python3.10 (found version "3.10.6") found components: Interpreter 
[4.374s] -- Found rclcpp: 16.0.3 (/opt/ros/humble/share/rclcpp/cmake)
[4.922s] -- Found rosidl_generator_c: 3.1.4 (/opt/ros/humble/share/rosidl_generator_c/cmake)
[4.982s] -- Found rosidl_adapter: 3.1.4 (/opt/ros/humble/share/rosidl_adapter/cmake)
[5.066s] -- Found rosidl_generator_cpp: 3.1.4 (/opt/ros/humble/share/rosidl_generator_cpp/cmake)
[5.195s] -- Using all available rosidl_typesupport_c: rosidl_typesupport_fastrtps_c;rosidl_typesupport_introspection_c
[5.352s] -- Using all available rosidl_typesupport_cpp: rosidl_typesupport_fastrtps_cpp;rosidl_typesupport_introspection_cpp
[5.842s] -- Found rmw_implementation_cmake: 6.1.1 (/opt/ros/humble/share/rmw_implementation_cmake/cmake)
[5.877s] -- Found rmw_fastrtps_cpp: 6.2.2 (/opt/ros/humble/share/rmw_fastrtps_cpp/cmake)
[6.584s] -- Found OpenSSL: /usr/lib/x86_64-linux-gnu/libcrypto.so (found version "3.0.2")  
[6.690s] -- Found FastRTPS: /opt/ros/humble/include  
[6.928s] -- Using RMW implementation 'rmw_fastrtps_cpp' as default
[7.025s] -- Looking for pthread.h
[7.528s] -- Looking for pthread.h - found
[7.534s] -- Performing Test CMAKE_HAVE_LIBC_PTHREAD
[8.137s] -- Performing Test CMAKE_HAVE_LIBC_PTHREAD - Success
[8.148s] -- Found Threads: TRUE  
[9.008s] -- Found ament_lint_auto: 0.12.5 (/opt/ros/humble/share/ament_lint_auto/cmake)
[9.496s] -- Added test 'cppcheck' to perform static code analysis on C / C++ code
[9.497s] -- Configured cppcheck include dirs: $<BUILD_INTERFACE:/home/levi/tut_interface/src/cpp04_param/include>
[9.498s] -- Configured cppcheck exclude dirs and/or files: 
[9.512s] -- Added test 'lint_cmake' to check CMake code style
[9.525s] -- Added test 'uncrustify' to check C / C++ code style
[9.525s] -- Configured uncrustify additional arguments: 
[9.531s] -- Added test 'xmllint' to check XML markup files
[9.546s] -- Configuring done
[9.637s] -- Generating done
[9.649s] -- Build files have been written to: /home/levi/tut_interface/build/cpp04_param
[9.707s] Invoked command in '/home/levi/tut_interface/build/cpp04_param' returned '0': CMAKE_PREFIX_PATH=${CMAKE_PREFIX_PATH}:/opt/ros/humble /usr/bin/cmake /home/levi/tut_interface/src/cpp04_param -DCMAKE_INSTALL_PREFIX=/home/levi/tut_interface/install/cpp04_param
[9.708s] Invoking command in '/home/levi/tut_interface/build/cpp04_param': CMAKE_PREFIX_PATH=${CMAKE_PREFIX_PATH}:/opt/ros/humble /usr/bin/cmake --build /home/levi/tut_interface/build/cpp04_param -- -j6 -l6
[10.078s] [ 50%] [32mBuilding CXX object CMakeFiles/demo00_param.dir/src/demo00_param.cpp.o[0m
[20.671s] In file included from [01m[K/opt/ros/humble/include/rclcpp/rclcpp/logging.hpp:24[m[K,
[20.672s]                  from [01m[K/opt/ros/humble/include/rclcpp/rclcpp/client.hpp:40[m[K,
[20.672s]                  from [01m[K/opt/ros/humble/include/rclcpp/rclcpp/callback_group.hpp:24[m[K,
[20.673s]                  from [01m[K/opt/ros/humble/include/rclcpp/rclcpp/any_executable.hpp:20[m[K,
[20.675s]                  from [01m[K/opt/ros/humble/include/rclcpp/rclcpp/memory_strategy.hpp:25[m[K,
[20.676s]                  from [01m[K/opt/ros/humble/include/rclcpp/rclcpp/memory_strategies.hpp:18[m[K,
[20.677s]                  from [01m[K/opt/ros/humble/include/rclcpp/rclcpp/executor_options.hpp:20[m[K,
[20.677s]                  from [01m[K/opt/ros/humble/include/rclcpp/rclcpp/executor.hpp:37[m[K,
[20.677s]                  from [01m[K/opt/ros/humble/include/rclcpp/rclcpp/executors/multi_threaded_executor.hpp:25[m[K,
[20.677s]                  from [01m[K/opt/ros/humble/include/rclcpp/rclcpp/executors.hpp:21[m[K,
[20.678s]                  from [01m[K/opt/ros/humble/include/rclcpp/rclcpp/rclcpp.hpp:155[m[K,
[20.678s]                  from [01m[K/home/levi/tut_interface/src/cpp04_param/src/demo00_param.cpp:1[m[K:
[20.679s] [01m[K/home/levi/tut_interface/src/cpp04_param/src/demo00_param.cpp:[m[K In constructor ‘[01m[KParamIntro::ParamIntro()[m[K’:
[20.680s] [01m[K/home/levi/tut_interface/src/cpp04_param/src/demo00_param.cpp:12:36:[m[K [01;35m[Kwarning: [m[Kformat ‘[01m[K%s[m[K’ expects argument of type ‘[01m[Kchar*[m[K’, but argument 5 has type ‘[01m[Kconst string[m[K’ {aka ‘[01m[Kconst std::__cxx11::basic_string<char>[m[K’} [[01;35m[K]8;;https://gcc.gnu.org/onlinedocs/gcc/Warning-Options.html#index-Wformat=-Wformat=]8;;[m[K]
[20.680s]    12 |     RCLCPP_INFO(this->get_logger(),[01;35m[K"%s = %s"[m[K,p1.get_name(), p2.as_string().c_str());
[20.681s]       |                                    [01;35m[K^~~~~~~~~[m[K
[20.681s] [01m[K/home/levi/tut_interface/src/cpp04_param/src/demo00_param.cpp:12:38:[m[K [01;36m[Knote: [m[Kformat string is defined here
[20.682s]    12 |     RCLCPP_INFO(this->get_logger(),"[01;36m[K%s[m[K = %s",p1.get_name(), p2.as_string().c_str());
[20.682s]       |                                     [01;36m[K~^[m[K
[20.683s]       |                                      [01;36m[K|[m[K
[20.683s]       |                                      [01;36m[Kchar*[m[K
[20.684s] In file included from [01m[K/opt/ros/humble/include/rclcpp/rclcpp/logging.hpp:24[m[K,
[20.685s]                  from [01m[K/opt/ros/humble/include/rclcpp/rclcpp/client.hpp:40[m[K,
[20.685s]                  from [01m[K/opt/ros/humble/include/rclcpp/rclcpp/callback_group.hpp:24[m[K,
[20.686s]                  from [01m[K/opt/ros/humble/include/rclcpp/rclcpp/any_executable.hpp:20[m[K,
[20.686s]                  from [01m[K/opt/ros/humble/include/rclcpp/rclcpp/memory_strategy.hpp:25[m[K,
[20.687s]                  from [01m[K/opt/ros/humble/include/rclcpp/rclcpp/memory_strategies.hpp:18[m[K,
[20.691s]                  from [01m[K/opt/ros/humble/include/rclcpp/rclcpp/executor_options.hpp:20[m[K,
[20.691s]                  from [01m[K/opt/ros/humble/include/rclcpp/rclcpp/executor.hpp:37[m[K,
[20.692s]                  from [01m[K/opt/ros/humble/include/rclcpp/rclcpp/executors/multi_threaded_executor.hpp:25[m[K,
[20.692s]                  from [01m[K/opt/ros/humble/include/rclcpp/rclcpp/executors.hpp:21[m[K,
[20.692s]                  from [01m[K/opt/ros/humble/include/rclcpp/rclcpp/rclcpp.hpp:155[m[K,
[20.693s]                  from [01m[K/home/levi/tut_interface/src/cpp04_param/src/demo00_param.cpp:1[m[K:
[20.693s] [01m[K/home/levi/tut_interface/src/cpp04_param/src/demo00_param.cpp:13:36:[m[K [01;35m[Kwarning: [m[Kformat ‘[01m[K%s[m[K’ expects argument of type ‘[01m[Kchar*[m[K’, but argument 6 has type ‘[01m[Kstd::string[m[K’ {aka ‘[01m[Kstd::__cxx11::basic_string<char>[m[K’} [[01;35m[K]8;;https://gcc.gnu.org/onlinedocs/gcc/Warning-Options.html#index-Wformat=-Wformat=]8;;[m[K]
[20.693s]    13 |     RCLCPP_INFO(this->get_logger(),[01;35m[K"p2 is %.2f, type name is %s"[m[K,p2.as_double(), [32m[Kp2.get_type_name()[m[K);
[20.694s]       |                                    [01;35m[K^~~~~~~~~~~~~~~~~~~~~~~~~~~~~[m[K                 [32m[K~~~~~~~~~~~~~~~~~~[m[K
[20.694s]       |                                                                                                  [32m[K|[m[K
[20.694s]       |                                                                                                  [32m[Kstd::string {aka std::__cxx11::basic_string<char>}[m[K
[20.695s] [01m[K/home/levi/tut_interface/src/cpp04_param/src/demo00_param.cpp:13:63:[m[K [01;36m[Knote: [m[Kformat string is defined here
[20.695s]    13 |     RCLCPP_INFO(this->get_logger(),"p2 is %.2f, type name is [01;36m[K%s[m[K",p2.as_double(), p2.get_type_name());
[20.695s]       |                                                              [01;36m[K~^[m[K
[20.696s]       |                                                               [01;36m[K|[m[K
[20.696s]       |                                                               [01;36m[Kchar*[m[K
[22.422s] [100%] [32m[1mLinking CXX executable demo00_param[0m
[23.241s] [100%] Built target demo00_param
[23.338s] Invoked command in '/home/levi/tut_interface/build/cpp04_param' returned '0': CMAKE_PREFIX_PATH=${CMAKE_PREFIX_PATH}:/opt/ros/humble /usr/bin/cmake --build /home/levi/tut_interface/build/cpp04_param -- -j6 -l6
[23.735s] Invoking command in '/home/levi/tut_interface/build/cpp04_param': CMAKE_PREFIX_PATH=${CMAKE_PREFIX_PATH}:/opt/ros/humble /usr/bin/cmake --install /home/levi/tut_interface/build/cpp04_param
[23.804s] -- Install configuration: ""
[23.806s] -- Installing: /home/levi/tut_interface/install/cpp04_param/lib/cpp04_param/demo00_param
[23.819s] -- Set runtime path of "/home/levi/tut_interface/install/cpp04_param/lib/cpp04_param/demo00_param" to ""
[23.821s] -- Installing: /home/levi/tut_interface/install/cpp04_param/share/ament_index/resource_index/package_run_dependencies/cpp04_param
[23.824s] -- Installing: /home/levi/tut_interface/install/cpp04_param/share/ament_index/resource_index/parent_prefix_path/cpp04_param
[23.827s] -- Installing: /home/levi/tut_interface/install/cpp04_param/share/cpp04_param/environment/ament_prefix_path.sh
[23.828s] -- Installing: /home/levi/tut_interface/install/cpp04_param/share/cpp04_param/environment/ament_prefix_path.dsv
[23.829s] -- Installing: /home/levi/tut_interface/install/cpp04_param/share/cpp04_param/environment/path.sh
[23.831s] -- Installing: /home/levi/tut_interface/install/cpp04_param/share/cpp04_param/environment/path.dsv
[23.832s] -- Installing: /home/levi/tut_interface/install/cpp04_param/share/cpp04_param/local_setup.bash
[23.837s] -- Installing: /home/levi/tut_interface/install/cpp04_param/share/cpp04_param/local_setup.sh
[23.837s] -- Installing: /home/levi/tut_interface/install/cpp04_param/share/cpp04_param/local_setup.zsh
[23.838s] -- Installing: /home/levi/tut_interface/install/cpp04_param/share/cpp04_param/local_setup.dsv
[23.838s] -- Installing: /home/levi/tut_interface/install/cpp04_param/share/cpp04_param/package.dsv
[23.838s] -- Installing: /home/levi/tut_interface/install/cpp04_param/share/ament_index/resource_index/packages/cpp04_param
[23.841s] -- Installing: /home/levi/tut_interface/install/cpp04_param/share/cpp04_param/cmake/cpp04_paramConfig.cmake
[23.841s] -- Installing: /home/levi/tut_interface/install/cpp04_param/share/cpp04_param/cmake/cpp04_paramConfig-version.cmake
[23.843s] -- Installing: /home/levi/tut_interface/install/cpp04_param/share/cpp04_param/package.xml
[23.851s] Invoked command in '/home/levi/tut_interface/build/cpp04_param' returned '0': CMAKE_PREFIX_PATH=${CMAKE_PREFIX_PATH}:/opt/ros/humble /usr/bin/cmake --install /home/levi/tut_interface/build/cpp04_param
