-- Found ament_cmake: 1.3.3 (/opt/ros/humble/share/ament_cmake/cmake)
-- Found rclcpp: 16.0.3 (/opt/ros/humble/share/rclcpp/cmake)
-- Found rosidl_generator_c: 3.1.4 (/opt/ros/humble/share/rosidl_generator_c/cmake)
-- Found rosidl_adapter: 3.1.4 (/opt/ros/humble/share/rosidl_adapter/cmake)
-- Found rosidl_generator_cpp: 3.1.4 (/opt/ros/humble/share/rosidl_generator_cpp/cmake)
-- Using all available rosidl_typesupport_c: rosidl_typesupport_fastrtps_c;rosidl_typesupport_introspection_c
-- Using all available rosidl_typesupport_cpp: rosidl_typesupport_fastrtps_cpp;rosidl_typesupport_introspection_cpp
-- Found rmw_implementation_cmake: 6.1.1 (/opt/ros/humble/share/rmw_implementation_cmake/cmake)
-- Found rmw_fastrtps_cpp: 6.2.2 (/opt/ros/humble/share/rmw_fastrtps_cpp/cmake)
-- Using RMW implementation 'rmw_fastrtps_cpp' as default
-- Found base_interfaces_demo: 0.0.0 (/home/levi/tut_interface/install/base_interfaces_demo/share/base_interfaces_demo/cmake)
-- Found ament_lint_auto: 0.12.5 (/opt/ros/humble/share/ament_lint_auto/cmake)
-- Added test 'cppcheck' to perform static code analysis on C / C++ code
-- Configured cppcheck include dirs: $<BUILD_INTERFACE:/home/levi/tut_interface/src/cpp01_topic/include>
-- Configured cppcheck exclude dirs and/or files: 
-- Added test 'lint_cmake' to check CMake code style
-- Added test 'uncrustify' to check C / C++ code style
-- Configured uncrustify additional arguments: 
-- Added test 'xmllint' to check XML markup files
-- Configuring done
-- Generating done
-- Build files have been written to: /home/levi/tut_interface/build/cpp01_topic
[35m[1mConsolidate compiler generated dependencies of target demo_stu[0m
[35m[1mConsolidate compiler generated dependencies of target demo_stu_listener[0m
[ 25%] [32mBuilding CXX object CMakeFiles/demo_stu.dir/src/demo_stu.cpp.o[0m
[ 50%] [32mBuilding CXX object CMakeFiles/demo_stu_listener.dir/src/demo_stu_listener.cpp.o[0m
[01m[K/home/levi/tut_interface/src/cpp01_topic/src/demo_stu_listener.cpp:2:10:[m[K [01;31m[Kfatal error: [m[Kbase_interfaces_demo/student.hpp: No such file or directory
    2 | #include [01;31m[K"base_interfaces_demo/student.hpp"[m[K
      |          [01;31m[K^~~~~~~~~~~~~~~~~~~~~~~~~~~~~~~~~~[m[K
compilation terminated.
gmake[2]: *** [CMakeFiles/demo_stu_listener.dir/build.make:76: CMakeFiles/demo_stu_listener.dir/src/demo_stu_listener.cpp.o] Error 1
gmake[1]: *** [CMakeFiles/Makefile2:139: CMakeFiles/demo_stu_listener.dir/all] Error 2
gmake[1]: *** Waiting for unfinished jobs....
[01m[K/home/levi/tut_interface/src/cpp01_topic/src/demo_stu.cpp:2:10:[m[K [01;31m[Kfatal error: [m[Kbase_interfaces_demp/msg/student.hpp: No such file or directory
    2 | #include [01;31m[K"base_interfaces_demp/msg/student.hpp"[m[K
      |          [01;31m[K^~~~~~~~~~~~~~~~~~~~~~~~~~~~~~~~~~~~~~[m[K
compilation terminated.
gmake[2]: *** [CMakeFiles/demo_stu.dir/build.make:76: CMakeFiles/demo_stu.dir/src/demo_stu.cpp.o] Error 1
gmake[1]: *** [CMakeFiles/Makefile2:165: CMakeFiles/demo_stu.dir/all] Error 2
gmake: *** [Makefile:146: all] Error 2
