[0.090s] Invoking command in '/home/levi/tut_interface/build/cpp07_exercise': CMAKE_PREFIX_PATH=/home/levi/tut_interface/install/base_interfaces_demo:/home/levi/tut_interface/install/topic_test:/home/levi/tut_interface/install/meta_pkg:/home/levi/tut_interface/install/cpp07_exercise:/home/levi/tut_interface/install/cpp05_time:/home/levi/tut_interface/install/cpp04_param:/home/levi/tut_interface/install/cpp03_action:/home/levi/tut_interface/install/cpp02_srv:/home/levi/tut_interface/install/cpp01_topic:/opt/ros/humble /usr/bin/cmake --build /home/levi/tut_interface/build/cpp07_exercise -- -j6 -l6
[0.270s] -- Found ament_cmake: 1.3.3 (/opt/ros/humble/share/ament_cmake/cmake)
[0.891s] -- Found rclcpp: 16.0.3 (/opt/ros/humble/share/rclcpp/cmake)
[1.053s] -- Found rosidl_generator_c: 3.1.4 (/opt/ros/humble/share/rosidl_generator_c/cmake)
[1.073s] -- Found rosidl_adapter: 3.1.4 (/opt/ros/humble/share/rosidl_adapter/cmake)
[1.112s] -- Found rosidl_generator_cpp: 3.1.4 (/opt/ros/humble/share/rosidl_generator_cpp/cmake)
[1.178s] -- Using all available rosidl_typesupport_c: rosidl_typesupport_fastrtps_c;rosidl_typesupport_introspection_c
[1.261s] -- Using all available rosidl_typesupport_cpp: rosidl_typesupport_fastrtps_cpp;rosidl_typesupport_introspection_cpp
[1.539s] -- Found rmw_implementation_cmake: 6.1.1 (/opt/ros/humble/share/rmw_implementation_cmake/cmake)
[1.549s] -- Found rmw_fastrtps_cpp: 6.2.2 (/opt/ros/humble/share/rmw_fastrtps_cpp/cmake)
[2.213s] -- Using RMW implementation 'rmw_fastrtps_cpp' as default
[2.870s] -- Found turtlesim: 1.4.2 (/opt/ros/humble/share/turtlesim/cmake)
[3.438s] -- Found base_interfaces_demo: 0.0.0 (/home/levi/tut_interface/install/base_interfaces_demo/share/base_interfaces_demo/cmake)
[3.654s] -- Found geometry_msgs: 4.2.3 (/opt/ros/humble/share/geometry_msgs/cmake)
[3.846s] -- Found rclcpp_action: 16.0.3 (/opt/ros/humble/share/rclcpp_action/cmake)
[4.025s] -- Found ament_lint_auto: 0.12.5 (/opt/ros/humble/share/ament_lint_auto/cmake)
[4.400s] -- Added test 'cppcheck' to perform static code analysis on C / C++ code
[4.402s] -- Configured cppcheck include dirs: $<BUILD_INTERFACE:/home/levi/tut_interface/src/cpp07_exercise/include>
[4.402s] -- Configured cppcheck exclude dirs and/or files: 
[4.407s] -- Added test 'flake8' to check Python code syntax and style conventions
[4.412s] -- Added test 'lint_cmake' to check CMake code style
[4.415s] -- Added test 'pep257' to check Python code against some of the docstring style conventions in PEP 257
[4.432s] -- Added test 'uncrustify' to check C / C++ code style
[4.432s] -- Configured uncrustify additional arguments: 
[4.436s] -- Added test 'xmllint' to check XML markup files
[4.441s] -- Configuring done
[4.716s] -- Generating done
[4.732s] -- Build files have been written to: /home/levi/tut_interface/build/cpp07_exercise
[4.972s] [35m[1mConsolidate compiler generated dependencies of target exe03_client[0m
[4.976s] [35m[1mConsolidate compiler generated dependencies of target exe04_action_server[0m
[5.068s] [35m[1mConsolidate compiler generated dependencies of target exe05_action_client[0m
[5.074s] [35m[1mConsolidate compiler generated dependencies of target exe01_pub_sub[0m
[5.097s] [35m[1mConsolidate compiler generated dependencies of target basic_node[0m
[5.140s] [35m[1mConsolidate compiler generated dependencies of target exe02_server[0m
[5.392s] [ 14%] Built target exe04_action_server
[5.426s] [ 28%] Built target basic_node
[5.471s] [ 42%] Built target exe03_client
[5.491s] [ 57%] Built target exe02_server
[5.529s] [ 71%] Built target exe01_pub_sub
[5.562s] [35m[1mConsolidate compiler generated dependencies of target exe06_param[0m
[5.570s] [ 85%] Built target exe05_action_client
[5.733s] [ 92%] [32m[1mLinking CXX executable exe06_param[0m
[6.588s] [100%] Built target exe06_param
[6.701s] Invoked command in '/home/levi/tut_interface/build/cpp07_exercise' returned '0': CMAKE_PREFIX_PATH=/home/levi/tut_interface/install/base_interfaces_demo:/home/levi/tut_interface/install/topic_test:/home/levi/tut_interface/install/meta_pkg:/home/levi/tut_interface/install/cpp07_exercise:/home/levi/tut_interface/install/cpp05_time:/home/levi/tut_interface/install/cpp04_param:/home/levi/tut_interface/install/cpp03_action:/home/levi/tut_interface/install/cpp02_srv:/home/levi/tut_interface/install/cpp01_topic:/opt/ros/humble /usr/bin/cmake --build /home/levi/tut_interface/build/cpp07_exercise -- -j6 -l6
[7.432s] Invoking command in '/home/levi/tut_interface/build/cpp07_exercise': CMAKE_PREFIX_PATH=/home/levi/tut_interface/install/base_interfaces_demo:/home/levi/tut_interface/install/topic_test:/home/levi/tut_interface/install/meta_pkg:/home/levi/tut_interface/install/cpp07_exercise:/home/levi/tut_interface/install/cpp05_time:/home/levi/tut_interface/install/cpp04_param:/home/levi/tut_interface/install/cpp03_action:/home/levi/tut_interface/install/cpp02_srv:/home/levi/tut_interface/install/cpp01_topic:/opt/ros/humble /usr/bin/cmake --install /home/levi/tut_interface/build/cpp07_exercise
[7.512s] -- Install configuration: ""
[7.513s] -- Up-to-date: /home/levi/tut_interface/install/cpp07_exercise/share/cpp07_exercise//launch
[7.514s] -- Up-to-date: /home/levi/tut_interface/install/cpp07_exercise/share/cpp07_exercise//launch/exe03_client_launch.py
[7.516s] -- Up-to-date: /home/levi/tut_interface/install/cpp07_exercise/share/cpp07_exercise//launch/exe04_action_server_launch.py
[7.517s] -- Up-to-date: /home/levi/tut_interface/install/cpp07_exercise/share/cpp07_exercise//launch/exe06_param_launch.py
[7.518s] -- Up-to-date: /home/levi/tut_interface/install/cpp07_exercise/share/cpp07_exercise//launch/exe02_server_launch.py
[7.519s] -- Up-to-date: /home/levi/tut_interface/install/cpp07_exercise/share/cpp07_exercise//launch/exe01_pub_sub_launch.py
[7.519s] -- Up-to-date: /home/levi/tut_interface/install/cpp07_exercise/share/cpp07_exercise//launch/exe05_action_client_launch.py
[7.526s] -- Up-to-date: /home/levi/tut_interface/install/cpp07_exercise/lib/cpp07_exercise/basic_node
[7.536s] -- Up-to-date: /home/levi/tut_interface/install/cpp07_exercise/lib/cpp07_exercise/exe01_pub_sub
[7.544s] -- Up-to-date: /home/levi/tut_interface/install/cpp07_exercise/lib/cpp07_exercise/exe02_server
[7.552s] -- Up-to-date: /home/levi/tut_interface/install/cpp07_exercise/lib/cpp07_exercise/exe03_client
[7.560s] -- Up-to-date: /home/levi/tut_interface/install/cpp07_exercise/lib/cpp07_exercise/exe04_action_server
[7.568s] -- Up-to-date: /home/levi/tut_interface/install/cpp07_exercise/lib/cpp07_exercise/exe05_action_client
[7.572s] -- Installing: /home/levi/tut_interface/install/cpp07_exercise/lib/cpp07_exercise/exe06_param
[7.579s] -- Set runtime path of "/home/levi/tut_interface/install/cpp07_exercise/lib/cpp07_exercise/exe06_param" to ""
[7.581s] -- Up-to-date: /home/levi/tut_interface/install/cpp07_exercise/share/ament_index/resource_index/package_run_dependencies/cpp07_exercise
[7.583s] -- Up-to-date: /home/levi/tut_interface/install/cpp07_exercise/share/ament_index/resource_index/parent_prefix_path/cpp07_exercise
[7.583s] -- Up-to-date: /home/levi/tut_interface/install/cpp07_exercise/share/cpp07_exercise/environment/ament_prefix_path.sh
[7.585s] -- Installing: /home/levi/tut_interface/install/cpp07_exercise/share/cpp07_exercise/environment/ament_prefix_path.dsv
[7.586s] -- Up-to-date: /home/levi/tut_interface/install/cpp07_exercise/share/cpp07_exercise/environment/path.sh
[7.588s] -- Installing: /home/levi/tut_interface/install/cpp07_exercise/share/cpp07_exercise/environment/path.dsv
[7.589s] -- Up-to-date: /home/levi/tut_interface/install/cpp07_exercise/share/cpp07_exercise/local_setup.bash
[7.590s] -- Up-to-date: /home/levi/tut_interface/install/cpp07_exercise/share/cpp07_exercise/local_setup.sh
[7.591s] -- Up-to-date: /home/levi/tut_interface/install/cpp07_exercise/share/cpp07_exercise/local_setup.zsh
[7.591s] -- Installing: /home/levi/tut_interface/install/cpp07_exercise/share/cpp07_exercise/local_setup.dsv
[7.591s] -- Installing: /home/levi/tut_interface/install/cpp07_exercise/share/cpp07_exercise/package.dsv
[7.592s] -- Up-to-date: /home/levi/tut_interface/install/cpp07_exercise/share/ament_index/resource_index/packages/cpp07_exercise
[7.592s] -- Up-to-date: /home/levi/tut_interface/install/cpp07_exercise/share/cpp07_exercise/cmake/cpp07_exerciseConfig.cmake
[7.592s] -- Up-to-date: /home/levi/tut_interface/install/cpp07_exercise/share/cpp07_exercise/cmake/cpp07_exerciseConfig-version.cmake
[7.595s] -- Up-to-date: /home/levi/tut_interface/install/cpp07_exercise/share/cpp07_exercise/package.xml
[7.598s] Invoked command in '/home/levi/tut_interface/build/cpp07_exercise' returned '0': CMAKE_PREFIX_PATH=/home/levi/tut_interface/install/base_interfaces_demo:/home/levi/tut_interface/install/topic_test:/home/levi/tut_interface/install/meta_pkg:/home/levi/tut_interface/install/cpp07_exercise:/home/levi/tut_interface/install/cpp05_time:/home/levi/tut_interface/install/cpp04_param:/home/levi/tut_interface/install/cpp03_action:/home/levi/tut_interface/install/cpp02_srv:/home/levi/tut_interface/install/cpp01_topic:/opt/ros/humble /usr/bin/cmake --install /home/levi/tut_interface/build/cpp07_exercise
