[0.122s] Invoking command in '/home/levi/tut_interface/build/cpp01_topic': AMENT_PREFIX_PATH=/home/levi/tut_interface/install/base_interfaces_demo:${AMENT_PREFIX_PATH} CMAKE_PREFIX_PATH=/home/levi/tut_interface/install/base_interfaces_demo:/home/levi/tut_interface/src/install/meta_pkg:/home/levi/tut_interface/src/install/cpp04_param:/home/levi/tut_interface/src/install/cpp03_action:/home/levi/tut_interface/src/install/cpp02_srv:/home/levi/tut_interface/src/install/cpp01_topic:/home/levi/tut_interface/src/install/base_interfaces_demo:/opt/ros/humble LD_LIBRARY_PATH=/home/levi/tut_interface/install/base_interfaces_demo/lib:${LD_LIBRARY_PATH} PYTHONPATH=/home/levi/tut_interface/install/base_interfaces_demo/local/lib/python3.10/dist-packages:${PYTHONPATH} /usr/bin/cmake --build /home/levi/tut_interface/build/cpp01_topic -- -j6 -l6
[0.391s] -- Found ament_cmake: 1.3.3 (/opt/ros/humble/share/ament_cmake/cmake)
[1.239s] -- Found rclcpp: 16.0.3 (/opt/ros/humble/share/rclcpp/cmake)
[1.428s] -- Found rosidl_generator_c: 3.1.4 (/opt/ros/humble/share/rosidl_generator_c/cmake)
[1.458s] -- Found rosidl_adapter: 3.1.4 (/opt/ros/humble/share/rosidl_adapter/cmake)
[1.534s] -- Found rosidl_generator_cpp: 3.1.4 (/opt/ros/humble/share/rosidl_generator_cpp/cmake)
[1.605s] -- Using all available rosidl_typesupport_c: rosidl_typesupport_fastrtps_c;rosidl_typesupport_introspection_c
[1.701s] -- Using all available rosidl_typesupport_cpp: rosidl_typesupport_fastrtps_cpp;rosidl_typesupport_introspection_cpp
[2.025s] -- Found rmw_implementation_cmake: 6.1.1 (/opt/ros/humble/share/rmw_implementation_cmake/cmake)
[2.038s] -- Found rmw_fastrtps_cpp: 6.2.2 (/opt/ros/humble/share/rmw_fastrtps_cpp/cmake)
[2.975s] -- Using RMW implementation 'rmw_fastrtps_cpp' as default
[4.454s] -- Found base_interfaces_demo: 0.0.0 (/home/levi/tut_interface/install/base_interfaces_demo/share/base_interfaces_demo/cmake)
[5.311s] -- Found ament_lint_auto: 0.12.5 (/opt/ros/humble/share/ament_lint_auto/cmake)
[6.217s] -- Added test 'cppcheck' to perform static code analysis on C / C++ code
[6.218s] -- Configured cppcheck include dirs: $<BUILD_INTERFACE:/home/levi/tut_interface/src/cpp01_topic/include>
[6.225s] -- Configured cppcheck exclude dirs and/or files: 
[6.227s] -- Added test 'lint_cmake' to check CMake code style
[6.228s] -- Added test 'uncrustify' to check C / C++ code style
[6.235s] -- Configured uncrustify additional arguments: 
[6.236s] -- Added test 'xmllint' to check XML markup files
[6.258s] -- Configuring done
[6.464s] -- Generating done
[6.494s] -- Build files have been written to: /home/levi/tut_interface/build/cpp01_topic
[6.916s] [35m[1mConsolidate compiler generated dependencies of target demo_stu_listener[0m
[6.974s] [35m[1mConsolidate compiler generated dependencies of target demo_stu[0m
[7.437s] [ 25%] [32mBuilding CXX object CMakeFiles/demo_stu.dir/src/demo_stu.cpp.o[0m
[7.447s] [ 50%] [32mBuilding CXX object CMakeFiles/demo_stu_listener.dir/src/demo_stu_listener.cpp.o[0m
[49.709s] [ 75%] [32m[1mLinking CXX executable demo_stu[0m
[51.188s] [ 75%] Built target demo_stu
[60.893s] [100%] [32m[1mLinking CXX executable demo_stu_listener[0m
[63.192s] [100%] Built target demo_stu_listener
[63.278s] Invoked command in '/home/levi/tut_interface/build/cpp01_topic' returned '0': AMENT_PREFIX_PATH=/home/levi/tut_interface/install/base_interfaces_demo:${AMENT_PREFIX_PATH} CMAKE_PREFIX_PATH=/home/levi/tut_interface/install/base_interfaces_demo:/home/levi/tut_interface/src/install/meta_pkg:/home/levi/tut_interface/src/install/cpp04_param:/home/levi/tut_interface/src/install/cpp03_action:/home/levi/tut_interface/src/install/cpp02_srv:/home/levi/tut_interface/src/install/cpp01_topic:/home/levi/tut_interface/src/install/base_interfaces_demo:/opt/ros/humble LD_LIBRARY_PATH=/home/levi/tut_interface/install/base_interfaces_demo/lib:${LD_LIBRARY_PATH} PYTHONPATH=/home/levi/tut_interface/install/base_interfaces_demo/local/lib/python3.10/dist-packages:${PYTHONPATH} /usr/bin/cmake --build /home/levi/tut_interface/build/cpp01_topic -- -j6 -l6
[63.645s] Invoking command in '/home/levi/tut_interface/build/cpp01_topic': AMENT_PREFIX_PATH=/home/levi/tut_interface/install/base_interfaces_demo:${AMENT_PREFIX_PATH} CMAKE_PREFIX_PATH=/home/levi/tut_interface/install/base_interfaces_demo:/home/levi/tut_interface/src/install/meta_pkg:/home/levi/tut_interface/src/install/cpp04_param:/home/levi/tut_interface/src/install/cpp03_action:/home/levi/tut_interface/src/install/cpp02_srv:/home/levi/tut_interface/src/install/cpp01_topic:/home/levi/tut_interface/src/install/base_interfaces_demo:/opt/ros/humble LD_LIBRARY_PATH=/home/levi/tut_interface/install/base_interfaces_demo/lib:${LD_LIBRARY_PATH} PYTHONPATH=/home/levi/tut_interface/install/base_interfaces_demo/local/lib/python3.10/dist-packages:${PYTHONPATH} /usr/bin/cmake --install /home/levi/tut_interface/build/cpp01_topic
[63.716s] -- Install configuration: ""
[63.729s] -- Installing: /home/levi/tut_interface/install/cpp01_topic/lib/cpp01_topic/demo_stu
[63.742s] -- Set runtime path of "/home/levi/tut_interface/install/cpp01_topic/lib/cpp01_topic/demo_stu" to ""
[63.749s] -- Installing: /home/levi/tut_interface/install/cpp01_topic/lib/cpp01_topic/demo_stu_listener
[63.772s] -- Set runtime path of "/home/levi/tut_interface/install/cpp01_topic/lib/cpp01_topic/demo_stu_listener" to ""
[63.772s] -- Up-to-date: /home/levi/tut_interface/install/cpp01_topic/share/ament_index/resource_index/package_run_dependencies/cpp01_topic
[63.773s] -- Installing: /home/levi/tut_interface/install/cpp01_topic/share/ament_index/resource_index/parent_prefix_path/cpp01_topic
[63.774s] -- Up-to-date: /home/levi/tut_interface/install/cpp01_topic/share/cpp01_topic/environment/ament_prefix_path.sh
[63.775s] -- Installing: /home/levi/tut_interface/install/cpp01_topic/share/cpp01_topic/environment/ament_prefix_path.dsv
[63.776s] -- Up-to-date: /home/levi/tut_interface/install/cpp01_topic/share/cpp01_topic/environment/path.sh
[63.776s] -- Installing: /home/levi/tut_interface/install/cpp01_topic/share/cpp01_topic/environment/path.dsv
[63.778s] -- Up-to-date: /home/levi/tut_interface/install/cpp01_topic/share/cpp01_topic/local_setup.bash
[63.778s] -- Up-to-date: /home/levi/tut_interface/install/cpp01_topic/share/cpp01_topic/local_setup.sh
[63.779s] -- Up-to-date: /home/levi/tut_interface/install/cpp01_topic/share/cpp01_topic/local_setup.zsh
[63.779s] -- Installing: /home/levi/tut_interface/install/cpp01_topic/share/cpp01_topic/local_setup.dsv
[63.780s] -- Installing: /home/levi/tut_interface/install/cpp01_topic/share/cpp01_topic/package.dsv
[63.785s] -- Up-to-date: /home/levi/tut_interface/install/cpp01_topic/share/ament_index/resource_index/packages/cpp01_topic
[63.787s] -- Up-to-date: /home/levi/tut_interface/install/cpp01_topic/share/cpp01_topic/cmake/cpp01_topicConfig.cmake
[63.789s] -- Up-to-date: /home/levi/tut_interface/install/cpp01_topic/share/cpp01_topic/cmake/cpp01_topicConfig-version.cmake
[63.790s] -- Up-to-date: /home/levi/tut_interface/install/cpp01_topic/share/cpp01_topic/package.xml
[63.798s] Invoked command in '/home/levi/tut_interface/build/cpp01_topic' returned '0': AMENT_PREFIX_PATH=/home/levi/tut_interface/install/base_interfaces_demo:${AMENT_PREFIX_PATH} CMAKE_PREFIX_PATH=/home/levi/tut_interface/install/base_interfaces_demo:/home/levi/tut_interface/src/install/meta_pkg:/home/levi/tut_interface/src/install/cpp04_param:/home/levi/tut_interface/src/install/cpp03_action:/home/levi/tut_interface/src/install/cpp02_srv:/home/levi/tut_interface/src/install/cpp01_topic:/home/levi/tut_interface/src/install/base_interfaces_demo:/opt/ros/humble LD_LIBRARY_PATH=/home/levi/tut_interface/install/base_interfaces_demo/lib:${LD_LIBRARY_PATH} PYTHONPATH=/home/levi/tut_interface/install/base_interfaces_demo/local/lib/python3.10/dist-packages:${PYTHONPATH} /usr/bin/cmake --install /home/levi/tut_interface/build/cpp01_topic
