[0.117s] Invoking command in '/home/levi/tut_interface/build/cpp07_exercise': AMENT_PREFIX_PATH=/home/levi/tut_interface/install/base_interfaces_demo:${AMENT_PREFIX_PATH} CMAKE_PREFIX_PATH=/home/levi/tut_interface/install/base_interfaces_demo:/opt/ros/humble LD_LIBRARY_PATH=/home/levi/tut_interface/install/base_interfaces_demo/lib:${LD_LIBRARY_PATH} PYTHONPATH=/home/levi/tut_interface/install/base_interfaces_demo/local/lib/python3.10/dist-packages:${PYTHONPATH} /usr/bin/cmake --build /home/levi/tut_interface/build/cpp07_exercise -- -j6 -l6
[0.421s] -- Found ament_cmake: 1.3.3 (/opt/ros/humble/share/ament_cmake/cmake)
[1.430s] -- Found rclcpp: 16.0.3 (/opt/ros/humble/share/rclcpp/cmake)
[1.873s] -- Found rosidl_generator_c: 3.1.4 (/opt/ros/humble/share/rosidl_generator_c/cmake)
[1.905s] -- Found rosidl_adapter: 3.1.4 (/opt/ros/humble/share/rosidl_adapter/cmake)
[1.968s] -- Found rosidl_generator_cpp: 3.1.4 (/opt/ros/humble/share/rosidl_generator_cpp/cmake)
[2.043s] -- Using all available rosidl_typesupport_c: rosidl_typesupport_fastrtps_c;rosidl_typesupport_introspection_c
[2.153s] -- Using all available rosidl_typesupport_cpp: rosidl_typesupport_fastrtps_cpp;rosidl_typesupport_introspection_cpp
[2.546s] -- Found rmw_implementation_cmake: 6.1.1 (/opt/ros/humble/share/rmw_implementation_cmake/cmake)
[2.565s] -- Found rmw_fastrtps_cpp: 6.2.2 (/opt/ros/humble/share/rmw_fastrtps_cpp/cmake)
[3.253s] -- Using RMW implementation 'rmw_fastrtps_cpp' as default
[4.079s] -- Found turtlesim: 1.4.2 (/opt/ros/humble/share/turtlesim/cmake)
[4.712s] -- Found base_interfaces_demo: 0.0.0 (/home/levi/tut_interface/install/base_interfaces_demo/share/base_interfaces_demo/cmake)
[4.925s] -- Found geometry_msgs: 4.2.3 (/opt/ros/humble/share/geometry_msgs/cmake)
[5.122s] -- Found rclcpp_action: 16.0.3 (/opt/ros/humble/share/rclcpp_action/cmake)
[5.255s] -- Found ament_lint_auto: 0.12.5 (/opt/ros/humble/share/ament_lint_auto/cmake)
[5.646s] -- Added test 'cppcheck' to perform static code analysis on C / C++ code
[5.648s] -- Configured cppcheck include dirs: $<BUILD_INTERFACE:/home/levi/tut_interface/src/cpp07_exercise/include>
[5.648s] -- Configured cppcheck exclude dirs and/or files: 
[5.651s] -- Added test 'flake8' to check Python code syntax and style conventions
[5.656s] -- Added test 'lint_cmake' to check CMake code style
[5.660s] -- Added test 'pep257' to check Python code against some of the docstring style conventions in PEP 257
[5.678s] -- Added test 'uncrustify' to check C / C++ code style
[5.679s] -- Configured uncrustify additional arguments: 
[5.682s] -- Added test 'xmllint' to check XML markup files
[5.690s] -- Configuring done
[5.824s] -- Generating done
[5.837s] -- Build files have been written to: /home/levi/tut_interface/build/cpp07_exercise
[6.057s] [35m[1mConsolidate compiler generated dependencies of target exe01_pub_sub[0m
[6.068s] [35m[1mConsolidate compiler generated dependencies of target basic_node[0m
[6.152s] [ 16%] [32mBuilding CXX object CMakeFiles/exe02_server.dir/src/exe02_server.cpp.o[0m
[6.163s] [ 50%] Built target basic_node
[6.228s] [ 83%] Built target exe01_pub_sub
[6.437s] [100%] [32m[1mLinking CXX executable exe02_server[0m
[6.912s] [100%] Built target exe02_server
[7.053s] Invoked command in '/home/levi/tut_interface/build/cpp07_exercise' returned '0': AMENT_PREFIX_PATH=/home/levi/tut_interface/install/base_interfaces_demo:${AMENT_PREFIX_PATH} CMAKE_PREFIX_PATH=/home/levi/tut_interface/install/base_interfaces_demo:/opt/ros/humble LD_LIBRARY_PATH=/home/levi/tut_interface/install/base_interfaces_demo/lib:${LD_LIBRARY_PATH} PYTHONPATH=/home/levi/tut_interface/install/base_interfaces_demo/local/lib/python3.10/dist-packages:${PYTHONPATH} /usr/bin/cmake --build /home/levi/tut_interface/build/cpp07_exercise -- -j6 -l6
[7.661s] Invoking command in '/home/levi/tut_interface/build/cpp07_exercise': AMENT_PREFIX_PATH=/home/levi/tut_interface/install/base_interfaces_demo:${AMENT_PREFIX_PATH} CMAKE_PREFIX_PATH=/home/levi/tut_interface/install/base_interfaces_demo:/opt/ros/humble LD_LIBRARY_PATH=/home/levi/tut_interface/install/base_interfaces_demo/lib:${LD_LIBRARY_PATH} PYTHONPATH=/home/levi/tut_interface/install/base_interfaces_demo/local/lib/python3.10/dist-packages:${PYTHONPATH} /usr/bin/cmake --install /home/levi/tut_interface/build/cpp07_exercise
[7.716s] -- Install configuration: ""
[7.716s] -- Up-to-date: /home/levi/tut_interface/install/cpp07_exercise/share/cpp07_exercise//launch
[7.717s] -- Installing: /home/levi/tut_interface/install/cpp07_exercise/share/cpp07_exercise//launch/exe03_client_launch.py
[7.719s] -- Installing: /home/levi/tut_interface/install/cpp07_exercise/share/cpp07_exercise//launch/exe02_server_launch.py
[7.720s] -- Up-to-date: /home/levi/tut_interface/install/cpp07_exercise/share/cpp07_exercise//launch/exe01_pub_sub_launch.py
[7.726s] -- Up-to-date: /home/levi/tut_interface/install/cpp07_exercise/lib/cpp07_exercise/basic_node
[7.743s] -- Up-to-date: /home/levi/tut_interface/install/cpp07_exercise/lib/cpp07_exercise/exe01_pub_sub
[7.749s] -- Installing: /home/levi/tut_interface/install/cpp07_exercise/lib/cpp07_exercise/exe02_server
[7.752s] -- Up-to-date: /home/levi/tut_interface/install/cpp07_exercise/share/ament_index/resource_index/package_run_dependencies/cpp07_exercise
[7.754s] -- Installing: /home/levi/tut_interface/install/cpp07_exercise/share/ament_index/resource_index/parent_prefix_path/cpp07_exercise
[7.757s] -- Up-to-date: /home/levi/tut_interface/install/cpp07_exercise/share/cpp07_exercise/environment/ament_prefix_path.sh
[7.758s] -- Installing: /home/levi/tut_interface/install/cpp07_exercise/share/cpp07_exercise/environment/ament_prefix_path.dsv
[7.759s] -- Up-to-date: /home/levi/tut_interface/install/cpp07_exercise/share/cpp07_exercise/environment/path.sh
[7.759s] -- Installing: /home/levi/tut_interface/install/cpp07_exercise/share/cpp07_exercise/environment/path.dsv
[7.760s] -- Up-to-date: /home/levi/tut_interface/install/cpp07_exercise/share/cpp07_exercise/local_setup.bash
[7.760s] -- Up-to-date: /home/levi/tut_interface/install/cpp07_exercise/share/cpp07_exercise/local_setup.sh
[7.762s] -- Up-to-date: /home/levi/tut_interface/install/cpp07_exercise/share/cpp07_exercise/local_setup.zsh
[7.763s] -- Installing: /home/levi/tut_interface/install/cpp07_exercise/share/cpp07_exercise/local_setup.dsv
[7.766s] -- Installing: /home/levi/tut_interface/install/cpp07_exercise/share/cpp07_exercise/package.dsv
[7.770s] -- Up-to-date: /home/levi/tut_interface/install/cpp07_exercise/share/ament_index/resource_index/packages/cpp07_exercise
[7.783s] -- Up-to-date: /home/levi/tut_interface/install/cpp07_exercise/share/cpp07_exercise/cmake/cpp07_exerciseConfig.cmake
[7.786s] -- Up-to-date: /home/levi/tut_interface/install/cpp07_exercise/share/cpp07_exercise/cmake/cpp07_exerciseConfig-version.cmake
[7.789s] -- Up-to-date: /home/levi/tut_interface/install/cpp07_exercise/share/cpp07_exercise/package.xml
[7.791s] Invoked command in '/home/levi/tut_interface/build/cpp07_exercise' returned '0': AMENT_PREFIX_PATH=/home/levi/tut_interface/install/base_interfaces_demo:${AMENT_PREFIX_PATH} CMAKE_PREFIX_PATH=/home/levi/tut_interface/install/base_interfaces_demo:/opt/ros/humble LD_LIBRARY_PATH=/home/levi/tut_interface/install/base_interfaces_demo/lib:${LD_LIBRARY_PATH} PYTHONPATH=/home/levi/tut_interface/install/base_interfaces_demo/local/lib/python3.10/dist-packages:${PYTHONPATH} /usr/bin/cmake --install /home/levi/tut_interface/build/cpp07_exercise
