[35m[1mConsolidate compiler generated dependencies of target demo01_action_server[0m
[ 50%] [32mBuilding CXX object CMakeFiles/demo01_action_server.dir/src/demo01_action_server.cpp.o[0m
[01m[K/home/levi/tut_interface/src/cpp03_action/src/demo01_action_server.cpp:[m[K In member function ‘[01m[Krclcpp_action::GoalResponse MinimalActionServer::handle_goal(const GoalUUID&, std::shared_ptr<const base_interfaces_demo::action::Progress_Goal_<std::allocator<void> > >)[m[K’:
[01m[K/home/levi/tut_interface/src/cpp03_action/src/demo01_action_server.cpp:142:21:[m[K [01;35m[Kwarning: [m[Kstatement has no effect [[01;35m[K]8;;https://gcc.gnu.org/onlinedocs/gcc/Warning-Options.html#index-Wunused-value-Wunused-value]8;;[m[K]
  142 |       [01;35m[KGoalResponse::REJECT[m[K;
      |       [01;35m[K~~~~~~~~~~~~~~^~~~~~[m[K
[01m[K/home/levi/tut_interface/src/cpp03_action/src/demo01_action_server.cpp:[m[K In member function ‘[01m[Kvoid MinimalActionServer::excute(std::shared_ptr<rclcpp_action::ServerGoalHandle<base_interfaces_demo::action::Progress> >)[m[K’:
[01m[K/home/levi/tut_interface/src/cpp03_action/src/demo01_action_server.cpp:160:48:[m[K [01;35m[Kwarning: [m[Kthe address of ‘[01m[Kbool rclcpp::ok(rclcpp::Context::SharedPtr)[m[K’ will never be NULL [[01;35m[K]8;;https://gcc.gnu.org/onlinedocs/gcc/Warning-Options.html#index-Waddress-Waddress]8;;[m[K]
  160 |     for (int i = 1; (i <= goal->num && [01;35m[Krclcpp::ok[m[K); i++)
      |                                        [01;35m[K~~~~~~~~^~[m[K
[100%] [32m[1mLinking CXX executable demo01_action_server[0m
[100%] Built target demo01_action_server
-- Install configuration: ""
-- Installing: /home/levi/tut_interface/install/cpp03_action/lib/cpp03_action/demo01_action_server
-- Set runtime path of "/home/levi/tut_interface/install/cpp03_action/lib/cpp03_action/demo01_action_server" to ""
-- Up-to-date: /home/levi/tut_interface/install/cpp03_action/share/ament_index/resource_index/package_run_dependencies/cpp03_action
-- Up-to-date: /home/levi/tut_interface/install/cpp03_action/share/ament_index/resource_index/parent_prefix_path/cpp03_action
-- Up-to-date: /home/levi/tut_interface/install/cpp03_action/share/cpp03_action/environment/ament_prefix_path.sh
-- Up-to-date: /home/levi/tut_interface/install/cpp03_action/share/cpp03_action/environment/ament_prefix_path.dsv
-- Up-to-date: /home/levi/tut_interface/install/cpp03_action/share/cpp03_action/environment/path.sh
-- Up-to-date: /home/levi/tut_interface/install/cpp03_action/share/cpp03_action/environment/path.dsv
-- Up-to-date: /home/levi/tut_interface/install/cpp03_action/share/cpp03_action/local_setup.bash
-- Up-to-date: /home/levi/tut_interface/install/cpp03_action/share/cpp03_action/local_setup.sh
-- Up-to-date: /home/levi/tut_interface/install/cpp03_action/share/cpp03_action/local_setup.zsh
-- Up-to-date: /home/levi/tut_interface/install/cpp03_action/share/cpp03_action/local_setup.dsv
-- Installing: /home/levi/tut_interface/install/cpp03_action/share/cpp03_action/package.dsv
-- Up-to-date: /home/levi/tut_interface/install/cpp03_action/share/ament_index/resource_index/packages/cpp03_action
-- Up-to-date: /home/levi/tut_interface/install/cpp03_action/share/cpp03_action/cmake/cpp03_actionConfig.cmake
-- Up-to-date: /home/levi/tut_interface/install/cpp03_action/share/cpp03_action/cmake/cpp03_actionConfig-version.cmake
-- Up-to-date: /home/levi/tut_interface/install/cpp03_action/share/cpp03_action/package.xml
