[35m[1mConsolidate compiler generated dependencies of target exe03_client[0m
[ 25%] Built target exe02_server
[ 50%] Built target basic_node
[ 75%] Built target exe01_pub_sub
[ 87%] [32mBuilding CXX object CMakeFiles/exe03_client.dir/src/exe03_client.cpp.o[0m
[100%] [32m[1mLinking CXX executable exe03_client[0m
[100%] Built target exe03_client
-- Install configuration: ""
-- Up-to-date: /home/levi/tut_interface/install/cpp07_exercise/share/cpp07_exercise//launch
-- Up-to-date: /home/levi/tut_interface/install/cpp07_exercise/share/cpp07_exercise//launch/exe03_client_launch.py
-- Up-to-date: /home/levi/tut_interface/install/cpp07_exercise/share/cpp07_exercise//launch/exe02_server_launch.py
-- Up-to-date: /home/levi/tut_interface/install/cpp07_exercise/share/cpp07_exercise//launch/exe01_pub_sub_launch.py
-- Installing: /home/levi/tut_interface/install/cpp07_exercise/lib/cpp07_exercise/basic_node
-- Set runtime path of "/home/levi/tut_interface/install/cpp07_exercise/lib/cpp07_exercise/basic_node" to ""
-- Up-to-date: /home/levi/tut_interface/install/cpp07_exercise/lib/cpp07_exercise/exe01_pub_sub
-- Installing: /home/levi/tut_interface/install/cpp07_exercise/lib/cpp07_exercise/exe02_server
-- Set runtime path of "/home/levi/tut_interface/install/cpp07_exercise/lib/cpp07_exercise/exe02_server" to ""
-- Installing: /home/levi/tut_interface/install/cpp07_exercise/lib/cpp07_exercise/exe03_client
-- Set runtime path of "/home/levi/tut_interface/install/cpp07_exercise/lib/cpp07_exercise/exe03_client" to ""
-- Up-to-date: /home/levi/tut_interface/install/cpp07_exercise/share/ament_index/resource_index/package_run_dependencies/cpp07_exercise
-- Up-to-date: /home/levi/tut_interface/install/cpp07_exercise/share/ament_index/resource_index/parent_prefix_path/cpp07_exercise
-- Up-to-date: /home/levi/tut_interface/install/cpp07_exercise/share/cpp07_exercise/environment/ament_prefix_path.sh
-- Installing: /home/levi/tut_interface/install/cpp07_exercise/share/cpp07_exercise/environment/ament_prefix_path.dsv
-- Up-to-date: /home/levi/tut_interface/install/cpp07_exercise/share/cpp07_exercise/environment/path.sh
-- Installing: /home/levi/tut_interface/install/cpp07_exercise/share/cpp07_exercise/environment/path.dsv
-- Up-to-date: /home/levi/tut_interface/install/cpp07_exercise/share/cpp07_exercise/local_setup.bash
-- Up-to-date: /home/levi/tut_interface/install/cpp07_exercise/share/cpp07_exercise/local_setup.sh
-- Up-to-date: /home/levi/tut_interface/install/cpp07_exercise/share/cpp07_exercise/local_setup.zsh
-- Installing: /home/levi/tut_interface/install/cpp07_exercise/share/cpp07_exercise/local_setup.dsv
-- Installing: /home/levi/tut_interface/install/cpp07_exercise/share/cpp07_exercise/package.dsv
-- Up-to-date: /home/levi/tut_interface/install/cpp07_exercise/share/ament_index/resource_index/packages/cpp07_exercise
-- Up-to-date: /home/levi/tut_interface/install/cpp07_exercise/share/cpp07_exercise/cmake/cpp07_exerciseConfig.cmake
-- Up-to-date: /home/levi/tut_interface/install/cpp07_exercise/share/cpp07_exercise/cmake/cpp07_exerciseConfig-version.cmake
-- Up-to-date: /home/levi/tut_interface/install/cpp07_exercise/share/cpp07_exercise/package.xml
