[0.092s] Invoking command in '/home/levi/tut_interface/build/cpp03_action': CMAKE_PREFIX_PATH=/home/levi/tut_interface/install/base_interfaces_demo:/home/levi/tut_interface/install/cpp02_srv:/home/levi/tut_interface/install/cpp01_topic:/home/levi/tut_helloworld/install/helloworld_vscode_pkg:/home/levi/tut_helloworld/install/cpp_helloworld:/opt/ros/humble /usr/bin/cmake /home/levi/tut_interface/src/cpp03_action -DCMAKE_INSTALL_PREFIX=/home/levi/tut_interface/install/cpp03_action
[0.631s] -- The C compiler identification is GNU 11.3.0
[1.127s] -- The CXX compiler identification is GNU 11.3.0
[1.189s] -- Detecting C compiler ABI info
[1.784s] -- Detecting C compiler ABI info - done
[1.787s] -- Check for working C compiler: /usr/bin/cc - skipped
[1.789s] -- Detecting C compile features
[1.794s] -- Detecting C compile features - done
[1.807s] -- Detecting CXX compiler ABI info
[2.473s] -- Detecting CXX compiler ABI info - done
[2.492s] -- Check for working CXX compiler: /usr/bin/c++ - skipped
[2.495s] -- Detecting CXX compile features
[2.498s] -- Detecting CXX compile features - done
[2.537s] -- Found ament_cmake: 1.3.3 (/opt/ros/humble/share/ament_cmake/cmake)
[3.441s] -- Found Python3: /usr/bin/python3.10 (found version "3.10.6") found components: Interpreter 
[3.990s] -- Found rclcpp: 16.0.3 (/opt/ros/humble/share/rclcpp/cmake)
[4.424s] -- Found rosidl_generator_c: 3.1.4 (/opt/ros/humble/share/rosidl_generator_c/cmake)
[4.469s] -- Found rosidl_adapter: 3.1.4 (/opt/ros/humble/share/rosidl_adapter/cmake)
[4.497s] -- Found rosidl_generator_cpp: 3.1.4 (/opt/ros/humble/share/rosidl_generator_cpp/cmake)
[4.585s] -- Using all available rosidl_typesupport_c: rosidl_typesupport_fastrtps_c;rosidl_typesupport_introspection_c
[4.740s] -- Using all available rosidl_typesupport_cpp: rosidl_typesupport_fastrtps_cpp;rosidl_typesupport_introspection_cpp
[5.271s] -- Found rmw_implementation_cmake: 6.1.1 (/opt/ros/humble/share/rmw_implementation_cmake/cmake)
[5.302s] -- Found rmw_fastrtps_cpp: 6.2.2 (/opt/ros/humble/share/rmw_fastrtps_cpp/cmake)
[6.114s] -- Found OpenSSL: /usr/lib/x86_64-linux-gnu/libcrypto.so (found version "3.0.2")  
[6.233s] -- Found FastRTPS: /opt/ros/humble/include  
[6.492s] -- Using RMW implementation 'rmw_fastrtps_cpp' as default
[6.589s] -- Looking for pthread.h
[7.125s] -- Looking for pthread.h - found
[7.137s] -- Performing Test CMAKE_HAVE_LIBC_PTHREAD
[7.576s] -- Performing Test CMAKE_HAVE_LIBC_PTHREAD - Success
[7.583s] -- Found Threads: TRUE  
[8.324s] -- Found rclcpp_action: 16.0.3 (/opt/ros/humble/share/rclcpp_action/cmake)
[8.770s] -- Found base_interfaces_demo: 0.0.0 (/home/levi/tut_interface/install/base_interfaces_demo/share/base_interfaces_demo/cmake)
[9.023s] -- Found ament_lint_auto: 0.12.5 (/opt/ros/humble/share/ament_lint_auto/cmake)
[9.460s] -- Added test 'cppcheck' to perform static code analysis on C / C++ code
[9.461s] -- Configured cppcheck include dirs: $<BUILD_INTERFACE:/home/levi/tut_interface/src/cpp03_action/include>
[9.461s] -- Configured cppcheck exclude dirs and/or files: 
[9.471s] -- Added test 'lint_cmake' to check CMake code style
[9.486s] -- Added test 'uncrustify' to check C / C++ code style
[9.487s] -- Configured uncrustify additional arguments: 
[9.489s] -- Added test 'xmllint' to check XML markup files
[9.492s] -- Configuring done
[9.575s] -- Generating done
[9.578s] -- Build files have been written to: /home/levi/tut_interface/build/cpp03_action
[9.641s] Invoked command in '/home/levi/tut_interface/build/cpp03_action' returned '0': CMAKE_PREFIX_PATH=/home/levi/tut_interface/install/base_interfaces_demo:/home/levi/tut_interface/install/cpp02_srv:/home/levi/tut_interface/install/cpp01_topic:/home/levi/tut_helloworld/install/helloworld_vscode_pkg:/home/levi/tut_helloworld/install/cpp_helloworld:/opt/ros/humble /usr/bin/cmake /home/levi/tut_interface/src/cpp03_action -DCMAKE_INSTALL_PREFIX=/home/levi/tut_interface/install/cpp03_action
[9.643s] Invoking command in '/home/levi/tut_interface/build/cpp03_action': CMAKE_PREFIX_PATH=/home/levi/tut_interface/install/base_interfaces_demo:/home/levi/tut_interface/install/cpp02_srv:/home/levi/tut_interface/install/cpp01_topic:/home/levi/tut_helloworld/install/helloworld_vscode_pkg:/home/levi/tut_helloworld/install/cpp_helloworld:/opt/ros/humble /usr/bin/cmake --build /home/levi/tut_interface/build/cpp03_action -- -j6 -l6
[9.980s] [ 50%] [32mBuilding CXX object CMakeFiles/demo01_action_server.dir/src/demo01_action_server.cpp.o[0m
[22.496s] In file included from [01m[K/usr/include/x86_64-linux-gnu/c++/11/bits/c++allocator.h:33[m[K,
[22.497s]                  from [01m[K/usr/include/c++/11/bits/allocator.h:46[m[K,
[22.497s]                  from [01m[K/usr/include/c++/11/memory:64[m[K,
[22.497s]                  from [01m[K/opt/ros/humble/include/rclcpp/rclcpp/rclcpp.hpp:153[m[K,
[22.497s]                  from [01m[K/home/levi/tut_interface/src/cpp03_action/src/demo01_action_server.cpp:16[m[K:
[22.498s] /usr/include/c++/11/ext/new_allocator.h: In instantiation of ‘[01m[Kvoid __gnu_cxx::new_allocator<_Tp>::construct(_Up*, _Args&& ...) [with _Up = MinimalActionServer; _Args = {}; _Tp = MinimalActionServer][m[K’:
[22.498s] [01m[K/usr/include/c++/11/bits/alloc_traits.h:516:17:[m[K   required from ‘[01m[Kstatic void std::allocator_traits<std::allocator<_Tp1> >::construct(std::allocator_traits<std::allocator<_Tp1> >::allocator_type&, _Up*, _Args&& ...) [with _Up = MinimalActionServer; _Args = {}; _Tp = MinimalActionServer; std::allocator_traits<std::allocator<_Tp1> >::allocator_type = std::allocator<MinimalActionServer>][m[K’
[22.499s] [01m[K/usr/include/c++/11/bits/shared_ptr_base.h:519:39:[m[K   required from ‘[01m[Kstd::_Sp_counted_ptr_inplace<_Tp, _Alloc, _Lp>::_Sp_counted_ptr_inplace(_Alloc, _Args&& ...) [with _Args = {}; _Tp = MinimalActionServer; _Alloc = std::allocator<MinimalActionServer>; __gnu_cxx::_Lock_policy _Lp = __gnu_cxx::_S_atomic][m[K’
[22.499s] [01m[K/usr/include/c++/11/bits/shared_ptr_base.h:650:16:[m[K   required from ‘[01m[Kstd::__shared_count<_Lp>::__shared_count(_Tp*&, std::_Sp_alloc_shared_tag<_Alloc>, _Args&& ...) [with _Tp = MinimalActionServer; _Alloc = std::allocator<MinimalActionServer>; _Args = {}; __gnu_cxx::_Lock_policy _Lp = __gnu_cxx::_S_atomic][m[K’
[22.499s] [01m[K/usr/include/c++/11/bits/shared_ptr_base.h:1342:14:[m[K   required from ‘[01m[Kstd::__shared_ptr<_Tp, _Lp>::__shared_ptr(std::_Sp_alloc_shared_tag<_Tp>, _Args&& ...) [with _Alloc = std::allocator<MinimalActionServer>; _Args = {}; _Tp = MinimalActionServer; __gnu_cxx::_Lock_policy _Lp = __gnu_cxx::_S_atomic][m[K’
[22.500s] [01m[K/usr/include/c++/11/bits/shared_ptr.h:409:59:[m[K   required from ‘[01m[Kstd::shared_ptr<_Tp>::shared_ptr(std::_Sp_alloc_shared_tag<_Tp>, _Args&& ...) [with _Alloc = std::allocator<MinimalActionServer>; _Args = {}; _Tp = MinimalActionServer][m[K’
[22.500s] [01m[K/usr/include/c++/11/bits/shared_ptr.h:862:14:[m[K   required from ‘[01m[Kstd::shared_ptr<_Tp> std::allocate_shared(const _Alloc&, _Args&& ...) [with _Tp = MinimalActionServer; _Alloc = std::allocator<MinimalActionServer>; _Args = {}][m[K’
[22.500s] [01m[K/usr/include/c++/11/bits/shared_ptr.h:878:39:[m[K   required from ‘[01m[Kstd::shared_ptr<_Tp> std::make_shared(_Args&& ...) [with _Tp = MinimalActionServer; _Args = {}][m[K’
[22.501s] [01m[K/home/levi/tut_interface/src/cpp03_action/src/demo01_action_server.cpp:29:54:[m[K   required from here
[22.502s] [01m[K/usr/include/c++/11/ext/new_allocator.h:162:11:[m[K [01;31m[Kerror: [m[K‘[01m[KMinimalActionServer::MinimalActionServer()[m[K’ is private within this context
[22.502s]   162 |         { [01;31m[K::new((void *)__p) _Up(std::forward<_Args>(__args)...)[m[K; }
[22.503s]       |           [01;31m[K^~~~~~~~~~~~~~~~~~~~~~~~~~~~~~~~~~~~~~~~~~~~~~~~~~~~~~[m[K
[22.503s] [01m[K/home/levi/tut_interface/src/cpp03_action/src/demo01_action_server.cpp:21:3:[m[K [01;36m[Knote: [m[Kdeclared private here
[22.503s]    21 |   [01;36m[KMinimalActionServer[m[K() : Node("minimal_action_server")
[22.504s]       |   [01;36m[K^~~~~~~~~~~~~~~~~~~[m[K
[22.673s] gmake[2]: *** [CMakeFiles/demo01_action_server.dir/build.make:76: CMakeFiles/demo01_action_server.dir/src/demo01_action_server.cpp.o] Error 1
[22.673s] gmake[1]: *** [CMakeFiles/Makefile2:137: CMakeFiles/demo01_action_server.dir/all] Error 2
[22.674s] gmake: *** [Makefile:146: all] Error 2
[22.681s] Invoked command in '/home/levi/tut_interface/build/cpp03_action' returned '2': CMAKE_PREFIX_PATH=/home/levi/tut_interface/install/base_interfaces_demo:/home/levi/tut_interface/install/cpp02_srv:/home/levi/tut_interface/install/cpp01_topic:/home/levi/tut_helloworld/install/helloworld_vscode_pkg:/home/levi/tut_helloworld/install/cpp_helloworld:/opt/ros/humble /usr/bin/cmake --build /home/levi/tut_interface/build/cpp03_action -- -j6 -l6
