[0.142s] Invoking command in '/home/levi/tut_interface/build/meta_pkg': CMAKE_PREFIX_PATH=/home/levi/tut_interface/install/cpp03_action:/home/levi/tut_interface/install/cpp02_srv:/home/levi/tut_interface/install/cpp01_topic:/home/levi/tut_interface/install/cpp04_param:/home/levi/tut_interface/install/base_interfaces_demo:/home/levi/tut_interface/install/topic_test:/home/levi/tut_interface/install/meta_pkg:/opt/ros/humble /usr/bin/cmake --build /home/levi/tut_interface/build/meta_pkg -- -j6 -l6
[0.303s] -- Found ament_cmake: 1.3.3 (/opt/ros/humble/share/ament_cmake/cmake)
[0.955s] -- Found ament_lint_auto: 0.12.5 (/opt/ros/humble/share/ament_lint_auto/cmake)
[1.264s] -- Added test 'flake8' to check Python code syntax and style conventions
[1.273s] -- Added test 'lint_cmake' to check CMake code style
[1.276s] -- Added test 'pep257' to check Python code against some of the docstring style conventions in PEP 257
[1.297s] -- Added test 'xmllint' to check XML markup files
[1.303s] -- Configuring done
[1.326s] -- Generating done
[1.331s] -- Build files have been written to: /home/levi/tut_interface/build/meta_pkg
[1.505s] Invoked command in '/home/levi/tut_interface/build/meta_pkg' returned '0': CMAKE_PREFIX_PATH=/home/levi/tut_interface/install/cpp03_action:/home/levi/tut_interface/install/cpp02_srv:/home/levi/tut_interface/install/cpp01_topic:/home/levi/tut_interface/install/cpp04_param:/home/levi/tut_interface/install/base_interfaces_demo:/home/levi/tut_interface/install/topic_test:/home/levi/tut_interface/install/meta_pkg:/opt/ros/humble /usr/bin/cmake --build /home/levi/tut_interface/build/meta_pkg -- -j6 -l6
[1.886s] Invoking command in '/home/levi/tut_interface/build/meta_pkg': CMAKE_PREFIX_PATH=/home/levi/tut_interface/install/cpp03_action:/home/levi/tut_interface/install/cpp02_srv:/home/levi/tut_interface/install/cpp01_topic:/home/levi/tut_interface/install/cpp04_param:/home/levi/tut_interface/install/base_interfaces_demo:/home/levi/tut_interface/install/topic_test:/home/levi/tut_interface/install/meta_pkg:/opt/ros/humble /usr/bin/cmake --install /home/levi/tut_interface/build/meta_pkg
[2.006s] -- Install configuration: ""
[2.011s] -- Installing: /home/levi/tut_interface/install/meta_pkg/share/meta_pkg/launch
[2.013s] -- Installing: /home/levi/tut_interface/install/meta_pkg/share/meta_pkg/launch/launch.py
[2.019s] -- Up-to-date: /home/levi/tut_interface/install/meta_pkg/share/ament_index/resource_index/package_run_dependencies/meta_pkg
[2.019s] -- Installing: /home/levi/tut_interface/install/meta_pkg/share/ament_index/resource_index/parent_prefix_path/meta_pkg
[2.020s] -- Up-to-date: /home/levi/tut_interface/install/meta_pkg/share/meta_pkg/environment/ament_prefix_path.sh
[2.028s] -- Installing: /home/levi/tut_interface/install/meta_pkg/share/meta_pkg/environment/ament_prefix_path.dsv
[2.029s] -- Up-to-date: /home/levi/tut_interface/install/meta_pkg/share/meta_pkg/environment/path.sh
[2.031s] -- Installing: /home/levi/tut_interface/install/meta_pkg/share/meta_pkg/environment/path.dsv
[2.042s] -- Up-to-date: /home/levi/tut_interface/install/meta_pkg/share/meta_pkg/local_setup.bash
[2.046s] -- Up-to-date: /home/levi/tut_interface/install/meta_pkg/share/meta_pkg/local_setup.sh
[2.059s] -- Up-to-date: /home/levi/tut_interface/install/meta_pkg/share/meta_pkg/local_setup.zsh
[2.071s] -- Installing: /home/levi/tut_interface/install/meta_pkg/share/meta_pkg/local_setup.dsv
[2.071s] -- Installing: /home/levi/tut_interface/install/meta_pkg/share/meta_pkg/package.dsv
[2.072s] -- Up-to-date: /home/levi/tut_interface/install/meta_pkg/share/ament_index/resource_index/packages/meta_pkg
[2.072s] -- Up-to-date: /home/levi/tut_interface/install/meta_pkg/share/meta_pkg/cmake/meta_pkgConfig.cmake
[2.072s] -- Up-to-date: /home/levi/tut_interface/install/meta_pkg/share/meta_pkg/cmake/meta_pkgConfig-version.cmake
[2.073s] -- Up-to-date: /home/levi/tut_interface/install/meta_pkg/share/meta_pkg/package.xml
[2.074s] Invoked command in '/home/levi/tut_interface/build/meta_pkg' returned '0': CMAKE_PREFIX_PATH=/home/levi/tut_interface/install/cpp03_action:/home/levi/tut_interface/install/cpp02_srv:/home/levi/tut_interface/install/cpp01_topic:/home/levi/tut_interface/install/cpp04_param:/home/levi/tut_interface/install/base_interfaces_demo:/home/levi/tut_interface/install/topic_test:/home/levi/tut_interface/install/meta_pkg:/opt/ros/humble /usr/bin/cmake --install /home/levi/tut_interface/build/meta_pkg
