[1.484s] DEBUG:colcon:Command line arguments: ['/usr/bin/colcon', 'build', '--packages-select', 'cpp07_exercise']
[1.486s] DEBUG:colcon:Parsed command line arguments: Namespace(log_base=None, log_level=None, verb_name='build', build_base='build', install_base='install', merge_install=False, symlink_install=False, test_result_base=None, continue_on_error=False, executor='parallel', parallel_workers=6, event_handlers=None, ignore_user_meta=False, metas=['./colcon.meta'], base_paths=['.'], packages_ignore=None, packages_ignore_regex=None, paths=None, packages_up_to=None, packages_up_to_regex=None, packages_above=None, packages_above_and_dependencies=None, packages_above_depth=None, packages_select_by_dep=None, packages_skip_by_dep=None, packages_skip_up_to=None, packages_select_build_failed=False, packages_skip_build_finished=False, packages_select_test_failures=False, packages_skip_test_passed=False, packages_select=['cpp07_exercise'], packages_skip=None, packages_select_regex=None, packages_skip_regex=None, packages_start=None, packages_end=None, allow_overriding=[], cmake_args=None, cmake_target=None, cmake_target_skip_unavailable=False, cmake_clean_cache=False, cmake_clean_first=False, cmake_force_configure=False, ament_cmake_args=None, catkin_cmake_args=None, catkin_skip_building_tests=False, verb_parser=<colcon_defaults.argument_parser.defaults.DefaultArgumentsDecorator object at 0x7f434a3dea40>, verb_extension=<colcon_core.verb.build.BuildVerb object at 0x7f434aaefc70>, main=<bound method BuildVerb.main of <colcon_core.verb.build.BuildVerb object at 0x7f434aaefc70>>)
[1.721s] Level 1:colcon.colcon_core.package_discovery:discover_packages(colcon_meta) check parameters
[1.721s] Level 1:colcon.colcon_core.package_discovery:discover_packages(recursive) check parameters
[1.722s] Level 1:colcon.colcon_core.package_discovery:discover_packages(ignore) check parameters
[1.722s] Level 1:colcon.colcon_core.package_discovery:discover_packages(path) check parameters
[1.722s] Level 1:colcon.colcon_core.package_discovery:discover_packages(colcon_meta) discover
[1.722s] Level 1:colcon.colcon_core.package_discovery:discover_packages(recursive) discover
[1.723s] INFO:colcon.colcon_core.package_discovery:Crawling recursively for packages in '/home/levi/tut_interface'
[1.723s] Level 1:colcon.colcon_core.package_identification:_identify(.) by extensions ['ignore', 'ignore_ament_install']
[1.724s] Level 1:colcon.colcon_core.package_identification:_identify(.) by extension 'ignore'
[1.725s] Level 1:colcon.colcon_core.package_identification:_identify(.) by extension 'ignore_ament_install'
[1.725s] Level 1:colcon.colcon_core.package_identification:_identify(.) by extensions ['colcon_pkg']
[1.725s] Level 1:colcon.colcon_core.package_identification:_identify(.) by extension 'colcon_pkg'
[1.726s] Level 1:colcon.colcon_core.package_identification:_identify(.) by extensions ['colcon_meta']
[1.726s] Level 1:colcon.colcon_core.package_identification:_identify(.) by extension 'colcon_meta'
[1.726s] Level 1:colcon.colcon_core.package_identification:_identify(.) by extensions ['ros']
[1.726s] Level 1:colcon.colcon_core.package_identification:_identify(.) by extension 'ros'
[1.783s] Level 1:colcon.colcon_core.package_identification:_identify(.) by extensions ['cmake', 'python']
[1.783s] Level 1:colcon.colcon_core.package_identification:_identify(.) by extension 'cmake'
[1.783s] Level 1:colcon.colcon_core.package_identification:_identify(.) by extension 'python'
[1.783s] Level 1:colcon.colcon_core.package_identification:_identify(.) by extensions ['python_setup_py']
[1.783s] Level 1:colcon.colcon_core.package_identification:_identify(.) by extension 'python_setup_py'
[1.784s] Level 1:colcon.colcon_core.package_identification:_identify(build) by extensions ['ignore', 'ignore_ament_install']
[1.784s] Level 1:colcon.colcon_core.package_identification:_identify(build) by extension 'ignore'
[1.784s] Level 1:colcon.colcon_core.package_identification:_identify(build) ignored
[1.785s] Level 1:colcon.colcon_core.package_identification:_identify(install) by extensions ['ignore', 'ignore_ament_install']
[1.785s] Level 1:colcon.colcon_core.package_identification:_identify(install) by extension 'ignore'
[1.785s] Level 1:colcon.colcon_core.package_identification:_identify(install) ignored
[1.786s] Level 1:colcon.colcon_core.package_identification:_identify(log) by extensions ['ignore', 'ignore_ament_install']
[1.786s] Level 1:colcon.colcon_core.package_identification:_identify(log) by extension 'ignore'
[1.786s] Level 1:colcon.colcon_core.package_identification:_identify(log) ignored
[1.786s] Level 1:colcon.colcon_core.package_identification:_identify(src) by extensions ['ignore', 'ignore_ament_install']
[1.786s] Level 1:colcon.colcon_core.package_identification:_identify(src) by extension 'ignore'
[1.787s] Level 1:colcon.colcon_core.package_identification:_identify(src) by extension 'ignore_ament_install'
[1.787s] Level 1:colcon.colcon_core.package_identification:_identify(src) by extensions ['colcon_pkg']
[1.787s] Level 1:colcon.colcon_core.package_identification:_identify(src) by extension 'colcon_pkg'
[1.787s] Level 1:colcon.colcon_core.package_identification:_identify(src) by extensions ['colcon_meta']
[1.787s] Level 1:colcon.colcon_core.package_identification:_identify(src) by extension 'colcon_meta'
[1.787s] Level 1:colcon.colcon_core.package_identification:_identify(src) by extensions ['ros']
[1.787s] Level 1:colcon.colcon_core.package_identification:_identify(src) by extension 'ros'
[1.788s] Level 1:colcon.colcon_core.package_identification:_identify(src) by extensions ['cmake', 'python']
[1.788s] Level 1:colcon.colcon_core.package_identification:_identify(src) by extension 'cmake'
[1.788s] Level 1:colcon.colcon_core.package_identification:_identify(src) by extension 'python'
[1.788s] Level 1:colcon.colcon_core.package_identification:_identify(src) by extensions ['python_setup_py']
[1.788s] Level 1:colcon.colcon_core.package_identification:_identify(src) by extension 'python_setup_py'
[1.789s] Level 1:colcon.colcon_core.package_identification:_identify(src/base_interfaces_demo) by extensions ['ignore', 'ignore_ament_install']
[1.789s] Level 1:colcon.colcon_core.package_identification:_identify(src/base_interfaces_demo) by extension 'ignore'
[1.789s] Level 1:colcon.colcon_core.package_identification:_identify(src/base_interfaces_demo) by extension 'ignore_ament_install'
[1.789s] Level 1:colcon.colcon_core.package_identification:_identify(src/base_interfaces_demo) by extensions ['colcon_pkg']
[1.789s] Level 1:colcon.colcon_core.package_identification:_identify(src/base_interfaces_demo) by extension 'colcon_pkg'
[1.789s] Level 1:colcon.colcon_core.package_identification:_identify(src/base_interfaces_demo) by extensions ['colcon_meta']
[1.790s] Level 1:colcon.colcon_core.package_identification:_identify(src/base_interfaces_demo) by extension 'colcon_meta'
[1.790s] Level 1:colcon.colcon_core.package_identification:_identify(src/base_interfaces_demo) by extensions ['ros']
[1.790s] Level 1:colcon.colcon_core.package_identification:_identify(src/base_interfaces_demo) by extension 'ros'
[1.795s] DEBUG:colcon.colcon_core.package_identification:Package 'src/base_interfaces_demo' with type 'ros.ament_cmake' and name 'base_interfaces_demo'
[1.795s] Level 1:colcon.colcon_core.package_identification:_identify(src/cpp01_topic) by extensions ['ignore', 'ignore_ament_install']
[1.795s] Level 1:colcon.colcon_core.package_identification:_identify(src/cpp01_topic) by extension 'ignore'
[1.795s] Level 1:colcon.colcon_core.package_identification:_identify(src/cpp01_topic) by extension 'ignore_ament_install'
[1.796s] Level 1:colcon.colcon_core.package_identification:_identify(src/cpp01_topic) by extensions ['colcon_pkg']
[1.796s] Level 1:colcon.colcon_core.package_identification:_identify(src/cpp01_topic) by extension 'colcon_pkg'
[1.796s] Level 1:colcon.colcon_core.package_identification:_identify(src/cpp01_topic) by extensions ['colcon_meta']
[1.796s] Level 1:colcon.colcon_core.package_identification:_identify(src/cpp01_topic) by extension 'colcon_meta'
[1.796s] Level 1:colcon.colcon_core.package_identification:_identify(src/cpp01_topic) by extensions ['ros']
[1.796s] Level 1:colcon.colcon_core.package_identification:_identify(src/cpp01_topic) by extension 'ros'
[1.798s] DEBUG:colcon.colcon_core.package_identification:Package 'src/cpp01_topic' with type 'ros.ament_cmake' and name 'cpp01_topic'
[1.798s] Level 1:colcon.colcon_core.package_identification:_identify(src/cpp02_srv) by extensions ['ignore', 'ignore_ament_install']
[1.798s] Level 1:colcon.colcon_core.package_identification:_identify(src/cpp02_srv) by extension 'ignore'
[1.798s] Level 1:colcon.colcon_core.package_identification:_identify(src/cpp02_srv) by extension 'ignore_ament_install'
[1.798s] Level 1:colcon.colcon_core.package_identification:_identify(src/cpp02_srv) by extensions ['colcon_pkg']
[1.799s] Level 1:colcon.colcon_core.package_identification:_identify(src/cpp02_srv) by extension 'colcon_pkg'
[1.799s] Level 1:colcon.colcon_core.package_identification:_identify(src/cpp02_srv) by extensions ['colcon_meta']
[1.799s] Level 1:colcon.colcon_core.package_identification:_identify(src/cpp02_srv) by extension 'colcon_meta'
[1.799s] Level 1:colcon.colcon_core.package_identification:_identify(src/cpp02_srv) by extensions ['ros']
[1.799s] Level 1:colcon.colcon_core.package_identification:_identify(src/cpp02_srv) by extension 'ros'
[1.801s] DEBUG:colcon.colcon_core.package_identification:Package 'src/cpp02_srv' with type 'ros.ament_cmake' and name 'cpp02_srv'
[1.801s] Level 1:colcon.colcon_core.package_identification:_identify(src/cpp03_action) by extensions ['ignore', 'ignore_ament_install']
[1.801s] Level 1:colcon.colcon_core.package_identification:_identify(src/cpp03_action) by extension 'ignore'
[1.801s] Level 1:colcon.colcon_core.package_identification:_identify(src/cpp03_action) by extension 'ignore_ament_install'
[1.802s] Level 1:colcon.colcon_core.package_identification:_identify(src/cpp03_action) by extensions ['colcon_pkg']
[1.802s] Level 1:colcon.colcon_core.package_identification:_identify(src/cpp03_action) by extension 'colcon_pkg'
[1.802s] Level 1:colcon.colcon_core.package_identification:_identify(src/cpp03_action) by extensions ['colcon_meta']
[1.802s] Level 1:colcon.colcon_core.package_identification:_identify(src/cpp03_action) by extension 'colcon_meta'
[1.802s] Level 1:colcon.colcon_core.package_identification:_identify(src/cpp03_action) by extensions ['ros']
[1.802s] Level 1:colcon.colcon_core.package_identification:_identify(src/cpp03_action) by extension 'ros'
[1.804s] DEBUG:colcon.colcon_core.package_identification:Package 'src/cpp03_action' with type 'ros.ament_cmake' and name 'cpp03_action'
[1.804s] Level 1:colcon.colcon_core.package_identification:_identify(src/cpp04_param) by extensions ['ignore', 'ignore_ament_install']
[1.804s] Level 1:colcon.colcon_core.package_identification:_identify(src/cpp04_param) by extension 'ignore'
[1.805s] Level 1:colcon.colcon_core.package_identification:_identify(src/cpp04_param) by extension 'ignore_ament_install'
[1.805s] Level 1:colcon.colcon_core.package_identification:_identify(src/cpp04_param) by extensions ['colcon_pkg']
[1.805s] Level 1:colcon.colcon_core.package_identification:_identify(src/cpp04_param) by extension 'colcon_pkg'
[1.805s] Level 1:colcon.colcon_core.package_identification:_identify(src/cpp04_param) by extensions ['colcon_meta']
[1.805s] Level 1:colcon.colcon_core.package_identification:_identify(src/cpp04_param) by extension 'colcon_meta'
[1.805s] Level 1:colcon.colcon_core.package_identification:_identify(src/cpp04_param) by extensions ['ros']
[1.805s] Level 1:colcon.colcon_core.package_identification:_identify(src/cpp04_param) by extension 'ros'
[1.807s] DEBUG:colcon.colcon_core.package_identification:Package 'src/cpp04_param' with type 'ros.ament_cmake' and name 'cpp04_param'
[1.807s] Level 1:colcon.colcon_core.package_identification:_identify(src/cpp05_time) by extensions ['ignore', 'ignore_ament_install']
[1.807s] Level 1:colcon.colcon_core.package_identification:_identify(src/cpp05_time) by extension 'ignore'
[1.808s] Level 1:colcon.colcon_core.package_identification:_identify(src/cpp05_time) by extension 'ignore_ament_install'
[1.808s] Level 1:colcon.colcon_core.package_identification:_identify(src/cpp05_time) by extensions ['colcon_pkg']
[1.808s] Level 1:colcon.colcon_core.package_identification:_identify(src/cpp05_time) by extension 'colcon_pkg'
[1.808s] Level 1:colcon.colcon_core.package_identification:_identify(src/cpp05_time) by extensions ['colcon_meta']
[1.808s] Level 1:colcon.colcon_core.package_identification:_identify(src/cpp05_time) by extension 'colcon_meta'
[1.808s] Level 1:colcon.colcon_core.package_identification:_identify(src/cpp05_time) by extensions ['ros']
[1.809s] Level 1:colcon.colcon_core.package_identification:_identify(src/cpp05_time) by extension 'ros'
[1.811s] DEBUG:colcon.colcon_core.package_identification:Package 'src/cpp05_time' with type 'ros.ament_cmake' and name 'cpp05_time'
[1.812s] Level 1:colcon.colcon_core.package_identification:_identify(src/cpp07_exercise) by extensions ['ignore', 'ignore_ament_install']
[1.812s] Level 1:colcon.colcon_core.package_identification:_identify(src/cpp07_exercise) by extension 'ignore'
[1.812s] Level 1:colcon.colcon_core.package_identification:_identify(src/cpp07_exercise) by extension 'ignore_ament_install'
[1.813s] Level 1:colcon.colcon_core.package_identification:_identify(src/cpp07_exercise) by extensions ['colcon_pkg']
[1.813s] Level 1:colcon.colcon_core.package_identification:_identify(src/cpp07_exercise) by extension 'colcon_pkg'
[1.813s] Level 1:colcon.colcon_core.package_identification:_identify(src/cpp07_exercise) by extensions ['colcon_meta']
[1.813s] Level 1:colcon.colcon_core.package_identification:_identify(src/cpp07_exercise) by extension 'colcon_meta'
[1.814s] Level 1:colcon.colcon_core.package_identification:_identify(src/cpp07_exercise) by extensions ['ros']
[1.814s] Level 1:colcon.colcon_core.package_identification:_identify(src/cpp07_exercise) by extension 'ros'
[1.817s] DEBUG:colcon.colcon_core.package_identification:Package 'src/cpp07_exercise' with type 'ros.ament_cmake' and name 'cpp07_exercise'
[1.818s] Level 1:colcon.colcon_core.package_identification:_identify(src/meta_pkg) by extensions ['ignore', 'ignore_ament_install']
[1.818s] Level 1:colcon.colcon_core.package_identification:_identify(src/meta_pkg) by extension 'ignore'
[1.818s] Level 1:colcon.colcon_core.package_identification:_identify(src/meta_pkg) by extension 'ignore_ament_install'
[1.819s] Level 1:colcon.colcon_core.package_identification:_identify(src/meta_pkg) by extensions ['colcon_pkg']
[1.819s] Level 1:colcon.colcon_core.package_identification:_identify(src/meta_pkg) by extension 'colcon_pkg'
[1.820s] Level 1:colcon.colcon_core.package_identification:_identify(src/meta_pkg) by extensions ['colcon_meta']
[1.820s] Level 1:colcon.colcon_core.package_identification:_identify(src/meta_pkg) by extension 'colcon_meta'
[1.820s] Level 1:colcon.colcon_core.package_identification:_identify(src/meta_pkg) by extensions ['ros']
[1.821s] Level 1:colcon.colcon_core.package_identification:_identify(src/meta_pkg) by extension 'ros'
[1.822s] DEBUG:colcon.colcon_core.package_identification:Package 'src/meta_pkg' with type 'ros.ament_cmake' and name 'meta_pkg'
[1.823s] Level 1:colcon.colcon_core.package_identification:_identify(src/topic_test) by extensions ['ignore', 'ignore_ament_install']
[1.823s] Level 1:colcon.colcon_core.package_identification:_identify(src/topic_test) by extension 'ignore'
[1.824s] Level 1:colcon.colcon_core.package_identification:_identify(src/topic_test) by extension 'ignore_ament_install'
[1.824s] Level 1:colcon.colcon_core.package_identification:_identify(src/topic_test) by extensions ['colcon_pkg']
[1.824s] Level 1:colcon.colcon_core.package_identification:_identify(src/topic_test) by extension 'colcon_pkg'
[1.824s] Level 1:colcon.colcon_core.package_identification:_identify(src/topic_test) by extensions ['colcon_meta']
[1.824s] Level 1:colcon.colcon_core.package_identification:_identify(src/topic_test) by extension 'colcon_meta'
[1.824s] Level 1:colcon.colcon_core.package_identification:_identify(src/topic_test) by extensions ['ros']
[1.825s] Level 1:colcon.colcon_core.package_identification:_identify(src/topic_test) by extension 'ros'
[1.826s] DEBUG:colcon.colcon_core.package_identification:Package 'src/topic_test' with type 'ros.ament_cmake' and name 'topic_test'
[1.826s] Level 1:colcon.colcon_core.package_discovery:discover_packages(recursive) using defaults
[1.827s] Level 1:colcon.colcon_core.package_discovery:discover_packages(ignore) discover
[1.827s] Level 1:colcon.colcon_core.package_discovery:discover_packages(ignore) using defaults
[1.827s] Level 1:colcon.colcon_core.package_discovery:discover_packages(path) discover
[1.827s] Level 1:colcon.colcon_core.package_discovery:discover_packages(path) using defaults
[1.893s] INFO:colcon.colcon_core.package_selection:Skipping not selected package 'base_interfaces_demo' in 'src/base_interfaces_demo'
[1.893s] INFO:colcon.colcon_core.package_selection:Skipping not selected package 'cpp04_param' in 'src/cpp04_param'
[1.893s] INFO:colcon.colcon_core.package_selection:Skipping not selected package 'cpp05_time' in 'src/cpp05_time'
[1.893s] INFO:colcon.colcon_core.package_selection:Skipping not selected package 'topic_test' in 'src/topic_test'
[1.893s] INFO:colcon.colcon_core.package_selection:Skipping not selected package 'cpp01_topic' in 'src/cpp01_topic'
[1.893s] INFO:colcon.colcon_core.package_selection:Skipping not selected package 'cpp02_srv' in 'src/cpp02_srv'
[1.893s] INFO:colcon.colcon_core.package_selection:Skipping not selected package 'cpp03_action' in 'src/cpp03_action'
[1.893s] INFO:colcon.colcon_core.package_selection:Skipping not selected package 'meta_pkg' in 'src/meta_pkg'
[1.895s] Level 1:colcon.colcon_core.package_discovery:discover_packages(prefix_path) check parameters
[1.896s] Level 1:colcon.colcon_core.package_discovery:discover_packages(prefix_path) discover
[1.909s] DEBUG:colcon.colcon_installed_package_information.package_discovery:Found 9 installed packages in /home/levi/tut_interface/install
[1.926s] DEBUG:colcon.colcon_installed_package_information.package_discovery:Found 283 installed packages in /opt/ros/humble
[1.934s] Level 1:colcon.colcon_core.package_discovery:discover_packages(prefix_path) using defaults
[2.183s] Level 5:colcon.colcon_core.verb:set package 'cpp07_exercise' build argument 'cmake_args' from command line to 'None'
[2.184s] Level 5:colcon.colcon_core.verb:set package 'cpp07_exercise' build argument 'cmake_target' from command line to 'None'
[2.184s] Level 5:colcon.colcon_core.verb:set package 'cpp07_exercise' build argument 'cmake_target_skip_unavailable' from command line to 'False'
[2.184s] Level 5:colcon.colcon_core.verb:set package 'cpp07_exercise' build argument 'cmake_clean_cache' from command line to 'False'
[2.184s] Level 5:colcon.colcon_core.verb:set package 'cpp07_exercise' build argument 'cmake_clean_first' from command line to 'False'
[2.184s] Level 5:colcon.colcon_core.verb:set package 'cpp07_exercise' build argument 'cmake_force_configure' from command line to 'False'
[2.184s] Level 5:colcon.colcon_core.verb:set package 'cpp07_exercise' build argument 'ament_cmake_args' from command line to 'None'
[2.184s] Level 5:colcon.colcon_core.verb:set package 'cpp07_exercise' build argument 'catkin_cmake_args' from command line to 'None'
[2.184s] Level 5:colcon.colcon_core.verb:set package 'cpp07_exercise' build argument 'catkin_skip_building_tests' from command line to 'False'
[2.184s] DEBUG:colcon.colcon_core.verb:Building package 'cpp07_exercise' with the following arguments: {'ament_cmake_args': None, 'build_base': '/home/levi/tut_interface/build/cpp07_exercise', 'catkin_cmake_args': None, 'catkin_skip_building_tests': False, 'cmake_args': None, 'cmake_clean_cache': False, 'cmake_clean_first': False, 'cmake_force_configure': False, 'cmake_target': None, 'cmake_target_skip_unavailable': False, 'install_base': '/home/levi/tut_interface/install/cpp07_exercise', 'merge_install': False, 'path': '/home/levi/tut_interface/src/cpp07_exercise', 'symlink_install': False, 'test_result_base': None}
[2.185s] INFO:colcon.colcon_core.executor:Executing jobs using 'parallel' executor
[2.193s] DEBUG:colcon.colcon_parallel_executor.executor.parallel:run_until_complete
[2.194s] INFO:colcon.colcon_ros.task.ament_cmake.build:Building ROS package in '/home/levi/tut_interface/src/cpp07_exercise' with build type 'ament_cmake'
[2.194s] INFO:colcon.colcon_cmake.task.cmake.build:Building CMake package in '/home/levi/tut_interface/src/cpp07_exercise'
[2.220s] INFO:colcon.colcon_core.plugin_system:Skipping extension 'colcon_core.shell.bat': Not used on non-Windows systems
[2.221s] INFO:colcon.colcon_core.shell:Skip shell extension 'powershell' for command environment: Not usable outside of PowerShell
[2.221s] DEBUG:colcon.colcon_core.shell:Skip shell extension 'dsv' for command environment
[2.315s] DEBUG:colcon.colcon_core.event_handler.log_command:Invoking command in '/home/levi/tut_interface/build/cpp07_exercise': CMAKE_PREFIX_PATH=/home/levi/tut_interface/install/base_interfaces_demo:/home/levi/tut_interface/install/topic_test:/home/levi/tut_interface/install/meta_pkg:/home/levi/tut_interface/install/cpp07_exercise:/home/levi/tut_interface/install/cpp05_time:/home/levi/tut_interface/install/cpp04_param:/home/levi/tut_interface/install/cpp03_action:/home/levi/tut_interface/install/cpp02_srv:/home/levi/tut_interface/install/cpp01_topic:/opt/ros/humble /usr/bin/cmake --build /home/levi/tut_interface/build/cpp07_exercise -- -j6 -l6
[2.829s] DEBUG:colcon.colcon_core.event_handler.log_command:Invoked command in '/home/levi/tut_interface/build/cpp07_exercise' returned '0': CMAKE_PREFIX_PATH=/home/levi/tut_interface/install/base_interfaces_demo:/home/levi/tut_interface/install/topic_test:/home/levi/tut_interface/install/meta_pkg:/home/levi/tut_interface/install/cpp07_exercise:/home/levi/tut_interface/install/cpp05_time:/home/levi/tut_interface/install/cpp04_param:/home/levi/tut_interface/install/cpp03_action:/home/levi/tut_interface/install/cpp02_srv:/home/levi/tut_interface/install/cpp01_topic:/opt/ros/humble /usr/bin/cmake --build /home/levi/tut_interface/build/cpp07_exercise -- -j6 -l6
[3.244s] DEBUG:colcon.colcon_core.event_handler.log_command:Invoking command in '/home/levi/tut_interface/build/cpp07_exercise': CMAKE_PREFIX_PATH=/home/levi/tut_interface/install/base_interfaces_demo:/home/levi/tut_interface/install/topic_test:/home/levi/tut_interface/install/meta_pkg:/home/levi/tut_interface/install/cpp07_exercise:/home/levi/tut_interface/install/cpp05_time:/home/levi/tut_interface/install/cpp04_param:/home/levi/tut_interface/install/cpp03_action:/home/levi/tut_interface/install/cpp02_srv:/home/levi/tut_interface/install/cpp01_topic:/opt/ros/humble /usr/bin/cmake --install /home/levi/tut_interface/build/cpp07_exercise
[3.326s] Level 1:colcon.colcon_core.environment:create_environment_scripts_only(cpp07_exercise)
[3.328s] DEBUG:colcon.colcon_core.event_handler.log_command:Invoked command in '/home/levi/tut_interface/build/cpp07_exercise' returned '0': CMAKE_PREFIX_PATH=/home/levi/tut_interface/install/base_interfaces_demo:/home/levi/tut_interface/install/topic_test:/home/levi/tut_interface/install/meta_pkg:/home/levi/tut_interface/install/cpp07_exercise:/home/levi/tut_interface/install/cpp05_time:/home/levi/tut_interface/install/cpp04_param:/home/levi/tut_interface/install/cpp03_action:/home/levi/tut_interface/install/cpp02_srv:/home/levi/tut_interface/install/cpp01_topic:/opt/ros/humble /usr/bin/cmake --install /home/levi/tut_interface/build/cpp07_exercise
[3.349s] Level 1:colcon.colcon_core.environment:checking '/home/levi/tut_interface/install/cpp07_exercise' for CMake module files
[3.353s] Level 1:colcon.colcon_core.environment:checking '/home/levi/tut_interface/install/cpp07_exercise' for CMake config files
[3.359s] Level 1:colcon.colcon_core.shell:create_environment_hook('cpp07_exercise', 'cmake_prefix_path')
[3.362s] INFO:colcon.colcon_core.shell:Creating environment hook '/home/levi/tut_interface/install/cpp07_exercise/share/cpp07_exercise/hook/cmake_prefix_path.ps1'
[3.365s] INFO:colcon.colcon_core.shell:Creating environment descriptor '/home/levi/tut_interface/install/cpp07_exercise/share/cpp07_exercise/hook/cmake_prefix_path.dsv'
[3.368s] INFO:colcon.colcon_core.shell:Creating environment hook '/home/levi/tut_interface/install/cpp07_exercise/share/cpp07_exercise/hook/cmake_prefix_path.sh'
[3.372s] Level 1:colcon.colcon_core.environment:checking '/home/levi/tut_interface/install/cpp07_exercise/lib'
[3.373s] Level 1:colcon.colcon_core.environment:checking '/home/levi/tut_interface/install/cpp07_exercise/bin'
[3.374s] Level 1:colcon.colcon_core.environment:checking '/home/levi/tut_interface/install/cpp07_exercise/lib/pkgconfig/cpp07_exercise.pc'
[3.375s] Level 1:colcon.colcon_core.environment:checking '/home/levi/tut_interface/install/cpp07_exercise/lib/python3.10/site-packages'
[3.376s] Level 1:colcon.colcon_core.environment:checking '/home/levi/tut_interface/install/cpp07_exercise/bin'
[3.380s] INFO:colcon.colcon_core.shell:Creating package script '/home/levi/tut_interface/install/cpp07_exercise/share/cpp07_exercise/package.ps1'
[3.384s] INFO:colcon.colcon_core.shell:Creating package descriptor '/home/levi/tut_interface/install/cpp07_exercise/share/cpp07_exercise/package.dsv'
[3.386s] INFO:colcon.colcon_core.shell:Creating package script '/home/levi/tut_interface/install/cpp07_exercise/share/cpp07_exercise/package.sh'
[3.389s] INFO:colcon.colcon_core.shell:Creating package script '/home/levi/tut_interface/install/cpp07_exercise/share/cpp07_exercise/package.bash'
[3.392s] INFO:colcon.colcon_core.shell:Creating package script '/home/levi/tut_interface/install/cpp07_exercise/share/cpp07_exercise/package.zsh'
[3.394s] Level 1:colcon.colcon_core.environment:create_file_with_runtime_dependencies(/home/levi/tut_interface/install/cpp07_exercise/share/colcon-core/packages/cpp07_exercise)
[3.750s] Level 1:colcon.colcon_core.environment:create_environment_scripts_only(cpp07_exercise)
[3.753s] Level 1:colcon.colcon_core.environment:checking '/home/levi/tut_interface/install/cpp07_exercise' for CMake module files
[3.757s] Level 1:colcon.colcon_core.environment:checking '/home/levi/tut_interface/install/cpp07_exercise' for CMake config files
[3.761s] Level 1:colcon.colcon_core.shell:create_environment_hook('cpp07_exercise', 'cmake_prefix_path')
[3.765s] INFO:colcon.colcon_core.shell:Creating environment hook '/home/levi/tut_interface/install/cpp07_exercise/share/cpp07_exercise/hook/cmake_prefix_path.ps1'
[3.767s] INFO:colcon.colcon_core.shell:Creating environment descriptor '/home/levi/tut_interface/install/cpp07_exercise/share/cpp07_exercise/hook/cmake_prefix_path.dsv'
[3.769s] INFO:colcon.colcon_core.shell:Creating environment hook '/home/levi/tut_interface/install/cpp07_exercise/share/cpp07_exercise/hook/cmake_prefix_path.sh'
[3.771s] Level 1:colcon.colcon_core.environment:checking '/home/levi/tut_interface/install/cpp07_exercise/lib'
[3.771s] Level 1:colcon.colcon_core.environment:checking '/home/levi/tut_interface/install/cpp07_exercise/bin'
[3.772s] Level 1:colcon.colcon_core.environment:checking '/home/levi/tut_interface/install/cpp07_exercise/lib/pkgconfig/cpp07_exercise.pc'
[3.772s] Level 1:colcon.colcon_core.environment:checking '/home/levi/tut_interface/install/cpp07_exercise/lib/python3.10/site-packages'
[3.773s] Level 1:colcon.colcon_core.environment:checking '/home/levi/tut_interface/install/cpp07_exercise/bin'
[3.774s] INFO:colcon.colcon_core.shell:Creating package script '/home/levi/tut_interface/install/cpp07_exercise/share/cpp07_exercise/package.ps1'
[3.776s] INFO:colcon.colcon_core.shell:Creating package descriptor '/home/levi/tut_interface/install/cpp07_exercise/share/cpp07_exercise/package.dsv'
[3.777s] INFO:colcon.colcon_core.shell:Creating package script '/home/levi/tut_interface/install/cpp07_exercise/share/cpp07_exercise/package.sh'
[3.778s] INFO:colcon.colcon_core.shell:Creating package script '/home/levi/tut_interface/install/cpp07_exercise/share/cpp07_exercise/package.bash'
[3.779s] INFO:colcon.colcon_core.shell:Creating package script '/home/levi/tut_interface/install/cpp07_exercise/share/cpp07_exercise/package.zsh'
[3.781s] Level 1:colcon.colcon_core.environment:create_file_with_runtime_dependencies(/home/levi/tut_interface/install/cpp07_exercise/share/colcon-core/packages/cpp07_exercise)
[3.784s] DEBUG:colcon.colcon_parallel_executor.executor.parallel:closing loop
[3.787s] DEBUG:colcon.colcon_parallel_executor.executor.parallel:loop closed
[3.788s] DEBUG:colcon.colcon_parallel_executor.executor.parallel:run_until_complete finished with '0'
[3.788s] DEBUG:colcon.colcon_core.event_reactor:joining thread
[3.813s] INFO:colcon.colcon_core.plugin_system:Skipping extension 'colcon_notification.desktop_notification.terminal_notifier': Not used on non-Darwin systems
[3.813s] INFO:colcon.colcon_core.plugin_system:Skipping extension 'colcon_notification.desktop_notification.win32': Not used on non-Windows systems
[3.813s] INFO:colcon.colcon_notification.desktop_notification:Sending desktop notification using 'notify2'
[3.891s] DEBUG:colcon.colcon_core.event_reactor:joined thread
[3.895s] INFO:colcon.colcon_core.shell:Creating prefix script '/home/levi/tut_interface/install/local_setup.ps1'
[3.897s] INFO:colcon.colcon_core.shell:Creating prefix util module '/home/levi/tut_interface/install/_local_setup_util_ps1.py'
[3.902s] INFO:colcon.colcon_core.shell:Creating prefix chain script '/home/levi/tut_interface/install/setup.ps1'
[3.914s] INFO:colcon.colcon_core.shell:Creating prefix script '/home/levi/tut_interface/install/local_setup.sh'
[3.917s] INFO:colcon.colcon_core.shell:Creating prefix util module '/home/levi/tut_interface/install/_local_setup_util_sh.py'
[3.919s] INFO:colcon.colcon_core.shell:Creating prefix chain script '/home/levi/tut_interface/install/setup.sh'
[3.928s] INFO:colcon.colcon_core.shell:Creating prefix script '/home/levi/tut_interface/install/local_setup.bash'
[3.931s] INFO:colcon.colcon_core.shell:Creating prefix chain script '/home/levi/tut_interface/install/setup.bash'
[3.939s] INFO:colcon.colcon_core.shell:Creating prefix script '/home/levi/tut_interface/install/local_setup.zsh'
[3.942s] INFO:colcon.colcon_core.shell:Creating prefix chain script '/home/levi/tut_interface/install/setup.zsh'
