[0.108s] Invoking command in '/home/levi/tut_interface/build/cpp03_action': CMAKE_PREFIX_PATH=/home/levi/tut_interface/install/base_interfaces_demo:/home/levi/tut_interface/install/cpp03_action:/home/levi/tut_interface/install/cpp02_srv:/home/levi/tut_interface/install/cpp01_topic:/home/levi/tut_helloworld/install/helloworld_vscode_pkg:/home/levi/tut_helloworld/install/cpp_helloworld:/opt/ros/humble /usr/bin/cmake --build /home/levi/tut_interface/build/cpp03_action -- -j6 -l6
[0.519s] [35m[1mConsolidate compiler generated dependencies of target demo02_action_client[0m
[0.618s] [ 50%] Built target demo01_action_server
[0.712s] [ 75%] [32mBuilding CXX object CMakeFiles/demo02_action_client.dir/src/demo02_action_client.cpp.o[0m
[18.340s] [100%] [32m[1mLinking CXX executable demo02_action_client[0m
[19.447s] [100%] Built target demo02_action_client
[19.539s] Invoked command in '/home/levi/tut_interface/build/cpp03_action' returned '0': CMAKE_PREFIX_PATH=/home/levi/tut_interface/install/base_interfaces_demo:/home/levi/tut_interface/install/cpp03_action:/home/levi/tut_interface/install/cpp02_srv:/home/levi/tut_interface/install/cpp01_topic:/home/levi/tut_helloworld/install/helloworld_vscode_pkg:/home/levi/tut_helloworld/install/cpp_helloworld:/opt/ros/humble /usr/bin/cmake --build /home/levi/tut_interface/build/cpp03_action -- -j6 -l6
[19.960s] Invoking command in '/home/levi/tut_interface/build/cpp03_action': CMAKE_PREFIX_PATH=/home/levi/tut_interface/install/base_interfaces_demo:/home/levi/tut_interface/install/cpp03_action:/home/levi/tut_interface/install/cpp02_srv:/home/levi/tut_interface/install/cpp01_topic:/home/levi/tut_helloworld/install/helloworld_vscode_pkg:/home/levi/tut_helloworld/install/cpp_helloworld:/opt/ros/humble /usr/bin/cmake --install /home/levi/tut_interface/build/cpp03_action
[20.016s] -- Install configuration: ""
[20.022s] -- Up-to-date: /home/levi/tut_interface/install/cpp03_action/lib/cpp03_action/demo01_action_server
[20.029s] -- Installing: /home/levi/tut_interface/install/cpp03_action/lib/cpp03_action/demo02_action_client
[20.053s] -- Set runtime path of "/home/levi/tut_interface/install/cpp03_action/lib/cpp03_action/demo02_action_client" to ""
[20.053s] -- Up-to-date: /home/levi/tut_interface/install/cpp03_action/share/ament_index/resource_index/package_run_dependencies/cpp03_action
[20.060s] -- Up-to-date: /home/levi/tut_interface/install/cpp03_action/share/ament_index/resource_index/parent_prefix_path/cpp03_action
[20.060s] -- Up-to-date: /home/levi/tut_interface/install/cpp03_action/share/cpp03_action/environment/ament_prefix_path.sh
[20.060s] -- Up-to-date: /home/levi/tut_interface/install/cpp03_action/share/cpp03_action/environment/ament_prefix_path.dsv
[20.060s] -- Up-to-date: /home/levi/tut_interface/install/cpp03_action/share/cpp03_action/environment/path.sh
[20.061s] -- Up-to-date: /home/levi/tut_interface/install/cpp03_action/share/cpp03_action/environment/path.dsv
[20.061s] -- Up-to-date: /home/levi/tut_interface/install/cpp03_action/share/cpp03_action/local_setup.bash
[20.061s] -- Up-to-date: /home/levi/tut_interface/install/cpp03_action/share/cpp03_action/local_setup.sh
[20.062s] -- Up-to-date: /home/levi/tut_interface/install/cpp03_action/share/cpp03_action/local_setup.zsh
[20.063s] -- Up-to-date: /home/levi/tut_interface/install/cpp03_action/share/cpp03_action/local_setup.dsv
[20.065s] -- Installing: /home/levi/tut_interface/install/cpp03_action/share/cpp03_action/package.dsv
[20.065s] -- Up-to-date: /home/levi/tut_interface/install/cpp03_action/share/ament_index/resource_index/packages/cpp03_action
[20.066s] -- Up-to-date: /home/levi/tut_interface/install/cpp03_action/share/cpp03_action/cmake/cpp03_actionConfig.cmake
[20.066s] -- Up-to-date: /home/levi/tut_interface/install/cpp03_action/share/cpp03_action/cmake/cpp03_actionConfig-version.cmake
[20.067s] -- Up-to-date: /home/levi/tut_interface/install/cpp03_action/share/cpp03_action/package.xml
[20.073s] Invoked command in '/home/levi/tut_interface/build/cpp03_action' returned '0': CMAKE_PREFIX_PATH=/home/levi/tut_interface/install/base_interfaces_demo:/home/levi/tut_interface/install/cpp03_action:/home/levi/tut_interface/install/cpp02_srv:/home/levi/tut_interface/install/cpp01_topic:/home/levi/tut_helloworld/install/helloworld_vscode_pkg:/home/levi/tut_helloworld/install/cpp_helloworld:/opt/ros/humble /usr/bin/cmake --install /home/levi/tut_interface/build/cpp03_action
