[0.100s] Invoking command in '/home/levi/tut_interface/build/cpp04_param': CMAKE_PREFIX_PATH=${CMAKE_PREFIX_PATH}:/opt/ros/humble /usr/bin/cmake --build /home/levi/tut_interface/build/cpp04_param -- -j6 -l6
[0.332s] [35m[1mConsolidate compiler generated dependencies of target demo01_param_server[0m
[0.524s] [ 33%] Built target demo02_param_client
[0.530s] [ 66%] Built target demo00_param
[0.540s] [ 83%] [32mBuilding CXX object CMakeFiles/demo01_param_server.dir/src/demo01_param_server.cpp.o[0m
[12.307s] [100%] [32m[1mLinking CXX executable demo01_param_server[0m
[13.090s] [100%] Built target demo01_param_server
[13.171s] Invoked command in '/home/levi/tut_interface/build/cpp04_param' returned '0': CMAKE_PREFIX_PATH=${CMAKE_PREFIX_PATH}:/opt/ros/humble /usr/bin/cmake --build /home/levi/tut_interface/build/cpp04_param -- -j6 -l6
[13.641s] Invoking command in '/home/levi/tut_interface/build/cpp04_param': CMAKE_PREFIX_PATH=${CMAKE_PREFIX_PATH}:/opt/ros/humble /usr/bin/cmake --install /home/levi/tut_interface/build/cpp04_param
[13.710s] -- Install configuration: ""
[13.713s] -- Up-to-date: /home/levi/tut_interface/install/cpp04_param/lib/cpp04_param/demo00_param
[13.722s] -- Installing: /home/levi/tut_interface/install/cpp04_param/lib/cpp04_param/demo01_param_server
[13.734s] -- Set runtime path of "/home/levi/tut_interface/install/cpp04_param/lib/cpp04_param/demo01_param_server" to ""
[13.736s] -- Up-to-date: /home/levi/tut_interface/install/cpp04_param/lib/cpp04_param/demo02_param_client
[13.739s] -- Up-to-date: /home/levi/tut_interface/install/cpp04_param/share/ament_index/resource_index/package_run_dependencies/cpp04_param
[13.740s] -- Up-to-date: /home/levi/tut_interface/install/cpp04_param/share/ament_index/resource_index/parent_prefix_path/cpp04_param
[13.742s] -- Up-to-date: /home/levi/tut_interface/install/cpp04_param/share/cpp04_param/environment/ament_prefix_path.sh
[13.742s] -- Up-to-date: /home/levi/tut_interface/install/cpp04_param/share/cpp04_param/environment/ament_prefix_path.dsv
[13.742s] -- Up-to-date: /home/levi/tut_interface/install/cpp04_param/share/cpp04_param/environment/path.sh
[13.743s] -- Up-to-date: /home/levi/tut_interface/install/cpp04_param/share/cpp04_param/environment/path.dsv
[13.743s] -- Up-to-date: /home/levi/tut_interface/install/cpp04_param/share/cpp04_param/local_setup.bash
[13.745s] -- Up-to-date: /home/levi/tut_interface/install/cpp04_param/share/cpp04_param/local_setup.sh
[13.746s] -- Up-to-date: /home/levi/tut_interface/install/cpp04_param/share/cpp04_param/local_setup.zsh
[13.747s] -- Up-to-date: /home/levi/tut_interface/install/cpp04_param/share/cpp04_param/local_setup.dsv
[13.747s] -- Installing: /home/levi/tut_interface/install/cpp04_param/share/cpp04_param/package.dsv
[13.748s] -- Up-to-date: /home/levi/tut_interface/install/cpp04_param/share/ament_index/resource_index/packages/cpp04_param
[13.748s] -- Up-to-date: /home/levi/tut_interface/install/cpp04_param/share/cpp04_param/cmake/cpp04_paramConfig.cmake
[13.749s] -- Up-to-date: /home/levi/tut_interface/install/cpp04_param/share/cpp04_param/cmake/cpp04_paramConfig-version.cmake
[13.753s] -- Up-to-date: /home/levi/tut_interface/install/cpp04_param/share/cpp04_param/package.xml
[13.757s] Invoked command in '/home/levi/tut_interface/build/cpp04_param' returned '0': CMAKE_PREFIX_PATH=${CMAKE_PREFIX_PATH}:/opt/ros/humble /usr/bin/cmake --install /home/levi/tut_interface/build/cpp04_param
