[0.095s] Invoking command in '/home/levi/tut_interface/build/cpp01_topic': CMAKE_PREFIX_PATH=/home/levi/tut_interface/install/base_interfaces_demo:/home/levi/tut_interface/install/cpp01_topic:/opt/ros/humble /usr/bin/cmake --build /home/levi/tut_interface/build/cpp01_topic -- -j6 -l6
[0.474s] [35m[1mConsolidate compiler generated dependencies of target demo_stu_listener[0m
[0.576s] [ 25%] [32mBuilding CXX object CMakeFiles/demo_stu_listener.dir/src/demo_stu_listener.cpp.o[0m
[0.607s] [ 75%] Built target demo_stu
[27.045s] [100%] [32m[1mLinking CXX executable demo_stu_listener[0m
[28.991s] [100%] Built target demo_stu_listener
[29.063s] Invoked command in '/home/levi/tut_interface/build/cpp01_topic' returned '0': CMAKE_PREFIX_PATH=/home/levi/tut_interface/install/base_interfaces_demo:/home/levi/tut_interface/install/cpp01_topic:/opt/ros/humble /usr/bin/cmake --build /home/levi/tut_interface/build/cpp01_topic -- -j6 -l6
[29.455s] Invoking command in '/home/levi/tut_interface/build/cpp01_topic': CMAKE_PREFIX_PATH=/home/levi/tut_interface/install/base_interfaces_demo:/home/levi/tut_interface/install/cpp01_topic:/opt/ros/humble /usr/bin/cmake --install /home/levi/tut_interface/build/cpp01_topic
[29.514s] -- Install configuration: ""
[29.529s] -- Installing: /home/levi/tut_interface/install/cpp01_topic/lib/cpp01_topic/demo_stu
[29.558s] -- Set runtime path of "/home/levi/tut_interface/install/cpp01_topic/lib/cpp01_topic/demo_stu" to ""
[29.562s] -- Installing: /home/levi/tut_interface/install/cpp01_topic/lib/cpp01_topic/demo_stu_listener
[29.588s] -- Set runtime path of "/home/levi/tut_interface/install/cpp01_topic/lib/cpp01_topic/demo_stu_listener" to ""
[29.589s] -- Installing: /home/levi/tut_interface/install/cpp01_topic/share/ament_index/resource_index/package_run_dependencies/cpp01_topic
[29.591s] -- Up-to-date: /home/levi/tut_interface/install/cpp01_topic/share/ament_index/resource_index/parent_prefix_path/cpp01_topic
[29.591s] -- Up-to-date: /home/levi/tut_interface/install/cpp01_topic/share/cpp01_topic/environment/ament_prefix_path.sh
[29.593s] -- Installing: /home/levi/tut_interface/install/cpp01_topic/share/cpp01_topic/environment/ament_prefix_path.dsv
[29.595s] -- Up-to-date: /home/levi/tut_interface/install/cpp01_topic/share/cpp01_topic/environment/path.sh
[29.596s] -- Installing: /home/levi/tut_interface/install/cpp01_topic/share/cpp01_topic/environment/path.dsv
[29.596s] -- Up-to-date: /home/levi/tut_interface/install/cpp01_topic/share/cpp01_topic/local_setup.bash
[29.596s] -- Up-to-date: /home/levi/tut_interface/install/cpp01_topic/share/cpp01_topic/local_setup.sh
[29.597s] -- Up-to-date: /home/levi/tut_interface/install/cpp01_topic/share/cpp01_topic/local_setup.zsh
[29.597s] -- Installing: /home/levi/tut_interface/install/cpp01_topic/share/cpp01_topic/local_setup.dsv
[29.598s] -- Installing: /home/levi/tut_interface/install/cpp01_topic/share/cpp01_topic/package.dsv
[29.602s] -- Up-to-date: /home/levi/tut_interface/install/cpp01_topic/share/ament_index/resource_index/packages/cpp01_topic
[29.602s] -- Up-to-date: /home/levi/tut_interface/install/cpp01_topic/share/cpp01_topic/cmake/cpp01_topicConfig.cmake
[29.603s] -- Up-to-date: /home/levi/tut_interface/install/cpp01_topic/share/cpp01_topic/cmake/cpp01_topicConfig-version.cmake
[29.603s] -- Installing: /home/levi/tut_interface/install/cpp01_topic/share/cpp01_topic/package.xml
[29.626s] Invoked command in '/home/levi/tut_interface/build/cpp01_topic' returned '0': CMAKE_PREFIX_PATH=/home/levi/tut_interface/install/base_interfaces_demo:/home/levi/tut_interface/install/cpp01_topic:/opt/ros/humble /usr/bin/cmake --install /home/levi/tut_interface/build/cpp01_topic
