[0.098s] Invoking command in '/home/levi/tut_interface/build/base_interfaces_demo': CMAKE_PREFIX_PATH=${CMAKE_PREFIX_PATH}:/opt/ros/humble /usr/bin/cmake --build /home/levi/tut_interface/build/base_interfaces_demo -- -j6 -l6
[0.561s] [  9%] Built target base_interfaces_demo__rosidl_generator_c
[0.595s] [ 12%] Built target base_interfaces_demo__cpp
[0.642s] [ 12%] Built target ament_cmake_python_copy_base_interfaces_demo
[0.827s] [ 22%] Built target base_interfaces_demo__rosidl_typesupport_introspection_c
[0.831s] [ 32%] Built target base_interfaces_demo__rosidl_typesupport_fastrtps_c
[0.836s] [ 41%] Built target base_interfaces_demo__rosidl_typesupport_cpp
[0.851s] [ 51%] Built target base_interfaces_demo__rosidl_typesupport_c
[0.865s] [ 61%] Built target base_interfaces_demo__rosidl_typesupport_fastrtps_cpp
[0.927s] [ 70%] Built target base_interfaces_demo__rosidl_typesupport_introspection_cpp
[1.122s] [ 70%] Built target base_interfaces_demo
[1.337s] [ 74%] Built target base_interfaces_demo__py
[1.541s] [ 80%] Built target base_interfaces_demo__rosidl_generator_py
[1.798s] [ 87%] Built target base_interfaces_demo__rosidl_typesupport_fastrtps_c__pyext
[1.822s] [ 93%] Built target base_interfaces_demo__rosidl_typesupport_c__pyext
[1.822s] [100%] Built target base_interfaces_demo__rosidl_typesupport_introspection_c__pyext
[2.429s] running egg_info
[2.431s] writing base_interfaces_demo.egg-info/PKG-INFO
[2.433s] writing dependency_links to base_interfaces_demo.egg-info/dependency_links.txt
[2.434s] writing top-level names to base_interfaces_demo.egg-info/top_level.txt
[2.443s] reading manifest file 'base_interfaces_demo.egg-info/SOURCES.txt'
[2.448s] writing manifest file 'base_interfaces_demo.egg-info/SOURCES.txt'
[2.540s] [100%] Built target ament_cmake_python_build_base_interfaces_demo_egg
[2.641s] Invoked command in '/home/levi/tut_interface/build/base_interfaces_demo' returned '0': CMAKE_PREFIX_PATH=${CMAKE_PREFIX_PATH}:/opt/ros/humble /usr/bin/cmake --build /home/levi/tut_interface/build/base_interfaces_demo -- -j6 -l6
[3.699s] Invoking command in '/home/levi/tut_interface/build/base_interfaces_demo': CMAKE_PREFIX_PATH=${CMAKE_PREFIX_PATH}:/opt/ros/humble /usr/bin/cmake --install /home/levi/tut_interface/build/base_interfaces_demo
[3.782s] -- Install configuration: ""
[3.784s] -- Up-to-date: /home/levi/tut_interface/install/base_interfaces_demo/share/ament_index/resource_index/rosidl_interfaces/base_interfaces_demo
[3.786s] -- Up-to-date: /home/levi/tut_interface/install/base_interfaces_demo/include/base_interfaces_demo/base_interfaces_demo
[3.788s] -- Up-to-date: /home/levi/tut_interface/install/base_interfaces_demo/include/base_interfaces_demo/base_interfaces_demo/msg
[3.790s] -- Up-to-date: /home/levi/tut_interface/install/base_interfaces_demo/include/base_interfaces_demo/base_interfaces_demo/msg/detail
[3.792s] -- Up-to-date: /home/levi/tut_interface/install/base_interfaces_demo/include/base_interfaces_demo/base_interfaces_demo/msg/detail/student__struct.h
[3.793s] -- Up-to-date: /home/levi/tut_interface/install/base_interfaces_demo/include/base_interfaces_demo/base_interfaces_demo/msg/detail/student__functions.c
[3.795s] -- Up-to-date: /home/levi/tut_interface/install/base_interfaces_demo/include/base_interfaces_demo/base_interfaces_demo/msg/detail/student__type_support.h
[3.796s] -- Up-to-date: /home/levi/tut_interface/install/base_interfaces_demo/include/base_interfaces_demo/base_interfaces_demo/msg/detail/student__functions.h
[3.798s] -- Up-to-date: /home/levi/tut_interface/install/base_interfaces_demo/include/base_interfaces_demo/base_interfaces_demo/msg/student.h
[3.799s] -- Up-to-date: /home/levi/tut_interface/install/base_interfaces_demo/include/base_interfaces_demo/base_interfaces_demo/msg/rosidl_generator_c__visibility_control.h
[3.800s] -- Up-to-date: /home/levi/tut_interface/install/base_interfaces_demo/share/base_interfaces_demo/environment/library_path.sh
[3.802s] -- Up-to-date: /home/levi/tut_interface/install/base_interfaces_demo/share/base_interfaces_demo/environment/library_path.dsv
[3.805s] -- Up-to-date: /home/levi/tut_interface/install/base_interfaces_demo/lib/libbase_interfaces_demo__rosidl_generator_c.so
[3.809s] -- Up-to-date: /home/levi/tut_interface/install/base_interfaces_demo/include/base_interfaces_demo/base_interfaces_demo
[3.811s] -- Up-to-date: /home/levi/tut_interface/install/base_interfaces_demo/include/base_interfaces_demo/base_interfaces_demo/msg
[3.811s] -- Up-to-date: /home/levi/tut_interface/install/base_interfaces_demo/include/base_interfaces_demo/base_interfaces_demo/msg/detail
[3.813s] -- Up-to-date: /home/levi/tut_interface/install/base_interfaces_demo/include/base_interfaces_demo/base_interfaces_demo/msg/detail/student__rosidl_typesupport_fastrtps_c.h
[3.815s] -- Up-to-date: /home/levi/tut_interface/install/base_interfaces_demo/include/base_interfaces_demo/base_interfaces_demo/msg/rosidl_typesupport_fastrtps_c__visibility_control.h
[3.815s] -- Up-to-date: /home/levi/tut_interface/install/base_interfaces_demo/lib/libbase_interfaces_demo__rosidl_typesupport_fastrtps_c.so
[3.822s] -- Up-to-date: /home/levi/tut_interface/install/base_interfaces_demo/include/base_interfaces_demo/base_interfaces_demo
[3.823s] -- Up-to-date: /home/levi/tut_interface/install/base_interfaces_demo/include/base_interfaces_demo/base_interfaces_demo/msg
[3.824s] -- Up-to-date: /home/levi/tut_interface/install/base_interfaces_demo/include/base_interfaces_demo/base_interfaces_demo/msg/detail
[3.824s] -- Up-to-date: /home/levi/tut_interface/install/base_interfaces_demo/include/base_interfaces_demo/base_interfaces_demo/msg/detail/student__type_support.c
[3.825s] -- Up-to-date: /home/levi/tut_interface/install/base_interfaces_demo/include/base_interfaces_demo/base_interfaces_demo/msg/detail/student__rosidl_typesupport_introspection_c.h
[3.828s] -- Up-to-date: /home/levi/tut_interface/install/base_interfaces_demo/include/base_interfaces_demo/base_interfaces_demo/msg/rosidl_typesupport_introspection_c__visibility_control.h
[3.829s] -- Up-to-date: /home/levi/tut_interface/install/base_interfaces_demo/lib/libbase_interfaces_demo__rosidl_typesupport_introspection_c.so
[3.836s] -- Up-to-date: /home/levi/tut_interface/install/base_interfaces_demo/lib/libbase_interfaces_demo__rosidl_typesupport_c.so
[3.839s] -- Up-to-date: /home/levi/tut_interface/install/base_interfaces_demo/include/base_interfaces_demo/base_interfaces_demo
[3.840s] -- Up-to-date: /home/levi/tut_interface/install/base_interfaces_demo/include/base_interfaces_demo/base_interfaces_demo/msg
[3.840s] -- Up-to-date: /home/levi/tut_interface/install/base_interfaces_demo/include/base_interfaces_demo/base_interfaces_demo/msg/detail
[3.841s] -- Up-to-date: /home/levi/tut_interface/install/base_interfaces_demo/include/base_interfaces_demo/base_interfaces_demo/msg/detail/student__builder.hpp
[3.842s] -- Up-to-date: /home/levi/tut_interface/install/base_interfaces_demo/include/base_interfaces_demo/base_interfaces_demo/msg/detail/student__struct.hpp
[3.843s] -- Up-to-date: /home/levi/tut_interface/install/base_interfaces_demo/include/base_interfaces_demo/base_interfaces_demo/msg/detail/student__traits.hpp
[3.843s] -- Up-to-date: /home/levi/tut_interface/install/base_interfaces_demo/include/base_interfaces_demo/base_interfaces_demo/msg/student.hpp
[3.844s] -- Up-to-date: /home/levi/tut_interface/install/base_interfaces_demo/include/base_interfaces_demo/base_interfaces_demo
[3.845s] -- Up-to-date: /home/levi/tut_interface/install/base_interfaces_demo/include/base_interfaces_demo/base_interfaces_demo/msg
[3.846s] -- Up-to-date: /home/levi/tut_interface/install/base_interfaces_demo/include/base_interfaces_demo/base_interfaces_demo/msg/detail
[3.847s] -- Up-to-date: /home/levi/tut_interface/install/base_interfaces_demo/include/base_interfaces_demo/base_interfaces_demo/msg/detail/dds_fastrtps
[3.854s] -- Up-to-date: /home/levi/tut_interface/install/base_interfaces_demo/include/base_interfaces_demo/base_interfaces_demo/msg/detail/student__rosidl_typesupport_fastrtps_cpp.hpp
[3.854s] -- Up-to-date: /home/levi/tut_interface/install/base_interfaces_demo/include/base_interfaces_demo/base_interfaces_demo/msg/rosidl_typesupport_fastrtps_cpp__visibility_control.h
[3.858s] -- Up-to-date: /home/levi/tut_interface/install/base_interfaces_demo/lib/libbase_interfaces_demo__rosidl_typesupport_fastrtps_cpp.so
[3.865s] -- Up-to-date: /home/levi/tut_interface/install/base_interfaces_demo/include/base_interfaces_demo/base_interfaces_demo
[3.867s] -- Up-to-date: /home/levi/tut_interface/install/base_interfaces_demo/include/base_interfaces_demo/base_interfaces_demo/msg
[3.869s] -- Up-to-date: /home/levi/tut_interface/install/base_interfaces_demo/include/base_interfaces_demo/base_interfaces_demo/msg/detail
[3.871s] -- Up-to-date: /home/levi/tut_interface/install/base_interfaces_demo/include/base_interfaces_demo/base_interfaces_demo/msg/detail/student__type_support.cpp
[3.872s] -- Up-to-date: /home/levi/tut_interface/install/base_interfaces_demo/include/base_interfaces_demo/base_interfaces_demo/msg/detail/student__rosidl_typesupport_introspection_cpp.hpp
[3.879s] -- Up-to-date: /home/levi/tut_interface/install/base_interfaces_demo/lib/libbase_interfaces_demo__rosidl_typesupport_introspection_cpp.so
[3.890s] -- Up-to-date: /home/levi/tut_interface/install/base_interfaces_demo/lib/libbase_interfaces_demo__rosidl_typesupport_cpp.so
[3.893s] -- Up-to-date: /home/levi/tut_interface/install/base_interfaces_demo/share/base_interfaces_demo/environment/pythonpath.sh
[3.894s] -- Up-to-date: /home/levi/tut_interface/install/base_interfaces_demo/share/base_interfaces_demo/environment/pythonpath.dsv
[3.895s] -- Up-to-date: /home/levi/tut_interface/install/base_interfaces_demo/local/lib/python3.10/dist-packages/base_interfaces_demo-0.0.0-py3.10.egg-info
[3.896s] -- Installing: /home/levi/tut_interface/install/base_interfaces_demo/local/lib/python3.10/dist-packages/base_interfaces_demo-0.0.0-py3.10.egg-info/SOURCES.txt
[3.897s] -- Installing: /home/levi/tut_interface/install/base_interfaces_demo/local/lib/python3.10/dist-packages/base_interfaces_demo-0.0.0-py3.10.egg-info/dependency_links.txt
[3.899s] -- Installing: /home/levi/tut_interface/install/base_interfaces_demo/local/lib/python3.10/dist-packages/base_interfaces_demo-0.0.0-py3.10.egg-info/PKG-INFO
[3.901s] -- Installing: /home/levi/tut_interface/install/base_interfaces_demo/local/lib/python3.10/dist-packages/base_interfaces_demo-0.0.0-py3.10.egg-info/top_level.txt
[3.902s] -- Up-to-date: /home/levi/tut_interface/install/base_interfaces_demo/local/lib/python3.10/dist-packages/base_interfaces_demo
[3.903s] -- Up-to-date: /home/levi/tut_interface/install/base_interfaces_demo/local/lib/python3.10/dist-packages/base_interfaces_demo/msg
[3.905s] -- Up-to-date: /home/levi/tut_interface/install/base_interfaces_demo/local/lib/python3.10/dist-packages/base_interfaces_demo/msg/_student_s.c
[3.906s] -- Up-to-date: /home/levi/tut_interface/install/base_interfaces_demo/local/lib/python3.10/dist-packages/base_interfaces_demo/msg/_student.py
[3.908s] -- Up-to-date: /home/levi/tut_interface/install/base_interfaces_demo/local/lib/python3.10/dist-packages/base_interfaces_demo/msg/__init__.py
[3.912s] -- Up-to-date: /home/levi/tut_interface/install/base_interfaces_demo/local/lib/python3.10/dist-packages/base_interfaces_demo/_base_interfaces_demo_s.ep.rosidl_typesupport_c.c
[3.914s] -- Up-to-date: /home/levi/tut_interface/install/base_interfaces_demo/local/lib/python3.10/dist-packages/base_interfaces_demo/libbase_interfaces_demo__rosidl_generator_py.so
[3.915s] -- Up-to-date: /home/levi/tut_interface/install/base_interfaces_demo/local/lib/python3.10/dist-packages/base_interfaces_demo/_base_interfaces_demo_s.ep.rosidl_typesupport_fastrtps_c.c
[3.915s] -- Up-to-date: /home/levi/tut_interface/install/base_interfaces_demo/local/lib/python3.10/dist-packages/base_interfaces_demo/base_interfaces_demo_s__rosidl_typesupport_fastrtps_c.cpython-310-x86_64-linux-gnu.so
[3.916s] -- Up-to-date: /home/levi/tut_interface/install/base_interfaces_demo/local/lib/python3.10/dist-packages/base_interfaces_demo/base_interfaces_demo_s__rosidl_typesupport_c.cpython-310-x86_64-linux-gnu.so
[3.917s] -- Up-to-date: /home/levi/tut_interface/install/base_interfaces_demo/local/lib/python3.10/dist-packages/base_interfaces_demo/__init__.py
[3.918s] -- Up-to-date: /home/levi/tut_interface/install/base_interfaces_demo/local/lib/python3.10/dist-packages/base_interfaces_demo/_base_interfaces_demo_s.ep.rosidl_typesupport_introspection_c.c
[3.918s] -- Up-to-date: /home/levi/tut_interface/install/base_interfaces_demo/local/lib/python3.10/dist-packages/base_interfaces_demo/base_interfaces_demo_s__rosidl_typesupport_introspection_c.cpython-310-x86_64-linux-gnu.so
[4.079s] Listing '/home/levi/tut_interface/install/base_interfaces_demo/local/lib/python3.10/dist-packages/base_interfaces_demo'...
[4.080s] Listing '/home/levi/tut_interface/install/base_interfaces_demo/local/lib/python3.10/dist-packages/base_interfaces_demo/msg'...
[4.087s] -- Up-to-date: /home/levi/tut_interface/install/base_interfaces_demo/local/lib/python3.10/dist-packages/base_interfaces_demo/base_interfaces_demo_s__rosidl_typesupport_fastrtps_c.cpython-310-x86_64-linux-gnu.so
[4.097s] -- Up-to-date: /home/levi/tut_interface/install/base_interfaces_demo/local/lib/python3.10/dist-packages/base_interfaces_demo/base_interfaces_demo_s__rosidl_typesupport_introspection_c.cpython-310-x86_64-linux-gnu.so
[4.110s] -- Up-to-date: /home/levi/tut_interface/install/base_interfaces_demo/local/lib/python3.10/dist-packages/base_interfaces_demo/base_interfaces_demo_s__rosidl_typesupport_c.cpython-310-x86_64-linux-gnu.so
[4.121s] -- Up-to-date: /home/levi/tut_interface/install/base_interfaces_demo/lib/libbase_interfaces_demo__rosidl_generator_py.so
[4.128s] -- Up-to-date: /home/levi/tut_interface/install/base_interfaces_demo/share/base_interfaces_demo/msg/Student.idl
[4.129s] -- Up-to-date: /home/levi/tut_interface/install/base_interfaces_demo/share/base_interfaces_demo/msg/Student.msg
[4.129s] -- Up-to-date: /home/levi/tut_interface/install/base_interfaces_demo/share/ament_index/resource_index/package_run_dependencies/base_interfaces_demo
[4.132s] -- Up-to-date: /home/levi/tut_interface/install/base_interfaces_demo/share/ament_index/resource_index/parent_prefix_path/base_interfaces_demo
[4.133s] -- Up-to-date: /home/levi/tut_interface/install/base_interfaces_demo/share/base_interfaces_demo/environment/ament_prefix_path.sh
[4.139s] -- Up-to-date: /home/levi/tut_interface/install/base_interfaces_demo/share/base_interfaces_demo/environment/ament_prefix_path.dsv
[4.139s] -- Up-to-date: /home/levi/tut_interface/install/base_interfaces_demo/share/base_interfaces_demo/environment/path.sh
[4.140s] -- Up-to-date: /home/levi/tut_interface/install/base_interfaces_demo/share/base_interfaces_demo/environment/path.dsv
[4.142s] -- Up-to-date: /home/levi/tut_interface/install/base_interfaces_demo/share/base_interfaces_demo/local_setup.bash
[4.143s] -- Up-to-date: /home/levi/tut_interface/install/base_interfaces_demo/share/base_interfaces_demo/local_setup.sh
[4.146s] -- Up-to-date: /home/levi/tut_interface/install/base_interfaces_demo/share/base_interfaces_demo/local_setup.zsh
[4.148s] -- Up-to-date: /home/levi/tut_interface/install/base_interfaces_demo/share/base_interfaces_demo/local_setup.dsv
[4.150s] -- Installing: /home/levi/tut_interface/install/base_interfaces_demo/share/base_interfaces_demo/package.dsv
[4.152s] -- Up-to-date: /home/levi/tut_interface/install/base_interfaces_demo/share/ament_index/resource_index/packages/base_interfaces_demo
[4.154s] -- Up-to-date: /home/levi/tut_interface/install/base_interfaces_demo/share/base_interfaces_demo/cmake/export_base_interfaces_demo__rosidl_generator_cExport.cmake
[4.155s] -- Up-to-date: /home/levi/tut_interface/install/base_interfaces_demo/share/base_interfaces_demo/cmake/export_base_interfaces_demo__rosidl_generator_cExport-noconfig.cmake
[4.157s] -- Up-to-date: /home/levi/tut_interface/install/base_interfaces_demo/share/base_interfaces_demo/cmake/export_base_interfaces_demo__rosidl_typesupport_fastrtps_cExport.cmake
[4.158s] -- Up-to-date: /home/levi/tut_interface/install/base_interfaces_demo/share/base_interfaces_demo/cmake/export_base_interfaces_demo__rosidl_typesupport_fastrtps_cExport-noconfig.cmake
[4.160s] -- Up-to-date: /home/levi/tut_interface/install/base_interfaces_demo/share/base_interfaces_demo/cmake/base_interfaces_demo__rosidl_typesupport_introspection_cExport.cmake
[4.162s] -- Up-to-date: /home/levi/tut_interface/install/base_interfaces_demo/share/base_interfaces_demo/cmake/base_interfaces_demo__rosidl_typesupport_introspection_cExport-noconfig.cmake
[4.165s] -- Up-to-date: /home/levi/tut_interface/install/base_interfaces_demo/share/base_interfaces_demo/cmake/base_interfaces_demo__rosidl_typesupport_cExport.cmake
[4.165s] -- Up-to-date: /home/levi/tut_interface/install/base_interfaces_demo/share/base_interfaces_demo/cmake/base_interfaces_demo__rosidl_typesupport_cExport-noconfig.cmake
[4.166s] -- Up-to-date: /home/levi/tut_interface/install/base_interfaces_demo/share/base_interfaces_demo/cmake/export_base_interfaces_demo__rosidl_generator_cppExport.cmake
[4.167s] -- Up-to-date: /home/levi/tut_interface/install/base_interfaces_demo/share/base_interfaces_demo/cmake/export_base_interfaces_demo__rosidl_typesupport_fastrtps_cppExport.cmake
[4.167s] -- Up-to-date: /home/levi/tut_interface/install/base_interfaces_demo/share/base_interfaces_demo/cmake/export_base_interfaces_demo__rosidl_typesupport_fastrtps_cppExport-noconfig.cmake
[4.168s] -- Up-to-date: /home/levi/tut_interface/install/base_interfaces_demo/share/base_interfaces_demo/cmake/base_interfaces_demo__rosidl_typesupport_introspection_cppExport.cmake
[4.168s] -- Up-to-date: /home/levi/tut_interface/install/base_interfaces_demo/share/base_interfaces_demo/cmake/base_interfaces_demo__rosidl_typesupport_introspection_cppExport-noconfig.cmake
[4.169s] -- Up-to-date: /home/levi/tut_interface/install/base_interfaces_demo/share/base_interfaces_demo/cmake/base_interfaces_demo__rosidl_typesupport_cppExport.cmake
[4.171s] -- Up-to-date: /home/levi/tut_interface/install/base_interfaces_demo/share/base_interfaces_demo/cmake/base_interfaces_demo__rosidl_typesupport_cppExport-noconfig.cmake
[4.173s] -- Up-to-date: /home/levi/tut_interface/install/base_interfaces_demo/share/base_interfaces_demo/cmake/export_base_interfaces_demo__rosidl_generator_pyExport.cmake
[4.176s] -- Up-to-date: /home/levi/tut_interface/install/base_interfaces_demo/share/base_interfaces_demo/cmake/export_base_interfaces_demo__rosidl_generator_pyExport-noconfig.cmake
[4.178s] -- Up-to-date: /home/levi/tut_interface/install/base_interfaces_demo/share/base_interfaces_demo/cmake/rosidl_cmake-extras.cmake
[4.180s] -- Up-to-date: /home/levi/tut_interface/install/base_interfaces_demo/share/base_interfaces_demo/cmake/ament_cmake_export_include_directories-extras.cmake
[4.184s] -- Up-to-date: /home/levi/tut_interface/install/base_interfaces_demo/share/base_interfaces_demo/cmake/ament_cmake_export_libraries-extras.cmake
[4.185s] -- Up-to-date: /home/levi/tut_interface/install/base_interfaces_demo/share/base_interfaces_demo/cmake/ament_cmake_export_targets-extras.cmake
[4.186s] -- Up-to-date: /home/levi/tut_interface/install/base_interfaces_demo/share/base_interfaces_demo/cmake/rosidl_cmake_export_typesupport_targets-extras.cmake
[4.187s] -- Up-to-date: /home/levi/tut_interface/install/base_interfaces_demo/share/base_interfaces_demo/cmake/ament_cmake_export_dependencies-extras.cmake
[4.187s] -- Up-to-date: /home/levi/tut_interface/install/base_interfaces_demo/share/base_interfaces_demo/cmake/rosidl_cmake_export_typesupport_libraries-extras.cmake
[4.188s] -- Up-to-date: /home/levi/tut_interface/install/base_interfaces_demo/share/base_interfaces_demo/cmake/base_interfaces_demoConfig.cmake
[4.189s] -- Up-to-date: /home/levi/tut_interface/install/base_interfaces_demo/share/base_interfaces_demo/cmake/base_interfaces_demoConfig-version.cmake
[4.189s] -- Up-to-date: /home/levi/tut_interface/install/base_interfaces_demo/share/base_interfaces_demo/package.xml
[4.202s] Invoked command in '/home/levi/tut_interface/build/base_interfaces_demo' returned '0': CMAKE_PREFIX_PATH=${CMAKE_PREFIX_PATH}:/opt/ros/humble /usr/bin/cmake --install /home/levi/tut_interface/build/base_interfaces_demo
