[2.983s] DEBUG:colcon:Command line arguments: ['/usr/bin/colcon', 'build', '--packages-select', 'cpp03_action']
[2.984s] DEBUG:colcon:Parsed command line arguments: Namespace(log_base=None, log_level=None, verb_name='build', build_base='build', install_base='install', merge_install=False, symlink_install=False, test_result_base=None, continue_on_error=False, executor='parallel', parallel_workers=6, event_handlers=None, ignore_user_meta=False, metas=['./colcon.meta'], base_paths=['.'], packages_ignore=None, packages_ignore_regex=None, paths=None, packages_up_to=None, packages_up_to_regex=None, packages_above=None, packages_above_and_dependencies=None, packages_above_depth=None, packages_select_by_dep=None, packages_skip_by_dep=None, packages_skip_up_to=None, packages_select_build_failed=False, packages_skip_build_finished=False, packages_select_test_failures=False, packages_skip_test_passed=False, packages_select=['cpp03_action'], packages_skip=None, packages_select_regex=None, packages_skip_regex=None, packages_start=None, packages_end=None, allow_overriding=[], cmake_args=None, cmake_target=None, cmake_target_skip_unavailable=False, cmake_clean_cache=False, cmake_clean_first=False, cmake_force_configure=False, ament_cmake_args=None, catkin_cmake_args=None, catkin_skip_building_tests=False, verb_parser=<colcon_defaults.argument_parser.defaults.DefaultArgumentsDecorator object at 0x7f0df52d4d90>, verb_extension=<colcon_core.verb.build.BuildVerb object at 0x7f0df5ac9f90>, main=<bound method BuildVerb.main of <colcon_core.verb.build.BuildVerb object at 0x7f0df5ac9f90>>)
[3.272s] Level 1:colcon.colcon_core.package_discovery:discover_packages(colcon_meta) check parameters
[3.272s] Level 1:colcon.colcon_core.package_discovery:discover_packages(recursive) check parameters
[3.273s] Level 1:colcon.colcon_core.package_discovery:discover_packages(ignore) check parameters
[3.273s] Level 1:colcon.colcon_core.package_discovery:discover_packages(path) check parameters
[3.273s] Level 1:colcon.colcon_core.package_discovery:discover_packages(colcon_meta) discover
[3.274s] Level 1:colcon.colcon_core.package_discovery:discover_packages(recursive) discover
[3.274s] INFO:colcon.colcon_core.package_discovery:Crawling recursively for packages in '/home/levi/tut_interface'
[3.275s] Level 1:colcon.colcon_core.package_identification:_identify(.) by extensions ['ignore', 'ignore_ament_install']
[3.276s] Level 1:colcon.colcon_core.package_identification:_identify(.) by extension 'ignore'
[3.276s] Level 1:colcon.colcon_core.package_identification:_identify(.) by extension 'ignore_ament_install'
[3.277s] Level 1:colcon.colcon_core.package_identification:_identify(.) by extensions ['colcon_pkg']
[3.277s] Level 1:colcon.colcon_core.package_identification:_identify(.) by extension 'colcon_pkg'
[3.277s] Level 1:colcon.colcon_core.package_identification:_identify(.) by extensions ['colcon_meta']
[3.277s] Level 1:colcon.colcon_core.package_identification:_identify(.) by extension 'colcon_meta'
[3.278s] Level 1:colcon.colcon_core.package_identification:_identify(.) by extensions ['ros']
[3.278s] Level 1:colcon.colcon_core.package_identification:_identify(.) by extension 'ros'
[3.345s] Level 1:colcon.colcon_core.package_identification:_identify(.) by extensions ['cmake', 'python']
[3.345s] Level 1:colcon.colcon_core.package_identification:_identify(.) by extension 'cmake'
[3.345s] Level 1:colcon.colcon_core.package_identification:_identify(.) by extension 'python'
[3.345s] Level 1:colcon.colcon_core.package_identification:_identify(.) by extensions ['python_setup_py']
[3.345s] Level 1:colcon.colcon_core.package_identification:_identify(.) by extension 'python_setup_py'
[3.347s] Level 1:colcon.colcon_core.package_identification:_identify(build) by extensions ['ignore', 'ignore_ament_install']
[3.347s] Level 1:colcon.colcon_core.package_identification:_identify(build) by extension 'ignore'
[3.348s] Level 1:colcon.colcon_core.package_identification:_identify(build) ignored
[3.349s] Level 1:colcon.colcon_core.package_identification:_identify(install) by extensions ['ignore', 'ignore_ament_install']
[3.349s] Level 1:colcon.colcon_core.package_identification:_identify(install) by extension 'ignore'
[3.350s] Level 1:colcon.colcon_core.package_identification:_identify(install) ignored
[3.350s] Level 1:colcon.colcon_core.package_identification:_identify(log) by extensions ['ignore', 'ignore_ament_install']
[3.350s] Level 1:colcon.colcon_core.package_identification:_identify(log) by extension 'ignore'
[3.351s] Level 1:colcon.colcon_core.package_identification:_identify(log) ignored
[3.351s] Level 1:colcon.colcon_core.package_identification:_identify(src) by extensions ['ignore', 'ignore_ament_install']
[3.352s] Level 1:colcon.colcon_core.package_identification:_identify(src) by extension 'ignore'
[3.352s] Level 1:colcon.colcon_core.package_identification:_identify(src) by extension 'ignore_ament_install'
[3.352s] Level 1:colcon.colcon_core.package_identification:_identify(src) by extensions ['colcon_pkg']
[3.352s] Level 1:colcon.colcon_core.package_identification:_identify(src) by extension 'colcon_pkg'
[3.352s] Level 1:colcon.colcon_core.package_identification:_identify(src) by extensions ['colcon_meta']
[3.352s] Level 1:colcon.colcon_core.package_identification:_identify(src) by extension 'colcon_meta'
[3.353s] Level 1:colcon.colcon_core.package_identification:_identify(src) by extensions ['ros']
[3.353s] Level 1:colcon.colcon_core.package_identification:_identify(src) by extension 'ros'
[3.353s] Level 1:colcon.colcon_core.package_identification:_identify(src) by extensions ['cmake', 'python']
[3.353s] Level 1:colcon.colcon_core.package_identification:_identify(src) by extension 'cmake'
[3.353s] Level 1:colcon.colcon_core.package_identification:_identify(src) by extension 'python'
[3.354s] Level 1:colcon.colcon_core.package_identification:_identify(src) by extensions ['python_setup_py']
[3.354s] Level 1:colcon.colcon_core.package_identification:_identify(src) by extension 'python_setup_py'
[3.354s] Level 1:colcon.colcon_core.package_identification:_identify(src/base_interfaces_demo) by extensions ['ignore', 'ignore_ament_install']
[3.354s] Level 1:colcon.colcon_core.package_identification:_identify(src/base_interfaces_demo) by extension 'ignore'
[3.355s] Level 1:colcon.colcon_core.package_identification:_identify(src/base_interfaces_demo) by extension 'ignore_ament_install'
[3.355s] Level 1:colcon.colcon_core.package_identification:_identify(src/base_interfaces_demo) by extensions ['colcon_pkg']
[3.355s] Level 1:colcon.colcon_core.package_identification:_identify(src/base_interfaces_demo) by extension 'colcon_pkg'
[3.356s] Level 1:colcon.colcon_core.package_identification:_identify(src/base_interfaces_demo) by extensions ['colcon_meta']
[3.356s] Level 1:colcon.colcon_core.package_identification:_identify(src/base_interfaces_demo) by extension 'colcon_meta'
[3.356s] Level 1:colcon.colcon_core.package_identification:_identify(src/base_interfaces_demo) by extensions ['ros']
[3.356s] Level 1:colcon.colcon_core.package_identification:_identify(src/base_interfaces_demo) by extension 'ros'
[3.372s] DEBUG:colcon.colcon_core.package_identification:Package 'src/base_interfaces_demo' with type 'ros.ament_cmake' and name 'base_interfaces_demo'
[3.376s] Level 1:colcon.colcon_core.package_identification:_identify(src/cpp01_topic) by extensions ['ignore', 'ignore_ament_install']
[3.377s] Level 1:colcon.colcon_core.package_identification:_identify(src/cpp01_topic) by extension 'ignore'
[3.378s] Level 1:colcon.colcon_core.package_identification:_identify(src/cpp01_topic) by extension 'ignore_ament_install'
[3.378s] Level 1:colcon.colcon_core.package_identification:_identify(src/cpp01_topic) by extensions ['colcon_pkg']
[3.379s] Level 1:colcon.colcon_core.package_identification:_identify(src/cpp01_topic) by extension 'colcon_pkg'
[3.379s] Level 1:colcon.colcon_core.package_identification:_identify(src/cpp01_topic) by extensions ['colcon_meta']
[3.379s] Level 1:colcon.colcon_core.package_identification:_identify(src/cpp01_topic) by extension 'colcon_meta'
[3.380s] Level 1:colcon.colcon_core.package_identification:_identify(src/cpp01_topic) by extensions ['ros']
[3.380s] Level 1:colcon.colcon_core.package_identification:_identify(src/cpp01_topic) by extension 'ros'
[3.384s] DEBUG:colcon.colcon_core.package_identification:Package 'src/cpp01_topic' with type 'ros.ament_cmake' and name 'cpp01_topic'
[3.388s] Level 1:colcon.colcon_core.package_identification:_identify(src/cpp02_srv) by extensions ['ignore', 'ignore_ament_install']
[3.388s] Level 1:colcon.colcon_core.package_identification:_identify(src/cpp02_srv) by extension 'ignore'
[3.389s] Level 1:colcon.colcon_core.package_identification:_identify(src/cpp02_srv) by extension 'ignore_ament_install'
[3.389s] Level 1:colcon.colcon_core.package_identification:_identify(src/cpp02_srv) by extensions ['colcon_pkg']
[3.389s] Level 1:colcon.colcon_core.package_identification:_identify(src/cpp02_srv) by extension 'colcon_pkg'
[3.390s] Level 1:colcon.colcon_core.package_identification:_identify(src/cpp02_srv) by extensions ['colcon_meta']
[3.390s] Level 1:colcon.colcon_core.package_identification:_identify(src/cpp02_srv) by extension 'colcon_meta'
[3.391s] Level 1:colcon.colcon_core.package_identification:_identify(src/cpp02_srv) by extensions ['ros']
[3.391s] Level 1:colcon.colcon_core.package_identification:_identify(src/cpp02_srv) by extension 'ros'
[3.395s] DEBUG:colcon.colcon_core.package_identification:Package 'src/cpp02_srv' with type 'ros.ament_cmake' and name 'cpp02_srv'
[3.396s] Level 1:colcon.colcon_core.package_identification:_identify(src/cpp03_action) by extensions ['ignore', 'ignore_ament_install']
[3.396s] Level 1:colcon.colcon_core.package_identification:_identify(src/cpp03_action) by extension 'ignore'
[3.397s] Level 1:colcon.colcon_core.package_identification:_identify(src/cpp03_action) by extension 'ignore_ament_install'
[3.397s] Level 1:colcon.colcon_core.package_identification:_identify(src/cpp03_action) by extensions ['colcon_pkg']
[3.397s] Level 1:colcon.colcon_core.package_identification:_identify(src/cpp03_action) by extension 'colcon_pkg'
[3.398s] Level 1:colcon.colcon_core.package_identification:_identify(src/cpp03_action) by extensions ['colcon_meta']
[3.398s] Level 1:colcon.colcon_core.package_identification:_identify(src/cpp03_action) by extension 'colcon_meta'
[3.398s] Level 1:colcon.colcon_core.package_identification:_identify(src/cpp03_action) by extensions ['ros']
[3.399s] Level 1:colcon.colcon_core.package_identification:_identify(src/cpp03_action) by extension 'ros'
[3.401s] DEBUG:colcon.colcon_core.package_identification:Package 'src/cpp03_action' with type 'ros.ament_cmake' and name 'cpp03_action'
[3.402s] Level 1:colcon.colcon_core.package_discovery:discover_packages(recursive) using defaults
[3.402s] Level 1:colcon.colcon_core.package_discovery:discover_packages(ignore) discover
[3.402s] Level 1:colcon.colcon_core.package_discovery:discover_packages(ignore) using defaults
[3.403s] Level 1:colcon.colcon_core.package_discovery:discover_packages(path) discover
[3.403s] Level 1:colcon.colcon_core.package_discovery:discover_packages(path) using defaults
[3.552s] INFO:colcon.colcon_core.package_selection:Skipping not selected package 'base_interfaces_demo' in 'src/base_interfaces_demo'
[3.552s] INFO:colcon.colcon_core.package_selection:Skipping not selected package 'cpp01_topic' in 'src/cpp01_topic'
[3.553s] INFO:colcon.colcon_core.package_selection:Skipping not selected package 'cpp02_srv' in 'src/cpp02_srv'
[3.557s] Level 1:colcon.colcon_core.package_discovery:discover_packages(prefix_path) check parameters
[3.557s] Level 1:colcon.colcon_core.package_discovery:discover_packages(prefix_path) discover
[3.602s] DEBUG:colcon.colcon_installed_package_information.package_discovery:Found 4 installed packages in /home/levi/tut_interface/install
[3.615s] DEBUG:colcon.colcon_installed_package_information.package_discovery:Found 2 installed packages in /home/levi/tut_helloworld/install
[3.630s] DEBUG:colcon.colcon_installed_package_information.package_discovery:Found 283 installed packages in /opt/ros/humble
[3.634s] Level 1:colcon.colcon_core.package_discovery:discover_packages(prefix_path) using defaults
[4.278s] Level 5:colcon.colcon_core.verb:set package 'cpp03_action' build argument 'cmake_args' from command line to 'None'
[4.278s] Level 5:colcon.colcon_core.verb:set package 'cpp03_action' build argument 'cmake_target' from command line to 'None'
[4.278s] Level 5:colcon.colcon_core.verb:set package 'cpp03_action' build argument 'cmake_target_skip_unavailable' from command line to 'False'
[4.278s] Level 5:colcon.colcon_core.verb:set package 'cpp03_action' build argument 'cmake_clean_cache' from command line to 'False'
[4.278s] Level 5:colcon.colcon_core.verb:set package 'cpp03_action' build argument 'cmake_clean_first' from command line to 'False'
[4.278s] Level 5:colcon.colcon_core.verb:set package 'cpp03_action' build argument 'cmake_force_configure' from command line to 'False'
[4.279s] Level 5:colcon.colcon_core.verb:set package 'cpp03_action' build argument 'ament_cmake_args' from command line to 'None'
[4.279s] Level 5:colcon.colcon_core.verb:set package 'cpp03_action' build argument 'catkin_cmake_args' from command line to 'None'
[4.279s] Level 5:colcon.colcon_core.verb:set package 'cpp03_action' build argument 'catkin_skip_building_tests' from command line to 'False'
[4.279s] DEBUG:colcon.colcon_core.verb:Building package 'cpp03_action' with the following arguments: {'ament_cmake_args': None, 'build_base': '/home/levi/tut_interface/build/cpp03_action', 'catkin_cmake_args': None, 'catkin_skip_building_tests': False, 'cmake_args': None, 'cmake_clean_cache': False, 'cmake_clean_first': False, 'cmake_force_configure': False, 'cmake_target': None, 'cmake_target_skip_unavailable': False, 'install_base': '/home/levi/tut_interface/install/cpp03_action', 'merge_install': False, 'path': '/home/levi/tut_interface/src/cpp03_action', 'symlink_install': False, 'test_result_base': None}
[4.280s] INFO:colcon.colcon_core.executor:Executing jobs using 'parallel' executor
[4.286s] DEBUG:colcon.colcon_parallel_executor.executor.parallel:run_until_complete
[4.288s] INFO:colcon.colcon_ros.task.ament_cmake.build:Building ROS package in '/home/levi/tut_interface/src/cpp03_action' with build type 'ament_cmake'
[4.291s] INFO:colcon.colcon_cmake.task.cmake.build:Building CMake package in '/home/levi/tut_interface/src/cpp03_action'
[4.331s] INFO:colcon.colcon_core.plugin_system:Skipping extension 'colcon_core.shell.bat': Not used on non-Windows systems
[4.332s] INFO:colcon.colcon_core.shell:Skip shell extension 'powershell' for command environment: Not usable outside of PowerShell
[4.332s] DEBUG:colcon.colcon_core.shell:Skip shell extension 'dsv' for command environment
[4.452s] DEBUG:colcon.colcon_core.event_handler.log_command:Invoking command in '/home/levi/tut_interface/build/cpp03_action': CMAKE_PREFIX_PATH=/home/levi/tut_interface/install/base_interfaces_demo:/home/levi/tut_interface/install/cpp02_srv:/home/levi/tut_interface/install/cpp01_topic:/home/levi/tut_helloworld/install/helloworld_vscode_pkg:/home/levi/tut_helloworld/install/cpp_helloworld:/opt/ros/humble /usr/bin/cmake --build /home/levi/tut_interface/build/cpp03_action -- -j6 -l6
[23.933s] DEBUG:colcon.colcon_core.event_handler.log_command:Invoked command in '/home/levi/tut_interface/build/cpp03_action' returned '0': CMAKE_PREFIX_PATH=/home/levi/tut_interface/install/base_interfaces_demo:/home/levi/tut_interface/install/cpp02_srv:/home/levi/tut_interface/install/cpp01_topic:/home/levi/tut_helloworld/install/helloworld_vscode_pkg:/home/levi/tut_helloworld/install/cpp_helloworld:/opt/ros/humble /usr/bin/cmake --build /home/levi/tut_interface/build/cpp03_action -- -j6 -l6
[24.353s] DEBUG:colcon.colcon_core.event_handler.log_command:Invoking command in '/home/levi/tut_interface/build/cpp03_action': CMAKE_PREFIX_PATH=/home/levi/tut_interface/install/base_interfaces_demo:/home/levi/tut_interface/install/cpp02_srv:/home/levi/tut_interface/install/cpp01_topic:/home/levi/tut_helloworld/install/helloworld_vscode_pkg:/home/levi/tut_helloworld/install/cpp_helloworld:/opt/ros/humble /usr/bin/cmake --install /home/levi/tut_interface/build/cpp03_action
[24.487s] Level 1:colcon.colcon_core.environment:create_environment_scripts_only(cpp03_action)
[24.490s] DEBUG:colcon.colcon_core.event_handler.log_command:Invoked command in '/home/levi/tut_interface/build/cpp03_action' returned '0': CMAKE_PREFIX_PATH=/home/levi/tut_interface/install/base_interfaces_demo:/home/levi/tut_interface/install/cpp02_srv:/home/levi/tut_interface/install/cpp01_topic:/home/levi/tut_helloworld/install/helloworld_vscode_pkg:/home/levi/tut_helloworld/install/cpp_helloworld:/opt/ros/humble /usr/bin/cmake --install /home/levi/tut_interface/build/cpp03_action
[24.537s] Level 1:colcon.colcon_core.environment:checking '/home/levi/tut_interface/install/cpp03_action' for CMake module files
[24.548s] Level 1:colcon.colcon_core.environment:checking '/home/levi/tut_interface/install/cpp03_action' for CMake config files
[24.560s] Level 1:colcon.colcon_core.shell:create_environment_hook('cpp03_action', 'cmake_prefix_path')
[24.564s] INFO:colcon.colcon_core.shell:Creating environment hook '/home/levi/tut_interface/install/cpp03_action/share/cpp03_action/hook/cmake_prefix_path.ps1'
[24.569s] INFO:colcon.colcon_core.shell:Creating environment descriptor '/home/levi/tut_interface/install/cpp03_action/share/cpp03_action/hook/cmake_prefix_path.dsv'
[24.573s] INFO:colcon.colcon_core.shell:Creating environment hook '/home/levi/tut_interface/install/cpp03_action/share/cpp03_action/hook/cmake_prefix_path.sh'
[24.580s] Level 1:colcon.colcon_core.environment:checking '/home/levi/tut_interface/install/cpp03_action/lib'
[24.581s] Level 1:colcon.colcon_core.environment:checking '/home/levi/tut_interface/install/cpp03_action/bin'
[24.581s] Level 1:colcon.colcon_core.environment:checking '/home/levi/tut_interface/install/cpp03_action/lib/pkgconfig/cpp03_action.pc'
[24.582s] Level 1:colcon.colcon_core.environment:checking '/home/levi/tut_interface/install/cpp03_action/lib/python3.10/site-packages'
[24.583s] Level 1:colcon.colcon_core.environment:checking '/home/levi/tut_interface/install/cpp03_action/bin'
[24.587s] INFO:colcon.colcon_core.shell:Creating package script '/home/levi/tut_interface/install/cpp03_action/share/cpp03_action/package.ps1'
[24.594s] INFO:colcon.colcon_core.shell:Creating package descriptor '/home/levi/tut_interface/install/cpp03_action/share/cpp03_action/package.dsv'
[24.598s] INFO:colcon.colcon_core.shell:Creating package script '/home/levi/tut_interface/install/cpp03_action/share/cpp03_action/package.sh'
[24.603s] INFO:colcon.colcon_core.shell:Creating package script '/home/levi/tut_interface/install/cpp03_action/share/cpp03_action/package.bash'
[24.607s] INFO:colcon.colcon_core.shell:Creating package script '/home/levi/tut_interface/install/cpp03_action/share/cpp03_action/package.zsh'
[24.612s] Level 1:colcon.colcon_core.environment:create_file_with_runtime_dependencies(/home/levi/tut_interface/install/cpp03_action/share/colcon-core/packages/cpp03_action)
[24.921s] Level 1:colcon.colcon_core.environment:create_environment_scripts_only(cpp03_action)
[24.926s] Level 1:colcon.colcon_core.environment:checking '/home/levi/tut_interface/install/cpp03_action' for CMake module files
[24.931s] Level 1:colcon.colcon_core.environment:checking '/home/levi/tut_interface/install/cpp03_action' for CMake config files
[24.935s] Level 1:colcon.colcon_core.shell:create_environment_hook('cpp03_action', 'cmake_prefix_path')
[24.939s] INFO:colcon.colcon_core.shell:Creating environment hook '/home/levi/tut_interface/install/cpp03_action/share/cpp03_action/hook/cmake_prefix_path.ps1'
[24.941s] INFO:colcon.colcon_core.shell:Creating environment descriptor '/home/levi/tut_interface/install/cpp03_action/share/cpp03_action/hook/cmake_prefix_path.dsv'
[24.943s] INFO:colcon.colcon_core.shell:Creating environment hook '/home/levi/tut_interface/install/cpp03_action/share/cpp03_action/hook/cmake_prefix_path.sh'
[24.946s] Level 1:colcon.colcon_core.environment:checking '/home/levi/tut_interface/install/cpp03_action/lib'
[24.946s] Level 1:colcon.colcon_core.environment:checking '/home/levi/tut_interface/install/cpp03_action/bin'
[24.946s] Level 1:colcon.colcon_core.environment:checking '/home/levi/tut_interface/install/cpp03_action/lib/pkgconfig/cpp03_action.pc'
[24.947s] Level 1:colcon.colcon_core.environment:checking '/home/levi/tut_interface/install/cpp03_action/lib/python3.10/site-packages'
[24.947s] Level 1:colcon.colcon_core.environment:checking '/home/levi/tut_interface/install/cpp03_action/bin'
[24.949s] INFO:colcon.colcon_core.shell:Creating package script '/home/levi/tut_interface/install/cpp03_action/share/cpp03_action/package.ps1'
[24.951s] INFO:colcon.colcon_core.shell:Creating package descriptor '/home/levi/tut_interface/install/cpp03_action/share/cpp03_action/package.dsv'
[24.953s] INFO:colcon.colcon_core.shell:Creating package script '/home/levi/tut_interface/install/cpp03_action/share/cpp03_action/package.sh'
[24.954s] INFO:colcon.colcon_core.shell:Creating package script '/home/levi/tut_interface/install/cpp03_action/share/cpp03_action/package.bash'
[24.956s] INFO:colcon.colcon_core.shell:Creating package script '/home/levi/tut_interface/install/cpp03_action/share/cpp03_action/package.zsh'
[24.958s] Level 1:colcon.colcon_core.environment:create_file_with_runtime_dependencies(/home/levi/tut_interface/install/cpp03_action/share/colcon-core/packages/cpp03_action)
[24.960s] DEBUG:colcon.colcon_parallel_executor.executor.parallel:closing loop
[24.964s] DEBUG:colcon.colcon_parallel_executor.executor.parallel:loop closed
[24.964s] DEBUG:colcon.colcon_parallel_executor.executor.parallel:run_until_complete finished with '0'
[24.965s] DEBUG:colcon.colcon_core.event_reactor:joining thread
[25.009s] INFO:colcon.colcon_core.plugin_system:Skipping extension 'colcon_notification.desktop_notification.terminal_notifier': Not used on non-Darwin systems
[25.009s] INFO:colcon.colcon_core.plugin_system:Skipping extension 'colcon_notification.desktop_notification.win32': Not used on non-Windows systems
[25.009s] INFO:colcon.colcon_notification.desktop_notification:Sending desktop notification using 'notify2'
[25.139s] DEBUG:colcon.colcon_core.event_reactor:joined thread
[25.141s] INFO:colcon.colcon_core.shell:Creating prefix script '/home/levi/tut_interface/install/local_setup.ps1'
[25.144s] INFO:colcon.colcon_core.shell:Creating prefix util module '/home/levi/tut_interface/install/_local_setup_util_ps1.py'
[25.148s] INFO:colcon.colcon_core.shell:Creating prefix chain script '/home/levi/tut_interface/install/setup.ps1'
[25.155s] INFO:colcon.colcon_core.shell:Creating prefix script '/home/levi/tut_interface/install/local_setup.sh'
[25.157s] INFO:colcon.colcon_core.shell:Creating prefix util module '/home/levi/tut_interface/install/_local_setup_util_sh.py'
[25.159s] INFO:colcon.colcon_core.shell:Creating prefix chain script '/home/levi/tut_interface/install/setup.sh'
[25.167s] INFO:colcon.colcon_core.shell:Creating prefix script '/home/levi/tut_interface/install/local_setup.bash'
[25.172s] INFO:colcon.colcon_core.shell:Creating prefix chain script '/home/levi/tut_interface/install/setup.bash'
[25.183s] INFO:colcon.colcon_core.shell:Creating prefix script '/home/levi/tut_interface/install/local_setup.zsh'
[25.187s] INFO:colcon.colcon_core.shell:Creating prefix chain script '/home/levi/tut_interface/install/setup.zsh'
