[0.077s] Invoking command in '/home/levi/tut_interface/build/cpp07_exercise': CMAKE_PREFIX_PATH=/home/levi/tut_interface/install/base_interfaces_demo:/home/levi/tut_interface/install/topic_test:/home/levi/tut_interface/install/meta_pkg:/home/levi/tut_interface/install/cpp07_exercise:/home/levi/tut_interface/install/cpp05_time:/home/levi/tut_interface/install/cpp04_param:/home/levi/tut_interface/install/cpp03_action:/home/levi/tut_interface/install/cpp02_srv:/home/levi/tut_interface/install/cpp01_topic:/opt/ros/humble /usr/bin/cmake --build /home/levi/tut_interface/build/cpp07_exercise -- -j6 -l6
[0.460s] [35m[1mConsolidate compiler generated dependencies of target exe01_pub_sub[0m
[0.548s] [ 50%] Built target basic_node
[0.638s] [100%] Built target exe01_pub_sub
[0.709s] Invoked command in '/home/levi/tut_interface/build/cpp07_exercise' returned '0': CMAKE_PREFIX_PATH=/home/levi/tut_interface/install/base_interfaces_demo:/home/levi/tut_interface/install/topic_test:/home/levi/tut_interface/install/meta_pkg:/home/levi/tut_interface/install/cpp07_exercise:/home/levi/tut_interface/install/cpp05_time:/home/levi/tut_interface/install/cpp04_param:/home/levi/tut_interface/install/cpp03_action:/home/levi/tut_interface/install/cpp02_srv:/home/levi/tut_interface/install/cpp01_topic:/opt/ros/humble /usr/bin/cmake --build /home/levi/tut_interface/build/cpp07_exercise -- -j6 -l6
[1.136s] Invoking command in '/home/levi/tut_interface/build/cpp07_exercise': CMAKE_PREFIX_PATH=/home/levi/tut_interface/install/base_interfaces_demo:/home/levi/tut_interface/install/topic_test:/home/levi/tut_interface/install/meta_pkg:/home/levi/tut_interface/install/cpp07_exercise:/home/levi/tut_interface/install/cpp05_time:/home/levi/tut_interface/install/cpp04_param:/home/levi/tut_interface/install/cpp03_action:/home/levi/tut_interface/install/cpp02_srv:/home/levi/tut_interface/install/cpp01_topic:/opt/ros/humble /usr/bin/cmake --install /home/levi/tut_interface/build/cpp07_exercise
[1.193s] -- Install configuration: ""
[1.194s] -- Up-to-date: /home/levi/tut_interface/install/cpp07_exercise/share/cpp07_exercise//launch
[1.195s] -- Installing: /home/levi/tut_interface/install/cpp07_exercise/share/cpp07_exercise//launch/exe01_pub_sub_launch.py
[1.201s] -- Up-to-date: /home/levi/tut_interface/install/cpp07_exercise/lib/cpp07_exercise/basic_node
[1.212s] -- Up-to-date: /home/levi/tut_interface/install/cpp07_exercise/lib/cpp07_exercise/exe01_pub_sub
[1.215s] -- Up-to-date: /home/levi/tut_interface/install/cpp07_exercise/share/ament_index/resource_index/package_run_dependencies/cpp07_exercise
[1.216s] -- Up-to-date: /home/levi/tut_interface/install/cpp07_exercise/share/ament_index/resource_index/parent_prefix_path/cpp07_exercise
[1.217s] -- Up-to-date: /home/levi/tut_interface/install/cpp07_exercise/share/cpp07_exercise/environment/ament_prefix_path.sh
[1.218s] -- Up-to-date: /home/levi/tut_interface/install/cpp07_exercise/share/cpp07_exercise/environment/ament_prefix_path.dsv
[1.218s] -- Up-to-date: /home/levi/tut_interface/install/cpp07_exercise/share/cpp07_exercise/environment/path.sh
[1.219s] -- Up-to-date: /home/levi/tut_interface/install/cpp07_exercise/share/cpp07_exercise/environment/path.dsv
[1.219s] -- Up-to-date: /home/levi/tut_interface/install/cpp07_exercise/share/cpp07_exercise/local_setup.bash
[1.220s] -- Up-to-date: /home/levi/tut_interface/install/cpp07_exercise/share/cpp07_exercise/local_setup.sh
[1.220s] -- Up-to-date: /home/levi/tut_interface/install/cpp07_exercise/share/cpp07_exercise/local_setup.zsh
[1.221s] -- Up-to-date: /home/levi/tut_interface/install/cpp07_exercise/share/cpp07_exercise/local_setup.dsv
[1.221s] -- Installing: /home/levi/tut_interface/install/cpp07_exercise/share/cpp07_exercise/package.dsv
[1.221s] -- Up-to-date: /home/levi/tut_interface/install/cpp07_exercise/share/ament_index/resource_index/packages/cpp07_exercise
[1.221s] -- Up-to-date: /home/levi/tut_interface/install/cpp07_exercise/share/cpp07_exercise/cmake/cpp07_exerciseConfig.cmake
[1.222s] -- Up-to-date: /home/levi/tut_interface/install/cpp07_exercise/share/cpp07_exercise/cmake/cpp07_exerciseConfig-version.cmake
[1.222s] -- Up-to-date: /home/levi/tut_interface/install/cpp07_exercise/share/cpp07_exercise/package.xml
[1.240s] Invoked command in '/home/levi/tut_interface/build/cpp07_exercise' returned '0': CMAKE_PREFIX_PATH=/home/levi/tut_interface/install/base_interfaces_demo:/home/levi/tut_interface/install/topic_test:/home/levi/tut_interface/install/meta_pkg:/home/levi/tut_interface/install/cpp07_exercise:/home/levi/tut_interface/install/cpp05_time:/home/levi/tut_interface/install/cpp04_param:/home/levi/tut_interface/install/cpp03_action:/home/levi/tut_interface/install/cpp02_srv:/home/levi/tut_interface/install/cpp01_topic:/opt/ros/humble /usr/bin/cmake --install /home/levi/tut_interface/build/cpp07_exercise
