[1.361s] DEBUG:colcon:Command line arguments: ['/usr/bin/colcon', 'build', '--packages-select', 'cpp03_action']
[1.362s] DEBUG:colcon:Parsed command line arguments: Namespace(log_base=None, log_level=None, verb_name='build', build_base='build', install_base='install', merge_install=False, symlink_install=False, test_result_base=None, continue_on_error=False, executor='parallel', parallel_workers=6, event_handlers=None, ignore_user_meta=False, metas=['./colcon.meta'], base_paths=['.'], packages_ignore=None, packages_ignore_regex=None, paths=None, packages_up_to=None, packages_up_to_regex=None, packages_above=None, packages_above_and_dependencies=None, packages_above_depth=None, packages_select_by_dep=None, packages_skip_by_dep=None, packages_skip_up_to=None, packages_select_build_failed=False, packages_skip_build_finished=False, packages_select_test_failures=False, packages_skip_test_passed=False, packages_select=['cpp03_action'], packages_skip=None, packages_select_regex=None, packages_skip_regex=None, packages_start=None, packages_end=None, allow_overriding=[], cmake_args=None, cmake_target=None, cmake_target_skip_unavailable=False, cmake_clean_cache=False, cmake_clean_first=False, cmake_force_configure=False, ament_cmake_args=None, catkin_cmake_args=None, catkin_skip_building_tests=False, verb_parser=<colcon_defaults.argument_parser.defaults.DefaultArgumentsDecorator object at 0x7f081dfe0970>, verb_extension=<colcon_core.verb.build.BuildVerb object at 0x7f081e7930d0>, main=<bound method BuildVerb.main of <colcon_core.verb.build.BuildVerb object at 0x7f081e7930d0>>)
[1.535s] Level 1:colcon.colcon_core.package_discovery:discover_packages(colcon_meta) check parameters
[1.535s] Level 1:colcon.colcon_core.package_discovery:discover_packages(recursive) check parameters
[1.535s] Level 1:colcon.colcon_core.package_discovery:discover_packages(ignore) check parameters
[1.536s] Level 1:colcon.colcon_core.package_discovery:discover_packages(path) check parameters
[1.536s] Level 1:colcon.colcon_core.package_discovery:discover_packages(colcon_meta) discover
[1.537s] Level 1:colcon.colcon_core.package_discovery:discover_packages(recursive) discover
[1.537s] INFO:colcon.colcon_core.package_discovery:Crawling recursively for packages in '/home/levi/tut_interface'
[1.538s] Level 1:colcon.colcon_core.package_identification:_identify(.) by extensions ['ignore', 'ignore_ament_install']
[1.539s] Level 1:colcon.colcon_core.package_identification:_identify(.) by extension 'ignore'
[1.539s] Level 1:colcon.colcon_core.package_identification:_identify(.) by extension 'ignore_ament_install'
[1.540s] Level 1:colcon.colcon_core.package_identification:_identify(.) by extensions ['colcon_pkg']
[1.540s] Level 1:colcon.colcon_core.package_identification:_identify(.) by extension 'colcon_pkg'
[1.540s] Level 1:colcon.colcon_core.package_identification:_identify(.) by extensions ['colcon_meta']
[1.540s] Level 1:colcon.colcon_core.package_identification:_identify(.) by extension 'colcon_meta'
[1.540s] Level 1:colcon.colcon_core.package_identification:_identify(.) by extensions ['ros']
[1.540s] Level 1:colcon.colcon_core.package_identification:_identify(.) by extension 'ros'
[1.607s] Level 1:colcon.colcon_core.package_identification:_identify(.) by extensions ['cmake', 'python']
[1.608s] Level 1:colcon.colcon_core.package_identification:_identify(.) by extension 'cmake'
[1.608s] Level 1:colcon.colcon_core.package_identification:_identify(.) by extension 'python'
[1.608s] Level 1:colcon.colcon_core.package_identification:_identify(.) by extensions ['python_setup_py']
[1.608s] Level 1:colcon.colcon_core.package_identification:_identify(.) by extension 'python_setup_py'
[1.610s] Level 1:colcon.colcon_core.package_identification:_identify(build) by extensions ['ignore', 'ignore_ament_install']
[1.611s] Level 1:colcon.colcon_core.package_identification:_identify(build) by extension 'ignore'
[1.611s] Level 1:colcon.colcon_core.package_identification:_identify(build) ignored
[1.614s] Level 1:colcon.colcon_core.package_identification:_identify(install) by extensions ['ignore', 'ignore_ament_install']
[1.614s] Level 1:colcon.colcon_core.package_identification:_identify(install) by extension 'ignore'
[1.614s] Level 1:colcon.colcon_core.package_identification:_identify(install) ignored
[1.616s] Level 1:colcon.colcon_core.package_identification:_identify(log) by extensions ['ignore', 'ignore_ament_install']
[1.616s] Level 1:colcon.colcon_core.package_identification:_identify(log) by extension 'ignore'
[1.616s] Level 1:colcon.colcon_core.package_identification:_identify(log) ignored
[1.619s] Level 1:colcon.colcon_core.package_identification:_identify(src) by extensions ['ignore', 'ignore_ament_install']
[1.619s] Level 1:colcon.colcon_core.package_identification:_identify(src) by extension 'ignore'
[1.620s] Level 1:colcon.colcon_core.package_identification:_identify(src) by extension 'ignore_ament_install'
[1.620s] Level 1:colcon.colcon_core.package_identification:_identify(src) by extensions ['colcon_pkg']
[1.620s] Level 1:colcon.colcon_core.package_identification:_identify(src) by extension 'colcon_pkg'
[1.620s] Level 1:colcon.colcon_core.package_identification:_identify(src) by extensions ['colcon_meta']
[1.621s] Level 1:colcon.colcon_core.package_identification:_identify(src) by extension 'colcon_meta'
[1.621s] Level 1:colcon.colcon_core.package_identification:_identify(src) by extensions ['ros']
[1.621s] Level 1:colcon.colcon_core.package_identification:_identify(src) by extension 'ros'
[1.623s] Level 1:colcon.colcon_core.package_identification:_identify(src) by extensions ['cmake', 'python']
[1.623s] Level 1:colcon.colcon_core.package_identification:_identify(src) by extension 'cmake'
[1.623s] Level 1:colcon.colcon_core.package_identification:_identify(src) by extension 'python'
[1.624s] Level 1:colcon.colcon_core.package_identification:_identify(src) by extensions ['python_setup_py']
[1.624s] Level 1:colcon.colcon_core.package_identification:_identify(src) by extension 'python_setup_py'
[1.624s] Level 1:colcon.colcon_core.package_identification:_identify(src/base_interfaces_demo) by extensions ['ignore', 'ignore_ament_install']
[1.625s] Level 1:colcon.colcon_core.package_identification:_identify(src/base_interfaces_demo) by extension 'ignore'
[1.625s] Level 1:colcon.colcon_core.package_identification:_identify(src/base_interfaces_demo) by extension 'ignore_ament_install'
[1.625s] Level 1:colcon.colcon_core.package_identification:_identify(src/base_interfaces_demo) by extensions ['colcon_pkg']
[1.626s] Level 1:colcon.colcon_core.package_identification:_identify(src/base_interfaces_demo) by extension 'colcon_pkg'
[1.626s] Level 1:colcon.colcon_core.package_identification:_identify(src/base_interfaces_demo) by extensions ['colcon_meta']
[1.626s] Level 1:colcon.colcon_core.package_identification:_identify(src/base_interfaces_demo) by extension 'colcon_meta'
[1.626s] Level 1:colcon.colcon_core.package_identification:_identify(src/base_interfaces_demo) by extensions ['ros']
[1.627s] Level 1:colcon.colcon_core.package_identification:_identify(src/base_interfaces_demo) by extension 'ros'
[1.641s] DEBUG:colcon.colcon_core.package_identification:Package 'src/base_interfaces_demo' with type 'ros.ament_cmake' and name 'base_interfaces_demo'
[1.643s] Level 1:colcon.colcon_core.package_identification:_identify(src/cpp01_topic) by extensions ['ignore', 'ignore_ament_install']
[1.644s] Level 1:colcon.colcon_core.package_identification:_identify(src/cpp01_topic) by extension 'ignore'
[1.644s] Level 1:colcon.colcon_core.package_identification:_identify(src/cpp01_topic) by extension 'ignore_ament_install'
[1.645s] Level 1:colcon.colcon_core.package_identification:_identify(src/cpp01_topic) by extensions ['colcon_pkg']
[1.645s] Level 1:colcon.colcon_core.package_identification:_identify(src/cpp01_topic) by extension 'colcon_pkg'
[1.645s] Level 1:colcon.colcon_core.package_identification:_identify(src/cpp01_topic) by extensions ['colcon_meta']
[1.646s] Level 1:colcon.colcon_core.package_identification:_identify(src/cpp01_topic) by extension 'colcon_meta'
[1.646s] Level 1:colcon.colcon_core.package_identification:_identify(src/cpp01_topic) by extensions ['ros']
[1.646s] Level 1:colcon.colcon_core.package_identification:_identify(src/cpp01_topic) by extension 'ros'
[1.650s] DEBUG:colcon.colcon_core.package_identification:Package 'src/cpp01_topic' with type 'ros.ament_cmake' and name 'cpp01_topic'
[1.652s] Level 1:colcon.colcon_core.package_identification:_identify(src/cpp02_srv) by extensions ['ignore', 'ignore_ament_install']
[1.652s] Level 1:colcon.colcon_core.package_identification:_identify(src/cpp02_srv) by extension 'ignore'
[1.653s] Level 1:colcon.colcon_core.package_identification:_identify(src/cpp02_srv) by extension 'ignore_ament_install'
[1.653s] Level 1:colcon.colcon_core.package_identification:_identify(src/cpp02_srv) by extensions ['colcon_pkg']
[1.653s] Level 1:colcon.colcon_core.package_identification:_identify(src/cpp02_srv) by extension 'colcon_pkg'
[1.654s] Level 1:colcon.colcon_core.package_identification:_identify(src/cpp02_srv) by extensions ['colcon_meta']
[1.654s] Level 1:colcon.colcon_core.package_identification:_identify(src/cpp02_srv) by extension 'colcon_meta'
[1.654s] Level 1:colcon.colcon_core.package_identification:_identify(src/cpp02_srv) by extensions ['ros']
[1.654s] Level 1:colcon.colcon_core.package_identification:_identify(src/cpp02_srv) by extension 'ros'
[1.657s] DEBUG:colcon.colcon_core.package_identification:Package 'src/cpp02_srv' with type 'ros.ament_cmake' and name 'cpp02_srv'
[1.658s] Level 1:colcon.colcon_core.package_identification:_identify(src/cpp03_action) by extensions ['ignore', 'ignore_ament_install']
[1.659s] Level 1:colcon.colcon_core.package_identification:_identify(src/cpp03_action) by extension 'ignore'
[1.659s] Level 1:colcon.colcon_core.package_identification:_identify(src/cpp03_action) by extension 'ignore_ament_install'
[1.660s] Level 1:colcon.colcon_core.package_identification:_identify(src/cpp03_action) by extensions ['colcon_pkg']
[1.660s] Level 1:colcon.colcon_core.package_identification:_identify(src/cpp03_action) by extension 'colcon_pkg'
[1.660s] Level 1:colcon.colcon_core.package_identification:_identify(src/cpp03_action) by extensions ['colcon_meta']
[1.660s] Level 1:colcon.colcon_core.package_identification:_identify(src/cpp03_action) by extension 'colcon_meta'
[1.661s] Level 1:colcon.colcon_core.package_identification:_identify(src/cpp03_action) by extensions ['ros']
[1.661s] Level 1:colcon.colcon_core.package_identification:_identify(src/cpp03_action) by extension 'ros'
[1.664s] DEBUG:colcon.colcon_core.package_identification:Package 'src/cpp03_action' with type 'ros.ament_cmake' and name 'cpp03_action'
[1.664s] Level 1:colcon.colcon_core.package_discovery:discover_packages(recursive) using defaults
[1.664s] Level 1:colcon.colcon_core.package_discovery:discover_packages(ignore) discover
[1.665s] Level 1:colcon.colcon_core.package_discovery:discover_packages(ignore) using defaults
[1.665s] Level 1:colcon.colcon_core.package_discovery:discover_packages(path) discover
[1.665s] Level 1:colcon.colcon_core.package_discovery:discover_packages(path) using defaults
[1.779s] INFO:colcon.colcon_core.package_selection:Skipping not selected package 'base_interfaces_demo' in 'src/base_interfaces_demo'
[1.779s] INFO:colcon.colcon_core.package_selection:Skipping not selected package 'cpp01_topic' in 'src/cpp01_topic'
[1.780s] INFO:colcon.colcon_core.package_selection:Skipping not selected package 'cpp02_srv' in 'src/cpp02_srv'
[1.781s] Level 1:colcon.colcon_core.package_discovery:discover_packages(prefix_path) check parameters
[1.781s] Level 1:colcon.colcon_core.package_discovery:discover_packages(prefix_path) discover
[1.807s] DEBUG:colcon.colcon_installed_package_information.package_discovery:Found 4 installed packages in /home/levi/tut_interface/install
[1.818s] DEBUG:colcon.colcon_installed_package_information.package_discovery:Found 2 installed packages in /home/levi/tut_helloworld/install
[1.836s] DEBUG:colcon.colcon_installed_package_information.package_discovery:Found 283 installed packages in /opt/ros/humble
[1.841s] Level 1:colcon.colcon_core.package_discovery:discover_packages(prefix_path) using defaults
[2.110s] Level 5:colcon.colcon_core.verb:set package 'cpp03_action' build argument 'cmake_args' from command line to 'None'
[2.110s] Level 5:colcon.colcon_core.verb:set package 'cpp03_action' build argument 'cmake_target' from command line to 'None'
[2.110s] Level 5:colcon.colcon_core.verb:set package 'cpp03_action' build argument 'cmake_target_skip_unavailable' from command line to 'False'
[2.111s] Level 5:colcon.colcon_core.verb:set package 'cpp03_action' build argument 'cmake_clean_cache' from command line to 'False'
[2.111s] Level 5:colcon.colcon_core.verb:set package 'cpp03_action' build argument 'cmake_clean_first' from command line to 'False'
[2.111s] Level 5:colcon.colcon_core.verb:set package 'cpp03_action' build argument 'cmake_force_configure' from command line to 'False'
[2.111s] Level 5:colcon.colcon_core.verb:set package 'cpp03_action' build argument 'ament_cmake_args' from command line to 'None'
[2.111s] Level 5:colcon.colcon_core.verb:set package 'cpp03_action' build argument 'catkin_cmake_args' from command line to 'None'
[2.111s] Level 5:colcon.colcon_core.verb:set package 'cpp03_action' build argument 'catkin_skip_building_tests' from command line to 'False'
[2.111s] DEBUG:colcon.colcon_core.verb:Building package 'cpp03_action' with the following arguments: {'ament_cmake_args': None, 'build_base': '/home/levi/tut_interface/build/cpp03_action', 'catkin_cmake_args': None, 'catkin_skip_building_tests': False, 'cmake_args': None, 'cmake_clean_cache': False, 'cmake_clean_first': False, 'cmake_force_configure': False, 'cmake_target': None, 'cmake_target_skip_unavailable': False, 'install_base': '/home/levi/tut_interface/install/cpp03_action', 'merge_install': False, 'path': '/home/levi/tut_interface/src/cpp03_action', 'symlink_install': False, 'test_result_base': None}
[2.113s] INFO:colcon.colcon_core.executor:Executing jobs using 'parallel' executor
[2.123s] DEBUG:colcon.colcon_parallel_executor.executor.parallel:run_until_complete
[2.123s] INFO:colcon.colcon_ros.task.ament_cmake.build:Building ROS package in '/home/levi/tut_interface/src/cpp03_action' with build type 'ament_cmake'
[2.123s] INFO:colcon.colcon_cmake.task.cmake.build:Building CMake package in '/home/levi/tut_interface/src/cpp03_action'
[2.147s] INFO:colcon.colcon_core.plugin_system:Skipping extension 'colcon_core.shell.bat': Not used on non-Windows systems
[2.148s] INFO:colcon.colcon_core.shell:Skip shell extension 'powershell' for command environment: Not usable outside of PowerShell
[2.149s] DEBUG:colcon.colcon_core.shell:Skip shell extension 'dsv' for command environment
[2.264s] DEBUG:colcon.colcon_core.event_handler.log_command:Invoking command in '/home/levi/tut_interface/build/cpp03_action': CMAKE_PREFIX_PATH=/home/levi/tut_interface/install/base_interfaces_demo:/home/levi/tut_interface/install/cpp03_action:/home/levi/tut_interface/install/cpp02_srv:/home/levi/tut_interface/install/cpp01_topic:/home/levi/tut_helloworld/install/helloworld_vscode_pkg:/home/levi/tut_helloworld/install/cpp_helloworld:/opt/ros/humble /usr/bin/cmake --build /home/levi/tut_interface/build/cpp03_action -- -j6 -l6
[26.699s] DEBUG:colcon.colcon_core.event_handler.log_command:Invoked command in '/home/levi/tut_interface/build/cpp03_action' returned '0': CMAKE_PREFIX_PATH=/home/levi/tut_interface/install/base_interfaces_demo:/home/levi/tut_interface/install/cpp03_action:/home/levi/tut_interface/install/cpp02_srv:/home/levi/tut_interface/install/cpp01_topic:/home/levi/tut_helloworld/install/helloworld_vscode_pkg:/home/levi/tut_helloworld/install/cpp_helloworld:/opt/ros/humble /usr/bin/cmake --build /home/levi/tut_interface/build/cpp03_action -- -j6 -l6
[27.058s] DEBUG:colcon.colcon_core.event_handler.log_command:Invoking command in '/home/levi/tut_interface/build/cpp03_action': CMAKE_PREFIX_PATH=/home/levi/tut_interface/install/base_interfaces_demo:/home/levi/tut_interface/install/cpp03_action:/home/levi/tut_interface/install/cpp02_srv:/home/levi/tut_interface/install/cpp01_topic:/home/levi/tut_helloworld/install/helloworld_vscode_pkg:/home/levi/tut_helloworld/install/cpp_helloworld:/opt/ros/humble /usr/bin/cmake --install /home/levi/tut_interface/build/cpp03_action
[27.181s] Level 1:colcon.colcon_core.environment:create_environment_scripts_only(cpp03_action)
[27.183s] DEBUG:colcon.colcon_core.event_handler.log_command:Invoked command in '/home/levi/tut_interface/build/cpp03_action' returned '0': CMAKE_PREFIX_PATH=/home/levi/tut_interface/install/base_interfaces_demo:/home/levi/tut_interface/install/cpp03_action:/home/levi/tut_interface/install/cpp02_srv:/home/levi/tut_interface/install/cpp01_topic:/home/levi/tut_helloworld/install/helloworld_vscode_pkg:/home/levi/tut_helloworld/install/cpp_helloworld:/opt/ros/humble /usr/bin/cmake --install /home/levi/tut_interface/build/cpp03_action
[27.205s] Level 1:colcon.colcon_core.environment:checking '/home/levi/tut_interface/install/cpp03_action' for CMake module files
[27.210s] Level 1:colcon.colcon_core.environment:checking '/home/levi/tut_interface/install/cpp03_action' for CMake config files
[27.215s] Level 1:colcon.colcon_core.shell:create_environment_hook('cpp03_action', 'cmake_prefix_path')
[27.218s] INFO:colcon.colcon_core.shell:Creating environment hook '/home/levi/tut_interface/install/cpp03_action/share/cpp03_action/hook/cmake_prefix_path.ps1'
[27.222s] INFO:colcon.colcon_core.shell:Creating environment descriptor '/home/levi/tut_interface/install/cpp03_action/share/cpp03_action/hook/cmake_prefix_path.dsv'
[27.225s] INFO:colcon.colcon_core.shell:Creating environment hook '/home/levi/tut_interface/install/cpp03_action/share/cpp03_action/hook/cmake_prefix_path.sh'
[27.230s] Level 1:colcon.colcon_core.environment:checking '/home/levi/tut_interface/install/cpp03_action/lib'
[27.230s] Level 1:colcon.colcon_core.environment:checking '/home/levi/tut_interface/install/cpp03_action/bin'
[27.231s] Level 1:colcon.colcon_core.environment:checking '/home/levi/tut_interface/install/cpp03_action/lib/pkgconfig/cpp03_action.pc'
[27.233s] Level 1:colcon.colcon_core.environment:checking '/home/levi/tut_interface/install/cpp03_action/lib/python3.10/site-packages'
[27.234s] Level 1:colcon.colcon_core.environment:checking '/home/levi/tut_interface/install/cpp03_action/bin'
[27.236s] INFO:colcon.colcon_core.shell:Creating package script '/home/levi/tut_interface/install/cpp03_action/share/cpp03_action/package.ps1'
[27.242s] INFO:colcon.colcon_core.shell:Creating package descriptor '/home/levi/tut_interface/install/cpp03_action/share/cpp03_action/package.dsv'
[27.244s] INFO:colcon.colcon_core.shell:Creating package script '/home/levi/tut_interface/install/cpp03_action/share/cpp03_action/package.sh'
[27.248s] INFO:colcon.colcon_core.shell:Creating package script '/home/levi/tut_interface/install/cpp03_action/share/cpp03_action/package.bash'
[27.252s] INFO:colcon.colcon_core.shell:Creating package script '/home/levi/tut_interface/install/cpp03_action/share/cpp03_action/package.zsh'
[27.256s] Level 1:colcon.colcon_core.environment:create_file_with_runtime_dependencies(/home/levi/tut_interface/install/cpp03_action/share/colcon-core/packages/cpp03_action)
[27.566s] Level 1:colcon.colcon_core.environment:create_environment_scripts_only(cpp03_action)
[27.573s] Level 1:colcon.colcon_core.environment:checking '/home/levi/tut_interface/install/cpp03_action' for CMake module files
[27.576s] Level 1:colcon.colcon_core.environment:checking '/home/levi/tut_interface/install/cpp03_action' for CMake config files
[27.579s] Level 1:colcon.colcon_core.shell:create_environment_hook('cpp03_action', 'cmake_prefix_path')
[27.582s] INFO:colcon.colcon_core.shell:Creating environment hook '/home/levi/tut_interface/install/cpp03_action/share/cpp03_action/hook/cmake_prefix_path.ps1'
[27.586s] INFO:colcon.colcon_core.shell:Creating environment descriptor '/home/levi/tut_interface/install/cpp03_action/share/cpp03_action/hook/cmake_prefix_path.dsv'
[27.588s] INFO:colcon.colcon_core.shell:Creating environment hook '/home/levi/tut_interface/install/cpp03_action/share/cpp03_action/hook/cmake_prefix_path.sh'
[27.592s] Level 1:colcon.colcon_core.environment:checking '/home/levi/tut_interface/install/cpp03_action/lib'
[27.593s] Level 1:colcon.colcon_core.environment:checking '/home/levi/tut_interface/install/cpp03_action/bin'
[27.593s] Level 1:colcon.colcon_core.environment:checking '/home/levi/tut_interface/install/cpp03_action/lib/pkgconfig/cpp03_action.pc'
[27.593s] Level 1:colcon.colcon_core.environment:checking '/home/levi/tut_interface/install/cpp03_action/lib/python3.10/site-packages'
[27.594s] Level 1:colcon.colcon_core.environment:checking '/home/levi/tut_interface/install/cpp03_action/bin'
[27.596s] INFO:colcon.colcon_core.shell:Creating package script '/home/levi/tut_interface/install/cpp03_action/share/cpp03_action/package.ps1'
[27.598s] INFO:colcon.colcon_core.shell:Creating package descriptor '/home/levi/tut_interface/install/cpp03_action/share/cpp03_action/package.dsv'
[27.601s] INFO:colcon.colcon_core.shell:Creating package script '/home/levi/tut_interface/install/cpp03_action/share/cpp03_action/package.sh'
[27.604s] INFO:colcon.colcon_core.shell:Creating package script '/home/levi/tut_interface/install/cpp03_action/share/cpp03_action/package.bash'
[27.606s] INFO:colcon.colcon_core.shell:Creating package script '/home/levi/tut_interface/install/cpp03_action/share/cpp03_action/package.zsh'
[27.607s] Level 1:colcon.colcon_core.environment:create_file_with_runtime_dependencies(/home/levi/tut_interface/install/cpp03_action/share/colcon-core/packages/cpp03_action)
[27.612s] DEBUG:colcon.colcon_parallel_executor.executor.parallel:closing loop
[27.616s] DEBUG:colcon.colcon_parallel_executor.executor.parallel:loop closed
[27.616s] DEBUG:colcon.colcon_parallel_executor.executor.parallel:run_until_complete finished with '0'
[27.616s] DEBUG:colcon.colcon_core.event_reactor:joining thread
[27.656s] INFO:colcon.colcon_core.plugin_system:Skipping extension 'colcon_notification.desktop_notification.terminal_notifier': Not used on non-Darwin systems
[27.656s] INFO:colcon.colcon_core.plugin_system:Skipping extension 'colcon_notification.desktop_notification.win32': Not used on non-Windows systems
[27.657s] INFO:colcon.colcon_notification.desktop_notification:Sending desktop notification using 'notify2'
[27.841s] DEBUG:colcon.colcon_core.event_reactor:joined thread
[27.846s] INFO:colcon.colcon_core.shell:Creating prefix script '/home/levi/tut_interface/install/local_setup.ps1'
[27.853s] INFO:colcon.colcon_core.shell:Creating prefix util module '/home/levi/tut_interface/install/_local_setup_util_ps1.py'
[27.859s] INFO:colcon.colcon_core.shell:Creating prefix chain script '/home/levi/tut_interface/install/setup.ps1'
[27.884s] INFO:colcon.colcon_core.shell:Creating prefix script '/home/levi/tut_interface/install/local_setup.sh'
[27.891s] INFO:colcon.colcon_core.shell:Creating prefix util module '/home/levi/tut_interface/install/_local_setup_util_sh.py'
[27.895s] INFO:colcon.colcon_core.shell:Creating prefix chain script '/home/levi/tut_interface/install/setup.sh'
[27.909s] INFO:colcon.colcon_core.shell:Creating prefix script '/home/levi/tut_interface/install/local_setup.bash'
[27.914s] INFO:colcon.colcon_core.shell:Creating prefix chain script '/home/levi/tut_interface/install/setup.bash'
[27.918s] INFO:colcon.colcon_core.shell:Creating prefix script '/home/levi/tut_interface/install/local_setup.zsh'
[27.921s] INFO:colcon.colcon_core.shell:Creating prefix chain script '/home/levi/tut_interface/install/setup.zsh'
