[0.113s] Invoking command in '/home/levi/tut_interface/build/meta_pkg': AMENT_PREFIX_PATH=/home/levi/tut_interface/install/cpp03_action:/home/levi/tut_interface/install/cpp02_srv:/home/levi/tut_interface/install/cpp01_topic:/home/levi/tut_interface/install/cpp04_param:/home/levi/tut_interface/install/base_interfaces_demo:${AMENT_PREFIX_PATH} CMAKE_PREFIX_PATH=/home/levi/tut_interface/install/cpp03_action:/home/levi/tut_interface/install/cpp02_srv:/home/levi/tut_interface/install/cpp01_topic:/home/levi/tut_interface/install/cpp04_param:/home/levi/tut_interface/install/base_interfaces_demo:/opt/ros/humble LD_LIBRARY_PATH=/home/levi/tut_interface/install/base_interfaces_demo/lib:${LD_LIBRARY_PATH} PYTHONPATH=/home/levi/tut_interface/install/base_interfaces_demo/local/lib/python3.10/dist-packages:${PYTHONPATH} /usr/bin/cmake --build /home/levi/tut_interface/build/meta_pkg -- -j6 -l6
[0.474s] Invoked command in '/home/levi/tut_interface/build/meta_pkg' returned '0': AMENT_PREFIX_PATH=/home/levi/tut_interface/install/cpp03_action:/home/levi/tut_interface/install/cpp02_srv:/home/levi/tut_interface/install/cpp01_topic:/home/levi/tut_interface/install/cpp04_param:/home/levi/tut_interface/install/base_interfaces_demo:${AMENT_PREFIX_PATH} CMAKE_PREFIX_PATH=/home/levi/tut_interface/install/cpp03_action:/home/levi/tut_interface/install/cpp02_srv:/home/levi/tut_interface/install/cpp01_topic:/home/levi/tut_interface/install/cpp04_param:/home/levi/tut_interface/install/base_interfaces_demo:/opt/ros/humble LD_LIBRARY_PATH=/home/levi/tut_interface/install/base_interfaces_demo/lib:${LD_LIBRARY_PATH} PYTHONPATH=/home/levi/tut_interface/install/base_interfaces_demo/local/lib/python3.10/dist-packages:${PYTHONPATH} /usr/bin/cmake --build /home/levi/tut_interface/build/meta_pkg -- -j6 -l6
[0.964s] Invoking command in '/home/levi/tut_interface/build/meta_pkg': AMENT_PREFIX_PATH=/home/levi/tut_interface/install/cpp03_action:/home/levi/tut_interface/install/cpp02_srv:/home/levi/tut_interface/install/cpp01_topic:/home/levi/tut_interface/install/cpp04_param:/home/levi/tut_interface/install/base_interfaces_demo:${AMENT_PREFIX_PATH} CMAKE_PREFIX_PATH=/home/levi/tut_interface/install/cpp03_action:/home/levi/tut_interface/install/cpp02_srv:/home/levi/tut_interface/install/cpp01_topic:/home/levi/tut_interface/install/cpp04_param:/home/levi/tut_interface/install/base_interfaces_demo:/opt/ros/humble LD_LIBRARY_PATH=/home/levi/tut_interface/install/base_interfaces_demo/lib:${LD_LIBRARY_PATH} PYTHONPATH=/home/levi/tut_interface/install/base_interfaces_demo/local/lib/python3.10/dist-packages:${PYTHONPATH} /usr/bin/cmake --install /home/levi/tut_interface/build/meta_pkg
[1.081s] -- Install configuration: ""
[1.082s] -- Up-to-date: /home/levi/tut_interface/install/meta_pkg/share/ament_index/resource_index/package_run_dependencies/meta_pkg
[1.082s] -- Up-to-date: /home/levi/tut_interface/install/meta_pkg/share/ament_index/resource_index/parent_prefix_path/meta_pkg
[1.083s] -- Up-to-date: /home/levi/tut_interface/install/meta_pkg/share/meta_pkg/environment/ament_prefix_path.sh
[1.089s] -- Up-to-date: /home/levi/tut_interface/install/meta_pkg/share/meta_pkg/environment/ament_prefix_path.dsv
[1.089s] -- Up-to-date: /home/levi/tut_interface/install/meta_pkg/share/meta_pkg/environment/path.sh
[1.090s] -- Up-to-date: /home/levi/tut_interface/install/meta_pkg/share/meta_pkg/environment/path.dsv
[1.090s] -- Up-to-date: /home/levi/tut_interface/install/meta_pkg/share/meta_pkg/local_setup.bash
[1.091s] -- Up-to-date: /home/levi/tut_interface/install/meta_pkg/share/meta_pkg/local_setup.sh
[1.091s] -- Up-to-date: /home/levi/tut_interface/install/meta_pkg/share/meta_pkg/local_setup.zsh
[1.092s] -- Up-to-date: /home/levi/tut_interface/install/meta_pkg/share/meta_pkg/local_setup.dsv
[1.092s] -- Installing: /home/levi/tut_interface/install/meta_pkg/share/meta_pkg/package.dsv
[1.093s] -- Up-to-date: /home/levi/tut_interface/install/meta_pkg/share/ament_index/resource_index/packages/meta_pkg
[1.094s] -- Up-to-date: /home/levi/tut_interface/install/meta_pkg/share/meta_pkg/cmake/meta_pkgConfig.cmake
[1.095s] -- Up-to-date: /home/levi/tut_interface/install/meta_pkg/share/meta_pkg/cmake/meta_pkgConfig-version.cmake
[1.095s] -- Up-to-date: /home/levi/tut_interface/install/meta_pkg/share/meta_pkg/package.xml
[1.108s] Invoked command in '/home/levi/tut_interface/build/meta_pkg' returned '0': AMENT_PREFIX_PATH=/home/levi/tut_interface/install/cpp03_action:/home/levi/tut_interface/install/cpp02_srv:/home/levi/tut_interface/install/cpp01_topic:/home/levi/tut_interface/install/cpp04_param:/home/levi/tut_interface/install/base_interfaces_demo:${AMENT_PREFIX_PATH} CMAKE_PREFIX_PATH=/home/levi/tut_interface/install/cpp03_action:/home/levi/tut_interface/install/cpp02_srv:/home/levi/tut_interface/install/cpp01_topic:/home/levi/tut_interface/install/cpp04_param:/home/levi/tut_interface/install/base_interfaces_demo:/opt/ros/humble LD_LIBRARY_PATH=/home/levi/tut_interface/install/base_interfaces_demo/lib:${LD_LIBRARY_PATH} PYTHONPATH=/home/levi/tut_interface/install/base_interfaces_demo/local/lib/python3.10/dist-packages:${PYTHONPATH} /usr/bin/cmake --install /home/levi/tut_interface/build/meta_pkg
