[1.359s] DEBUG:colcon:Command line arguments: ['/usr/bin/colcon', 'build', '--packages-select', 'cpp05_time']
[1.360s] DEBUG:colcon:Parsed command line arguments: Namespace(log_base=None, log_level=None, verb_name='build', build_base='build', install_base='install', merge_install=False, symlink_install=False, test_result_base=None, continue_on_error=False, executor='parallel', parallel_workers=6, event_handlers=None, ignore_user_meta=False, metas=['./colcon.meta'], base_paths=['.'], packages_ignore=None, packages_ignore_regex=None, paths=None, packages_up_to=None, packages_up_to_regex=None, packages_above=None, packages_above_and_dependencies=None, packages_above_depth=None, packages_select_by_dep=None, packages_skip_by_dep=None, packages_skip_up_to=None, packages_select_build_failed=False, packages_skip_build_finished=False, packages_select_test_failures=False, packages_skip_test_passed=False, packages_select=['cpp05_time'], packages_skip=None, packages_select_regex=None, packages_skip_regex=None, packages_start=None, packages_end=None, allow_overriding=[], cmake_args=None, cmake_target=None, cmake_target_skip_unavailable=False, cmake_clean_cache=False, cmake_clean_first=False, cmake_force_configure=False, ament_cmake_args=None, catkin_cmake_args=None, catkin_skip_building_tests=False, verb_parser=<colcon_defaults.argument_parser.defaults.DefaultArgumentsDecorator object at 0x7eff79cd0cd0>, verb_extension=<colcon_core.verb.build.BuildVerb object at 0x7eff7a4a3070>, main=<bound method BuildVerb.main of <colcon_core.verb.build.BuildVerb object at 0x7eff7a4a3070>>)
[1.469s] Level 1:colcon.colcon_core.package_discovery:discover_packages(colcon_meta) check parameters
[1.470s] Level 1:colcon.colcon_core.package_discovery:discover_packages(recursive) check parameters
[1.470s] Level 1:colcon.colcon_core.package_discovery:discover_packages(ignore) check parameters
[1.470s] Level 1:colcon.colcon_core.package_discovery:discover_packages(path) check parameters
[1.470s] Level 1:colcon.colcon_core.package_discovery:discover_packages(colcon_meta) discover
[1.470s] Level 1:colcon.colcon_core.package_discovery:discover_packages(recursive) discover
[1.471s] INFO:colcon.colcon_core.package_discovery:Crawling recursively for packages in '/home/levi/tut_interface'
[1.471s] Level 1:colcon.colcon_core.package_identification:_identify(.) by extensions ['ignore', 'ignore_ament_install']
[1.472s] Level 1:colcon.colcon_core.package_identification:_identify(.) by extension 'ignore'
[1.472s] Level 1:colcon.colcon_core.package_identification:_identify(.) by extension 'ignore_ament_install'
[1.472s] Level 1:colcon.colcon_core.package_identification:_identify(.) by extensions ['colcon_pkg']
[1.472s] Level 1:colcon.colcon_core.package_identification:_identify(.) by extension 'colcon_pkg'
[1.472s] Level 1:colcon.colcon_core.package_identification:_identify(.) by extensions ['colcon_meta']
[1.473s] Level 1:colcon.colcon_core.package_identification:_identify(.) by extension 'colcon_meta'
[1.473s] Level 1:colcon.colcon_core.package_identification:_identify(.) by extensions ['ros']
[1.473s] Level 1:colcon.colcon_core.package_identification:_identify(.) by extension 'ros'
[1.529s] Level 1:colcon.colcon_core.package_identification:_identify(.) by extensions ['cmake', 'python']
[1.529s] Level 1:colcon.colcon_core.package_identification:_identify(.) by extension 'cmake'
[1.530s] Level 1:colcon.colcon_core.package_identification:_identify(.) by extension 'python'
[1.530s] Level 1:colcon.colcon_core.package_identification:_identify(.) by extensions ['python_setup_py']
[1.530s] Level 1:colcon.colcon_core.package_identification:_identify(.) by extension 'python_setup_py'
[1.531s] Level 1:colcon.colcon_core.package_identification:_identify(build) by extensions ['ignore', 'ignore_ament_install']
[1.531s] Level 1:colcon.colcon_core.package_identification:_identify(build) by extension 'ignore'
[1.531s] Level 1:colcon.colcon_core.package_identification:_identify(build) ignored
[1.532s] Level 1:colcon.colcon_core.package_identification:_identify(install) by extensions ['ignore', 'ignore_ament_install']
[1.532s] Level 1:colcon.colcon_core.package_identification:_identify(install) by extension 'ignore'
[1.533s] Level 1:colcon.colcon_core.package_identification:_identify(install) ignored
[1.534s] Level 1:colcon.colcon_core.package_identification:_identify(log) by extensions ['ignore', 'ignore_ament_install']
[1.534s] Level 1:colcon.colcon_core.package_identification:_identify(log) by extension 'ignore'
[1.535s] Level 1:colcon.colcon_core.package_identification:_identify(log) ignored
[1.535s] Level 1:colcon.colcon_core.package_identification:_identify(src) by extensions ['ignore', 'ignore_ament_install']
[1.536s] Level 1:colcon.colcon_core.package_identification:_identify(src) by extension 'ignore'
[1.536s] Level 1:colcon.colcon_core.package_identification:_identify(src) by extension 'ignore_ament_install'
[1.536s] Level 1:colcon.colcon_core.package_identification:_identify(src) by extensions ['colcon_pkg']
[1.537s] Level 1:colcon.colcon_core.package_identification:_identify(src) by extension 'colcon_pkg'
[1.537s] Level 1:colcon.colcon_core.package_identification:_identify(src) by extensions ['colcon_meta']
[1.537s] Level 1:colcon.colcon_core.package_identification:_identify(src) by extension 'colcon_meta'
[1.537s] Level 1:colcon.colcon_core.package_identification:_identify(src) by extensions ['ros']
[1.538s] Level 1:colcon.colcon_core.package_identification:_identify(src) by extension 'ros'
[1.538s] Level 1:colcon.colcon_core.package_identification:_identify(src) by extensions ['cmake', 'python']
[1.539s] Level 1:colcon.colcon_core.package_identification:_identify(src) by extension 'cmake'
[1.539s] Level 1:colcon.colcon_core.package_identification:_identify(src) by extension 'python'
[1.539s] Level 1:colcon.colcon_core.package_identification:_identify(src) by extensions ['python_setup_py']
[1.539s] Level 1:colcon.colcon_core.package_identification:_identify(src) by extension 'python_setup_py'
[1.540s] Level 1:colcon.colcon_core.package_identification:_identify(src/base_interfaces_demo) by extensions ['ignore', 'ignore_ament_install']
[1.540s] Level 1:colcon.colcon_core.package_identification:_identify(src/base_interfaces_demo) by extension 'ignore'
[1.540s] Level 1:colcon.colcon_core.package_identification:_identify(src/base_interfaces_demo) by extension 'ignore_ament_install'
[1.541s] Level 1:colcon.colcon_core.package_identification:_identify(src/base_interfaces_demo) by extensions ['colcon_pkg']
[1.541s] Level 1:colcon.colcon_core.package_identification:_identify(src/base_interfaces_demo) by extension 'colcon_pkg'
[1.541s] Level 1:colcon.colcon_core.package_identification:_identify(src/base_interfaces_demo) by extensions ['colcon_meta']
[1.541s] Level 1:colcon.colcon_core.package_identification:_identify(src/base_interfaces_demo) by extension 'colcon_meta'
[1.542s] Level 1:colcon.colcon_core.package_identification:_identify(src/base_interfaces_demo) by extensions ['ros']
[1.542s] Level 1:colcon.colcon_core.package_identification:_identify(src/base_interfaces_demo) by extension 'ros'
[1.552s] DEBUG:colcon.colcon_core.package_identification:Package 'src/base_interfaces_demo' with type 'ros.ament_cmake' and name 'base_interfaces_demo'
[1.553s] Level 1:colcon.colcon_core.package_identification:_identify(src/cpp01_topic) by extensions ['ignore', 'ignore_ament_install']
[1.554s] Level 1:colcon.colcon_core.package_identification:_identify(src/cpp01_topic) by extension 'ignore'
[1.554s] Level 1:colcon.colcon_core.package_identification:_identify(src/cpp01_topic) by extension 'ignore_ament_install'
[1.554s] Level 1:colcon.colcon_core.package_identification:_identify(src/cpp01_topic) by extensions ['colcon_pkg']
[1.554s] Level 1:colcon.colcon_core.package_identification:_identify(src/cpp01_topic) by extension 'colcon_pkg'
[1.554s] Level 1:colcon.colcon_core.package_identification:_identify(src/cpp01_topic) by extensions ['colcon_meta']
[1.555s] Level 1:colcon.colcon_core.package_identification:_identify(src/cpp01_topic) by extension 'colcon_meta'
[1.555s] Level 1:colcon.colcon_core.package_identification:_identify(src/cpp01_topic) by extensions ['ros']
[1.555s] Level 1:colcon.colcon_core.package_identification:_identify(src/cpp01_topic) by extension 'ros'
[1.557s] DEBUG:colcon.colcon_core.package_identification:Package 'src/cpp01_topic' with type 'ros.ament_cmake' and name 'cpp01_topic'
[1.558s] Level 1:colcon.colcon_core.package_identification:_identify(src/cpp02_srv) by extensions ['ignore', 'ignore_ament_install']
[1.558s] Level 1:colcon.colcon_core.package_identification:_identify(src/cpp02_srv) by extension 'ignore'
[1.558s] Level 1:colcon.colcon_core.package_identification:_identify(src/cpp02_srv) by extension 'ignore_ament_install'
[1.559s] Level 1:colcon.colcon_core.package_identification:_identify(src/cpp02_srv) by extensions ['colcon_pkg']
[1.559s] Level 1:colcon.colcon_core.package_identification:_identify(src/cpp02_srv) by extension 'colcon_pkg'
[1.559s] Level 1:colcon.colcon_core.package_identification:_identify(src/cpp02_srv) by extensions ['colcon_meta']
[1.559s] Level 1:colcon.colcon_core.package_identification:_identify(src/cpp02_srv) by extension 'colcon_meta'
[1.559s] Level 1:colcon.colcon_core.package_identification:_identify(src/cpp02_srv) by extensions ['ros']
[1.559s] Level 1:colcon.colcon_core.package_identification:_identify(src/cpp02_srv) by extension 'ros'
[1.562s] DEBUG:colcon.colcon_core.package_identification:Package 'src/cpp02_srv' with type 'ros.ament_cmake' and name 'cpp02_srv'
[1.563s] Level 1:colcon.colcon_core.package_identification:_identify(src/cpp03_action) by extensions ['ignore', 'ignore_ament_install']
[1.564s] Level 1:colcon.colcon_core.package_identification:_identify(src/cpp03_action) by extension 'ignore'
[1.564s] Level 1:colcon.colcon_core.package_identification:_identify(src/cpp03_action) by extension 'ignore_ament_install'
[1.565s] Level 1:colcon.colcon_core.package_identification:_identify(src/cpp03_action) by extensions ['colcon_pkg']
[1.565s] Level 1:colcon.colcon_core.package_identification:_identify(src/cpp03_action) by extension 'colcon_pkg'
[1.565s] Level 1:colcon.colcon_core.package_identification:_identify(src/cpp03_action) by extensions ['colcon_meta']
[1.565s] Level 1:colcon.colcon_core.package_identification:_identify(src/cpp03_action) by extension 'colcon_meta'
[1.566s] Level 1:colcon.colcon_core.package_identification:_identify(src/cpp03_action) by extensions ['ros']
[1.566s] Level 1:colcon.colcon_core.package_identification:_identify(src/cpp03_action) by extension 'ros'
[1.568s] DEBUG:colcon.colcon_core.package_identification:Package 'src/cpp03_action' with type 'ros.ament_cmake' and name 'cpp03_action'
[1.569s] Level 1:colcon.colcon_core.package_identification:_identify(src/cpp04_param) by extensions ['ignore', 'ignore_ament_install']
[1.570s] Level 1:colcon.colcon_core.package_identification:_identify(src/cpp04_param) by extension 'ignore'
[1.570s] Level 1:colcon.colcon_core.package_identification:_identify(src/cpp04_param) by extension 'ignore_ament_install'
[1.570s] Level 1:colcon.colcon_core.package_identification:_identify(src/cpp04_param) by extensions ['colcon_pkg']
[1.571s] Level 1:colcon.colcon_core.package_identification:_identify(src/cpp04_param) by extension 'colcon_pkg'
[1.571s] Level 1:colcon.colcon_core.package_identification:_identify(src/cpp04_param) by extensions ['colcon_meta']
[1.571s] Level 1:colcon.colcon_core.package_identification:_identify(src/cpp04_param) by extension 'colcon_meta'
[1.571s] Level 1:colcon.colcon_core.package_identification:_identify(src/cpp04_param) by extensions ['ros']
[1.572s] Level 1:colcon.colcon_core.package_identification:_identify(src/cpp04_param) by extension 'ros'
[1.574s] DEBUG:colcon.colcon_core.package_identification:Package 'src/cpp04_param' with type 'ros.ament_cmake' and name 'cpp04_param'
[1.575s] Level 1:colcon.colcon_core.package_identification:_identify(src/cpp05_time) by extensions ['ignore', 'ignore_ament_install']
[1.575s] Level 1:colcon.colcon_core.package_identification:_identify(src/cpp05_time) by extension 'ignore'
[1.576s] Level 1:colcon.colcon_core.package_identification:_identify(src/cpp05_time) by extension 'ignore_ament_install'
[1.576s] Level 1:colcon.colcon_core.package_identification:_identify(src/cpp05_time) by extensions ['colcon_pkg']
[1.576s] Level 1:colcon.colcon_core.package_identification:_identify(src/cpp05_time) by extension 'colcon_pkg'
[1.577s] Level 1:colcon.colcon_core.package_identification:_identify(src/cpp05_time) by extensions ['colcon_meta']
[1.577s] Level 1:colcon.colcon_core.package_identification:_identify(src/cpp05_time) by extension 'colcon_meta'
[1.577s] Level 1:colcon.colcon_core.package_identification:_identify(src/cpp05_time) by extensions ['ros']
[1.577s] Level 1:colcon.colcon_core.package_identification:_identify(src/cpp05_time) by extension 'ros'
[1.580s] DEBUG:colcon.colcon_core.package_identification:Package 'src/cpp05_time' with type 'ros.ament_cmake' and name 'cpp05_time'
[1.581s] Level 1:colcon.colcon_core.package_identification:_identify(src/meta_pkg) by extensions ['ignore', 'ignore_ament_install']
[1.581s] Level 1:colcon.colcon_core.package_identification:_identify(src/meta_pkg) by extension 'ignore'
[1.581s] Level 1:colcon.colcon_core.package_identification:_identify(src/meta_pkg) by extension 'ignore_ament_install'
[1.582s] Level 1:colcon.colcon_core.package_identification:_identify(src/meta_pkg) by extensions ['colcon_pkg']
[1.582s] Level 1:colcon.colcon_core.package_identification:_identify(src/meta_pkg) by extension 'colcon_pkg'
[1.582s] Level 1:colcon.colcon_core.package_identification:_identify(src/meta_pkg) by extensions ['colcon_meta']
[1.582s] Level 1:colcon.colcon_core.package_identification:_identify(src/meta_pkg) by extension 'colcon_meta'
[1.583s] Level 1:colcon.colcon_core.package_identification:_identify(src/meta_pkg) by extensions ['ros']
[1.583s] Level 1:colcon.colcon_core.package_identification:_identify(src/meta_pkg) by extension 'ros'
[1.586s] DEBUG:colcon.colcon_core.package_identification:Package 'src/meta_pkg' with type 'ros.ament_cmake' and name 'meta_pkg'
[1.587s] Level 1:colcon.colcon_core.package_identification:_identify(src/topic_test) by extensions ['ignore', 'ignore_ament_install']
[1.587s] Level 1:colcon.colcon_core.package_identification:_identify(src/topic_test) by extension 'ignore'
[1.588s] Level 1:colcon.colcon_core.package_identification:_identify(src/topic_test) by extension 'ignore_ament_install'
[1.588s] Level 1:colcon.colcon_core.package_identification:_identify(src/topic_test) by extensions ['colcon_pkg']
[1.589s] Level 1:colcon.colcon_core.package_identification:_identify(src/topic_test) by extension 'colcon_pkg'
[1.589s] Level 1:colcon.colcon_core.package_identification:_identify(src/topic_test) by extensions ['colcon_meta']
[1.589s] Level 1:colcon.colcon_core.package_identification:_identify(src/topic_test) by extension 'colcon_meta'
[1.590s] Level 1:colcon.colcon_core.package_identification:_identify(src/topic_test) by extensions ['ros']
[1.590s] Level 1:colcon.colcon_core.package_identification:_identify(src/topic_test) by extension 'ros'
[1.593s] DEBUG:colcon.colcon_core.package_identification:Package 'src/topic_test' with type 'ros.ament_cmake' and name 'topic_test'
[1.593s] Level 1:colcon.colcon_core.package_discovery:discover_packages(recursive) using defaults
[1.594s] Level 1:colcon.colcon_core.package_discovery:discover_packages(ignore) discover
[1.594s] Level 1:colcon.colcon_core.package_discovery:discover_packages(ignore) using defaults
[1.594s] Level 1:colcon.colcon_core.package_discovery:discover_packages(path) discover
[1.594s] Level 1:colcon.colcon_core.package_discovery:discover_packages(path) using defaults
[1.690s] INFO:colcon.colcon_core.package_selection:Skipping not selected package 'base_interfaces_demo' in 'src/base_interfaces_demo'
[1.690s] INFO:colcon.colcon_core.package_selection:Skipping not selected package 'cpp04_param' in 'src/cpp04_param'
[1.691s] INFO:colcon.colcon_core.package_selection:Skipping not selected package 'topic_test' in 'src/topic_test'
[1.691s] INFO:colcon.colcon_core.package_selection:Skipping not selected package 'cpp01_topic' in 'src/cpp01_topic'
[1.691s] INFO:colcon.colcon_core.package_selection:Skipping not selected package 'cpp02_srv' in 'src/cpp02_srv'
[1.691s] INFO:colcon.colcon_core.package_selection:Skipping not selected package 'cpp03_action' in 'src/cpp03_action'
[1.691s] INFO:colcon.colcon_core.package_selection:Skipping not selected package 'meta_pkg' in 'src/meta_pkg'
[1.694s] Level 1:colcon.colcon_core.package_discovery:discover_packages(prefix_path) check parameters
[1.694s] Level 1:colcon.colcon_core.package_discovery:discover_packages(prefix_path) discover
[1.712s] DEBUG:colcon.colcon_installed_package_information.package_discovery:Found 8 installed packages in /home/levi/tut_interface/install
[1.732s] DEBUG:colcon.colcon_installed_package_information.package_discovery:Found 283 installed packages in /opt/ros/humble
[1.740s] Level 1:colcon.colcon_core.package_discovery:discover_packages(prefix_path) using defaults
[2.036s] Level 5:colcon.colcon_core.verb:set package 'cpp05_time' build argument 'cmake_args' from command line to 'None'
[2.037s] Level 5:colcon.colcon_core.verb:set package 'cpp05_time' build argument 'cmake_target' from command line to 'None'
[2.037s] Level 5:colcon.colcon_core.verb:set package 'cpp05_time' build argument 'cmake_target_skip_unavailable' from command line to 'False'
[2.037s] Level 5:colcon.colcon_core.verb:set package 'cpp05_time' build argument 'cmake_clean_cache' from command line to 'False'
[2.038s] Level 5:colcon.colcon_core.verb:set package 'cpp05_time' build argument 'cmake_clean_first' from command line to 'False'
[2.038s] Level 5:colcon.colcon_core.verb:set package 'cpp05_time' build argument 'cmake_force_configure' from command line to 'False'
[2.038s] Level 5:colcon.colcon_core.verb:set package 'cpp05_time' build argument 'ament_cmake_args' from command line to 'None'
[2.038s] Level 5:colcon.colcon_core.verb:set package 'cpp05_time' build argument 'catkin_cmake_args' from command line to 'None'
[2.039s] Level 5:colcon.colcon_core.verb:set package 'cpp05_time' build argument 'catkin_skip_building_tests' from command line to 'False'
[2.039s] DEBUG:colcon.colcon_core.verb:Building package 'cpp05_time' with the following arguments: {'ament_cmake_args': None, 'build_base': '/home/levi/tut_interface/build/cpp05_time', 'catkin_cmake_args': None, 'catkin_skip_building_tests': False, 'cmake_args': None, 'cmake_clean_cache': False, 'cmake_clean_first': False, 'cmake_force_configure': False, 'cmake_target': None, 'cmake_target_skip_unavailable': False, 'install_base': '/home/levi/tut_interface/install/cpp05_time', 'merge_install': False, 'path': '/home/levi/tut_interface/src/cpp05_time', 'symlink_install': False, 'test_result_base': None}
[2.041s] INFO:colcon.colcon_core.executor:Executing jobs using 'parallel' executor
[2.048s] DEBUG:colcon.colcon_parallel_executor.executor.parallel:run_until_complete
[2.049s] INFO:colcon.colcon_ros.task.ament_cmake.build:Building ROS package in '/home/levi/tut_interface/src/cpp05_time' with build type 'ament_cmake'
[2.049s] INFO:colcon.colcon_cmake.task.cmake.build:Building CMake package in '/home/levi/tut_interface/src/cpp05_time'
[2.087s] INFO:colcon.colcon_core.plugin_system:Skipping extension 'colcon_core.shell.bat': Not used on non-Windows systems
[2.088s] INFO:colcon.colcon_core.shell:Skip shell extension 'powershell' for command environment: Not usable outside of PowerShell
[2.089s] DEBUG:colcon.colcon_core.shell:Skip shell extension 'dsv' for command environment
[2.255s] DEBUG:colcon.colcon_core.event_handler.log_command:Invoking command in '/home/levi/tut_interface/build/cpp05_time': CMAKE_PREFIX_PATH=${CMAKE_PREFIX_PATH}:/opt/ros/humble /usr/bin/cmake --build /home/levi/tut_interface/build/cpp05_time -- -j6 -l6
[16.896s] DEBUG:colcon.colcon_core.event_handler.log_command:Invoked command in '/home/levi/tut_interface/build/cpp05_time' returned '0': CMAKE_PREFIX_PATH=${CMAKE_PREFIX_PATH}:/opt/ros/humble /usr/bin/cmake --build /home/levi/tut_interface/build/cpp05_time -- -j6 -l6
[17.247s] DEBUG:colcon.colcon_core.event_handler.log_command:Invoking command in '/home/levi/tut_interface/build/cpp05_time': CMAKE_PREFIX_PATH=${CMAKE_PREFIX_PATH}:/opt/ros/humble /usr/bin/cmake --install /home/levi/tut_interface/build/cpp05_time
[17.345s] Level 1:colcon.colcon_core.environment:create_environment_scripts_only(cpp05_time)
[17.364s] DEBUG:colcon.colcon_core.event_handler.log_command:Invoked command in '/home/levi/tut_interface/build/cpp05_time' returned '0': CMAKE_PREFIX_PATH=${CMAKE_PREFIX_PATH}:/opt/ros/humble /usr/bin/cmake --install /home/levi/tut_interface/build/cpp05_time
[17.378s] Level 1:colcon.colcon_core.environment:checking '/home/levi/tut_interface/install/cpp05_time' for CMake module files
[17.383s] Level 1:colcon.colcon_core.environment:checking '/home/levi/tut_interface/install/cpp05_time' for CMake config files
[17.386s] Level 1:colcon.colcon_core.shell:create_environment_hook('cpp05_time', 'cmake_prefix_path')
[17.388s] INFO:colcon.colcon_core.shell:Creating environment hook '/home/levi/tut_interface/install/cpp05_time/share/cpp05_time/hook/cmake_prefix_path.ps1'
[17.391s] INFO:colcon.colcon_core.shell:Creating environment descriptor '/home/levi/tut_interface/install/cpp05_time/share/cpp05_time/hook/cmake_prefix_path.dsv'
[17.393s] INFO:colcon.colcon_core.shell:Creating environment hook '/home/levi/tut_interface/install/cpp05_time/share/cpp05_time/hook/cmake_prefix_path.sh'
[17.396s] Level 1:colcon.colcon_core.environment:checking '/home/levi/tut_interface/install/cpp05_time/lib'
[17.396s] Level 1:colcon.colcon_core.environment:checking '/home/levi/tut_interface/install/cpp05_time/bin'
[17.396s] Level 1:colcon.colcon_core.environment:checking '/home/levi/tut_interface/install/cpp05_time/lib/pkgconfig/cpp05_time.pc'
[17.397s] Level 1:colcon.colcon_core.environment:checking '/home/levi/tut_interface/install/cpp05_time/lib/python3.10/site-packages'
[17.397s] Level 1:colcon.colcon_core.environment:checking '/home/levi/tut_interface/install/cpp05_time/bin'
[17.399s] INFO:colcon.colcon_core.shell:Creating package script '/home/levi/tut_interface/install/cpp05_time/share/cpp05_time/package.ps1'
[17.402s] INFO:colcon.colcon_core.shell:Creating package descriptor '/home/levi/tut_interface/install/cpp05_time/share/cpp05_time/package.dsv'
[17.403s] INFO:colcon.colcon_core.shell:Creating package script '/home/levi/tut_interface/install/cpp05_time/share/cpp05_time/package.sh'
[17.405s] INFO:colcon.colcon_core.shell:Creating package script '/home/levi/tut_interface/install/cpp05_time/share/cpp05_time/package.bash'
[17.407s] INFO:colcon.colcon_core.shell:Creating package script '/home/levi/tut_interface/install/cpp05_time/share/cpp05_time/package.zsh'
[17.409s] Level 1:colcon.colcon_core.environment:create_file_with_runtime_dependencies(/home/levi/tut_interface/install/cpp05_time/share/colcon-core/packages/cpp05_time)
[17.683s] Level 1:colcon.colcon_core.environment:create_environment_scripts_only(cpp05_time)
[17.685s] Level 1:colcon.colcon_core.environment:checking '/home/levi/tut_interface/install/cpp05_time' for CMake module files
[17.688s] Level 1:colcon.colcon_core.environment:checking '/home/levi/tut_interface/install/cpp05_time' for CMake config files
[17.690s] Level 1:colcon.colcon_core.shell:create_environment_hook('cpp05_time', 'cmake_prefix_path')
[17.692s] INFO:colcon.colcon_core.shell:Creating environment hook '/home/levi/tut_interface/install/cpp05_time/share/cpp05_time/hook/cmake_prefix_path.ps1'
[17.693s] INFO:colcon.colcon_core.shell:Creating environment descriptor '/home/levi/tut_interface/install/cpp05_time/share/cpp05_time/hook/cmake_prefix_path.dsv'
[17.695s] INFO:colcon.colcon_core.shell:Creating environment hook '/home/levi/tut_interface/install/cpp05_time/share/cpp05_time/hook/cmake_prefix_path.sh'
[17.697s] Level 1:colcon.colcon_core.environment:checking '/home/levi/tut_interface/install/cpp05_time/lib'
[17.698s] Level 1:colcon.colcon_core.environment:checking '/home/levi/tut_interface/install/cpp05_time/bin'
[17.698s] Level 1:colcon.colcon_core.environment:checking '/home/levi/tut_interface/install/cpp05_time/lib/pkgconfig/cpp05_time.pc'
[17.699s] Level 1:colcon.colcon_core.environment:checking '/home/levi/tut_interface/install/cpp05_time/lib/python3.10/site-packages'
[17.699s] Level 1:colcon.colcon_core.environment:checking '/home/levi/tut_interface/install/cpp05_time/bin'
[17.701s] INFO:colcon.colcon_core.shell:Creating package script '/home/levi/tut_interface/install/cpp05_time/share/cpp05_time/package.ps1'
[17.703s] INFO:colcon.colcon_core.shell:Creating package descriptor '/home/levi/tut_interface/install/cpp05_time/share/cpp05_time/package.dsv'
[17.705s] INFO:colcon.colcon_core.shell:Creating package script '/home/levi/tut_interface/install/cpp05_time/share/cpp05_time/package.sh'
[17.707s] INFO:colcon.colcon_core.shell:Creating package script '/home/levi/tut_interface/install/cpp05_time/share/cpp05_time/package.bash'
[17.708s] INFO:colcon.colcon_core.shell:Creating package script '/home/levi/tut_interface/install/cpp05_time/share/cpp05_time/package.zsh'
[17.709s] Level 1:colcon.colcon_core.environment:create_file_with_runtime_dependencies(/home/levi/tut_interface/install/cpp05_time/share/colcon-core/packages/cpp05_time)
[17.711s] DEBUG:colcon.colcon_parallel_executor.executor.parallel:closing loop
[17.714s] DEBUG:colcon.colcon_parallel_executor.executor.parallel:loop closed
[17.715s] DEBUG:colcon.colcon_parallel_executor.executor.parallel:run_until_complete finished with '0'
[17.716s] DEBUG:colcon.colcon_core.event_reactor:joining thread
[17.734s] INFO:colcon.colcon_core.plugin_system:Skipping extension 'colcon_notification.desktop_notification.terminal_notifier': Not used on non-Darwin systems
[17.735s] INFO:colcon.colcon_core.plugin_system:Skipping extension 'colcon_notification.desktop_notification.win32': Not used on non-Windows systems
[17.740s] INFO:colcon.colcon_notification.desktop_notification:Sending desktop notification using 'notify2'
[17.816s] DEBUG:colcon.colcon_core.event_reactor:joined thread
[17.820s] INFO:colcon.colcon_core.shell:Creating prefix script '/home/levi/tut_interface/install/local_setup.ps1'
[17.824s] INFO:colcon.colcon_core.shell:Creating prefix util module '/home/levi/tut_interface/install/_local_setup_util_ps1.py'
[17.829s] INFO:colcon.colcon_core.shell:Creating prefix chain script '/home/levi/tut_interface/install/setup.ps1'
[17.841s] INFO:colcon.colcon_core.shell:Creating prefix script '/home/levi/tut_interface/install/local_setup.sh'
[17.844s] INFO:colcon.colcon_core.shell:Creating prefix util module '/home/levi/tut_interface/install/_local_setup_util_sh.py'
[17.846s] INFO:colcon.colcon_core.shell:Creating prefix chain script '/home/levi/tut_interface/install/setup.sh'
[17.859s] INFO:colcon.colcon_core.shell:Creating prefix script '/home/levi/tut_interface/install/local_setup.bash'
[17.862s] INFO:colcon.colcon_core.shell:Creating prefix chain script '/home/levi/tut_interface/install/setup.bash'
[17.875s] INFO:colcon.colcon_core.shell:Creating prefix script '/home/levi/tut_interface/install/local_setup.zsh'
[17.878s] INFO:colcon.colcon_core.shell:Creating prefix chain script '/home/levi/tut_interface/install/setup.zsh'
