[0.123s] Invoking command in '/home/levi/tut_interface/build/cpp02_srv': CMAKE_PREFIX_PATH=/home/levi/tut_interface/install/base_interfaces_demo:/home/levi/tut_interface/install/cpp01_topic:/opt/ros/humble /usr/bin/cmake /home/levi/tut_interface/src/cpp02_srv -DCMAKE_INSTALL_PREFIX=/home/levi/tut_interface/install/cpp02_srv
[0.991s] -- The C compiler identification is GNU 11.3.0
[1.621s] -- The CXX compiler identification is GNU 11.3.0
[1.692s] -- Detecting C compiler ABI info
[2.369s] -- Detecting C compiler ABI info - done
[2.384s] -- Check for working C compiler: /usr/bin/cc - skipped
[2.387s] -- Detecting C compile features
[2.389s] -- Detecting C compile features - done
[2.410s] -- Detecting CXX compiler ABI info
[3.097s] -- Detecting CXX compiler ABI info - done
[3.128s] -- Check for working CXX compiler: /usr/bin/c++ - skipped
[3.132s] -- Detecting CXX compile features
[3.132s] -- Detecting CXX compile features - done
[3.202s] -- Found ament_cmake: 1.3.3 (/opt/ros/humble/share/ament_cmake/cmake)
[4.208s] -- Found Python3: /usr/bin/python3.10 (found version "3.10.6") found components: Interpreter 
[4.767s] -- Found rclcpp: 16.0.3 (/opt/ros/humble/share/rclcpp/cmake)
[5.144s] -- Found rosidl_generator_c: 3.1.4 (/opt/ros/humble/share/rosidl_generator_c/cmake)
[5.187s] -- Found rosidl_adapter: 3.1.4 (/opt/ros/humble/share/rosidl_adapter/cmake)
[5.244s] -- Found rosidl_generator_cpp: 3.1.4 (/opt/ros/humble/share/rosidl_generator_cpp/cmake)
[5.348s] -- Using all available rosidl_typesupport_c: rosidl_typesupport_fastrtps_c;rosidl_typesupport_introspection_c
[5.492s] -- Using all available rosidl_typesupport_cpp: rosidl_typesupport_fastrtps_cpp;rosidl_typesupport_introspection_cpp
[5.878s] -- Found rmw_implementation_cmake: 6.1.1 (/opt/ros/humble/share/rmw_implementation_cmake/cmake)
[5.900s] -- Found rmw_fastrtps_cpp: 6.2.2 (/opt/ros/humble/share/rmw_fastrtps_cpp/cmake)
[6.693s] -- Found OpenSSL: /usr/lib/x86_64-linux-gnu/libcrypto.so (found version "3.0.2")  
[6.813s] -- Found FastRTPS: /opt/ros/humble/include  
[7.042s] -- Using RMW implementation 'rmw_fastrtps_cpp' as default
[7.114s] -- Looking for pthread.h
[7.732s] -- Looking for pthread.h - found
[7.738s] -- Performing Test CMAKE_HAVE_LIBC_PTHREAD
[8.373s] -- Performing Test CMAKE_HAVE_LIBC_PTHREAD - Success
[8.387s] -- Found Threads: TRUE  
[9.140s] -- Found base_interfaces_demo: 0.0.0 (/home/levi/tut_interface/install/base_interfaces_demo/share/base_interfaces_demo/cmake)
[9.238s] -- Found ament_lint_auto: 0.12.5 (/opt/ros/humble/share/ament_lint_auto/cmake)
[9.713s] -- Added test 'cppcheck' to perform static code analysis on C / C++ code
[9.714s] -- Configured cppcheck include dirs: $<BUILD_INTERFACE:/home/levi/tut_interface/src/cpp02_srv/include>
[9.715s] -- Configured cppcheck exclude dirs and/or files: 
[9.721s] -- Added test 'lint_cmake' to check CMake code style
[9.728s] -- Added test 'uncrustify' to check C / C++ code style
[9.738s] -- Configured uncrustify additional arguments: 
[9.738s] -- Added test 'xmllint' to check XML markup files
[9.742s] -- Configuring done
[9.873s] -- Generating done
[9.883s] -- Build files have been written to: /home/levi/tut_interface/build/cpp02_srv
[9.945s] Invoked command in '/home/levi/tut_interface/build/cpp02_srv' returned '0': CMAKE_PREFIX_PATH=/home/levi/tut_interface/install/base_interfaces_demo:/home/levi/tut_interface/install/cpp01_topic:/opt/ros/humble /usr/bin/cmake /home/levi/tut_interface/src/cpp02_srv -DCMAKE_INSTALL_PREFIX=/home/levi/tut_interface/install/cpp02_srv
[9.947s] Invoking command in '/home/levi/tut_interface/build/cpp02_srv': CMAKE_PREFIX_PATH=/home/levi/tut_interface/install/base_interfaces_demo:/home/levi/tut_interface/install/cpp01_topic:/opt/ros/humble /usr/bin/cmake --build /home/levi/tut_interface/build/cpp02_srv -- -j6 -l6
[10.376s] [ 25%] [32mBuilding CXX object CMakeFiles/demo01_server.dir/src/demo01_server.cpp.o[0m
[10.411s] [ 50%] [32mBuilding CXX object CMakeFiles/demo01_client.dir/src/demo01_client.cpp.o[0m
[10.565s] [ 75%] [32m[1mLinking CXX executable demo01_client[0m
[11.089s] /usr/bin/ld: /usr/lib/gcc/x86_64-linux-gnu/11/../../../x86_64-linux-gnu/Scrt1.o: in function `_start':
[11.089s] (.text+0x1b): undefined reference to `main'
[11.098s] collect2: error: ld returned 1 exit status
[11.111s] gmake[2]: *** [CMakeFiles/demo01_client.dir/build.make:159: demo01_client] Error 1
[11.111s] gmake[1]: *** [CMakeFiles/Makefile2:165: CMakeFiles/demo01_client.dir/all] Error 2
[11.112s] gmake[1]: *** Waiting for unfinished jobs....
[27.725s] [100%] [32m[1mLinking CXX executable demo01_server[0m
[28.751s] [100%] Built target demo01_server
[28.758s] gmake: *** [Makefile:146: all] Error 2
[28.775s] Invoked command in '/home/levi/tut_interface/build/cpp02_srv' returned '2': CMAKE_PREFIX_PATH=/home/levi/tut_interface/install/base_interfaces_demo:/home/levi/tut_interface/install/cpp01_topic:/opt/ros/humble /usr/bin/cmake --build /home/levi/tut_interface/build/cpp02_srv -- -j6 -l6
